[2023-04-12T10:51:05.678+0000] {taskinstance.py:1090} INFO - Dependencies all met for dep_context=non-requeueable deps ti=<TaskInstance: gsutil_example.copy_local_to_gcs manual__2023-04-12T10:50:56.789299+00:00 [queued]>
[2023-04-12T10:51:05.708+0000] {taskinstance.py:1090} INFO - Dependencies all met for dep_context=requeueable deps ti=<TaskInstance: gsutil_example.copy_local_to_gcs manual__2023-04-12T10:50:56.789299+00:00 [queued]>
[2023-04-12T10:51:05.710+0000] {taskinstance.py:1288} INFO - 
--------------------------------------------------------------------------------
[2023-04-12T10:51:05.712+0000] {taskinstance.py:1289} INFO - Starting attempt 1 of 1
[2023-04-12T10:51:05.714+0000] {taskinstance.py:1290} INFO - 
--------------------------------------------------------------------------------
[2023-04-12T10:51:05.744+0000] {taskinstance.py:1309} INFO - Executing <Task(BashOperator): copy_local_to_gcs> on 2023-04-12 10:50:56.789299+00:00
[2023-04-12T10:51:05.765+0000] {standard_task_runner.py:55} INFO - Started process 80 to run task
[2023-04-12T10:51:05.785+0000] {standard_task_runner.py:82} INFO - Running: ['***', 'tasks', 'run', 'gsutil_example', 'copy_local_to_gcs', 'manual__2023-04-12T10:50:56.789299+00:00', '--job-id', '886', '--raw', '--subdir', 'DAGS_FOLDER/data_ingestion.py', '--cfg-path', '/tmp/tmp2hhhpeb1']
[2023-04-12T10:51:05.819+0000] {standard_task_runner.py:83} INFO - Job 886: Subtask copy_local_to_gcs
[2023-04-12T10:51:06.135+0000] {task_command.py:389} INFO - Running <TaskInstance: gsutil_example.copy_local_to_gcs manual__2023-04-12T10:50:56.789299+00:00 [running]> on host a2e619923d04
[2023-04-12T10:51:06.319+0000] {taskinstance.py:1516} INFO - Exporting the following env vars:
AIRFLOW_CTX_DAG_OWNER=***
AIRFLOW_CTX_DAG_ID=gsutil_example
AIRFLOW_CTX_TASK_ID=copy_local_to_gcs
AIRFLOW_CTX_EXECUTION_DATE=2023-04-12T10:50:56.789299+00:00
AIRFLOW_CTX_TRY_NUMBER=1
AIRFLOW_CTX_DAG_RUN_ID=manual__2023-04-12T10:50:56.789299+00:00
[2023-04-12T10:51:06.347+0000] {subprocess.py:63} INFO - Tmp dir root location: 
 /tmp
[2023-04-12T10:51:06.359+0000] {subprocess.py:75} INFO - Running command: ['/bin/bash', '-c', 'gsutil cp -r /opt/***/csv/ gs://nfl-data-lake_nfl-de-project/nfl_csv']
[2023-04-12T10:51:06.402+0000] {subprocess.py:86} INFO - Output:
[2023-04-12T10:51:22.170+0000] {subprocess.py:93} INFO - ServiceException: 401 Anonymous caller does not have storage.objects.list access to the Google Cloud Storage bucket. Permission 'storage.objects.list' denied on resource (or it may not exist).
[2023-04-12T10:51:24.611+0000] {subprocess.py:97} INFO - Command exited with return code 1
[2023-04-12T10:51:25.191+0000] {taskinstance.py:1776} ERROR - Task failed with exception
Traceback (most recent call last):
  File "/home/airflow/.local/lib/python3.9/site-packages/airflow/operators/bash.py", line 196, in execute
    raise AirflowException(
airflow.exceptions.AirflowException: Bash command failed. The command returned a non-zero exit code 1.
[2023-04-12T10:51:25.848+0000] {taskinstance.py:1327} INFO - Marking task as FAILED. dag_id=gsutil_example, task_id=copy_local_to_gcs, execution_date=20230412T105056, start_date=20230412T105105, end_date=20230412T105125
[2023-04-12T10:51:26.422+0000] {standard_task_runner.py:100} ERROR - Failed to execute job 886 for task copy_local_to_gcs (Bash command failed. The command returned a non-zero exit code 1.; 80)
[2023-04-12T10:51:26.806+0000] {local_task_job.py:212} INFO - Task exited with return code 1
[2023-04-12T10:51:27.402+0000] {taskinstance.py:2596} INFO - 0 downstream tasks scheduled from follow-on schedule check
