[2023-04-23T16:08:25.530+0000] {taskinstance.py:1090} INFO - Dependencies all met for dep_context=non-requeueable deps ti=<TaskInstance: nfl_transformation_dag.task_script_to_GCS scheduled__2023-04-11T00:00:00+00:00 [queued]>
[2023-04-23T16:08:25.558+0000] {taskinstance.py:1090} INFO - Dependencies all met for dep_context=requeueable deps ti=<TaskInstance: nfl_transformation_dag.task_script_to_GCS scheduled__2023-04-11T00:00:00+00:00 [queued]>
[2023-04-23T16:08:25.559+0000] {taskinstance.py:1288} INFO - 
--------------------------------------------------------------------------------
[2023-04-23T16:08:25.560+0000] {taskinstance.py:1289} INFO - Starting attempt 8 of 10
[2023-04-23T16:08:25.562+0000] {taskinstance.py:1290} INFO - 
--------------------------------------------------------------------------------
[2023-04-23T16:08:25.591+0000] {taskinstance.py:1309} INFO - Executing <Task(_PythonDecoratedOperator): task_script_to_GCS> on 2023-04-11 00:00:00+00:00
[2023-04-23T16:08:25.595+0000] {taskinstance.py:1080} INFO - Dependencies not met for <TaskInstance: nfl_transformation_dag.task_script_to_GCS scheduled__2023-04-11T00:00:00+00:00 [running]>, dependency 'Task Instance Not Running' FAILED: Task is in the running state
[2023-04-23T16:08:25.599+0000] {taskinstance.py:1080} INFO - Dependencies not met for <TaskInstance: nfl_transformation_dag.task_script_to_GCS scheduled__2023-04-11T00:00:00+00:00 [running]>, dependency 'Task Instance State' FAILED: Task is in the 'running' state.
[2023-04-23T16:08:25.611+0000] {standard_task_runner.py:55} INFO - Started process 12325 to run task
[2023-04-23T16:08:25.622+0000] {local_task_job.py:151} INFO - Task is not able to be run
[2023-04-23T16:08:25.636+0000] {standard_task_runner.py:82} INFO - Running: ['***', 'tasks', 'run', 'nfl_transformation_dag', 'task_script_to_GCS', 'scheduled__2023-04-11T00:00:00+00:00', '--job-id', '1220', '--pool', 'default_pool', '--raw', '--subdir', 'DAGS_FOLDER/data_ingestion.py', '--cfg-path', '/tmp/tmpont7jz7_']
[2023-04-23T16:08:25.664+0000] {standard_task_runner.py:83} INFO - Job 1220: Subtask task_script_to_GCS
[2023-04-23T16:08:25.753+0000] {task_command.py:389} INFO - Running <TaskInstance: nfl_transformation_dag.task_script_to_GCS scheduled__2023-04-11T00:00:00+00:00 [running]> on host 235fa867d994
[2023-04-23T16:08:25.846+0000] {taskinstance.py:1516} INFO - Exporting the following env vars:
AIRFLOW_CTX_DAG_OWNER=***
AIRFLOW_CTX_DAG_ID=nfl_transformation_dag
AIRFLOW_CTX_TASK_ID=task_script_to_GCS
AIRFLOW_CTX_EXECUTION_DATE=2023-04-11T00:00:00+00:00
AIRFLOW_CTX_TRY_NUMBER=8
AIRFLOW_CTX_DAG_RUN_ID=scheduled__2023-04-11T00:00:00+00:00
[2023-04-23T16:08:25.850+0000] {subprocess.py:63} INFO - Tmp dir root location: 
 /tmp
[2023-04-23T16:08:25.859+0000] {subprocess.py:75} INFO - Running command: ['/bin/bash', '-c', 'gsutil -m cp -r /opt/***/code/ gs://nfl-data-lake_nfl-project-de/']
[2023-04-23T16:08:25.881+0000] {subprocess.py:86} INFO - Output:
[2023-04-23T16:08:30.977+0000] {subprocess.py:93} INFO - Copying file:///opt/***/code/transform_pyspark.py [Content-Type=text/x-python]...
[2023-04-23T16:08:31.039+0000] {subprocess.py:93} INFO - / [0 files][    0.0 B/ 17.3 KiB]                                                Copying file:///opt/***/code/extraction_nfl.py [Content-Type=text/x-python]...
[2023-04-23T16:08:31.085+0000] {subprocess.py:93} INFO - / [0/3 files][    0.0 B/ 31.4 KiB]   0% Done                                    Copying file:///opt/***/code/__init__.py [Content-Type=text/x-python]...
[2023-04-23T16:08:32.507+0000] {subprocess.py:93} INFO - / [0/3 files][    0.0 B/ 31.4 KiB]   0% Done                                    / [1/3 files][ 31.4 KiB/ 31.4 KiB]  99% Done                                    -- [2/3 files][ 31.4 KiB/ 31.4 KiB]  99% Done                                    - [3/3 files][ 31.4 KiB/ 31.4 KiB] 100% Done
[2023-04-23T16:08:32.508+0000] {subprocess.py:93} INFO - Operation completed over 3 objects/31.4 KiB.
[2023-04-23T16:08:33.313+0000] {subprocess.py:97} INFO - Command exited with return code 0
[2023-04-23T16:08:33.314+0000] {python.py:177} INFO - Done. Returned value was: None
[2023-04-23T16:08:33.328+0000] {taskinstance.py:1327} INFO - Marking task as SUCCESS. dag_id=nfl_transformation_dag, task_id=task_script_to_GCS, execution_date=20230411T000000, start_date=20230423T160825, end_date=20230423T160833
[2023-04-23T16:08:33.385+0000] {local_task_job.py:212} INFO - Task exited with return code 0
[2023-04-23T16:08:33.407+0000] {taskinstance.py:2596} INFO - 0 downstream tasks scheduled from follow-on schedule check
