[2023-04-12T11:31:47.913+0000] {taskinstance.py:1090} INFO - Dependencies all met for dep_context=non-requeueable deps ti=<TaskInstance: nfl_transformation_dag.task_script_to_GCS scheduled__2023-04-11T00:00:00+00:00 [queued]>
[2023-04-12T11:31:47.926+0000] {taskinstance.py:1090} INFO - Dependencies all met for dep_context=requeueable deps ti=<TaskInstance: nfl_transformation_dag.task_script_to_GCS scheduled__2023-04-11T00:00:00+00:00 [queued]>
[2023-04-12T11:31:47.927+0000] {taskinstance.py:1288} INFO - 
--------------------------------------------------------------------------------
[2023-04-12T11:31:47.928+0000] {taskinstance.py:1289} INFO - Starting attempt 1 of 2
[2023-04-12T11:31:47.929+0000] {taskinstance.py:1290} INFO - 
--------------------------------------------------------------------------------
[2023-04-12T11:31:47.948+0000] {taskinstance.py:1309} INFO - Executing <Task(_PythonDecoratedOperator): task_script_to_GCS> on 2023-04-11 00:00:00+00:00
[2023-04-12T11:31:47.978+0000] {standard_task_runner.py:55} INFO - Started process 2882 to run task
[2023-04-12T11:31:47.981+0000] {standard_task_runner.py:82} INFO - Running: ['***', 'tasks', 'run', 'nfl_transformation_dag', 'task_script_to_GCS', 'scheduled__2023-04-11T00:00:00+00:00', '--job-id', '913', '--raw', '--subdir', 'DAGS_FOLDER/data_ingestion.py', '--cfg-path', '/tmp/tmpwu2i23r4']
[2023-04-12T11:31:47.984+0000] {standard_task_runner.py:83} INFO - Job 913: Subtask task_script_to_GCS
[2023-04-12T11:31:48.074+0000] {task_command.py:389} INFO - Running <TaskInstance: nfl_transformation_dag.task_script_to_GCS scheduled__2023-04-11T00:00:00+00:00 [running]> on host a2e619923d04
[2023-04-12T11:31:48.154+0000] {taskinstance.py:1516} INFO - Exporting the following env vars:
AIRFLOW_CTX_DAG_OWNER=***
AIRFLOW_CTX_DAG_ID=nfl_transformation_dag
AIRFLOW_CTX_TASK_ID=task_script_to_GCS
AIRFLOW_CTX_EXECUTION_DATE=2023-04-11T00:00:00+00:00
AIRFLOW_CTX_TRY_NUMBER=1
AIRFLOW_CTX_DAG_RUN_ID=scheduled__2023-04-11T00:00:00+00:00
[2023-04-12T11:31:48.156+0000] {subprocess.py:63} INFO - Tmp dir root location: 
 /tmp
[2023-04-12T11:31:48.165+0000] {subprocess.py:75} INFO - Running command: ['/bin/bash', '-c', 'gsutil -m cp -r /opt/***/code gs://nfl-data-lake_nfl-de-project/code']
[2023-04-12T11:31:48.204+0000] {subprocess.py:86} INFO - Output:
[2023-04-12T11:31:58.207+0000] {subprocess.py:93} INFO - Copying file:///opt/***/code/transform_pyspark.py [Content-Type=text/x-python]...
[2023-04-12T11:31:58.232+0000] {subprocess.py:93} INFO - / [0/3 files][    0.0 B/ 29.8 KiB]   0% Done                                    Copying file:///opt/***/code/__init__.py [Content-Type=text/x-python]...
[2023-04-12T11:31:58.485+0000] {subprocess.py:93} INFO - / [0/3 files][    0.0 B/ 29.8 KiB]   0% Done                                    Copying file:///opt/***/code/extraction_nfl.py [Content-Type=text/x-python]...
[2023-04-12T11:32:00.104+0000] {subprocess.py:93} INFO - / [0/3 files][ 15.7 KiB/ 29.8 KiB]  52% Done                                    -- [1/3 files][ 29.8 KiB/ 29.8 KiB]  99% Done                                    \\ [2/3 files][ 29.8 KiB/ 29.8 KiB]  99% Done                                    \ [3/3 files][ 29.8 KiB/ 29.8 KiB] 100% Done
[2023-04-12T11:32:00.108+0000] {subprocess.py:93} INFO - Operation completed over 3 objects/29.8 KiB.
[2023-04-12T11:32:01.140+0000] {subprocess.py:97} INFO - Command exited with return code 0
[2023-04-12T11:32:01.153+0000] {python.py:177} INFO - Done. Returned value was: None
[2023-04-12T11:32:01.319+0000] {taskinstance.py:1327} INFO - Marking task as SUCCESS. dag_id=nfl_transformation_dag, task_id=task_script_to_GCS, execution_date=20230411T000000, start_date=20230412T113147, end_date=20230412T113201
[2023-04-12T11:32:01.422+0000] {local_task_job.py:212} INFO - Task exited with return code 0
[2023-04-12T11:32:01.480+0000] {taskinstance.py:2596} INFO - 0 downstream tasks scheduled from follow-on schedule check
