[2023-04-23T15:58:45.814+0000] {taskinstance.py:1090} INFO - Dependencies all met for dep_context=non-requeueable deps ti=<TaskInstance: nfl_transformation_dag.task_script_to_GCS scheduled__2023-04-11T00:00:00+00:00 [queued]>
[2023-04-23T15:58:45.830+0000] {taskinstance.py:1090} INFO - Dependencies all met for dep_context=requeueable deps ti=<TaskInstance: nfl_transformation_dag.task_script_to_GCS scheduled__2023-04-11T00:00:00+00:00 [queued]>
[2023-04-23T15:58:45.831+0000] {taskinstance.py:1288} INFO - 
--------------------------------------------------------------------------------
[2023-04-23T15:58:45.833+0000] {taskinstance.py:1289} INFO - Starting attempt 7 of 9
[2023-04-23T15:58:45.833+0000] {taskinstance.py:1290} INFO - 
--------------------------------------------------------------------------------
[2023-04-23T15:58:45.847+0000] {taskinstance.py:1309} INFO - Executing <Task(_PythonDecoratedOperator): task_script_to_GCS> on 2023-04-11 00:00:00+00:00
[2023-04-23T15:58:45.861+0000] {standard_task_runner.py:55} INFO - Started process 11074 to run task
[2023-04-23T15:58:45.865+0000] {standard_task_runner.py:82} INFO - Running: ['***', 'tasks', 'run', 'nfl_transformation_dag', 'task_script_to_GCS', 'scheduled__2023-04-11T00:00:00+00:00', '--job-id', '1215', '--raw', '--subdir', 'DAGS_FOLDER/data_ingestion.py', '--cfg-path', '/tmp/tmpc4nse6xe']
[2023-04-23T15:58:45.869+0000] {standard_task_runner.py:83} INFO - Job 1215: Subtask task_script_to_GCS
[2023-04-23T15:58:45.968+0000] {task_command.py:389} INFO - Running <TaskInstance: nfl_transformation_dag.task_script_to_GCS scheduled__2023-04-11T00:00:00+00:00 [running]> on host 235fa867d994
[2023-04-23T15:58:46.053+0000] {taskinstance.py:1516} INFO - Exporting the following env vars:
AIRFLOW_CTX_DAG_OWNER=***
AIRFLOW_CTX_DAG_ID=nfl_transformation_dag
AIRFLOW_CTX_TASK_ID=task_script_to_GCS
AIRFLOW_CTX_EXECUTION_DATE=2023-04-11T00:00:00+00:00
AIRFLOW_CTX_TRY_NUMBER=7
AIRFLOW_CTX_DAG_RUN_ID=scheduled__2023-04-11T00:00:00+00:00
[2023-04-23T15:58:46.058+0000] {subprocess.py:63} INFO - Tmp dir root location: 
 /tmp
[2023-04-23T15:58:46.061+0000] {subprocess.py:75} INFO - Running command: ['/bin/bash', '-c', 'gsutil -m cp -r /opt/***/code/ gs://nfl-data-lake_nfl-project-de/']
[2023-04-23T15:58:46.089+0000] {subprocess.py:86} INFO - Output:
[2023-04-23T15:58:51.379+0000] {subprocess.py:93} INFO - Copying file:///opt/***/code/transform_pyspark.py [Content-Type=text/x-python]...
[2023-04-23T15:58:51.399+0000] {subprocess.py:93} INFO - / [0/3 files][    0.0 B/ 31.4 KiB]   0% Done                                    Copying file:///opt/***/code/__init__.py [Content-Type=text/x-python]...
[2023-04-23T15:58:51.408+0000] {subprocess.py:93} INFO - / [0/3 files][    0.0 B/ 31.4 KiB]   0% Done                                    Copying file:///opt/***/code/extraction_nfl.py [Content-Type=text/x-python]...
[2023-04-23T15:58:53.072+0000] {subprocess.py:93} INFO - / [0/3 files][    0.0 B/ 31.4 KiB]   0% Done                                    / [1/3 files][ 31.4 KiB/ 31.4 KiB]  99% Done                                    -- [2/3 files][ 31.4 KiB/ 31.4 KiB]  99% Done                                    - [3/3 files][ 31.4 KiB/ 31.4 KiB] 100% Done
[2023-04-23T15:58:53.073+0000] {subprocess.py:93} INFO - Operation completed over 3 objects/31.4 KiB.
[2023-04-23T15:58:53.510+0000] {subprocess.py:97} INFO - Command exited with return code 0
[2023-04-23T15:58:53.513+0000] {python.py:177} INFO - Done. Returned value was: None
[2023-04-23T15:58:53.530+0000] {taskinstance.py:1327} INFO - Marking task as SUCCESS. dag_id=nfl_transformation_dag, task_id=task_script_to_GCS, execution_date=20230411T000000, start_date=20230423T155845, end_date=20230423T155853
[2023-04-23T15:58:53.562+0000] {local_task_job.py:212} INFO - Task exited with return code 0
[2023-04-23T15:58:53.585+0000] {taskinstance.py:2596} INFO - 0 downstream tasks scheduled from follow-on schedule check
