[2023-04-12T11:35:05.673+0000] {taskinstance.py:1090} INFO - Dependencies all met for dep_context=non-requeueable deps ti=<TaskInstance: nfl_transformation_dag.task_script_to_GCS scheduled__2023-04-11T00:00:00+00:00 [queued]>
[2023-04-12T11:35:05.707+0000] {taskinstance.py:1090} INFO - Dependencies all met for dep_context=requeueable deps ti=<TaskInstance: nfl_transformation_dag.task_script_to_GCS scheduled__2023-04-11T00:00:00+00:00 [queued]>
[2023-04-12T11:35:05.710+0000] {taskinstance.py:1288} INFO - 
--------------------------------------------------------------------------------
[2023-04-12T11:35:05.712+0000] {taskinstance.py:1289} INFO - Starting attempt 2 of 3
[2023-04-12T11:35:05.715+0000] {taskinstance.py:1290} INFO - 
--------------------------------------------------------------------------------
[2023-04-12T11:35:05.751+0000] {taskinstance.py:1309} INFO - Executing <Task(_PythonDecoratedOperator): task_script_to_GCS> on 2023-04-11 00:00:00+00:00
[2023-04-12T11:35:05.784+0000] {taskinstance.py:1080} INFO - Dependencies not met for <TaskInstance: nfl_transformation_dag.task_script_to_GCS scheduled__2023-04-11T00:00:00+00:00 [running]>, dependency 'Task Instance Not Running' FAILED: Task is in the running state
[2023-04-12T11:35:05.793+0000] {taskinstance.py:1080} INFO - Dependencies not met for <TaskInstance: nfl_transformation_dag.task_script_to_GCS scheduled__2023-04-11T00:00:00+00:00 [running]>, dependency 'Task Instance State' FAILED: Task is in the 'running' state.
[2023-04-12T11:35:05.822+0000] {local_task_job.py:151} INFO - Task is not able to be run
[2023-04-12T11:35:05.886+0000] {standard_task_runner.py:55} INFO - Started process 3858 to run task
[2023-04-12T11:35:05.899+0000] {standard_task_runner.py:82} INFO - Running: ['***', 'tasks', 'run', 'nfl_transformation_dag', 'task_script_to_GCS', 'scheduled__2023-04-11T00:00:00+00:00', '--job-id', '916', '--raw', '--subdir', 'DAGS_FOLDER/data_ingestion.py', '--cfg-path', '/tmp/tmp4tv4ja7y']
[2023-04-12T11:35:05.905+0000] {standard_task_runner.py:83} INFO - Job 916: Subtask task_script_to_GCS
[2023-04-12T11:35:06.040+0000] {task_command.py:389} INFO - Running <TaskInstance: nfl_transformation_dag.task_script_to_GCS scheduled__2023-04-11T00:00:00+00:00 [running]> on host a2e619923d04
[2023-04-12T11:35:06.151+0000] {taskinstance.py:1516} INFO - Exporting the following env vars:
AIRFLOW_CTX_DAG_OWNER=***
AIRFLOW_CTX_DAG_ID=nfl_transformation_dag
AIRFLOW_CTX_TASK_ID=task_script_to_GCS
AIRFLOW_CTX_EXECUTION_DATE=2023-04-11T00:00:00+00:00
AIRFLOW_CTX_TRY_NUMBER=2
AIRFLOW_CTX_DAG_RUN_ID=scheduled__2023-04-11T00:00:00+00:00
[2023-04-12T11:35:06.157+0000] {subprocess.py:63} INFO - Tmp dir root location: 
 /tmp
[2023-04-12T11:35:06.169+0000] {subprocess.py:75} INFO - Running command: ['/bin/bash', '-c', 'gsutil -m cp -r /opt/***/code gs://nfl-data-lake_nfl-de-project/code']
[2023-04-12T11:35:06.210+0000] {subprocess.py:86} INFO - Output:
[2023-04-12T11:35:13.549+0000] {subprocess.py:93} INFO - Copying file:///opt/***/code/transform_pyspark.py [Content-Type=text/x-python]...
[2023-04-12T11:35:13.553+0000] {subprocess.py:93} INFO - Copying file:///opt/***/code/__init__.py [Content-Type=text/x-python]...
[2023-04-12T11:35:13.555+0000] {subprocess.py:93} INFO - Copying file:///opt/***/code/extraction_nfl.py [Content-Type=text/x-python]...
[2023-04-12T11:35:15.198+0000] {subprocess.py:93} INFO - / [0/3 files][    0.0 B/ 29.8 KiB]   0% Done                                    / [0/3 files][    0.0 B/ 29.8 KiB]   0% Done                                    / [0/3 files][    0.0 B/ 29.8 KiB]   0% Done                                    / [1/3 files][ 29.8 KiB/ 29.8 KiB]  99% Done                                    -- [2/3 files][ 29.8 KiB/ 29.8 KiB]  99% Done                                    - [3/3 files][ 29.8 KiB/ 29.8 KiB] 100% Done
[2023-04-12T11:35:15.199+0000] {subprocess.py:93} INFO - Operation completed over 3 objects/29.8 KiB.
[2023-04-12T11:35:15.699+0000] {subprocess.py:97} INFO - Command exited with return code 0
[2023-04-12T11:35:15.701+0000] {python.py:177} INFO - Done. Returned value was: None
[2023-04-12T11:35:15.731+0000] {taskinstance.py:1327} INFO - Marking task as SUCCESS. dag_id=nfl_transformation_dag, task_id=task_script_to_GCS, execution_date=20230411T000000, start_date=20230412T113505, end_date=20230412T113515
[2023-04-12T11:35:15.792+0000] {local_task_job.py:212} INFO - Task exited with return code 0
[2023-04-12T11:35:15.816+0000] {taskinstance.py:2596} INFO - 0 downstream tasks scheduled from follow-on schedule check
