[2023-04-12T04:21:14.689+0000] {taskinstance.py:1090} INFO - Dependencies all met for dep_context=non-requeueable deps ti=<TaskInstance: data_extraction_dag.task_teams scheduled__2023-04-11T00:00:00+00:00 [queued]>
[2023-04-12T04:21:14.741+0000] {taskinstance.py:1090} INFO - Dependencies all met for dep_context=requeueable deps ti=<TaskInstance: data_extraction_dag.task_teams scheduled__2023-04-11T00:00:00+00:00 [queued]>
[2023-04-12T04:21:14.742+0000] {taskinstance.py:1288} INFO - 
--------------------------------------------------------------------------------
[2023-04-12T04:21:14.744+0000] {taskinstance.py:1289} INFO - Starting attempt 1 of 2
[2023-04-12T04:21:14.745+0000] {taskinstance.py:1290} INFO - 
--------------------------------------------------------------------------------
[2023-04-12T04:21:14.796+0000] {taskinstance.py:1309} INFO - Executing <Task(_PythonDecoratedOperator): task_teams> on 2023-04-11 00:00:00+00:00
[2023-04-12T04:21:14.852+0000] {standard_task_runner.py:55} INFO - Started process 65 to run task
[2023-04-12T04:21:14.916+0000] {standard_task_runner.py:82} INFO - Running: ['***', 'tasks', 'run', 'data_extraction_dag', 'task_teams', 'scheduled__2023-04-11T00:00:00+00:00', '--job-id', '256', '--raw', '--subdir', 'DAGS_FOLDER/data_ingestion.py', '--cfg-path', '/tmp/tmp9hdyrj09']
[2023-04-12T04:21:14.947+0000] {standard_task_runner.py:83} INFO - Job 256: Subtask task_teams
[2023-04-12T04:21:15.515+0000] {task_command.py:389} INFO - Running <TaskInstance: data_extraction_dag.task_teams scheduled__2023-04-11T00:00:00+00:00 [running]> on host 392d142fd52f
[2023-04-12T04:21:15.733+0000] {taskinstance.py:1516} INFO - Exporting the following env vars:
AIRFLOW_CTX_DAG_OWNER=***
AIRFLOW_CTX_DAG_ID=data_extraction_dag
AIRFLOW_CTX_TASK_ID=task_teams
AIRFLOW_CTX_EXECUTION_DATE=2023-04-11T00:00:00+00:00
AIRFLOW_CTX_TRY_NUMBER=1
AIRFLOW_CTX_DAG_RUN_ID=scheduled__2023-04-11T00:00:00+00:00
[2023-04-12T04:21:15.751+0000] {logging_mixin.py:137} INFO - Fetching for teams started
[2023-04-12T04:21:17.443+0000] {logging_mixin.py:137} INFO - Fetching for teams ended
[2023-04-12T04:21:17.445+0000] {python.py:177} INFO - Done. Returned value was:                                                  $ref  ...                                               logo
0   http://sports.core.api.espn.com/v2/sports/foot...  ...  https://a.espncdn.com/i/teamlogos/nfl/500/lac.png
1   http://sports.core.api.espn.com/v2/sports/foot...  ...  https://a.espncdn.com/i/teamlogos/nfl/500/chi.png
2   http://sports.core.api.espn.com/v2/sports/foot...  ...   https://a.espncdn.com/i/teamlogos/nfl/500/lv.png
3   http://sports.core.api.espn.com/v2/sports/foot...  ...  https://a.espncdn.com/i/teamlogos/nfl/500/cle.png
4   http://sports.core.api.espn.com/v2/sports/foot...  ...  https://a.espncdn.com/i/teamlogos/nfl/500/bal.png
5   http://sports.core.api.espn.com/v2/sports/foot...  ...   https://a.espncdn.com/i/teamlogos/nfl/500/no.png
6   http://sports.core.api.espn.com/v2/sports/foot...  ...  https://a.espncdn.com/i/teamlogos/nfl/500/nyg.png
7   http://sports.core.api.espn.com/v2/sports/foot...  ...  https://a.espncdn.com/i/teamlogos/nfl/500/wsh.png
8   http://sports.core.api.espn.com/v2/sports/foot...  ...  https://a.espncdn.com/i/teamlogos/nfl/500/hou.png
9   http://sports.core.api.espn.com/v2/sports/foot...  ...   https://a.espncdn.com/i/teamlogos/nfl/500/tb.png
10  http://sports.core.api.espn.com/v2/sports/foot...  ...  https://a.espncdn.com/i/teamlogos/nfl/500/pit.png
11  http://sports.core.api.espn.com/v2/sports/foot...  ...  https://a.espncdn.com/i/teamlogos/nfl/500/det.png
12  http://sports.core.api.espn.com/v2/sports/foot...  ...  https://a.espncdn.com/i/teamlogos/nfl/500/phi.png
13  http://sports.core.api.espn.com/v2/sports/foot...  ...  https://a.espncdn.com/i/teamlogos/nfl/500/sea.png
14  http://sports.core.api.espn.com/v2/sports/foot...  ...  https://a.espncdn.com/i/teamlogos/nfl/500/car.png
15  http://sports.core.api.espn.com/v2/sports/foot...  ...  https://a.espncdn.com/i/teamlogos/nfl/500/cin.png
16  http://sports.core.api.espn.com/v2/sports/foot...  ...   https://a.espncdn.com/i/teamlogos/nfl/500/ne.png
17  http://sports.core.api.espn.com/v2/sports/foot...  ...   https://a.espncdn.com/i/teamlogos/nfl/500/gb.png
18  http://sports.core.api.espn.com/v2/sports/foot...  ...  https://a.espncdn.com/i/teamlogos/nfl/500/ten.png
19  http://sports.core.api.espn.com/v2/sports/foot...  ...  https://a.espncdn.com/i/teamlogos/nfl/500/min.png
20  http://sports.core.api.espn.com/v2/sports/foot...  ...  https://a.espncdn.com/i/teamlogos/nfl/500/ind.png
21  http://sports.core.api.espn.com/v2/sports/foot...  ...  https://a.espncdn.com/i/teamlogos/nfl/500/lar.png
22  http://sports.core.api.espn.com/v2/sports/foot...  ...  https://a.espncdn.com/i/teamlogos/nfl/500/jax.png
23  http://sports.core.api.espn.com/v2/sports/foot...  ...  https://a.espncdn.com/i/teamlogos/nfl/500/buf.png
24  http://sports.core.api.espn.com/v2/sports/foot...  ...   https://a.espncdn.com/i/teamlogos/nfl/500/kc.png
25  http://sports.core.api.espn.com/v2/sports/foot...  ...  https://a.espncdn.com/i/teamlogos/nfl/500/ari.png
26  http://sports.core.api.espn.com/v2/sports/foot...  ...  https://a.espncdn.com/i/teamlogos/nfl/500/dal.png
27  http://sports.core.api.espn.com/v2/sports/foot...  ...  https://a.espncdn.com/i/teamlogos/nfl/500/mia.png
28  http://sports.core.api.espn.com/v2/sports/foot...  ...  https://a.espncdn.com/i/teamlogos/nfl/500/nyj.png
29  http://sports.core.api.espn.com/v2/sports/foot...  ...   https://a.espncdn.com/i/teamlogos/nfl/500/sf.png
30  http://sports.core.api.espn.com/v2/sports/foot...  ...  https://a.espncdn.com/i/teamlogos/nfl/500/den.png
31  http://sports.core.api.espn.com/v2/sports/foot...  ...  https://a.espncdn.com/i/teamlogos/nfl/500/atl.png

[32 rows x 42 columns]
[2023-04-12T04:21:17.946+0000] {xcom.py:629} ERROR - Object of type DataFrame is not JSON serializable. If you are using pickle instead of JSON for XCom, then you need to enable pickle support for XCom in your *** config or make sure to decorate your object with attr.
[2023-04-12T04:21:17.951+0000] {taskinstance.py:1776} ERROR - Task failed with exception
Traceback (most recent call last):
  File "/home/airflow/.local/lib/python3.9/site-packages/airflow/utils/session.py", line 72, in wrapper
    return func(*args, **kwargs)
  File "/home/airflow/.local/lib/python3.9/site-packages/airflow/models/taskinstance.py", line 2298, in xcom_push
    XCom.set(
  File "/home/airflow/.local/lib/python3.9/site-packages/airflow/utils/session.py", line 72, in wrapper
    return func(*args, **kwargs)
  File "/home/airflow/.local/lib/python3.9/site-packages/airflow/models/xcom.py", line 234, in set
    value = cls.serialize_value(
  File "/home/airflow/.local/lib/python3.9/site-packages/airflow/models/xcom.py", line 627, in serialize_value
    return json.dumps(value, cls=XComEncoder).encode("UTF-8")
  File "/usr/local/lib/python3.9/json/__init__.py", line 234, in dumps
    return cls(
  File "/home/airflow/.local/lib/python3.9/site-packages/airflow/utils/json.py", line 176, in encode
    return super().encode(o)
  File "/usr/local/lib/python3.9/json/encoder.py", line 199, in encode
    chunks = self.iterencode(o, _one_shot=True)
  File "/usr/local/lib/python3.9/json/encoder.py", line 257, in iterencode
    return _iterencode(o, 0)
  File "/home/airflow/.local/lib/python3.9/site-packages/airflow/utils/json.py", line 170, in default
    return super().default(o)
  File "/usr/local/lib/python3.9/json/encoder.py", line 179, in default
    raise TypeError(f'Object of type {o.__class__.__name__} '
TypeError: Object of type DataFrame is not JSON serializable
[2023-04-12T04:21:17.985+0000] {taskinstance.py:1327} INFO - Marking task as UP_FOR_RETRY. dag_id=data_extraction_dag, task_id=task_teams, execution_date=20230411T000000, start_date=20230412T042114, end_date=20230412T042117
[2023-04-12T04:21:18.024+0000] {standard_task_runner.py:100} ERROR - Failed to execute job 256 for task task_teams (Object of type DataFrame is not JSON serializable; 65)
[2023-04-12T04:21:18.078+0000] {local_task_job.py:212} INFO - Task exited with return code 1
[2023-04-12T04:21:18.179+0000] {taskinstance.py:2596} INFO - 0 downstream tasks scheduled from follow-on schedule check
[2023-04-12T05:46:44.624+0000] {taskinstance.py:1090} INFO - Dependencies all met for dep_context=non-requeueable deps ti=<TaskInstance: data_extraction_dag.task_teams scheduled__2023-04-11T00:00:00+00:00 [queued]>
[2023-04-12T05:46:44.643+0000] {taskinstance.py:1090} INFO - Dependencies all met for dep_context=requeueable deps ti=<TaskInstance: data_extraction_dag.task_teams scheduled__2023-04-11T00:00:00+00:00 [queued]>
[2023-04-12T05:46:44.644+0000] {taskinstance.py:1288} INFO - 
--------------------------------------------------------------------------------
[2023-04-12T05:46:44.646+0000] {taskinstance.py:1289} INFO - Starting attempt 1 of 2
[2023-04-12T05:46:44.647+0000] {taskinstance.py:1290} INFO - 
--------------------------------------------------------------------------------
[2023-04-12T05:46:44.668+0000] {taskinstance.py:1309} INFO - Executing <Task(_PythonDecoratedOperator): task_teams> on 2023-04-11 00:00:00+00:00
[2023-04-12T05:46:44.721+0000] {standard_task_runner.py:55} INFO - Started process 210 to run task
[2023-04-12T05:46:44.777+0000] {standard_task_runner.py:82} INFO - Running: ['***', 'tasks', 'run', 'data_extraction_dag', 'task_teams', 'scheduled__2023-04-11T00:00:00+00:00', '--job-id', '398', '--raw', '--subdir', 'DAGS_FOLDER/data_ingestion.py', '--cfg-path', '/tmp/tmpeit7pznq']
[2023-04-12T05:46:44.811+0000] {standard_task_runner.py:83} INFO - Job 398: Subtask task_teams
[2023-04-12T05:46:45.491+0000] {task_command.py:389} INFO - Running <TaskInstance: data_extraction_dag.task_teams scheduled__2023-04-11T00:00:00+00:00 [running]> on host 392d142fd52f
[2023-04-12T05:46:45.991+0000] {taskinstance.py:1516} INFO - Exporting the following env vars:
AIRFLOW_CTX_DAG_OWNER=***
AIRFLOW_CTX_DAG_ID=data_extraction_dag
AIRFLOW_CTX_TASK_ID=task_teams
AIRFLOW_CTX_EXECUTION_DATE=2023-04-11T00:00:00+00:00
AIRFLOW_CTX_TRY_NUMBER=1
AIRFLOW_CTX_DAG_RUN_ID=scheduled__2023-04-11T00:00:00+00:00
[2023-04-12T05:46:45.999+0000] {logging_mixin.py:137} INFO - Fetching for teams started
[2023-04-12T05:46:48.153+0000] {logging_mixin.py:137} INFO - Fetching for teams ended
[2023-04-12T05:46:48.154+0000] {python.py:177} INFO - Done. Returned value was: <bound method DataFrame.to_dict of                                                  $ref  ...                                               logo
0   http://sports.core.api.espn.com/v2/sports/foot...  ...  https://a.espncdn.com/i/teamlogos/nfl/500/bal.png
1   http://sports.core.api.espn.com/v2/sports/foot...  ...  https://a.espncdn.com/i/teamlogos/nfl/500/den.png
2   http://sports.core.api.espn.com/v2/sports/foot...  ...  https://a.espncdn.com/i/teamlogos/nfl/500/ten.png
3   http://sports.core.api.espn.com/v2/sports/foot...  ...  https://a.espncdn.com/i/teamlogos/nfl/500/sea.png
4   http://sports.core.api.espn.com/v2/sports/foot...  ...  https://a.espncdn.com/i/teamlogos/nfl/500/ind.png
5   http://sports.core.api.espn.com/v2/sports/foot...  ...  https://a.espncdn.com/i/teamlogos/nfl/500/jax.png
6   http://sports.core.api.espn.com/v2/sports/foot...  ...  https://a.espncdn.com/i/teamlogos/nfl/500/nyg.png
7   http://sports.core.api.espn.com/v2/sports/foot...  ...  https://a.espncdn.com/i/teamlogos/nfl/500/cin.png
8   http://sports.core.api.espn.com/v2/sports/foot...  ...  https://a.espncdn.com/i/teamlogos/nfl/500/min.png
9   http://sports.core.api.espn.com/v2/sports/foot...  ...   https://a.espncdn.com/i/teamlogos/nfl/500/kc.png
10  http://sports.core.api.espn.com/v2/sports/foot...  ...  https://a.espncdn.com/i/teamlogos/nfl/500/lar.png
11  http://sports.core.api.espn.com/v2/sports/foot...  ...  https://a.espncdn.com/i/teamlogos/nfl/500/hou.png
12  http://sports.core.api.espn.com/v2/sports/foot...  ...   https://a.espncdn.com/i/teamlogos/nfl/500/ne.png
13  http://sports.core.api.espn.com/v2/sports/foot...  ...   https://a.espncdn.com/i/teamlogos/nfl/500/tb.png
14  http://sports.core.api.espn.com/v2/sports/foot...  ...   https://a.espncdn.com/i/teamlogos/nfl/500/gb.png
15  http://sports.core.api.espn.com/v2/sports/foot...  ...  https://a.espncdn.com/i/teamlogos/nfl/500/cle.png
16  http://sports.core.api.espn.com/v2/sports/foot...  ...  https://a.espncdn.com/i/teamlogos/nfl/500/dal.png
17  http://sports.core.api.espn.com/v2/sports/foot...  ...  https://a.espncdn.com/i/teamlogos/nfl/500/det.png
18  http://sports.core.api.espn.com/v2/sports/foot...  ...  https://a.espncdn.com/i/teamlogos/nfl/500/nyj.png
19  http://sports.core.api.espn.com/v2/sports/foot...  ...   https://a.espncdn.com/i/teamlogos/nfl/500/no.png
20  http://sports.core.api.espn.com/v2/sports/foot...  ...   https://a.espncdn.com/i/teamlogos/nfl/500/lv.png
21  http://sports.core.api.espn.com/v2/sports/foot...  ...  https://a.espncdn.com/i/teamlogos/nfl/500/mia.png
22  http://sports.core.api.espn.com/v2/sports/foot...  ...  https://a.espncdn.com/i/teamlogos/nfl/500/pit.png
23  http://sports.core.api.espn.com/v2/sports/foot...  ...  https://a.espncdn.com/i/teamlogos/nfl/500/ari.png
24  http://sports.core.api.espn.com/v2/sports/foot...  ...  https://a.espncdn.com/i/teamlogos/nfl/500/buf.png
25  http://sports.core.api.espn.com/v2/sports/foot...  ...  https://a.espncdn.com/i/teamlogos/nfl/500/car.png
26  http://sports.core.api.espn.com/v2/sports/foot...  ...  https://a.espncdn.com/i/teamlogos/nfl/500/wsh.png
27  http://sports.core.api.espn.com/v2/sports/foot...  ...  https://a.espncdn.com/i/teamlogos/nfl/500/chi.png
28  http://sports.core.api.espn.com/v2/sports/foot...  ...  https://a.espncdn.com/i/teamlogos/nfl/500/phi.png
29  http://sports.core.api.espn.com/v2/sports/foot...  ...  https://a.espncdn.com/i/teamlogos/nfl/500/lac.png
30  http://sports.core.api.espn.com/v2/sports/foot...  ...   https://a.espncdn.com/i/teamlogos/nfl/500/sf.png
31  http://sports.core.api.espn.com/v2/sports/foot...  ...  https://a.espncdn.com/i/teamlogos/nfl/500/atl.png

[32 rows x 42 columns]>
[2023-04-12T05:46:48.688+0000] {xcom.py:629} ERROR - Object of type method is not JSON serializable. If you are using pickle instead of JSON for XCom, then you need to enable pickle support for XCom in your *** config or make sure to decorate your object with attr.
[2023-04-12T05:46:48.693+0000] {taskinstance.py:1776} ERROR - Task failed with exception
Traceback (most recent call last):
  File "/home/airflow/.local/lib/python3.9/site-packages/airflow/utils/session.py", line 72, in wrapper
    return func(*args, **kwargs)
  File "/home/airflow/.local/lib/python3.9/site-packages/airflow/models/taskinstance.py", line 2298, in xcom_push
    XCom.set(
  File "/home/airflow/.local/lib/python3.9/site-packages/airflow/utils/session.py", line 72, in wrapper
    return func(*args, **kwargs)
  File "/home/airflow/.local/lib/python3.9/site-packages/airflow/models/xcom.py", line 234, in set
    value = cls.serialize_value(
  File "/home/airflow/.local/lib/python3.9/site-packages/airflow/models/xcom.py", line 627, in serialize_value
    return json.dumps(value, cls=XComEncoder).encode("UTF-8")
  File "/usr/local/lib/python3.9/json/__init__.py", line 234, in dumps
    return cls(
  File "/home/airflow/.local/lib/python3.9/site-packages/airflow/utils/json.py", line 176, in encode
    return super().encode(o)
  File "/usr/local/lib/python3.9/json/encoder.py", line 199, in encode
    chunks = self.iterencode(o, _one_shot=True)
  File "/usr/local/lib/python3.9/json/encoder.py", line 257, in iterencode
    return _iterencode(o, 0)
  File "/home/airflow/.local/lib/python3.9/site-packages/airflow/utils/json.py", line 170, in default
    return super().default(o)
  File "/usr/local/lib/python3.9/json/encoder.py", line 179, in default
    raise TypeError(f'Object of type {o.__class__.__name__} '
TypeError: Object of type method is not JSON serializable
[2023-04-12T05:46:48.792+0000] {taskinstance.py:1327} INFO - Marking task as UP_FOR_RETRY. dag_id=data_extraction_dag, task_id=task_teams, execution_date=20230411T000000, start_date=20230412T054644, end_date=20230412T054648
[2023-04-12T05:46:48.871+0000] {standard_task_runner.py:100} ERROR - Failed to execute job 398 for task task_teams (Object of type method is not JSON serializable; 210)
[2023-04-12T05:46:48.956+0000] {local_task_job.py:212} INFO - Task exited with return code 1
[2023-04-12T05:46:49.019+0000] {taskinstance.py:2596} INFO - 0 downstream tasks scheduled from follow-on schedule check
