[2023-04-23T10:05:02.961+0000] {taskinstance.py:1090} INFO - Dependencies all met for dep_context=non-requeueable deps ti=<TaskInstance: data_extraction_dag.upload_positions_to_gcs manual__2023-04-23T09:57:33+00:00 [queued]>
[2023-04-23T10:05:02.995+0000] {taskinstance.py:1090} INFO - Dependencies all met for dep_context=requeueable deps ti=<TaskInstance: data_extraction_dag.upload_positions_to_gcs manual__2023-04-23T09:57:33+00:00 [queued]>
[2023-04-23T10:05:02.997+0000] {taskinstance.py:1288} INFO - 
--------------------------------------------------------------------------------
[2023-04-23T10:05:02.998+0000] {taskinstance.py:1289} INFO - Starting attempt 2 of 4
[2023-04-23T10:05:03.000+0000] {taskinstance.py:1290} INFO - 
--------------------------------------------------------------------------------
[2023-04-23T10:05:03.036+0000] {taskinstance.py:1309} INFO - Executing <Task(_PythonDecoratedOperator): upload_positions_to_gcs> on 2023-04-23 09:57:33+00:00
[2023-04-23T10:05:03.049+0000] {standard_task_runner.py:55} INFO - Started process 3504 to run task
[2023-04-23T10:05:03.153+0000] {standard_task_runner.py:82} INFO - Running: ['***', 'tasks', 'run', 'data_extraction_dag', 'upload_positions_to_gcs', 'manual__2023-04-23T09:57:33+00:00', '--job-id', '1149', '--raw', '--subdir', 'DAGS_FOLDER/data_ingestion.py', '--cfg-path', '/tmp/tmp3n0nyes7']
[2023-04-23T10:05:03.273+0000] {standard_task_runner.py:83} INFO - Job 1149: Subtask upload_positions_to_gcs
[2023-04-23T10:05:03.896+0000] {task_command.py:389} INFO - Running <TaskInstance: data_extraction_dag.upload_positions_to_gcs manual__2023-04-23T09:57:33+00:00 [running]> on host 235fa867d994
[2023-04-23T10:05:04.017+0000] {taskinstance.py:1516} INFO - Exporting the following env vars:
AIRFLOW_CTX_DAG_OWNER=***
AIRFLOW_CTX_DAG_ID=data_extraction_dag
AIRFLOW_CTX_TASK_ID=upload_positions_to_gcs
AIRFLOW_CTX_EXECUTION_DATE=2023-04-23T09:57:33+00:00
AIRFLOW_CTX_TRY_NUMBER=2
AIRFLOW_CTX_DAG_RUN_ID=manual__2023-04-23T09:57:33+00:00
[2023-04-23T10:05:04.022+0000] {subprocess.py:63} INFO - Tmp dir root location: 
 /tmp
[2023-04-23T10:05:04.051+0000] {subprocess.py:75} INFO - Running command: ['/bin/bash', '-c', 'gsutil cp /opt/***/csv/* gs://nfl-data-lake_nfl-project-de/nfl_csv/']
[2023-04-23T10:05:04.126+0000] {subprocess.py:86} INFO - Output:
[2023-04-23T10:05:12.374+0000] {subprocess.py:93} INFO - Copying file:///opt/***/csv/positions_csv.csv [Content-Type=text/csv]...
[2023-04-23T10:05:13.793+0000] {subprocess.py:93} INFO - / [0 files][    0.0 B/  476.0 B]                                                / [1 files][  476.0 B/  476.0 B]                                                -
[2023-04-23T10:05:13.794+0000] {subprocess.py:93} INFO - Operation completed over 1 objects/476.0 B.
[2023-04-23T10:05:14.406+0000] {subprocess.py:97} INFO - Command exited with return code 0
[2023-04-23T10:05:14.408+0000] {python.py:177} INFO - Done. Returned value was: None
[2023-04-23T10:05:14.421+0000] {taskinstance.py:1327} INFO - Marking task as SUCCESS. dag_id=data_extraction_dag, task_id=upload_positions_to_gcs, execution_date=20230423T095733, start_date=20230423T100502, end_date=20230423T100514
[2023-04-23T10:05:14.486+0000] {local_task_job.py:212} INFO - Task exited with return code 0
[2023-04-23T10:05:14.509+0000] {taskinstance.py:2596} INFO - 0 downstream tasks scheduled from follow-on schedule check
