[2023-04-23T10:10:37.296+0000] {taskinstance.py:1090} INFO - Dependencies all met for dep_context=non-requeueable deps ti=<TaskInstance: data_extraction_dag.upload_positions_to_gcs manual__2023-04-23T09:57:33+00:00 [queued]>
[2023-04-23T10:10:37.322+0000] {taskinstance.py:1090} INFO - Dependencies all met for dep_context=requeueable deps ti=<TaskInstance: data_extraction_dag.upload_positions_to_gcs manual__2023-04-23T09:57:33+00:00 [queued]>
[2023-04-23T10:10:37.323+0000] {taskinstance.py:1288} INFO - 
--------------------------------------------------------------------------------
[2023-04-23T10:10:37.325+0000] {taskinstance.py:1289} INFO - Starting attempt 3 of 5
[2023-04-23T10:10:37.327+0000] {taskinstance.py:1290} INFO - 
--------------------------------------------------------------------------------
[2023-04-23T10:10:37.356+0000] {taskinstance.py:1309} INFO - Executing <Task(_PythonDecoratedOperator): upload_positions_to_gcs> on 2023-04-23 09:57:33+00:00
[2023-04-23T10:10:37.381+0000] {standard_task_runner.py:55} INFO - Started process 4282 to run task
[2023-04-23T10:10:37.396+0000] {standard_task_runner.py:82} INFO - Running: ['***', 'tasks', 'run', 'data_extraction_dag', 'upload_positions_to_gcs', 'manual__2023-04-23T09:57:33+00:00', '--job-id', '1165', '--raw', '--subdir', 'DAGS_FOLDER/data_ingestion.py', '--cfg-path', '/tmp/tmpmwkjywnv']
[2023-04-23T10:10:37.410+0000] {standard_task_runner.py:83} INFO - Job 1165: Subtask upload_positions_to_gcs
[2023-04-23T10:10:37.624+0000] {task_command.py:389} INFO - Running <TaskInstance: data_extraction_dag.upload_positions_to_gcs manual__2023-04-23T09:57:33+00:00 [running]> on host 235fa867d994
[2023-04-23T10:10:37.736+0000] {taskinstance.py:1516} INFO - Exporting the following env vars:
AIRFLOW_CTX_DAG_OWNER=***
AIRFLOW_CTX_DAG_ID=data_extraction_dag
AIRFLOW_CTX_TASK_ID=upload_positions_to_gcs
AIRFLOW_CTX_EXECUTION_DATE=2023-04-23T09:57:33+00:00
AIRFLOW_CTX_TRY_NUMBER=3
AIRFLOW_CTX_DAG_RUN_ID=manual__2023-04-23T09:57:33+00:00
[2023-04-23T10:10:37.742+0000] {subprocess.py:63} INFO - Tmp dir root location: 
 /tmp
[2023-04-23T10:10:37.751+0000] {subprocess.py:75} INFO - Running command: ['/bin/bash', '-c', 'gsutil cp /opt/***/csv/* gs://nfl-data-lake_nfl-project-de/nfl_csv/']
[2023-04-23T10:10:37.792+0000] {subprocess.py:86} INFO - Output:
[2023-04-23T10:10:44.129+0000] {subprocess.py:93} INFO - Copying file:///opt/***/csv/positions_csv.csv [Content-Type=text/csv]...
[2023-04-23T10:10:45.534+0000] {subprocess.py:93} INFO - / [0 files][    0.0 B/  476.0 B]                                                / [1 files][  476.0 B/  476.0 B]                                                -
[2023-04-23T10:10:45.535+0000] {subprocess.py:93} INFO - Operation completed over 1 objects/476.0 B.
[2023-04-23T10:10:46.423+0000] {subprocess.py:97} INFO - Command exited with return code 0
[2023-04-23T10:10:46.426+0000] {python.py:177} INFO - Done. Returned value was: None
[2023-04-23T10:10:46.444+0000] {taskinstance.py:1327} INFO - Marking task as SUCCESS. dag_id=data_extraction_dag, task_id=upload_positions_to_gcs, execution_date=20230423T095733, start_date=20230423T101037, end_date=20230423T101046
[2023-04-23T10:10:46.492+0000] {local_task_job.py:212} INFO - Task exited with return code 0
[2023-04-23T10:10:46.516+0000] {taskinstance.py:2596} INFO - 0 downstream tasks scheduled from follow-on schedule check
