[2023-04-24T15:23:58.709+0000] {taskinstance.py:1090} INFO - Dependencies all met for dep_context=non-requeueable deps ti=<TaskInstance: data_extraction_dag.task_defense_stats manual__2023-04-24T15:23:45.723074+00:00 [queued]>
[2023-04-24T15:23:58.738+0000] {taskinstance.py:1090} INFO - Dependencies all met for dep_context=requeueable deps ti=<TaskInstance: data_extraction_dag.task_defense_stats manual__2023-04-24T15:23:45.723074+00:00 [queued]>
[2023-04-24T15:23:58.740+0000] {taskinstance.py:1288} INFO - 
--------------------------------------------------------------------------------
[2023-04-24T15:23:58.743+0000] {taskinstance.py:1289} INFO - Starting attempt 1 of 3
[2023-04-24T15:23:58.745+0000] {taskinstance.py:1290} INFO - 
--------------------------------------------------------------------------------
[2023-04-24T15:23:58.782+0000] {taskinstance.py:1309} INFO - Executing <Task(_PythonDecoratedOperator): task_defense_stats> on 2023-04-24 15:23:45.723074+00:00
[2023-04-24T15:23:58.908+0000] {standard_task_runner.py:55} INFO - Started process 8059 to run task
[2023-04-24T15:23:58.928+0000] {standard_task_runner.py:82} INFO - Running: ['***', 'tasks', 'run', 'data_extraction_dag', 'task_defense_stats', 'manual__2023-04-24T15:23:45.723074+00:00', '--job-id', '1261', '--raw', '--subdir', 'DAGS_FOLDER/data_ingestion.py', '--cfg-path', '/tmp/tmpsn5y5329']
[2023-04-24T15:23:58.944+0000] {standard_task_runner.py:83} INFO - Job 1261: Subtask task_defense_stats
[2023-04-24T15:23:59.212+0000] {task_command.py:389} INFO - Running <TaskInstance: data_extraction_dag.task_defense_stats manual__2023-04-24T15:23:45.723074+00:00 [running]> on host 36bdc6733002
[2023-04-24T15:23:59.349+0000] {taskinstance.py:1516} INFO - Exporting the following env vars:
AIRFLOW_CTX_DAG_OWNER=***
AIRFLOW_CTX_DAG_ID=data_extraction_dag
AIRFLOW_CTX_TASK_ID=task_defense_stats
AIRFLOW_CTX_EXECUTION_DATE=2023-04-24T15:23:45.723074+00:00
AIRFLOW_CTX_TRY_NUMBER=1
AIRFLOW_CTX_DAG_RUN_ID=manual__2023-04-24T15:23:45.723074+00:00
[2023-04-24T15:23:59.355+0000] {logging_mixin.py:137} INFO - Fetching for teams defense stats started
[2023-04-24T15:24:02.686+0000] {logging_mixin.py:137} INFO - Fetching for teams defense stats ended
[2023-04-24T15:24:02.696+0000] {python.py:177} INFO - Done. Returned value was: {"teamName":{"0":"San Francisco 49ers","1":"Philadelphia Eagles","2":"Washington Commanders","3":"New York Jets","4":"New Orleans Saints","5":"Buffalo Bills","6":"Denver Broncos","7":"New England Patriots","8":"Tampa Bay Buccaneers","9":"Baltimore Ravens","10":"Kansas City Chiefs","11":"Dallas Cowboys","12":"Pittsburgh Steelers","13":"Cleveland Browns","14":"Indianapolis Colts","15":"Cincinnati Bengals","16":"Green Bay Packers","17":"Miami Dolphins","18":"Los Angeles Rams","19":"Los Angeles Chargers","20":"Arizona Cardinals","21":"Carolina Panthers","22":"Tennessee Titans","23":"Jacksonville Jaguars","24":"New York Giants","25":"Seattle Seahawks","26":"Atlanta Falcons","27":"Las Vegas Raiders","28":"Chicago Bears","29":"Houston Texans","30":"Minnesota Vikings","31":"Detroit Lions"},"gamesPlayed":{"0":17,"1":17,"2":17,"3":17,"4":17,"5":16,"6":17,"7":17,"8":17,"9":17,"10":17,"11":17,"12":17,"13":17,"14":17,"15":16,"16":17,"17":17,"18":17,"19":17,"20":17,"21":17,"22":17,"23":17,"24":17,"25":17,"26":17,"27":17,"28":17,"29":17,"30":17,"31":17},"totalYDS":{"0":5110,"1":5125,"2":5178,"3":5288,"4":5352,"5":5106,"6":5440,"7":5474,"8":5513,"9":5513,"10":5579,"11":5613,"12":5617,"13":5631,"14":5678,"15":5371,"16":5721,"17":5743,"18":5798,"19":5884,"20":5931,"21":5953,"22":5978,"23":6006,"24":6089,"25":6149,"26":6156,"27":6216,"28":6390,"29":6452,"30":6608,"31":6670},"totalYDSG":{"0":300.6,"1":301.5,"2":304.6,"3":311.1,"4":314.8,"5":319.1,"6":320.0,"7":322.0,"8":324.3,"9":324.3,"10":328.2,"11":330.2,"12":330.4,"13":331.2,"14":334.0,"15":335.7,"16":336.5,"17":337.8,"18":341.1,"19":346.1,"20":348.9,"21":350.2,"22":351.6,"23":353.3,"24":358.2,"25":361.7,"26":362.1,"27":365.6,"28":375.9,"29":379.5,"30":388.7,"31":392.4},"passingYDS":{"0":3789,"1":3057,"2":3252,"3":3220,"4":3134,"5":3433,"6":3574,"7":3681,"8":3461,"9":3947,"10":3756,"11":3415,"12":3779,"13":3336,"14":3569,"15":3665,"16":3349,"17":3992,"18":3842,"19":3406,"20":3915,"21":3868,"22":4671,"23":4055,"24":3638,"25":3595,"26":3942,"27":4129,"28":3716,"29":3558,"30":4515,"31":4179},"passingYDSG":{"0":222.9,"1":179.8,"2":191.3,"3":189.4,"4":184.4,"5":214.6,"6":210.2,"7":216.5,"8":203.6,"9":232.2,"10":220.9,"11":200.9,"12":222.3,"13":196.2,"14":209.9,"15":229.1,"16":197.0,"17":234.8,"18":226.0,"19":200.4,"20":230.3,"21":227.5,"22":274.8,"23":238.5,"24":214.0,"25":211.5,"26":231.9,"27":242.9,"28":218.6,"29":209.3,"30":265.6,"31":245.8},"rushingYDS":{"0":1321,"1":2068,"2":1926,"3":2068,"4":2218,"5":1673,"6":1866,"7":1793,"8":2052,"9":1566,"10":1823,"11":2198,"12":1838,"13":2295,"14":2109,"15":1706,"16":2372,"17":1751,"18":1956,"19":2478,"20":2016,"21":2085,"22":1307,"23":1951,"24":2451,"25":2554,"26":2214,"27":2087,"28":2674,"29":2894,"30":2093,"31":2491},"rushingYDSG":{"0":77.7,"1":121.6,"2":113.3,"3":121.6,"4":130.5,"5":104.6,"6":109.8,"7":105.5,"8":120.7,"9":92.1,"10":107.2,"11":129.3,"12":108.1,"13":135.0,"14":124.1,"15":106.6,"16":139.5,"17":103.0,"18":115.1,"19":145.8,"20":118.6,"21":122.6,"22":76.9,"23":114.8,"24":144.2,"25":150.2,"26":130.2,"27":122.8,"28":157.3,"29":170.2,"30":123.1,"31":146.5},"points":{"0":277,"1":344,"2":343,"3":316,"4":345,"5":286,"6":359,"7":347,"8":358,"9":315,"10":369,"11":342,"12":346,"13":381,"14":427,"15":322,"16":371,"17":399,"18":384,"19":384,"20":449,"21":374,"22":359,"23":350,"24":371,"25":401,"26":386,"27":418,"28":463,"29":420,"30":427,"31":427},"pointsPerGame":{"0":16.3,"1":20.2,"2":20.2,"3":18.6,"4":20.3,"5":17.9,"6":21.1,"7":20.4,"8":21.1,"9":18.5,"10":21.7,"11":20.1,"12":20.4,"13":22.4,"14":25.1,"15":20.1,"16":21.8,"17":23.5,"18":22.6,"19":22.6,"20":26.4,"21":22.0,"22":21.1,"23":20.6,"24":21.8,"25":23.6,"26":22.7,"27":24.6,"28":27.2,"29":24.7,"30":25.1,"31":25.1}}
[2023-04-24T15:24:02.823+0000] {taskinstance.py:1327} INFO - Marking task as SUCCESS. dag_id=data_extraction_dag, task_id=task_defense_stats, execution_date=20230424T152345, start_date=20230424T152358, end_date=20230424T152402
[2023-04-24T15:24:02.933+0000] {local_task_job.py:212} INFO - Task exited with return code 0
[2023-04-24T15:24:03.097+0000] {taskinstance.py:2596} INFO - 0 downstream tasks scheduled from follow-on schedule check
