[2023-04-23T13:09:55.885+0000] {taskinstance.py:1090} INFO - Dependencies all met for dep_context=non-requeueable deps ti=<TaskInstance: nfl_transformation_dag.task_pyspark manual__2023-04-23T13:09:52.407829+00:00 [queued]>
[2023-04-23T13:09:55.896+0000] {taskinstance.py:1090} INFO - Dependencies all met for dep_context=requeueable deps ti=<TaskInstance: nfl_transformation_dag.task_pyspark manual__2023-04-23T13:09:52.407829+00:00 [queued]>
[2023-04-23T13:09:55.898+0000] {taskinstance.py:1288} INFO - 
--------------------------------------------------------------------------------
[2023-04-23T13:09:55.899+0000] {taskinstance.py:1289} INFO - Starting attempt 1 of 3
[2023-04-23T13:09:55.900+0000] {taskinstance.py:1290} INFO - 
--------------------------------------------------------------------------------
[2023-04-23T13:09:55.914+0000] {taskinstance.py:1309} INFO - Executing <Task(_PythonDecoratedOperator): task_pyspark> on 2023-04-23 13:09:52.407829+00:00
[2023-04-23T13:09:55.923+0000] {standard_task_runner.py:55} INFO - Started process 82 to run task
[2023-04-23T13:09:55.928+0000] {standard_task_runner.py:82} INFO - Running: ['***', 'tasks', 'run', 'nfl_transformation_dag', 'task_pyspark', 'manual__2023-04-23T13:09:52.407829+00:00', '--job-id', '1189', '--raw', '--subdir', 'DAGS_FOLDER/data_ingestion.py', '--cfg-path', '/tmp/tmpnlwgqy2o']
[2023-04-23T13:09:55.932+0000] {standard_task_runner.py:83} INFO - Job 1189: Subtask task_pyspark
[2023-04-23T13:09:56.014+0000] {task_command.py:389} INFO - Running <TaskInstance: nfl_transformation_dag.task_pyspark manual__2023-04-23T13:09:52.407829+00:00 [running]> on host 235fa867d994
[2023-04-23T13:09:56.095+0000] {taskinstance.py:1516} INFO - Exporting the following env vars:
AIRFLOW_CTX_DAG_OWNER=***
AIRFLOW_CTX_DAG_ID=nfl_transformation_dag
AIRFLOW_CTX_TASK_ID=task_pyspark
AIRFLOW_CTX_EXECUTION_DATE=2023-04-23T13:09:52.407829+00:00
AIRFLOW_CTX_TRY_NUMBER=1
AIRFLOW_CTX_DAG_RUN_ID=manual__2023-04-23T13:09:52.407829+00:00
[2023-04-23T13:09:56.099+0000] {subprocess.py:63} INFO - Tmp dir root location: 
 /tmp
[2023-04-23T13:09:56.111+0000] {subprocess.py:75} INFO - Running command: ['/bin/bash', '-c', 'gcloud dataproc jobs submit pyspark                 --cluster=nfl-spark-cluster                 --region=europe-west6                 --jars=gs://spark-lib/bigquery/spark-bigquery-with-dependencies_2.12-0.30.0.jar                gs://nfl-data-lake_nfl-project-de/code/transform_pyspark.py                 --                     --year=2019                     --season_type=2 ']
[2023-04-23T13:09:56.130+0000] {subprocess.py:86} INFO - Output:
[2023-04-23T13:10:03.397+0000] {subprocess.py:93} INFO - Job [a89a4d70b4be4640997cdf15f6c1d913] submitted.
[2023-04-23T13:10:03.399+0000] {subprocess.py:93} INFO - Waiting for job output...
[2023-04-23T13:10:10.688+0000] {subprocess.py:93} INFO - =========== Cloud Dataproc Agent Error ===========
[2023-04-23T13:10:10.689+0000] {subprocess.py:93} INFO - java.io.FileNotFoundException: File not found: gs://nfl-data-lake_nfl-project-de/code/transform_pyspark.py
[2023-04-23T13:10:10.690+0000] {subprocess.py:93} INFO - 	at com.google.cloud.hadoop.fs.gcs.GoogleHadoopFileSystemBase.getFileStatus(GoogleHadoopFileSystemBase.java:958)
[2023-04-23T13:10:10.691+0000] {subprocess.py:93} INFO - 	at org.apache.hadoop.fs.FileUtil.copy(FileUtil.java:391)
[2023-04-23T13:10:10.692+0000] {subprocess.py:93} INFO - 	at org.apache.hadoop.fs.FileUtil.copy(FileUtil.java:342)
[2023-04-23T13:10:10.693+0000] {subprocess.py:93} INFO - 	at org.apache.hadoop.fs.FileSystem.copyToLocalFile(FileSystem.java:2464)
[2023-04-23T13:10:10.694+0000] {subprocess.py:93} INFO - 	at org.apache.hadoop.fs.FileSystem.copyToLocalFile(FileSystem.java:2433)
[2023-04-23T13:10:10.695+0000] {subprocess.py:93} INFO - 	at com.google.cloud.hadoop.fs.gcs.GoogleHadoopFileSystemBase.copyToLocalFile(GoogleHadoopFileSystemBase.java:1614)
[2023-04-23T13:10:10.695+0000] {subprocess.py:93} INFO - 	at org.apache.hadoop.fs.FileSystem.copyToLocalFile(FileSystem.java:2409)
[2023-04-23T13:10:10.696+0000] {subprocess.py:93} INFO - 	at com.google.cloud.hadoop.services.agent.util.HadoopUtil.download(HadoopUtil.java:127)
[2023-04-23T13:10:10.696+0000] {subprocess.py:93} INFO - 	at com.google.cloud.hadoop.services.agent.job.handler.AbstractJobHandler.downloadResources(AbstractJobHandler.java:502)
[2023-04-23T13:10:10.697+0000] {subprocess.py:93} INFO - 	at com.google.cloud.hadoop.services.agent.job.handler.AbstractJobHandler.prepareDriver(AbstractJobHandler.java:777)
[2023-04-23T13:10:10.698+0000] {subprocess.py:93} INFO - 	at com.google.cloud.hadoop.services.repackaged.com.google.common.util.concurrent.TrustedListenableFutureTask$TrustedFutureInterruptibleTask.runInterruptibly(TrustedListenableFutureTask.java:131)
[2023-04-23T13:10:10.699+0000] {subprocess.py:93} INFO - 	at com.google.cloud.hadoop.services.repackaged.com.google.common.util.concurrent.InterruptibleTask.run(InterruptibleTask.java:74)
[2023-04-23T13:10:10.700+0000] {subprocess.py:93} INFO - 	at com.google.cloud.hadoop.services.repackaged.com.google.common.util.concurrent.TrustedListenableFutureTask.run(TrustedListenableFutureTask.java:82)
[2023-04-23T13:10:10.700+0000] {subprocess.py:93} INFO - 	at java.util.concurrent.Executors$RunnableAdapter.call(Executors.java:511)
[2023-04-23T13:10:10.701+0000] {subprocess.py:93} INFO - 	at java.util.concurrent.FutureTask.run(FutureTask.java:266)
[2023-04-23T13:10:10.701+0000] {subprocess.py:93} INFO - 	at java.util.concurrent.ScheduledThreadPoolExecutor$ScheduledFutureTask.access$201(ScheduledThreadPoolExecutor.java:180)
[2023-04-23T13:10:10.702+0000] {subprocess.py:93} INFO - 	at java.util.concurrent.ScheduledThreadPoolExecutor$ScheduledFutureTask.run(ScheduledThreadPoolExecutor.java:293)
[2023-04-23T13:10:10.702+0000] {subprocess.py:93} INFO - 	at java.util.concurrent.ThreadPoolExecutor.runWorker(ThreadPoolExecutor.java:1149)
[2023-04-23T13:10:10.702+0000] {subprocess.py:93} INFO - 	at java.util.concurrent.ThreadPoolExecutor$Worker.run(ThreadPoolExecutor.java:624)
[2023-04-23T13:10:10.703+0000] {subprocess.py:93} INFO - 	at java.lang.Thread.run(Thread.java:750)
[2023-04-23T13:10:10.703+0000] {subprocess.py:93} INFO - ======== End of Cloud Dataproc Agent Error ========
[2023-04-23T13:10:40.548+0000] {subprocess.py:93} INFO - ERROR: (gcloud.dataproc.jobs.submit.pyspark) Job [a89a4d70b4be4640997cdf15f6c1d913] failed with error:
[2023-04-23T13:10:40.551+0000] {subprocess.py:93} INFO - File not found: gs://nfl-data-lake_nfl-project-de/code/transform_pyspark.py
[2023-04-23T13:10:41.297+0000] {subprocess.py:97} INFO - Command exited with return code 1
[2023-04-23T13:10:41.331+0000] {taskinstance.py:1776} ERROR - Task failed with exception
Traceback (most recent call last):
  File "/home/airflow/.local/lib/python3.9/site-packages/airflow/decorators/base.py", line 217, in execute
    return_value = super().execute(context)
  File "/home/airflow/.local/lib/python3.9/site-packages/airflow/operators/python.py", line 175, in execute
    return_value = self.execute_callable()
  File "/home/airflow/.local/lib/python3.9/site-packages/airflow/operators/python.py", line 192, in execute_callable
    return self.python_callable(*self.op_args, **self.op_kwargs)
  File "/opt/airflow/dags/data_ingestion.py", line 222, in task_pyspark
    operator.execute(context={})
  File "/home/airflow/.local/lib/python3.9/site-packages/airflow/operators/bash.py", line 196, in execute
    raise AirflowException(
airflow.exceptions.AirflowException: Bash command failed. The command returned a non-zero exit code 1.
[2023-04-23T13:10:41.366+0000] {taskinstance.py:1327} INFO - Marking task as UP_FOR_RETRY. dag_id=nfl_transformation_dag, task_id=task_pyspark, execution_date=20230423T130952, start_date=20230423T130955, end_date=20230423T131041
[2023-04-23T13:10:41.417+0000] {standard_task_runner.py:100} ERROR - Failed to execute job 1189 for task task_pyspark (Bash command failed. The command returned a non-zero exit code 1.; 82)
[2023-04-23T13:10:41.455+0000] {local_task_job.py:212} INFO - Task exited with return code 1
[2023-04-23T13:10:41.494+0000] {taskinstance.py:2596} INFO - 0 downstream tasks scheduled from follow-on schedule check
