[2023-04-23T13:15:58.070+0000] {taskinstance.py:1090} INFO - Dependencies all met for dep_context=non-requeueable deps ti=<TaskInstance: nfl_transformation_dag.task_pyspark manual__2023-04-23T13:09:52.407829+00:00 [queued]>
[2023-04-23T13:15:58.095+0000] {taskinstance.py:1090} INFO - Dependencies all met for dep_context=requeueable deps ti=<TaskInstance: nfl_transformation_dag.task_pyspark manual__2023-04-23T13:09:52.407829+00:00 [queued]>
[2023-04-23T13:15:58.096+0000] {taskinstance.py:1288} INFO - 
--------------------------------------------------------------------------------
[2023-04-23T13:15:58.099+0000] {taskinstance.py:1289} INFO - Starting attempt 2 of 3
[2023-04-23T13:15:58.100+0000] {taskinstance.py:1290} INFO - 
--------------------------------------------------------------------------------
[2023-04-23T13:15:58.130+0000] {taskinstance.py:1309} INFO - Executing <Task(_PythonDecoratedOperator): task_pyspark> on 2023-04-23 13:09:52.407829+00:00
[2023-04-23T13:15:58.162+0000] {standard_task_runner.py:55} INFO - Started process 1146 to run task
[2023-04-23T13:15:58.188+0000] {standard_task_runner.py:82} INFO - Running: ['***', 'tasks', 'run', 'nfl_transformation_dag', 'task_pyspark', 'manual__2023-04-23T13:09:52.407829+00:00', '--job-id', '1190', '--raw', '--subdir', 'DAGS_FOLDER/data_ingestion.py', '--cfg-path', '/tmp/tmpqk25fans']
[2023-04-23T13:15:58.213+0000] {standard_task_runner.py:83} INFO - Job 1190: Subtask task_pyspark
[2023-04-23T13:15:58.532+0000] {task_command.py:389} INFO - Running <TaskInstance: nfl_transformation_dag.task_pyspark manual__2023-04-23T13:09:52.407829+00:00 [running]> on host 235fa867d994
[2023-04-23T13:15:58.700+0000] {taskinstance.py:1516} INFO - Exporting the following env vars:
AIRFLOW_CTX_DAG_OWNER=***
AIRFLOW_CTX_DAG_ID=nfl_transformation_dag
AIRFLOW_CTX_TASK_ID=task_pyspark
AIRFLOW_CTX_EXECUTION_DATE=2023-04-23T13:09:52.407829+00:00
AIRFLOW_CTX_TRY_NUMBER=2
AIRFLOW_CTX_DAG_RUN_ID=manual__2023-04-23T13:09:52.407829+00:00
[2023-04-23T13:15:58.725+0000] {subprocess.py:63} INFO - Tmp dir root location: 
 /tmp
[2023-04-23T13:15:58.730+0000] {subprocess.py:75} INFO - Running command: ['/bin/bash', '-c', 'gcloud dataproc jobs submit pyspark                 --cluster=nfl-spark-cluster                 --region=europe-west6                 --jars=gs://spark-lib/bigquery/spark-bigquery-with-dependencies_2.12-0.30.0.jar                gs://nfl-data-lake_nfl-project-de/code/transform_pyspark.py                 --                     --year=2019                     --season_type=2 ']
[2023-04-23T13:15:58.760+0000] {subprocess.py:86} INFO - Output:
[2023-04-23T13:16:05.707+0000] {subprocess.py:93} INFO - Job [32e491d8447a461d88616aa2db826e3d] submitted.
[2023-04-23T13:16:05.709+0000] {subprocess.py:93} INFO - Waiting for job output...
[2023-04-23T13:16:17.300+0000] {subprocess.py:93} INFO -   File "/tmp/32e491d8447a461d88616aa2db826e3d/transform_pyspark.py", line 277
[2023-04-23T13:16:17.320+0000] {subprocess.py:93} INFO -     .save()
[2023-04-23T13:16:17.323+0000] {subprocess.py:93} INFO -     ^
[2023-04-23T13:16:17.326+0000] {subprocess.py:93} INFO - SyntaxError: invalid syntax
[2023-04-23T13:16:40.439+0000] {subprocess.py:93} INFO - ERROR: (gcloud.dataproc.jobs.submit.pyspark) Job [32e491d8447a461d88616aa2db826e3d] failed with error:
[2023-04-23T13:16:40.565+0000] {subprocess.py:93} INFO - Job failed with message [SyntaxError: invalid syntax]. Additional details can be found at:
[2023-04-23T13:16:40.584+0000] {subprocess.py:93} INFO - https://console.cloud.google.com/dataproc/jobs/32e491d8447a461d88616aa2db826e3d?project=nfl-project-de&region=europe-west6
[2023-04-23T13:16:40.599+0000] {subprocess.py:93} INFO - gcloud dataproc jobs wait '32e491d8447a461d88616aa2db826e3d' --region 'europe-west6' --project 'nfl-project-de'
[2023-04-23T13:16:40.616+0000] {subprocess.py:93} INFO - https://console.cloud.google.com/storage/browser/nfl-spark-staging_nfl-project-de/google-cloud-dataproc-metainfo/3f31be1a-ebc3-4b4c-987d-83767542db1e/jobs/32e491d8447a461d88616aa2db826e3d/
[2023-04-23T13:16:40.628+0000] {subprocess.py:93} INFO - gs://nfl-spark-staging_nfl-project-de/google-cloud-dataproc-metainfo/3f31be1a-ebc3-4b4c-987d-83767542db1e/jobs/32e491d8447a461d88616aa2db826e3d/driveroutput
[2023-04-23T13:16:43.630+0000] {subprocess.py:97} INFO - Command exited with return code 1
[2023-04-23T13:16:44.213+0000] {taskinstance.py:1776} ERROR - Task failed with exception
Traceback (most recent call last):
  File "/home/airflow/.local/lib/python3.9/site-packages/airflow/decorators/base.py", line 217, in execute
    return_value = super().execute(context)
  File "/home/airflow/.local/lib/python3.9/site-packages/airflow/operators/python.py", line 175, in execute
    return_value = self.execute_callable()
  File "/home/airflow/.local/lib/python3.9/site-packages/airflow/operators/python.py", line 192, in execute_callable
    return self.python_callable(*self.op_args, **self.op_kwargs)
  File "/opt/airflow/dags/data_ingestion.py", line 222, in task_pyspark
    operator.execute(context={})
  File "/home/airflow/.local/lib/python3.9/site-packages/airflow/operators/bash.py", line 196, in execute
    raise AirflowException(
airflow.exceptions.AirflowException: Bash command failed. The command returned a non-zero exit code 1.
[2023-04-23T13:16:44.369+0000] {taskinstance.py:1327} INFO - Marking task as UP_FOR_RETRY. dag_id=nfl_transformation_dag, task_id=task_pyspark, execution_date=20230423T130952, start_date=20230423T131558, end_date=20230423T131644
[2023-04-23T13:16:44.626+0000] {standard_task_runner.py:100} ERROR - Failed to execute job 1190 for task task_pyspark (Bash command failed. The command returned a non-zero exit code 1.; 1146)
[2023-04-23T13:16:44.727+0000] {local_task_job.py:212} INFO - Task exited with return code 1
[2023-04-23T13:16:44.951+0000] {taskinstance.py:2596} INFO - 0 downstream tasks scheduled from follow-on schedule check
