[2023-04-12T07:46:39.208+0000] {taskinstance.py:1090} INFO - Dependencies all met for dep_context=non-requeueable deps ti=<TaskInstance: data_extraction_dag.task_teams_stats manual__2023-04-12T07:46:25.092898+00:00 [queued]>
[2023-04-12T07:46:39.251+0000] {taskinstance.py:1090} INFO - Dependencies all met for dep_context=requeueable deps ti=<TaskInstance: data_extraction_dag.task_teams_stats manual__2023-04-12T07:46:25.092898+00:00 [queued]>
[2023-04-12T07:46:39.253+0000] {taskinstance.py:1288} INFO - 
--------------------------------------------------------------------------------
[2023-04-12T07:46:39.255+0000] {taskinstance.py:1289} INFO - Starting attempt 1 of 2
[2023-04-12T07:46:39.256+0000] {taskinstance.py:1290} INFO - 
--------------------------------------------------------------------------------
[2023-04-12T07:46:39.307+0000] {taskinstance.py:1309} INFO - Executing <Task(_PythonDecoratedOperator): task_teams_stats> on 2023-04-12 07:46:25.092898+00:00
[2023-04-12T07:46:39.374+0000] {standard_task_runner.py:55} INFO - Started process 409 to run task
[2023-04-12T07:46:39.494+0000] {standard_task_runner.py:82} INFO - Running: ['***', 'tasks', 'run', 'data_extraction_dag', 'task_teams_stats', 'manual__2023-04-12T07:46:25.092898+00:00', '--job-id', '656', '--raw', '--subdir', 'DAGS_FOLDER/data_ingestion.py', '--cfg-path', '/tmp/tmpxmpecvkh']
[2023-04-12T07:46:39.553+0000] {standard_task_runner.py:83} INFO - Job 656: Subtask task_teams_stats
[2023-04-12T07:46:40.339+0000] {task_command.py:389} INFO - Running <TaskInstance: data_extraction_dag.task_teams_stats manual__2023-04-12T07:46:25.092898+00:00 [running]> on host a2e619923d04
[2023-04-12T07:46:40.905+0000] {taskinstance.py:1516} INFO - Exporting the following env vars:
AIRFLOW_CTX_DAG_OWNER=***
AIRFLOW_CTX_DAG_ID=data_extraction_dag
AIRFLOW_CTX_TASK_ID=task_teams_stats
AIRFLOW_CTX_EXECUTION_DATE=2023-04-12T07:46:25.092898+00:00
AIRFLOW_CTX_TRY_NUMBER=1
AIRFLOW_CTX_DAG_RUN_ID=manual__2023-04-12T07:46:25.092898+00:00
[2023-04-12T07:46:41.030+0000] {logging_mixin.py:137} INFO - Fetching for teams_stats started
[2023-04-12T07:46:45.275+0000] {logging_mixin.py:137} INFO - Fetching for team_stats ended
[2023-04-12T07:46:45.325+0000] {python.py:177} INFO - Done. Returned value was: None
[2023-04-12T07:46:45.355+0000] {taskinstance.py:1327} INFO - Marking task as SUCCESS. dag_id=data_extraction_dag, task_id=task_teams_stats, execution_date=20230412T074625, start_date=20230412T074639, end_date=20230412T074645
[2023-04-12T07:46:45.456+0000] {local_task_job.py:212} INFO - Task exited with return code 0
[2023-04-12T07:46:45.519+0000] {taskinstance.py:2596} INFO - 0 downstream tasks scheduled from follow-on schedule check
