[2023-04-24T15:33:27.431+0000] {taskinstance.py:1090} INFO - Dependencies all met for dep_context=non-requeueable deps ti=<TaskInstance: data_extraction_dag.task_athletes manual__2023-04-24T15:23:45.723074+00:00 [queued]>
[2023-04-24T15:33:27.447+0000] {taskinstance.py:1090} INFO - Dependencies all met for dep_context=requeueable deps ti=<TaskInstance: data_extraction_dag.task_athletes manual__2023-04-24T15:23:45.723074+00:00 [queued]>
[2023-04-24T15:33:27.448+0000] {taskinstance.py:1288} INFO - 
--------------------------------------------------------------------------------
[2023-04-24T15:33:27.449+0000] {taskinstance.py:1289} INFO - Starting attempt 2 of 3
[2023-04-24T15:33:27.450+0000] {taskinstance.py:1290} INFO - 
--------------------------------------------------------------------------------
[2023-04-24T15:33:27.469+0000] {taskinstance.py:1309} INFO - Executing <Task(_PythonDecoratedOperator): task_athletes> on 2023-04-24 15:23:45.723074+00:00
[2023-04-24T15:33:27.479+0000] {standard_task_runner.py:55} INFO - Started process 8852 to run task
[2023-04-24T15:33:27.489+0000] {standard_task_runner.py:82} INFO - Running: ['***', 'tasks', 'run', 'data_extraction_dag', 'task_athletes', 'manual__2023-04-24T15:23:45.723074+00:00', '--job-id', '1266', '--raw', '--subdir', 'DAGS_FOLDER/data_ingestion.py', '--cfg-path', '/tmp/tmpnr7dl5ru']
[2023-04-24T15:33:27.524+0000] {standard_task_runner.py:83} INFO - Job 1266: Subtask task_athletes
[2023-04-24T15:33:27.870+0000] {task_command.py:389} INFO - Running <TaskInstance: data_extraction_dag.task_athletes manual__2023-04-24T15:23:45.723074+00:00 [running]> on host 36bdc6733002
[2023-04-24T15:33:28.249+0000] {taskinstance.py:1516} INFO - Exporting the following env vars:
AIRFLOW_CTX_DAG_OWNER=***
AIRFLOW_CTX_DAG_ID=data_extraction_dag
AIRFLOW_CTX_TASK_ID=task_athletes
AIRFLOW_CTX_EXECUTION_DATE=2023-04-24T15:23:45.723074+00:00
AIRFLOW_CTX_TRY_NUMBER=2
AIRFLOW_CTX_DAG_RUN_ID=manual__2023-04-24T15:23:45.723074+00:00
[2023-04-24T15:33:28.252+0000] {logging_mixin.py:137} INFO - Fetching for athlete details started
