[2023-04-12T04:22:26.542+0000] {taskinstance.py:1090} INFO - Dependencies all met for dep_context=non-requeueable deps ti=<TaskInstance: data_extraction_dag.task_teams_stats scheduled__2023-04-11T00:00:00+00:00 [queued]>
[2023-04-12T04:22:26.568+0000] {taskinstance.py:1090} INFO - Dependencies all met for dep_context=requeueable deps ti=<TaskInstance: data_extraction_dag.task_teams_stats scheduled__2023-04-11T00:00:00+00:00 [queued]>
[2023-04-12T04:22:26.569+0000] {taskinstance.py:1288} INFO - 
--------------------------------------------------------------------------------
[2023-04-12T04:22:26.571+0000] {taskinstance.py:1289} INFO - Starting attempt 1 of 2
[2023-04-12T04:22:26.572+0000] {taskinstance.py:1290} INFO - 
--------------------------------------------------------------------------------
[2023-04-12T04:22:26.599+0000] {taskinstance.py:1309} INFO - Executing <Task(_PythonDecoratedOperator): task_teams_stats> on 2023-04-11 00:00:00+00:00
[2023-04-12T04:22:26.631+0000] {standard_task_runner.py:55} INFO - Started process 280 to run task
[2023-04-12T04:22:26.667+0000] {standard_task_runner.py:82} INFO - Running: ['***', 'tasks', 'run', 'data_extraction_dag', 'task_teams_stats', 'scheduled__2023-04-11T00:00:00+00:00', '--job-id', '262', '--raw', '--subdir', 'DAGS_FOLDER/data_ingestion.py', '--cfg-path', '/tmp/tmpctfpnyj0']
[2023-04-12T04:22:26.688+0000] {standard_task_runner.py:83} INFO - Job 262: Subtask task_teams_stats
[2023-04-12T04:22:26.942+0000] {task_command.py:389} INFO - Running <TaskInstance: data_extraction_dag.task_teams_stats scheduled__2023-04-11T00:00:00+00:00 [running]> on host 392d142fd52f
[2023-04-12T04:22:27.060+0000] {taskinstance.py:1516} INFO - Exporting the following env vars:
AIRFLOW_CTX_DAG_OWNER=***
AIRFLOW_CTX_DAG_ID=data_extraction_dag
AIRFLOW_CTX_TASK_ID=task_teams_stats
AIRFLOW_CTX_EXECUTION_DATE=2023-04-11T00:00:00+00:00
AIRFLOW_CTX_TRY_NUMBER=1
AIRFLOW_CTX_DAG_RUN_ID=scheduled__2023-04-11T00:00:00+00:00
[2023-04-12T04:22:27.064+0000] {logging_mixin.py:137} INFO - Fetching for teams_stats started
[2023-04-12T04:22:28.967+0000] {logging_mixin.py:137} INFO - Fetching for team_stats ended
[2023-04-12T04:22:28.969+0000] {python.py:177} INFO - Done. Returned value was:                     name  ... teamId
0                fumbles  ...     30
1            fumblesLost  ...     30
2          fumblesForced  ...     30
3       fumblesRecovered  ...     30
4      fumblesTouchdowns  ...     30
...                  ...  ...    ...
8027  totalTwoPointConvs  ...      2
8028   twoPointPassConvs  ...      2
8029    twoPointRecConvs  ...      2
8030   twoPointRushConvs  ...      2
8031   onePtSafetiesMade  ...      2

[8032 rows x 13 columns]
[2023-04-12T04:22:29.016+0000] {xcom.py:629} ERROR - Object of type DataFrame is not JSON serializable. If you are using pickle instead of JSON for XCom, then you need to enable pickle support for XCom in your *** config or make sure to decorate your object with attr.
[2023-04-12T04:22:29.018+0000] {taskinstance.py:1776} ERROR - Task failed with exception
Traceback (most recent call last):
  File "/home/airflow/.local/lib/python3.9/site-packages/airflow/utils/session.py", line 72, in wrapper
    return func(*args, **kwargs)
  File "/home/airflow/.local/lib/python3.9/site-packages/airflow/models/taskinstance.py", line 2298, in xcom_push
    XCom.set(
  File "/home/airflow/.local/lib/python3.9/site-packages/airflow/utils/session.py", line 72, in wrapper
    return func(*args, **kwargs)
  File "/home/airflow/.local/lib/python3.9/site-packages/airflow/models/xcom.py", line 234, in set
    value = cls.serialize_value(
  File "/home/airflow/.local/lib/python3.9/site-packages/airflow/models/xcom.py", line 627, in serialize_value
    return json.dumps(value, cls=XComEncoder).encode("UTF-8")
  File "/usr/local/lib/python3.9/json/__init__.py", line 234, in dumps
    return cls(
  File "/home/airflow/.local/lib/python3.9/site-packages/airflow/utils/json.py", line 176, in encode
    return super().encode(o)
  File "/usr/local/lib/python3.9/json/encoder.py", line 199, in encode
    chunks = self.iterencode(o, _one_shot=True)
  File "/usr/local/lib/python3.9/json/encoder.py", line 257, in iterencode
    return _iterencode(o, 0)
  File "/home/airflow/.local/lib/python3.9/site-packages/airflow/utils/json.py", line 170, in default
    return super().default(o)
  File "/usr/local/lib/python3.9/json/encoder.py", line 179, in default
    raise TypeError(f'Object of type {o.__class__.__name__} '
TypeError: Object of type DataFrame is not JSON serializable
[2023-04-12T04:22:29.032+0000] {taskinstance.py:1327} INFO - Marking task as UP_FOR_RETRY. dag_id=data_extraction_dag, task_id=task_teams_stats, execution_date=20230411T000000, start_date=20230412T042226, end_date=20230412T042229
[2023-04-12T04:22:29.054+0000] {standard_task_runner.py:100} ERROR - Failed to execute job 262 for task task_teams_stats (Object of type DataFrame is not JSON serializable; 280)
[2023-04-12T04:22:29.079+0000] {local_task_job.py:212} INFO - Task exited with return code 1
[2023-04-12T04:22:29.120+0000] {taskinstance.py:2596} INFO - 0 downstream tasks scheduled from follow-on schedule check
[2023-04-12T05:46:44.609+0000] {taskinstance.py:1090} INFO - Dependencies all met for dep_context=non-requeueable deps ti=<TaskInstance: data_extraction_dag.task_teams_stats scheduled__2023-04-11T00:00:00+00:00 [queued]>
[2023-04-12T05:46:44.632+0000] {taskinstance.py:1090} INFO - Dependencies all met for dep_context=requeueable deps ti=<TaskInstance: data_extraction_dag.task_teams_stats scheduled__2023-04-11T00:00:00+00:00 [queued]>
[2023-04-12T05:46:44.633+0000] {taskinstance.py:1288} INFO - 
--------------------------------------------------------------------------------
[2023-04-12T05:46:44.634+0000] {taskinstance.py:1289} INFO - Starting attempt 1 of 2
[2023-04-12T05:46:44.635+0000] {taskinstance.py:1290} INFO - 
--------------------------------------------------------------------------------
[2023-04-12T05:46:44.657+0000] {taskinstance.py:1309} INFO - Executing <Task(_PythonDecoratedOperator): task_teams_stats> on 2023-04-11 00:00:00+00:00
[2023-04-12T05:46:44.723+0000] {standard_task_runner.py:55} INFO - Started process 209 to run task
[2023-04-12T05:46:44.780+0000] {standard_task_runner.py:82} INFO - Running: ['***', 'tasks', 'run', 'data_extraction_dag', 'task_teams_stats', 'scheduled__2023-04-11T00:00:00+00:00', '--job-id', '394', '--raw', '--subdir', 'DAGS_FOLDER/data_ingestion.py', '--cfg-path', '/tmp/tmphu9xl3s0']
[2023-04-12T05:46:44.815+0000] {standard_task_runner.py:83} INFO - Job 394: Subtask task_teams_stats
[2023-04-12T05:46:45.602+0000] {task_command.py:389} INFO - Running <TaskInstance: data_extraction_dag.task_teams_stats scheduled__2023-04-11T00:00:00+00:00 [running]> on host 392d142fd52f
[2023-04-12T05:46:46.008+0000] {taskinstance.py:1516} INFO - Exporting the following env vars:
AIRFLOW_CTX_DAG_OWNER=***
AIRFLOW_CTX_DAG_ID=data_extraction_dag
AIRFLOW_CTX_TASK_ID=task_teams_stats
AIRFLOW_CTX_EXECUTION_DATE=2023-04-11T00:00:00+00:00
AIRFLOW_CTX_TRY_NUMBER=1
AIRFLOW_CTX_DAG_RUN_ID=scheduled__2023-04-11T00:00:00+00:00
[2023-04-12T05:46:46.012+0000] {logging_mixin.py:137} INFO - Fetching for teams_stats started
[2023-04-12T05:46:48.860+0000] {logging_mixin.py:137} INFO - Fetching for team_stats ended
[2023-04-12T05:46:48.862+0000] {python.py:177} INFO - Done. Returned value was: <bound method DataFrame.to_dict of                     name  ... teamId
0                fumbles  ...     15
1            fumblesLost  ...     15
2          fumblesForced  ...     15
3       fumblesRecovered  ...     15
4      fumblesTouchdowns  ...     15
...                  ...  ...    ...
8027  totalTwoPointConvs  ...     27
8028   twoPointPassConvs  ...     27
8029    twoPointRecConvs  ...     27
8030   twoPointRushConvs  ...     27
8031   onePtSafetiesMade  ...     27

[8032 rows x 13 columns]>
[2023-04-12T05:46:49.000+0000] {xcom.py:629} ERROR - Object of type method is not JSON serializable. If you are using pickle instead of JSON for XCom, then you need to enable pickle support for XCom in your *** config or make sure to decorate your object with attr.
[2023-04-12T05:46:49.005+0000] {taskinstance.py:1776} ERROR - Task failed with exception
Traceback (most recent call last):
  File "/home/airflow/.local/lib/python3.9/site-packages/airflow/utils/session.py", line 72, in wrapper
    return func(*args, **kwargs)
  File "/home/airflow/.local/lib/python3.9/site-packages/airflow/models/taskinstance.py", line 2298, in xcom_push
    XCom.set(
  File "/home/airflow/.local/lib/python3.9/site-packages/airflow/utils/session.py", line 72, in wrapper
    return func(*args, **kwargs)
  File "/home/airflow/.local/lib/python3.9/site-packages/airflow/models/xcom.py", line 234, in set
    value = cls.serialize_value(
  File "/home/airflow/.local/lib/python3.9/site-packages/airflow/models/xcom.py", line 627, in serialize_value
    return json.dumps(value, cls=XComEncoder).encode("UTF-8")
  File "/usr/local/lib/python3.9/json/__init__.py", line 234, in dumps
    return cls(
  File "/home/airflow/.local/lib/python3.9/site-packages/airflow/utils/json.py", line 176, in encode
    return super().encode(o)
  File "/usr/local/lib/python3.9/json/encoder.py", line 199, in encode
    chunks = self.iterencode(o, _one_shot=True)
  File "/usr/local/lib/python3.9/json/encoder.py", line 257, in iterencode
    return _iterencode(o, 0)
  File "/home/airflow/.local/lib/python3.9/site-packages/airflow/utils/json.py", line 170, in default
    return super().default(o)
  File "/usr/local/lib/python3.9/json/encoder.py", line 179, in default
    raise TypeError(f'Object of type {o.__class__.__name__} '
TypeError: Object of type method is not JSON serializable
[2023-04-12T05:46:49.028+0000] {taskinstance.py:1327} INFO - Marking task as UP_FOR_RETRY. dag_id=data_extraction_dag, task_id=task_teams_stats, execution_date=20230411T000000, start_date=20230412T054644, end_date=20230412T054649
[2023-04-12T05:46:49.049+0000] {standard_task_runner.py:100} ERROR - Failed to execute job 394 for task task_teams_stats (Object of type method is not JSON serializable; 209)
[2023-04-12T05:46:49.117+0000] {local_task_job.py:212} INFO - Task exited with return code 1
[2023-04-12T05:46:49.234+0000] {taskinstance.py:2596} INFO - 0 downstream tasks scheduled from follow-on schedule check
