[2023-04-24T14:54:43.517+0000] {taskinstance.py:1090} INFO - Dependencies all met for dep_context=non-requeueable deps ti=<TaskInstance: nfl_transformation_dag.task_pyspark manual__2023-04-24T14:54:30.025680+00:00 [queued]>
[2023-04-24T14:54:43.536+0000] {taskinstance.py:1090} INFO - Dependencies all met for dep_context=requeueable deps ti=<TaskInstance: nfl_transformation_dag.task_pyspark manual__2023-04-24T14:54:30.025680+00:00 [queued]>
[2023-04-24T14:54:43.536+0000] {taskinstance.py:1288} INFO - 
--------------------------------------------------------------------------------
[2023-04-24T14:54:43.537+0000] {taskinstance.py:1289} INFO - Starting attempt 1 of 3
[2023-04-24T14:54:43.538+0000] {taskinstance.py:1290} INFO - 
--------------------------------------------------------------------------------
[2023-04-24T14:54:43.555+0000] {taskinstance.py:1309} INFO - Executing <Task(_PythonDecoratedOperator): task_pyspark> on 2023-04-24 14:54:30.025680+00:00
[2023-04-24T14:54:43.563+0000] {standard_task_runner.py:55} INFO - Started process 6807 to run task
[2023-04-24T14:54:43.566+0000] {standard_task_runner.py:82} INFO - Running: ['***', 'tasks', 'run', 'nfl_transformation_dag', 'task_pyspark', 'manual__2023-04-24T14:54:30.025680+00:00', '--job-id', '1250', '--raw', '--subdir', 'DAGS_FOLDER/data_ingestion.py', '--cfg-path', '/tmp/tmpjkur0ua4']
[2023-04-24T14:54:43.569+0000] {standard_task_runner.py:83} INFO - Job 1250: Subtask task_pyspark
[2023-04-24T14:54:43.638+0000] {task_command.py:389} INFO - Running <TaskInstance: nfl_transformation_dag.task_pyspark manual__2023-04-24T14:54:30.025680+00:00 [running]> on host 36bdc6733002
[2023-04-24T14:54:43.704+0000] {taskinstance.py:1516} INFO - Exporting the following env vars:
AIRFLOW_CTX_DAG_OWNER=***
AIRFLOW_CTX_DAG_ID=nfl_transformation_dag
AIRFLOW_CTX_TASK_ID=task_pyspark
AIRFLOW_CTX_EXECUTION_DATE=2023-04-24T14:54:30.025680+00:00
AIRFLOW_CTX_TRY_NUMBER=1
AIRFLOW_CTX_DAG_RUN_ID=manual__2023-04-24T14:54:30.025680+00:00
[2023-04-24T14:54:43.707+0000] {subprocess.py:63} INFO - Tmp dir root location: 
 /tmp
[2023-04-24T14:54:43.709+0000] {subprocess.py:75} INFO - Running command: ['/bin/bash', '-c', 'gcloud dataproc jobs submit pyspark                 --cluster=nfl-spark-cluster                 --region=europe-west6                 --jars=gs://spark-lib/bigquery/spark-bigquery-with-dependencies_2.12-0.30.0.jar                gs://nfl-data-lake_nfl-project-de/code/transform_pyspark.py                 --                     --year=2022                     --season_type=2 ']
[2023-04-24T14:54:43.723+0000] {subprocess.py:86} INFO - Output:
[2023-04-24T14:54:48.756+0000] {subprocess.py:93} INFO - Job [440809a02f544e7087ab9f382afd8019] submitted.
[2023-04-24T14:54:48.757+0000] {subprocess.py:93} INFO - Waiting for job output...
[2023-04-24T14:54:59.050+0000] {subprocess.py:93} INFO - 23/04/24 14:54:56 INFO org.apache.spark.SparkEnv: Registering MapOutputTracker
[2023-04-24T14:54:59.052+0000] {subprocess.py:93} INFO - 23/04/24 14:54:56 INFO org.apache.spark.SparkEnv: Registering BlockManagerMaster
[2023-04-24T14:54:59.053+0000] {subprocess.py:93} INFO - 23/04/24 14:54:56 INFO org.apache.spark.SparkEnv: Registering BlockManagerMasterHeartbeat
[2023-04-24T14:54:59.054+0000] {subprocess.py:93} INFO - 23/04/24 14:54:56 INFO org.apache.spark.SparkEnv: Registering OutputCommitCoordinator
[2023-04-24T14:54:59.055+0000] {subprocess.py:93} INFO - 23/04/24 14:54:56 INFO org.sparkproject.jetty.util.log: Logging initialized @4497ms to org.sparkproject.jetty.util.log.Slf4jLog
[2023-04-24T14:54:59.056+0000] {subprocess.py:93} INFO - 23/04/24 14:54:56 INFO org.sparkproject.jetty.server.Server: jetty-9.4.40.v20210413; built: 2021-04-13T20:42:42.668Z; git: b881a572662e1943a14ae12e7e1207989f218b74; jvm 1.8.0_322-b06
[2023-04-24T14:54:59.058+0000] {subprocess.py:93} INFO - 23/04/24 14:54:57 INFO org.sparkproject.jetty.server.Server: Started @4634ms
[2023-04-24T14:54:59.059+0000] {subprocess.py:93} INFO - 23/04/24 14:54:57 INFO org.sparkproject.jetty.server.AbstractConnector: Started ServerConnector@6140d3c5{HTTP/1.1, (http/1.1)}{0.0.0.0:36409}
[2023-04-24T14:55:01.875+0000] {subprocess.py:93} INFO - 23/04/24 14:54:58 INFO com.google.cloud.hadoop.repackaged.gcs.com.google.cloud.hadoop.gcsio.GoogleCloudStorageImpl: Ignoring exception of type GoogleJsonResponseException; verified object already exists with desired state.
[2023-04-24T14:55:08.346+0000] {subprocess.py:93} INFO - 23/04/24 14:55:05 WARN org.apache.spark.sql.catalyst.util.package: Truncated the string representation of a plan since it was too large. This behavior can be adjusted by setting 'spark.sql.debug.maxToStringFields'.
[2023-04-24T14:55:08.347+0000] {subprocess.py:93} INFO - Cleaning the data for the teams_df started
[2023-04-24T14:55:08.348+0000] {subprocess.py:93} INFO - Cleaning the data for the teams_df is successful!
[2023-04-24T14:55:11.186+0000] {subprocess.py:93} INFO - Traceback (most recent call last):
[2023-04-24T14:55:11.187+0000] {subprocess.py:93} INFO -   File "/tmp/440809a02f544e7087ab9f382afd8019/transform_pyspark.py", line 230, in <module>
[2023-04-24T14:55:11.188+0000] {subprocess.py:93} INFO -     df_defense_clean = (df_defense
[2023-04-24T14:55:11.189+0000] {subprocess.py:93} INFO -   File "/usr/lib/spark/python/lib/pyspark.zip/pyspark/sql/dataframe.py", line 2455, in withColumn
[2023-04-24T14:55:11.190+0000] {subprocess.py:93} INFO -   File "/usr/lib/spark/python/lib/py4j-0.10.9-src.zip/py4j/java_gateway.py", line 1304, in __call__
[2023-04-24T14:55:11.191+0000] {subprocess.py:93} INFO -   File "/usr/lib/spark/python/lib/pyspark.zip/pyspark/sql/utils.py", line 117, in deco
[2023-04-24T14:55:11.192+0000] {subprocess.py:93} INFO - pyspark.sql.utils.AnalysisException: cannot resolve '`gamesPlayed`' given input columns: [('Passing', 'YDS'), ('Passing', 'YDS/G'), ('Points', 'PTS'), ('Points', 'PTS/G'), ('Rushing', 'YDS'), ('Rushing', 'YDS/G'), ('Total', 'YDS'), ('Total', 'YDS/G'), ('Unnamed: 0_level_0', 'GP'), Team, __index_level_0__];
[2023-04-24T14:55:11.193+0000] {subprocess.py:93} INFO - 'Project [Team#1489, ('Unnamed: 0_level_0', 'GP')#1490, ('Total', 'YDS')#1491, ('Total', 'YDS/G')#1492, ('Passing', 'YDS')#1493, ('Passing', 'YDS/G')#1494, ('Rushing', 'YDS')#1495, ('Rushing', 'YDS/G')#1496, ('Points', 'PTS')#1497, ('Points', 'PTS/G')#1498, __index_level_0__#1499L, cast('gamesPlayed as double) AS gamesPlayed#1566]
[2023-04-24T14:55:11.194+0000] {subprocess.py:93} INFO - +- Relation[Team#1489,('Unnamed: 0_level_0', 'GP')#1490,('Total', 'YDS')#1491,('Total', 'YDS/G')#1492,('Passing', 'YDS')#1493,('Passing', 'YDS/G')#1494,('Rushing', 'YDS')#1495,('Rushing', 'YDS/G')#1496,('Points', 'PTS')#1497,('Points', 'PTS/G')#1498,__index_level_0__#1499L] parquet
[2023-04-24T14:55:11.195+0000] {subprocess.py:93} INFO - 
[2023-04-24T14:55:11.196+0000] {subprocess.py:93} INFO - 23/04/24 14:55:09 INFO org.sparkproject.jetty.server.AbstractConnector: Stopped Spark@6140d3c5{HTTP/1.1, (http/1.1)}{0.0.0.0:0}
[2023-04-24T14:55:16.300+0000] {subprocess.py:93} INFO - ERROR: (gcloud.dataproc.jobs.submit.pyspark) Job [440809a02f544e7087ab9f382afd8019] failed with error:
[2023-04-24T14:55:16.302+0000] {subprocess.py:93} INFO - Google Cloud Dataproc Agent reports job failure. If logs are available, they can be found at:
[2023-04-24T14:55:16.303+0000] {subprocess.py:93} INFO - https://console.cloud.google.com/dataproc/jobs/440809a02f544e7087ab9f382afd8019?project=nfl-project-de&region=europe-west6
[2023-04-24T14:55:16.304+0000] {subprocess.py:93} INFO - gcloud dataproc jobs wait '440809a02f544e7087ab9f382afd8019' --region 'europe-west6' --project 'nfl-project-de'
[2023-04-24T14:55:16.305+0000] {subprocess.py:93} INFO - https://console.cloud.google.com/storage/browser/nfl-spark-staging_nfl-project-de/google-cloud-dataproc-metainfo/3f31be1a-ebc3-4b4c-987d-83767542db1e/jobs/440809a02f544e7087ab9f382afd8019/
[2023-04-24T14:55:16.306+0000] {subprocess.py:93} INFO - gs://nfl-spark-staging_nfl-project-de/google-cloud-dataproc-metainfo/3f31be1a-ebc3-4b4c-987d-83767542db1e/jobs/440809a02f544e7087ab9f382afd8019/driveroutput
[2023-04-24T14:55:16.490+0000] {subprocess.py:97} INFO - Command exited with return code 1
[2023-04-24T14:55:16.503+0000] {taskinstance.py:1776} ERROR - Task failed with exception
Traceback (most recent call last):
  File "/home/airflow/.local/lib/python3.9/site-packages/airflow/decorators/base.py", line 217, in execute
    return_value = super().execute(context)
  File "/home/airflow/.local/lib/python3.9/site-packages/airflow/operators/python.py", line 175, in execute
    return_value = self.execute_callable()
  File "/home/airflow/.local/lib/python3.9/site-packages/airflow/operators/python.py", line 192, in execute_callable
    return self.python_callable(*self.op_args, **self.op_kwargs)
  File "/opt/airflow/dags/data_ingestion.py", line 225, in task_pyspark
    operator.execute(context={})
  File "/home/airflow/.local/lib/python3.9/site-packages/airflow/operators/bash.py", line 196, in execute
    raise AirflowException(
airflow.exceptions.AirflowException: Bash command failed. The command returned a non-zero exit code 1.
[2023-04-24T14:55:16.518+0000] {taskinstance.py:1327} INFO - Marking task as UP_FOR_RETRY. dag_id=nfl_transformation_dag, task_id=task_pyspark, execution_date=20230424T145430, start_date=20230424T145443, end_date=20230424T145516
[2023-04-24T14:55:16.539+0000] {standard_task_runner.py:100} ERROR - Failed to execute job 1250 for task task_pyspark (Bash command failed. The command returned a non-zero exit code 1.; 6807)
[2023-04-24T14:55:16.556+0000] {local_task_job.py:212} INFO - Task exited with return code 1
[2023-04-24T14:55:16.577+0000] {taskinstance.py:2596} INFO - 0 downstream tasks scheduled from follow-on schedule check
