[2023-04-24T14:58:13.763+0000] {taskinstance.py:1090} INFO - Dependencies all met for dep_context=non-requeueable deps ti=<TaskInstance: nfl_transformation_dag.task_pyspark manual__2023-04-24T14:54:30.025680+00:00 [queued]>
[2023-04-24T14:58:13.779+0000] {taskinstance.py:1090} INFO - Dependencies all met for dep_context=requeueable deps ti=<TaskInstance: nfl_transformation_dag.task_pyspark manual__2023-04-24T14:54:30.025680+00:00 [queued]>
[2023-04-24T14:58:13.780+0000] {taskinstance.py:1288} INFO - 
--------------------------------------------------------------------------------
[2023-04-24T14:58:13.781+0000] {taskinstance.py:1289} INFO - Starting attempt 2 of 4
[2023-04-24T14:58:13.782+0000] {taskinstance.py:1290} INFO - 
--------------------------------------------------------------------------------
[2023-04-24T14:58:13.797+0000] {taskinstance.py:1309} INFO - Executing <Task(_PythonDecoratedOperator): task_pyspark> on 2023-04-24 14:54:30.025680+00:00
[2023-04-24T14:58:13.805+0000] {standard_task_runner.py:55} INFO - Started process 6953 to run task
[2023-04-24T14:58:13.808+0000] {standard_task_runner.py:82} INFO - Running: ['***', 'tasks', 'run', 'nfl_transformation_dag', 'task_pyspark', 'manual__2023-04-24T14:54:30.025680+00:00', '--job-id', '1251', '--raw', '--subdir', 'DAGS_FOLDER/data_ingestion.py', '--cfg-path', '/tmp/tmpri0htkyu']
[2023-04-24T14:58:13.812+0000] {standard_task_runner.py:83} INFO - Job 1251: Subtask task_pyspark
[2023-04-24T14:58:13.885+0000] {task_command.py:389} INFO - Running <TaskInstance: nfl_transformation_dag.task_pyspark manual__2023-04-24T14:54:30.025680+00:00 [running]> on host 36bdc6733002
[2023-04-24T14:58:13.953+0000] {taskinstance.py:1516} INFO - Exporting the following env vars:
AIRFLOW_CTX_DAG_OWNER=***
AIRFLOW_CTX_DAG_ID=nfl_transformation_dag
AIRFLOW_CTX_TASK_ID=task_pyspark
AIRFLOW_CTX_EXECUTION_DATE=2023-04-24T14:54:30.025680+00:00
AIRFLOW_CTX_TRY_NUMBER=2
AIRFLOW_CTX_DAG_RUN_ID=manual__2023-04-24T14:54:30.025680+00:00
[2023-04-24T14:58:13.957+0000] {subprocess.py:63} INFO - Tmp dir root location: 
 /tmp
[2023-04-24T14:58:13.960+0000] {subprocess.py:75} INFO - Running command: ['/bin/bash', '-c', 'gcloud dataproc jobs submit pyspark                 --cluster=nfl-spark-cluster                 --region=europe-west6                 --jars=gs://spark-lib/bigquery/spark-bigquery-with-dependencies_2.12-0.30.0.jar                gs://nfl-data-lake_nfl-project-de/code/transform_pyspark.py                 --                     --year=2022                     --season_type=2 ']
[2023-04-24T14:58:13.976+0000] {subprocess.py:86} INFO - Output:
[2023-04-24T14:58:16.278+0000] {taskinstance.py:1080} INFO - Dependencies not met for <TaskInstance: nfl_transformation_dag.task_pyspark manual__2023-04-24T14:54:30.025680+00:00 [running]>, dependency 'Task Instance Not Running' FAILED: Task is in the running state
[2023-04-24T14:58:16.288+0000] {taskinstance.py:1080} INFO - Dependencies not met for <TaskInstance: nfl_transformation_dag.task_pyspark manual__2023-04-24T14:54:30.025680+00:00 [running]>, dependency 'Task Instance State' FAILED: Task is in the 'running' state.
[2023-04-24T14:58:16.291+0000] {local_task_job.py:151} INFO - Task is not able to be run
[2023-04-24T14:58:19.094+0000] {subprocess.py:93} INFO - Job [ced114690621444593ee1822fc776c17] submitted.
[2023-04-24T14:58:19.096+0000] {subprocess.py:93} INFO - Waiting for job output...
[2023-04-24T14:58:29.330+0000] {subprocess.py:93} INFO - 23/04/24 14:58:26 INFO org.apache.spark.SparkEnv: Registering MapOutputTracker
[2023-04-24T14:58:29.331+0000] {subprocess.py:93} INFO - 23/04/24 14:58:26 INFO org.apache.spark.SparkEnv: Registering BlockManagerMaster
[2023-04-24T14:58:29.332+0000] {subprocess.py:93} INFO - 23/04/24 14:58:26 INFO org.apache.spark.SparkEnv: Registering BlockManagerMasterHeartbeat
[2023-04-24T14:58:29.333+0000] {subprocess.py:93} INFO - 23/04/24 14:58:26 INFO org.apache.spark.SparkEnv: Registering OutputCommitCoordinator
[2023-04-24T14:58:29.334+0000] {subprocess.py:93} INFO - 23/04/24 14:58:26 INFO org.sparkproject.jetty.util.log: Logging initialized @4463ms to org.sparkproject.jetty.util.log.Slf4jLog
[2023-04-24T14:58:29.334+0000] {subprocess.py:93} INFO - 23/04/24 14:58:26 INFO org.sparkproject.jetty.server.Server: jetty-9.4.40.v20210413; built: 2021-04-13T20:42:42.668Z; git: b881a572662e1943a14ae12e7e1207989f218b74; jvm 1.8.0_322-b06
[2023-04-24T14:58:29.335+0000] {subprocess.py:93} INFO - 23/04/24 14:58:26 INFO org.sparkproject.jetty.server.Server: Started @4598ms
[2023-04-24T14:58:29.336+0000] {subprocess.py:93} INFO - 23/04/24 14:58:26 INFO org.sparkproject.jetty.server.AbstractConnector: Started ServerConnector@14d525b0{HTTP/1.1, (http/1.1)}{0.0.0.0:41663}
[2023-04-24T14:58:32.142+0000] {subprocess.py:93} INFO - 23/04/24 14:58:28 INFO com.google.cloud.hadoop.repackaged.gcs.com.google.cloud.hadoop.gcsio.GoogleCloudStorageImpl: Ignoring exception of type GoogleJsonResponseException; verified object already exists with desired state.
[2023-04-24T14:58:36.797+0000] {subprocess.py:93} INFO - 23/04/24 14:58:34 WARN org.apache.spark.sql.catalyst.util.package: Truncated the string representation of a plan since it was too large. This behavior can be adjusted by setting 'spark.sql.debug.maxToStringFields'.
[2023-04-24T14:58:36.798+0000] {subprocess.py:93} INFO - Cleaning the data for the teams_df started
[2023-04-24T14:58:39.054+0000] {subprocess.py:93} INFO - Cleaning the data for the teams_df is successful!
[2023-04-24T14:58:41.867+0000] {subprocess.py:93} INFO - Traceback (most recent call last):
[2023-04-24T14:58:41.869+0000] {subprocess.py:93} INFO -   File "/tmp/ced114690621444593ee1822fc776c17/transform_pyspark.py", line 230, in <module>
[2023-04-24T14:58:41.871+0000] {subprocess.py:93} INFO -     df_defense_clean = (df_defense
[2023-04-24T14:58:41.873+0000] {subprocess.py:93} INFO -   File "/usr/lib/spark/python/lib/pyspark.zip/pyspark/sql/dataframe.py", line 2455, in withColumn
[2023-04-24T14:58:41.875+0000] {subprocess.py:93} INFO -   File "/usr/lib/spark/python/lib/py4j-0.10.9-src.zip/py4j/java_gateway.py", line 1304, in __call__
[2023-04-24T14:58:41.877+0000] {subprocess.py:93} INFO -   File "/usr/lib/spark/python/lib/pyspark.zip/pyspark/sql/utils.py", line 117, in deco
[2023-04-24T14:58:41.880+0000] {subprocess.py:93} INFO - pyspark.sql.utils.AnalysisException: cannot resolve '`gamesPlayed`' given input columns: [('Passing', 'YDS'), ('Passing', 'YDS/G'), ('Points', 'PTS'), ('Points', 'PTS/G'), ('Rushing', 'YDS'), ('Rushing', 'YDS/G'), ('Total', 'YDS'), ('Total', 'YDS/G'), ('Unnamed: 0_level_0', 'GP'), Team, __index_level_0__];
[2023-04-24T14:58:41.881+0000] {subprocess.py:93} INFO - 'Project [Team#1489, ('Unnamed: 0_level_0', 'GP')#1490, ('Total', 'YDS')#1491, ('Total', 'YDS/G')#1492, ('Passing', 'YDS')#1493, ('Passing', 'YDS/G')#1494, ('Rushing', 'YDS')#1495, ('Rushing', 'YDS/G')#1496, ('Points', 'PTS')#1497, ('Points', 'PTS/G')#1498, __index_level_0__#1499L, cast('gamesPlayed as double) AS gamesPlayed#1566]
[2023-04-24T14:58:41.883+0000] {subprocess.py:93} INFO - +- Relation[Team#1489,('Unnamed: 0_level_0', 'GP')#1490,('Total', 'YDS')#1491,('Total', 'YDS/G')#1492,('Passing', 'YDS')#1493,('Passing', 'YDS/G')#1494,('Rushing', 'YDS')#1495,('Rushing', 'YDS/G')#1496,('Points', 'PTS')#1497,('Points', 'PTS/G')#1498,__index_level_0__#1499L] parquet
[2023-04-24T14:58:41.884+0000] {subprocess.py:93} INFO - 
[2023-04-24T14:58:41.887+0000] {subprocess.py:93} INFO - 23/04/24 14:58:39 INFO org.sparkproject.jetty.server.AbstractConnector: Stopped Spark@14d525b0{HTTP/1.1, (http/1.1)}{0.0.0.0:0}
[2023-04-24T14:58:47.919+0000] {subprocess.py:93} INFO - ERROR: (gcloud.dataproc.jobs.submit.pyspark) Job [ced114690621444593ee1822fc776c17] failed with error:
[2023-04-24T14:58:47.920+0000] {subprocess.py:93} INFO - Google Cloud Dataproc Agent reports job failure. If logs are available, they can be found at:
[2023-04-24T14:58:47.921+0000] {subprocess.py:93} INFO - https://console.cloud.google.com/dataproc/jobs/ced114690621444593ee1822fc776c17?project=nfl-project-de&region=europe-west6
[2023-04-24T14:58:47.922+0000] {subprocess.py:93} INFO - gcloud dataproc jobs wait 'ced114690621444593ee1822fc776c17' --region 'europe-west6' --project 'nfl-project-de'
[2023-04-24T14:58:47.924+0000] {subprocess.py:93} INFO - https://console.cloud.google.com/storage/browser/nfl-spark-staging_nfl-project-de/google-cloud-dataproc-metainfo/3f31be1a-ebc3-4b4c-987d-83767542db1e/jobs/ced114690621444593ee1822fc776c17/
[2023-04-24T14:58:47.924+0000] {subprocess.py:93} INFO - gs://nfl-spark-staging_nfl-project-de/google-cloud-dataproc-metainfo/3f31be1a-ebc3-4b4c-987d-83767542db1e/jobs/ced114690621444593ee1822fc776c17/driveroutput
[2023-04-24T14:58:48.120+0000] {subprocess.py:97} INFO - Command exited with return code 1
[2023-04-24T14:58:48.133+0000] {taskinstance.py:1776} ERROR - Task failed with exception
Traceback (most recent call last):
  File "/home/airflow/.local/lib/python3.9/site-packages/airflow/decorators/base.py", line 217, in execute
    return_value = super().execute(context)
  File "/home/airflow/.local/lib/python3.9/site-packages/airflow/operators/python.py", line 175, in execute
    return_value = self.execute_callable()
  File "/home/airflow/.local/lib/python3.9/site-packages/airflow/operators/python.py", line 192, in execute_callable
    return self.python_callable(*self.op_args, **self.op_kwargs)
  File "/opt/airflow/dags/data_ingestion.py", line 225, in task_pyspark
    operator.execute(context={})
  File "/home/airflow/.local/lib/python3.9/site-packages/airflow/operators/bash.py", line 196, in execute
    raise AirflowException(
airflow.exceptions.AirflowException: Bash command failed. The command returned a non-zero exit code 1.
[2023-04-24T14:58:48.144+0000] {taskinstance.py:1327} INFO - Marking task as UP_FOR_RETRY. dag_id=nfl_transformation_dag, task_id=task_pyspark, execution_date=20230424T145430, start_date=20230424T145813, end_date=20230424T145848
[2023-04-24T14:58:48.158+0000] {standard_task_runner.py:100} ERROR - Failed to execute job 1251 for task task_pyspark (Bash command failed. The command returned a non-zero exit code 1.; 6953)
[2023-04-24T14:58:48.201+0000] {local_task_job.py:212} INFO - Task exited with return code 1
[2023-04-24T14:58:48.218+0000] {taskinstance.py:2596} INFO - 0 downstream tasks scheduled from follow-on schedule check
