[2023-04-12T09:17:02.296+0000] {taskinstance.py:1090} INFO - Dependencies all met for dep_context=non-requeueable deps ti=<TaskInstance: data_extraction_dag.upload_positions_to_gcs manual__2023-04-12T09:16:47.753380+00:00 [queued]>
[2023-04-12T09:17:02.322+0000] {taskinstance.py:1090} INFO - Dependencies all met for dep_context=requeueable deps ti=<TaskInstance: data_extraction_dag.upload_positions_to_gcs manual__2023-04-12T09:16:47.753380+00:00 [queued]>
[2023-04-12T09:17:02.324+0000] {taskinstance.py:1288} INFO - 
--------------------------------------------------------------------------------
[2023-04-12T09:17:02.326+0000] {taskinstance.py:1289} INFO - Starting attempt 1 of 2
[2023-04-12T09:17:02.329+0000] {taskinstance.py:1290} INFO - 
--------------------------------------------------------------------------------
[2023-04-12T09:17:03.376+0000] {taskinstance.py:1309} INFO - Executing <Task(_PythonDecoratedOperator): upload_positions_to_gcs> on 2023-04-12 09:16:47.753380+00:00
[2023-04-12T09:17:03.440+0000] {standard_task_runner.py:55} INFO - Started process 4623 to run task
[2023-04-12T09:17:03.468+0000] {standard_task_runner.py:82} INFO - Running: ['***', 'tasks', 'run', 'data_extraction_dag', 'upload_positions_to_gcs', 'manual__2023-04-12T09:16:47.753380+00:00', '--job-id', '692', '--raw', '--subdir', 'DAGS_FOLDER/data_ingestion.py', '--cfg-path', '/tmp/tmp19ht5q47']
[2023-04-12T09:17:03.484+0000] {standard_task_runner.py:83} INFO - Job 692: Subtask upload_positions_to_gcs
[2023-04-12T09:17:04.333+0000] {task_command.py:389} INFO - Running <TaskInstance: data_extraction_dag.upload_positions_to_gcs manual__2023-04-12T09:16:47.753380+00:00 [running]> on host a2e619923d04
[2023-04-12T09:17:04.806+0000] {taskinstance.py:1516} INFO - Exporting the following env vars:
AIRFLOW_CTX_DAG_OWNER=***
AIRFLOW_CTX_DAG_ID=data_extraction_dag
AIRFLOW_CTX_TASK_ID=upload_positions_to_gcs
AIRFLOW_CTX_EXECUTION_DATE=2023-04-12T09:16:47.753380+00:00
AIRFLOW_CTX_TRY_NUMBER=1
AIRFLOW_CTX_DAG_RUN_ID=manual__2023-04-12T09:16:47.753380+00:00
[2023-04-12T09:17:04.810+0000] {python.py:177} INFO - Done. Returned value was: <Task(BashOperator): upload_positions_to_gcs>
[2023-04-12T09:17:04.835+0000] {xcom.py:629} ERROR - Object of type BashOperator is not JSON serializable. If you are using pickle instead of JSON for XCom, then you need to enable pickle support for XCom in your *** config or make sure to decorate your object with attr.
[2023-04-12T09:17:04.839+0000] {taskinstance.py:1776} ERROR - Task failed with exception
Traceback (most recent call last):
  File "/home/airflow/.local/lib/python3.9/site-packages/airflow/utils/session.py", line 72, in wrapper
    return func(*args, **kwargs)
  File "/home/airflow/.local/lib/python3.9/site-packages/airflow/models/taskinstance.py", line 2298, in xcom_push
    XCom.set(
  File "/home/airflow/.local/lib/python3.9/site-packages/airflow/utils/session.py", line 72, in wrapper
    return func(*args, **kwargs)
  File "/home/airflow/.local/lib/python3.9/site-packages/airflow/models/xcom.py", line 234, in set
    value = cls.serialize_value(
  File "/home/airflow/.local/lib/python3.9/site-packages/airflow/models/xcom.py", line 627, in serialize_value
    return json.dumps(value, cls=XComEncoder).encode("UTF-8")
  File "/usr/local/lib/python3.9/json/__init__.py", line 234, in dumps
    return cls(
  File "/home/airflow/.local/lib/python3.9/site-packages/airflow/utils/json.py", line 176, in encode
    return super().encode(o)
  File "/usr/local/lib/python3.9/json/encoder.py", line 199, in encode
    chunks = self.iterencode(o, _one_shot=True)
  File "/usr/local/lib/python3.9/json/encoder.py", line 257, in iterencode
    return _iterencode(o, 0)
  File "/home/airflow/.local/lib/python3.9/site-packages/airflow/utils/json.py", line 170, in default
    return super().default(o)
  File "/usr/local/lib/python3.9/json/encoder.py", line 179, in default
    raise TypeError(f'Object of type {o.__class__.__name__} '
TypeError: Object of type BashOperator is not JSON serializable
[2023-04-12T09:17:04.908+0000] {taskinstance.py:1327} INFO - Marking task as UP_FOR_RETRY. dag_id=data_extraction_dag, task_id=upload_positions_to_gcs, execution_date=20230412T091647, start_date=20230412T091702, end_date=20230412T091704
[2023-04-12T09:17:04.974+0000] {standard_task_runner.py:100} ERROR - Failed to execute job 692 for task upload_positions_to_gcs (Object of type BashOperator is not JSON serializable; 4623)
[2023-04-12T09:17:05.038+0000] {local_task_job.py:212} INFO - Task exited with return code 1
[2023-04-12T09:17:05.157+0000] {taskinstance.py:2596} INFO - 0 downstream tasks scheduled from follow-on schedule check
