[2023-04-23T08:24:55.018+0000] {taskinstance.py:1090} INFO - Dependencies all met for dep_context=non-requeueable deps ti=<TaskInstance: data_extraction_dag.upload_positions_to_gcs manual__2023-04-23T08:23:43.182997+00:00 [queued]>
[2023-04-23T08:24:55.042+0000] {taskinstance.py:1090} INFO - Dependencies all met for dep_context=requeueable deps ti=<TaskInstance: data_extraction_dag.upload_positions_to_gcs manual__2023-04-23T08:23:43.182997+00:00 [queued]>
[2023-04-23T08:24:55.044+0000] {taskinstance.py:1288} INFO - 
--------------------------------------------------------------------------------
[2023-04-23T08:24:55.046+0000] {taskinstance.py:1289} INFO - Starting attempt 1 of 3
[2023-04-23T08:24:55.048+0000] {taskinstance.py:1290} INFO - 
--------------------------------------------------------------------------------
[2023-04-23T08:24:55.096+0000] {taskinstance.py:1309} INFO - Executing <Task(_PythonDecoratedOperator): upload_positions_to_gcs> on 2023-04-23 08:23:43.182997+00:00
[2023-04-23T08:24:55.233+0000] {standard_task_runner.py:55} INFO - Started process 3940 to run task
[2023-04-23T08:24:55.238+0000] {standard_task_runner.py:82} INFO - Running: ['***', 'tasks', 'run', 'data_extraction_dag', 'upload_positions_to_gcs', 'manual__2023-04-23T08:23:43.182997+00:00', '--job-id', '1006', '--raw', '--subdir', 'DAGS_FOLDER/data_ingestion.py', '--cfg-path', '/tmp/tmpw9zy1gdk']
[2023-04-23T08:24:55.250+0000] {standard_task_runner.py:83} INFO - Job 1006: Subtask upload_positions_to_gcs
[2023-04-23T08:24:55.562+0000] {task_command.py:389} INFO - Running <TaskInstance: data_extraction_dag.upload_positions_to_gcs manual__2023-04-23T08:23:43.182997+00:00 [running]> on host 235fa867d994
[2023-04-23T08:24:55.745+0000] {taskinstance.py:1516} INFO - Exporting the following env vars:
AIRFLOW_CTX_DAG_OWNER=***
AIRFLOW_CTX_DAG_ID=data_extraction_dag
AIRFLOW_CTX_TASK_ID=upload_positions_to_gcs
AIRFLOW_CTX_EXECUTION_DATE=2023-04-23T08:23:43.182997+00:00
AIRFLOW_CTX_TRY_NUMBER=1
AIRFLOW_CTX_DAG_RUN_ID=manual__2023-04-23T08:23:43.182997+00:00
[2023-04-23T08:24:55.773+0000] {subprocess.py:63} INFO - Tmp dir root location: 
 /tmp
[2023-04-23T08:24:55.897+0000] {subprocess.py:75} INFO - Running command: ['/bin/bash', '-c', 'gsutil cp /opt/***/csv/* gs://nfl-data-lake_nfl-project-de/nfl_csv/']
[2023-04-23T08:24:56.052+0000] {subprocess.py:86} INFO - Output:
[2023-04-23T08:25:08.306+0000] {subprocess.py:93} INFO - Copying file:///opt/***/csv/positions_csv.csv [Content-Type=text/csv]...
[2023-04-23T08:25:09.866+0000] {subprocess.py:93} INFO - / [0 files][    0.0 B/  476.0 B]                                                / [1 files][  476.0 B/  476.0 B]                                                -
[2023-04-23T08:25:09.867+0000] {subprocess.py:93} INFO - Operation completed over 1 objects/476.0 B.
[2023-04-23T08:25:10.823+0000] {subprocess.py:97} INFO - Command exited with return code 0
[2023-04-23T08:25:10.844+0000] {python.py:177} INFO - Done. Returned value was: None
[2023-04-23T08:25:11.019+0000] {taskinstance.py:1327} INFO - Marking task as SUCCESS. dag_id=data_extraction_dag, task_id=upload_positions_to_gcs, execution_date=20230423T082343, start_date=20230423T082455, end_date=20230423T082511
[2023-04-23T08:25:11.192+0000] {local_task_job.py:212} INFO - Task exited with return code 0
[2023-04-23T08:25:11.259+0000] {taskinstance.py:2596} INFO - 0 downstream tasks scheduled from follow-on schedule check
