[2023-04-23T09:14:07.413+0000] {taskinstance.py:1090} INFO - Dependencies all met for dep_context=non-requeueable deps ti=<TaskInstance: data_extraction_dag.task_athletes manual__2023-04-23T09:13:51.275453+00:00 [queued]>
[2023-04-23T09:14:07.429+0000] {taskinstance.py:1090} INFO - Dependencies all met for dep_context=requeueable deps ti=<TaskInstance: data_extraction_dag.task_athletes manual__2023-04-23T09:13:51.275453+00:00 [queued]>
[2023-04-23T09:14:07.430+0000] {taskinstance.py:1288} INFO - 
--------------------------------------------------------------------------------
[2023-04-23T09:14:07.431+0000] {taskinstance.py:1289} INFO - Starting attempt 1 of 3
[2023-04-23T09:14:07.431+0000] {taskinstance.py:1290} INFO - 
--------------------------------------------------------------------------------
[2023-04-23T09:14:07.450+0000] {taskinstance.py:1309} INFO - Executing <Task(_PythonDecoratedOperator): task_athletes> on 2023-04-23 09:13:51.275453+00:00
[2023-04-23T09:14:07.461+0000] {standard_task_runner.py:55} INFO - Started process 7450 to run task
[2023-04-23T09:14:07.467+0000] {standard_task_runner.py:82} INFO - Running: ['***', 'tasks', 'run', 'data_extraction_dag', 'task_athletes', 'manual__2023-04-23T09:13:51.275453+00:00', '--job-id', '1047', '--raw', '--subdir', 'DAGS_FOLDER/data_ingestion.py', '--cfg-path', '/tmp/tmptg3ioijd']
[2023-04-23T09:14:07.472+0000] {standard_task_runner.py:83} INFO - Job 1047: Subtask task_athletes
[2023-04-23T09:14:07.604+0000] {task_command.py:389} INFO - Running <TaskInstance: data_extraction_dag.task_athletes manual__2023-04-23T09:13:51.275453+00:00 [running]> on host 235fa867d994
[2023-04-23T09:14:07.804+0000] {taskinstance.py:1516} INFO - Exporting the following env vars:
AIRFLOW_CTX_DAG_OWNER=***
AIRFLOW_CTX_DAG_ID=data_extraction_dag
AIRFLOW_CTX_TASK_ID=task_athletes
AIRFLOW_CTX_EXECUTION_DATE=2023-04-23T09:13:51.275453+00:00
AIRFLOW_CTX_TRY_NUMBER=1
AIRFLOW_CTX_DAG_RUN_ID=manual__2023-04-23T09:13:51.275453+00:00
[2023-04-23T09:14:07.807+0000] {logging_mixin.py:137} INFO - Fetching for athlete details started
[2023-04-23T09:18:29.155+0000] {local_task_job.py:212} INFO - Task exited with return code Negsignal.SIGKILL
[2023-04-23T09:18:29.649+0000] {taskinstance.py:2596} INFO - 0 downstream tasks scheduled from follow-on schedule check
