[2023-04-23T10:40:11.975+0000] {taskinstance.py:1090} INFO - Dependencies all met for dep_context=non-requeueable deps ti=<TaskInstance: data_extraction_dag.load_to_gcs manual__2023-04-23T10:35:02.305305+00:00 [queued]>
[2023-04-23T10:40:12.010+0000] {taskinstance.py:1090} INFO - Dependencies all met for dep_context=requeueable deps ti=<TaskInstance: data_extraction_dag.load_to_gcs manual__2023-04-23T10:35:02.305305+00:00 [queued]>
[2023-04-23T10:40:12.011+0000] {taskinstance.py:1288} INFO - 
--------------------------------------------------------------------------------
[2023-04-23T10:40:12.012+0000] {taskinstance.py:1289} INFO - Starting attempt 1 of 3
[2023-04-23T10:40:12.013+0000] {taskinstance.py:1290} INFO - 
--------------------------------------------------------------------------------
[2023-04-23T10:40:12.038+0000] {taskinstance.py:1309} INFO - Executing <Task(_PythonDecoratedOperator): load_to_gcs> on 2023-04-23 10:35:02.305305+00:00
[2023-04-23T10:40:12.108+0000] {standard_task_runner.py:55} INFO - Started process 6607 to run task
[2023-04-23T10:40:12.157+0000] {standard_task_runner.py:82} INFO - Running: ['***', 'tasks', 'run', 'data_extraction_dag', 'load_to_gcs', 'manual__2023-04-23T10:35:02.305305+00:00', '--job-id', '1185', '--raw', '--subdir', 'DAGS_FOLDER/data_ingestion.py', '--cfg-path', '/tmp/tmpch616ss8']
[2023-04-23T10:40:12.240+0000] {standard_task_runner.py:83} INFO - Job 1185: Subtask load_to_gcs
[2023-04-23T10:40:12.791+0000] {task_command.py:389} INFO - Running <TaskInstance: data_extraction_dag.load_to_gcs manual__2023-04-23T10:35:02.305305+00:00 [running]> on host 235fa867d994
[2023-04-23T10:40:36.884+0000] {taskinstance.py:1516} INFO - Exporting the following env vars:
AIRFLOW_CTX_DAG_OWNER=***
AIRFLOW_CTX_DAG_ID=data_extraction_dag
AIRFLOW_CTX_TASK_ID=load_to_gcs
AIRFLOW_CTX_EXECUTION_DATE=2023-04-23T10:35:02.305305+00:00
AIRFLOW_CTX_TRY_NUMBER=1
AIRFLOW_CTX_DAG_RUN_ID=manual__2023-04-23T10:35:02.305305+00:00
[2023-04-23T10:40:37.032+0000] {logging_mixin.py:137} INFO - Loading for nfl data to parquet started
[2023-04-23T10:41:28.451+0000] {logging_mixin.py:137} INFO - Loading for nfl data to parquet ended
[2023-04-23T10:41:28.454+0000] {python.py:177} INFO - Done. Returned value was: None
[2023-04-23T10:41:28.478+0000] {taskinstance.py:1327} INFO - Marking task as SUCCESS. dag_id=data_extraction_dag, task_id=load_to_gcs, execution_date=20230423T103502, start_date=20230423T104011, end_date=20230423T104128
[2023-04-23T10:41:28.596+0000] {local_task_job.py:212} INFO - Task exited with return code 0
[2023-04-23T10:41:28.754+0000] {taskinstance.py:2596} INFO - 0 downstream tasks scheduled from follow-on schedule check
