[2023-04-24T15:03:14.724+0000] {taskinstance.py:1090} INFO - Dependencies all met for dep_context=non-requeueable deps ti=<TaskInstance: data_extraction_dag.load_to_gcs manual__2023-04-23T10:35:02.305305+00:00 [queued]>
[2023-04-24T15:03:14.737+0000] {taskinstance.py:1090} INFO - Dependencies all met for dep_context=requeueable deps ti=<TaskInstance: data_extraction_dag.load_to_gcs manual__2023-04-23T10:35:02.305305+00:00 [queued]>
[2023-04-24T15:03:14.738+0000] {taskinstance.py:1288} INFO - 
--------------------------------------------------------------------------------
[2023-04-24T15:03:14.739+0000] {taskinstance.py:1289} INFO - Starting attempt 3 of 5
[2023-04-24T15:03:14.741+0000] {taskinstance.py:1290} INFO - 
--------------------------------------------------------------------------------
[2023-04-24T15:03:14.756+0000] {taskinstance.py:1309} INFO - Executing <Task(_PythonDecoratedOperator): load_to_gcs> on 2023-04-23 10:35:02.305305+00:00
[2023-04-24T15:03:14.779+0000] {standard_task_runner.py:55} INFO - Started process 7169 to run task
[2023-04-24T15:03:14.783+0000] {standard_task_runner.py:82} INFO - Running: ['***', 'tasks', 'run', 'data_extraction_dag', 'load_to_gcs', 'manual__2023-04-23T10:35:02.305305+00:00', '--job-id', '1255', '--raw', '--subdir', 'DAGS_FOLDER/data_ingestion.py', '--cfg-path', '/tmp/tmp1eyo36fs']
[2023-04-24T15:03:14.790+0000] {standard_task_runner.py:83} INFO - Job 1255: Subtask load_to_gcs
[2023-04-24T15:03:14.895+0000] {task_command.py:389} INFO - Running <TaskInstance: data_extraction_dag.load_to_gcs manual__2023-04-23T10:35:02.305305+00:00 [running]> on host 36bdc6733002
[2023-04-24T15:03:32.477+0000] {taskinstance.py:1516} INFO - Exporting the following env vars:
AIRFLOW_CTX_DAG_OWNER=***
AIRFLOW_CTX_DAG_ID=data_extraction_dag
AIRFLOW_CTX_TASK_ID=load_to_gcs
AIRFLOW_CTX_EXECUTION_DATE=2023-04-23T10:35:02.305305+00:00
AIRFLOW_CTX_TRY_NUMBER=3
AIRFLOW_CTX_DAG_RUN_ID=manual__2023-04-23T10:35:02.305305+00:00
[2023-04-24T15:03:32.631+0000] {logging_mixin.py:137} INFO - Loading for nfl data to parquet started
[2023-04-24T15:04:07.302+0000] {logging_mixin.py:137} INFO - Loading for nfl data to parquet ended
[2023-04-24T15:04:07.321+0000] {python.py:177} INFO - Done. Returned value was: None
[2023-04-24T15:04:07.431+0000] {taskinstance.py:1327} INFO - Marking task as SUCCESS. dag_id=data_extraction_dag, task_id=load_to_gcs, execution_date=20230423T103502, start_date=20230424T150314, end_date=20230424T150407
[2023-04-24T15:04:07.598+0000] {local_task_job.py:212} INFO - Task exited with return code 0
[2023-04-24T15:04:07.716+0000] {taskinstance.py:2596} INFO - 0 downstream tasks scheduled from follow-on schedule check
