[2023-04-23T09:46:09.184+0000] {taskinstance.py:1090} INFO - Dependencies all met for dep_context=non-requeueable deps ti=<TaskInstance: data_extraction_dag.task_athletes__1 manual__2023-04-23T09:43:58.640214+00:00 [queued]>
[2023-04-23T09:46:09.233+0000] {taskinstance.py:1090} INFO - Dependencies all met for dep_context=requeueable deps ti=<TaskInstance: data_extraction_dag.task_athletes__1 manual__2023-04-23T09:43:58.640214+00:00 [queued]>
[2023-04-23T09:46:09.239+0000] {taskinstance.py:1288} INFO - 
--------------------------------------------------------------------------------
[2023-04-23T09:46:09.242+0000] {taskinstance.py:1289} INFO - Starting attempt 1 of 3
[2023-04-23T09:46:09.244+0000] {taskinstance.py:1290} INFO - 
--------------------------------------------------------------------------------
[2023-04-23T09:46:09.292+0000] {taskinstance.py:1309} INFO - Executing <Task(_PythonDecoratedOperator): task_athletes__1> on 2023-04-23 09:43:58.640214+00:00
[2023-04-23T09:46:09.315+0000] {standard_task_runner.py:55} INFO - Started process 1881 to run task
[2023-04-23T09:46:09.328+0000] {standard_task_runner.py:82} INFO - Running: ['***', 'tasks', 'run', 'data_extraction_dag', 'task_athletes__1', 'manual__2023-04-23T09:43:58.640214+00:00', '--job-id', '1121', '--raw', '--subdir', 'DAGS_FOLDER/data_ingestion.py', '--cfg-path', '/tmp/tmpwpoyw7mu']
[2023-04-23T09:46:09.342+0000] {standard_task_runner.py:83} INFO - Job 1121: Subtask task_athletes__1
[2023-04-23T09:46:09.627+0000] {task_command.py:389} INFO - Running <TaskInstance: data_extraction_dag.task_athletes__1 manual__2023-04-23T09:43:58.640214+00:00 [running]> on host 235fa867d994
[2023-04-23T09:46:09.953+0000] {taskinstance.py:1516} INFO - Exporting the following env vars:
AIRFLOW_CTX_DAG_OWNER=***
AIRFLOW_CTX_DAG_ID=data_extraction_dag
AIRFLOW_CTX_TASK_ID=task_athletes__1
AIRFLOW_CTX_EXECUTION_DATE=2023-04-23T09:43:58.640214+00:00
AIRFLOW_CTX_TRY_NUMBER=1
AIRFLOW_CTX_DAG_RUN_ID=manual__2023-04-23T09:43:58.640214+00:00
[2023-04-23T09:46:09.960+0000] {logging_mixin.py:137} INFO - Fetching for athlete details started
[2023-04-23T09:46:40.434+0000] {local_task_job.py:276} WARNING - State of this instance has been externally set to failed. Terminating instance.
[2023-04-23T09:46:40.458+0000] {process_utils.py:129} INFO - Sending Signals.SIGTERM to group 1881. PIDs of all processes in the group: [1881]
[2023-04-23T09:46:40.460+0000] {process_utils.py:84} INFO - Sending the signal Signals.SIGTERM to group 1881
[2023-04-23T09:46:40.514+0000] {taskinstance.py:1488} ERROR - Received SIGTERM. Terminating subprocesses.
[2023-04-23T09:46:41.538+0000] {process_utils.py:79} INFO - Process psutil.Process(pid=1881, status='terminated', exitcode=0, started='09:46:08') (1881) terminated with exit code 0
