[2023-04-23T08:54:59.001+0000] {taskinstance.py:1080} INFO - Dependencies not met for <TaskInstance: data_extraction_dag.task_athletes manual__2023-04-23T08:23:43.182997+00:00 [up_for_retry]>, dependency 'Not In Retry Period' FAILED: Task is not ready for retry yet but will be retried automatically. Current date is 2023-04-23T08:54:59.001256+00:00 and task will be retried at 2023-04-23T08:59:56.084184+00:00.
[2023-04-23T08:54:59.017+0000] {local_task_job.py:151} INFO - Task is not able to be run
[2023-04-23T08:55:00.902+0000] {taskinstance.py:1080} INFO - Dependencies not met for <TaskInstance: data_extraction_dag.task_athletes manual__2023-04-23T08:23:43.182997+00:00 [up_for_retry]>, dependency 'Not In Retry Period' FAILED: Task is not ready for retry yet but will be retried automatically. Current date is 2023-04-23T08:55:00.901986+00:00 and task will be retried at 2023-04-23T08:59:56.084184+00:00.
[2023-04-23T08:55:00.915+0000] {local_task_job.py:151} INFO - Task is not able to be run
[2023-04-23T08:56:19.616+0000] {taskinstance.py:1090} INFO - Dependencies all met for dep_context=non-requeueable deps ti=<TaskInstance: data_extraction_dag.task_athletes manual__2023-04-23T08:23:43.182997+00:00 [queued]>
[2023-04-23T08:56:19.633+0000] {taskinstance.py:1090} INFO - Dependencies all met for dep_context=requeueable deps ti=<TaskInstance: data_extraction_dag.task_athletes manual__2023-04-23T08:23:43.182997+00:00 [queued]>
[2023-04-23T08:56:19.633+0000] {taskinstance.py:1288} INFO - 
--------------------------------------------------------------------------------
[2023-04-23T08:56:19.634+0000] {taskinstance.py:1289} INFO - Starting attempt 6 of 8
[2023-04-23T08:56:19.635+0000] {taskinstance.py:1290} INFO - 
--------------------------------------------------------------------------------
[2023-04-23T08:56:19.655+0000] {taskinstance.py:1309} INFO - Executing <Task(_PythonDecoratedOperator): task_athletes> on 2023-04-23 08:23:43.182997+00:00
[2023-04-23T08:56:19.670+0000] {standard_task_runner.py:55} INFO - Started process 6302 to run task
[2023-04-23T08:56:19.694+0000] {standard_task_runner.py:82} INFO - Running: ['***', 'tasks', 'run', 'data_extraction_dag', 'task_athletes', 'manual__2023-04-23T08:23:43.182997+00:00', '--job-id', '1034', '--raw', '--subdir', 'DAGS_FOLDER/data_ingestion.py', '--cfg-path', '/tmp/tmpfcsnn9va']
[2023-04-23T08:56:19.714+0000] {standard_task_runner.py:83} INFO - Job 1034: Subtask task_athletes
[2023-04-23T08:56:19.877+0000] {taskinstance.py:1080} INFO - Dependencies not met for <TaskInstance: data_extraction_dag.task_athletes manual__2023-04-23T08:23:43.182997+00:00 [running]>, dependency 'Task Instance State' FAILED: Task is in the 'running' state.
[2023-04-23T08:56:19.888+0000] {taskinstance.py:1080} INFO - Dependencies not met for <TaskInstance: data_extraction_dag.task_athletes manual__2023-04-23T08:23:43.182997+00:00 [running]>, dependency 'Task Instance Not Running' FAILED: Task is in the running state
[2023-04-23T08:56:19.894+0000] {local_task_job.py:151} INFO - Task is not able to be run
[2023-04-23T08:56:19.917+0000] {task_command.py:389} INFO - Running <TaskInstance: data_extraction_dag.task_athletes manual__2023-04-23T08:23:43.182997+00:00 [running]> on host 235fa867d994
[2023-04-23T08:56:20.052+0000] {taskinstance.py:1516} INFO - Exporting the following env vars:
AIRFLOW_CTX_DAG_OWNER=***
AIRFLOW_CTX_DAG_ID=data_extraction_dag
AIRFLOW_CTX_TASK_ID=task_athletes
AIRFLOW_CTX_EXECUTION_DATE=2023-04-23T08:23:43.182997+00:00
AIRFLOW_CTX_TRY_NUMBER=6
AIRFLOW_CTX_DAG_RUN_ID=manual__2023-04-23T08:23:43.182997+00:00
[2023-04-23T08:56:20.055+0000] {logging_mixin.py:137} INFO - Fetching for athlete details started
[2023-04-23T08:59:30.255+0000] {local_task_job.py:212} INFO - Task exited with return code Negsignal.SIGKILL
[2023-04-23T08:59:30.675+0000] {taskinstance.py:2596} INFO - 0 downstream tasks scheduled from follow-on schedule check
