[2023-04-23T08:52:22.675+0000] {taskinstance.py:1090} INFO - Dependencies all met for dep_context=non-requeueable deps ti=<TaskInstance: data_extraction_dag.task_athletes manual__2023-04-23T08:23:43.182997+00:00 [queued]>
[2023-04-23T08:52:22.689+0000] {taskinstance.py:1090} INFO - Dependencies all met for dep_context=requeueable deps ti=<TaskInstance: data_extraction_dag.task_athletes manual__2023-04-23T08:23:43.182997+00:00 [queued]>
[2023-04-23T08:52:22.691+0000] {taskinstance.py:1288} INFO - 
--------------------------------------------------------------------------------
[2023-04-23T08:52:22.692+0000] {taskinstance.py:1289} INFO - Starting attempt 4 of 6
[2023-04-23T08:52:22.693+0000] {taskinstance.py:1290} INFO - 
--------------------------------------------------------------------------------
[2023-04-23T08:52:22.713+0000] {taskinstance.py:1309} INFO - Executing <Task(_PythonDecoratedOperator): task_athletes> on 2023-04-23 08:23:43.182997+00:00
[2023-04-23T08:52:22.723+0000] {standard_task_runner.py:55} INFO - Started process 6075 to run task
[2023-04-23T08:52:22.740+0000] {standard_task_runner.py:82} INFO - Running: ['***', 'tasks', 'run', 'data_extraction_dag', 'task_athletes', 'manual__2023-04-23T08:23:43.182997+00:00', '--job-id', '1031', '--raw', '--subdir', 'DAGS_FOLDER/data_ingestion.py', '--cfg-path', '/tmp/tmpyyiyi0or']
[2023-04-23T08:52:22.756+0000] {standard_task_runner.py:83} INFO - Job 1031: Subtask task_athletes
[2023-04-23T08:52:22.991+0000] {task_command.py:389} INFO - Running <TaskInstance: data_extraction_dag.task_athletes manual__2023-04-23T08:23:43.182997+00:00 [running]> on host 235fa867d994
[2023-04-23T08:52:23.164+0000] {taskinstance.py:1516} INFO - Exporting the following env vars:
AIRFLOW_CTX_DAG_OWNER=***
AIRFLOW_CTX_DAG_ID=data_extraction_dag
AIRFLOW_CTX_TASK_ID=task_athletes
AIRFLOW_CTX_EXECUTION_DATE=2023-04-23T08:23:43.182997+00:00
AIRFLOW_CTX_TRY_NUMBER=4
AIRFLOW_CTX_DAG_RUN_ID=manual__2023-04-23T08:23:43.182997+00:00
[2023-04-23T08:52:23.167+0000] {logging_mixin.py:137} INFO - Fetching for athlete details started
[2023-04-23T08:54:54.781+0000] {local_task_job.py:276} WARNING - State of this instance has been externally set to queued. Terminating instance.
[2023-04-23T08:54:54.879+0000] {process_utils.py:129} INFO - Sending Signals.SIGTERM to group 6075. PIDs of all processes in the group: [6075]
[2023-04-23T08:54:54.881+0000] {process_utils.py:84} INFO - Sending the signal Signals.SIGTERM to group 6075
[2023-04-23T08:54:55.965+0000] {taskinstance.py:1488} ERROR - Received SIGTERM. Terminating subprocesses.
[2023-04-23T08:54:56.036+0000] {taskinstance.py:1776} ERROR - Task failed with exception
Traceback (most recent call last):
  File "/home/airflow/.local/lib/python3.9/site-packages/airflow/decorators/base.py", line 217, in execute
    return_value = super().execute(context)
  File "/home/airflow/.local/lib/python3.9/site-packages/airflow/operators/python.py", line 175, in execute
    return_value = self.execute_callable()
  File "/home/airflow/.local/lib/python3.9/site-packages/airflow/operators/python.py", line 192, in execute_callable
    return self.python_callable(*self.op_args, **self.op_kwargs)
  File "/opt/airflow/dags/data_ingestion.py", line 126, in task_athletes
    def task_leaders():
  File "/opt/airflow/code/extraction_nfl.py", line 370, in get_athletes
    athletes_df=pd.concat(athletes_df_list, ignore_index=True)
  File "/home/airflow/.local/lib/python3.9/site-packages/pandas/util/_decorators.py", line 331, in wrapper
    return func(*args, **kwargs)
  File "/home/airflow/.local/lib/python3.9/site-packages/pandas/core/reshape/concat.py", line 381, in concat
    return op.get_result()
  File "/home/airflow/.local/lib/python3.9/site-packages/pandas/core/reshape/concat.py", line 616, in get_result
    new_data = concatenate_managers(
  File "/home/airflow/.local/lib/python3.9/site-packages/pandas/core/internals/concat.py", line 197, in concatenate_managers
    mgrs_indexers = _maybe_reindex_columns_na_proxy(axes, mgrs_indexers)
  File "/home/airflow/.local/lib/python3.9/site-packages/pandas/core/internals/concat.py", line 260, in _maybe_reindex_columns_na_proxy
    new_mgr = mgr.reindex_indexer(
  File "/home/airflow/.local/lib/python3.9/site-packages/pandas/core/internals/managers.py", line 743, in reindex_indexer
    new_blocks, new_refs = self._slice_take_blocks_ax0(
  File "/home/airflow/.local/lib/python3.9/site-packages/pandas/core/internals/managers.py", line 893, in _slice_take_blocks_ax0
    max_len = max(len(mgr_locs), taker.max() + 1)
  File "/home/airflow/.local/lib/python3.9/site-packages/airflow/models/taskinstance.py", line 1490, in signal_handler
    raise AirflowException("Task received SIGTERM signal")
airflow.exceptions.AirflowException: Task received SIGTERM signal
[2023-04-23T08:54:56.086+0000] {taskinstance.py:1327} INFO - Marking task as UP_FOR_RETRY. dag_id=data_extraction_dag, task_id=task_athletes, execution_date=20230423T082343, start_date=20230423T085222, end_date=20230423T085456
[2023-04-23T08:54:56.142+0000] {standard_task_runner.py:100} ERROR - Failed to execute job 1031 for task task_athletes (Task received SIGTERM signal; 6075)
[2023-04-23T08:54:56.398+0000] {process_utils.py:79} INFO - Process psutil.Process(pid=6075, status='terminated', exitcode=1, started='08:52:21') (6075) terminated with exit code 1
