[2023-04-23T09:46:09.406+0000] {taskinstance.py:1090} INFO - Dependencies all met for dep_context=non-requeueable deps ti=<TaskInstance: data_extraction_dag.task_athlete_stats__1 manual__2023-04-23T09:13:51.275453+00:00 [queued]>
[2023-04-23T09:46:09.444+0000] {taskinstance.py:1090} INFO - Dependencies all met for dep_context=requeueable deps ti=<TaskInstance: data_extraction_dag.task_athlete_stats__1 manual__2023-04-23T09:13:51.275453+00:00 [queued]>
[2023-04-23T09:46:09.446+0000] {taskinstance.py:1288} INFO - 
--------------------------------------------------------------------------------
[2023-04-23T09:46:09.449+0000] {taskinstance.py:1289} INFO - Starting attempt 2 of 4
[2023-04-23T09:46:09.451+0000] {taskinstance.py:1290} INFO - 
--------------------------------------------------------------------------------
[2023-04-23T09:46:09.512+0000] {taskinstance.py:1309} INFO - Executing <Task(_PythonDecoratedOperator): task_athlete_stats__1> on 2023-04-23 09:13:51.275453+00:00
[2023-04-23T09:46:09.533+0000] {standard_task_runner.py:55} INFO - Started process 1883 to run task
[2023-04-23T09:46:09.549+0000] {standard_task_runner.py:82} INFO - Running: ['***', 'tasks', 'run', 'data_extraction_dag', 'task_athlete_stats__1', 'manual__2023-04-23T09:13:51.275453+00:00', '--job-id', '1123', '--raw', '--subdir', 'DAGS_FOLDER/data_ingestion.py', '--cfg-path', '/tmp/tmpx3portwk']
[2023-04-23T09:46:09.562+0000] {standard_task_runner.py:83} INFO - Job 1123: Subtask task_athlete_stats__1
[2023-04-23T09:46:09.792+0000] {task_command.py:389} INFO - Running <TaskInstance: data_extraction_dag.task_athlete_stats__1 manual__2023-04-23T09:13:51.275453+00:00 [running]> on host 235fa867d994
[2023-04-23T09:46:10.205+0000] {taskinstance.py:1516} INFO - Exporting the following env vars:
AIRFLOW_CTX_DAG_OWNER=***
AIRFLOW_CTX_DAG_ID=data_extraction_dag
AIRFLOW_CTX_TASK_ID=task_athlete_stats__1
AIRFLOW_CTX_EXECUTION_DATE=2023-04-23T09:13:51.275453+00:00
AIRFLOW_CTX_TRY_NUMBER=2
AIRFLOW_CTX_DAG_RUN_ID=manual__2023-04-23T09:13:51.275453+00:00
[2023-04-23T09:46:10.264+0000] {logging_mixin.py:137} INFO - Fetching for athlete stats started
[2023-04-23T09:46:51.261+0000] {local_task_job.py:276} WARNING - State of this instance has been externally set to skipped. Terminating instance.
[2023-04-23T09:46:51.431+0000] {process_utils.py:129} INFO - Sending Signals.SIGTERM to group 1883. PIDs of all processes in the group: [1883]
[2023-04-23T09:46:51.433+0000] {process_utils.py:84} INFO - Sending the signal Signals.SIGTERM to group 1883
[2023-04-23T09:46:53.659+0000] {taskinstance.py:1488} ERROR - Received SIGTERM. Terminating subprocesses.
[2023-04-23T09:46:55.033+0000] {process_utils.py:79} INFO - Process psutil.Process(pid=1883, status='terminated', exitcode=0, started='09:46:08') (1883) terminated with exit code 0
