[2023-04-23T10:15:29.498+0000] {taskinstance.py:1090} INFO - Dependencies all met for dep_context=non-requeueable deps ti=<TaskInstance: data_extraction_dag.load_to_gcs manual__2023-04-23T09:57:33+00:00 [queued]>
[2023-04-23T10:15:29.515+0000] {taskinstance.py:1090} INFO - Dependencies all met for dep_context=requeueable deps ti=<TaskInstance: data_extraction_dag.load_to_gcs manual__2023-04-23T09:57:33+00:00 [queued]>
[2023-04-23T10:15:29.516+0000] {taskinstance.py:1288} INFO - 
--------------------------------------------------------------------------------
[2023-04-23T10:15:29.517+0000] {taskinstance.py:1289} INFO - Starting attempt 1 of 3
[2023-04-23T10:15:29.517+0000] {taskinstance.py:1290} INFO - 
--------------------------------------------------------------------------------
[2023-04-23T10:15:29.531+0000] {taskinstance.py:1309} INFO - Executing <Task(_PythonDecoratedOperator): load_to_gcs> on 2023-04-23 09:57:33+00:00
[2023-04-23T10:15:29.542+0000] {standard_task_runner.py:55} INFO - Started process 5190 to run task
[2023-04-23T10:15:29.545+0000] {standard_task_runner.py:82} INFO - Running: ['***', 'tasks', 'run', 'data_extraction_dag', 'load_to_gcs', 'manual__2023-04-23T09:57:33+00:00', '--job-id', '1176', '--raw', '--subdir', 'DAGS_FOLDER/data_ingestion.py', '--cfg-path', '/tmp/tmpqq6xzj23']
[2023-04-23T10:15:29.548+0000] {standard_task_runner.py:83} INFO - Job 1176: Subtask load_to_gcs
[2023-04-23T10:15:29.639+0000] {task_command.py:389} INFO - Running <TaskInstance: data_extraction_dag.load_to_gcs manual__2023-04-23T09:57:33+00:00 [running]> on host 235fa867d994
[2023-04-23T10:15:39.528+0000] {taskinstance.py:1516} INFO - Exporting the following env vars:
AIRFLOW_CTX_DAG_OWNER=***
AIRFLOW_CTX_DAG_ID=data_extraction_dag
AIRFLOW_CTX_TASK_ID=load_to_gcs
AIRFLOW_CTX_EXECUTION_DATE=2023-04-23T09:57:33+00:00
AIRFLOW_CTX_TRY_NUMBER=1
AIRFLOW_CTX_DAG_RUN_ID=manual__2023-04-23T09:57:33+00:00
[2023-04-23T10:15:39.536+0000] {logging_mixin.py:137} INFO - Loading for nfl data to parquet started
[2023-04-23T10:16:18.471+0000] {logging_mixin.py:137} INFO - Loading for nfl data to parquet ended
[2023-04-23T10:16:18.473+0000] {python.py:177} INFO - Done. Returned value was: None
[2023-04-23T10:16:18.502+0000] {taskinstance.py:1327} INFO - Marking task as SUCCESS. dag_id=data_extraction_dag, task_id=load_to_gcs, execution_date=20230423T095733, start_date=20230423T101529, end_date=20230423T101618
[2023-04-23T10:16:18.603+0000] {local_task_job.py:212} INFO - Task exited with return code 0
[2023-04-23T10:16:18.663+0000] {taskinstance.py:2596} INFO - 0 downstream tasks scheduled from follow-on schedule check
