[2023-04-23T09:45:27.302+0000] {taskinstance.py:1090} INFO - Dependencies all met for dep_context=non-requeueable deps ti=<TaskInstance: data_extraction_dag.upload_positions_to_gcs manual__2023-04-23T09:43:58.640214+00:00 [queued]>
[2023-04-23T09:45:27.393+0000] {taskinstance.py:1090} INFO - Dependencies all met for dep_context=requeueable deps ti=<TaskInstance: data_extraction_dag.upload_positions_to_gcs manual__2023-04-23T09:43:58.640214+00:00 [queued]>
[2023-04-23T09:45:27.431+0000] {taskinstance.py:1288} INFO - 
--------------------------------------------------------------------------------
[2023-04-23T09:45:27.439+0000] {taskinstance.py:1289} INFO - Starting attempt 1 of 3
[2023-04-23T09:45:27.446+0000] {taskinstance.py:1290} INFO - 
--------------------------------------------------------------------------------
[2023-04-23T09:45:27.701+0000] {taskinstance.py:1309} INFO - Executing <Task(_PythonDecoratedOperator): upload_positions_to_gcs> on 2023-04-23 09:43:58.640214+00:00
[2023-04-23T09:45:27.753+0000] {standard_task_runner.py:55} INFO - Started process 1097 to run task
[2023-04-23T09:45:27.815+0000] {standard_task_runner.py:82} INFO - Running: ['***', 'tasks', 'run', 'data_extraction_dag', 'upload_positions_to_gcs', 'manual__2023-04-23T09:43:58.640214+00:00', '--job-id', '1104', '--raw', '--subdir', 'DAGS_FOLDER/data_ingestion.py', '--cfg-path', '/tmp/tmp4oo_xx2f']
[2023-04-23T09:45:27.836+0000] {standard_task_runner.py:83} INFO - Job 1104: Subtask upload_positions_to_gcs
[2023-04-23T09:45:29.312+0000] {task_command.py:389} INFO - Running <TaskInstance: data_extraction_dag.upload_positions_to_gcs manual__2023-04-23T09:43:58.640214+00:00 [running]> on host 235fa867d994
[2023-04-23T09:45:29.814+0000] {taskinstance.py:1516} INFO - Exporting the following env vars:
AIRFLOW_CTX_DAG_OWNER=***
AIRFLOW_CTX_DAG_ID=data_extraction_dag
AIRFLOW_CTX_TASK_ID=upload_positions_to_gcs
AIRFLOW_CTX_EXECUTION_DATE=2023-04-23T09:43:58.640214+00:00
AIRFLOW_CTX_TRY_NUMBER=1
AIRFLOW_CTX_DAG_RUN_ID=manual__2023-04-23T09:43:58.640214+00:00
[2023-04-23T09:45:29.860+0000] {subprocess.py:63} INFO - Tmp dir root location: 
 /tmp
[2023-04-23T09:45:29.905+0000] {subprocess.py:75} INFO - Running command: ['/bin/bash', '-c', 'gsutil cp /opt/***/csv/* gs://nfl-data-lake_nfl-project-de/nfl_csv/']
[2023-04-23T09:45:30.556+0000] {subprocess.py:86} INFO - Output:
[2023-04-23T09:46:03.071+0000] {subprocess.py:93} INFO - Copying file:///opt/***/csv/positions_csv.csv [Content-Type=text/csv]...
[2023-04-23T09:46:05.021+0000] {subprocess.py:93} INFO - / [0 files][    0.0 B/  476.0 B]                                                -- [1 files][  476.0 B/  476.0 B]                                                \
[2023-04-23T09:46:05.025+0000] {subprocess.py:93} INFO - Operation completed over 1 objects/476.0 B.
[2023-04-23T09:46:09.018+0000] {subprocess.py:97} INFO - Command exited with return code 0
[2023-04-23T09:46:09.189+0000] {python.py:177} INFO - Done. Returned value was: None
[2023-04-23T09:46:10.566+0000] {taskinstance.py:1327} INFO - Marking task as SUCCESS. dag_id=data_extraction_dag, task_id=upload_positions_to_gcs, execution_date=20230423T094358, start_date=20230423T094527, end_date=20230423T094610
[2023-04-23T09:46:11.222+0000] {local_task_job.py:212} INFO - Task exited with return code 0
[2023-04-23T09:46:11.693+0000] {taskinstance.py:2596} INFO - 0 downstream tasks scheduled from follow-on schedule check
