[2023-04-24T14:41:15.799+0000] {taskinstance.py:1090} INFO - Dependencies all met for dep_context=non-requeueable deps ti=<TaskInstance: nfl_transformation_dag.task_script_to_GCS manual__2023-04-24T14:35:19.187015+00:00 [queued]>
[2023-04-24T14:41:15.816+0000] {taskinstance.py:1090} INFO - Dependencies all met for dep_context=requeueable deps ti=<TaskInstance: nfl_transformation_dag.task_script_to_GCS manual__2023-04-24T14:35:19.187015+00:00 [queued]>
[2023-04-24T14:41:15.818+0000] {taskinstance.py:1288} INFO - 
--------------------------------------------------------------------------------
[2023-04-24T14:41:15.819+0000] {taskinstance.py:1289} INFO - Starting attempt 3 of 5
[2023-04-24T14:41:15.819+0000] {taskinstance.py:1290} INFO - 
--------------------------------------------------------------------------------
[2023-04-24T14:41:15.834+0000] {taskinstance.py:1309} INFO - Executing <Task(_PythonDecoratedOperator): task_script_to_GCS> on 2023-04-24 14:35:19.187015+00:00
[2023-04-24T14:41:15.843+0000] {standard_task_runner.py:55} INFO - Started process 4488 to run task
[2023-04-24T14:41:15.847+0000] {standard_task_runner.py:82} INFO - Running: ['***', 'tasks', 'run', 'nfl_transformation_dag', 'task_script_to_GCS', 'manual__2023-04-24T14:35:19.187015+00:00', '--job-id', '1242', '--raw', '--subdir', 'DAGS_FOLDER/data_ingestion.py', '--cfg-path', '/tmp/tmpp0366mt9']
[2023-04-24T14:41:15.851+0000] {standard_task_runner.py:83} INFO - Job 1242: Subtask task_script_to_GCS
[2023-04-24T14:41:15.929+0000] {task_command.py:389} INFO - Running <TaskInstance: nfl_transformation_dag.task_script_to_GCS manual__2023-04-24T14:35:19.187015+00:00 [running]> on host 36bdc6733002
[2023-04-24T14:41:16.005+0000] {taskinstance.py:1516} INFO - Exporting the following env vars:
AIRFLOW_CTX_DAG_OWNER=***
AIRFLOW_CTX_DAG_ID=nfl_transformation_dag
AIRFLOW_CTX_TASK_ID=task_script_to_GCS
AIRFLOW_CTX_EXECUTION_DATE=2023-04-24T14:35:19.187015+00:00
AIRFLOW_CTX_TRY_NUMBER=3
AIRFLOW_CTX_DAG_RUN_ID=manual__2023-04-24T14:35:19.187015+00:00
[2023-04-24T14:41:16.008+0000] {subprocess.py:63} INFO - Tmp dir root location: 
 /tmp
[2023-04-24T14:41:16.010+0000] {subprocess.py:75} INFO - Running command: ['/bin/bash', '-c', 'gsutil -m cp -r /opt/***/code/ gs://nfl-data-lake_nfl-project-de/']
[2023-04-24T14:41:16.035+0000] {subprocess.py:86} INFO - Output:
[2023-04-24T14:41:21.024+0000] {subprocess.py:93} INFO - Copying file:///opt/***/code/__init__.py [Content-Type=text/x-python]...
[2023-04-24T14:41:21.025+0000] {subprocess.py:93} INFO - Copying file:///opt/***/code/extraction_nfl.py [Content-Type=text/x-python]...
[2023-04-24T14:41:21.029+0000] {subprocess.py:93} INFO - Copying file:///opt/***/code/transform_pyspark.py [Content-Type=text/x-python]...
[2023-04-24T14:41:21.031+0000] {subprocess.py:93} INFO - Copying file:///opt/***/code/__pycache__/extraction_nfl.cpython-311.pyc [Content-Type=application/x-python-code]...
[2023-04-24T14:41:21.164+0000] {subprocess.py:93} INFO - / [0/5 files][    0.0 B/ 63.0 KiB]   0% Done                                    / [0/5 files][    0.0 B/ 63.0 KiB]   0% Done                                    / [0/5 files][    0.0 B/ 63.0 KiB]   0% Done                                    / [0/5 files][    0.0 B/ 63.0 KiB]   0% Done                                    Copying file:///opt/***/code/__pycache__/extraction_nfl.cpython-39.pyc [Content-Type=application/x-python-code]...
[2023-04-24T14:41:22.311+0000] {taskinstance.py:1080} INFO - Dependencies not met for <TaskInstance: nfl_transformation_dag.task_script_to_GCS manual__2023-04-24T14:35:19.187015+00:00 [running]>, dependency 'Task Instance Not Running' FAILED: Task is in the running state
[2023-04-24T14:41:22.323+0000] {taskinstance.py:1080} INFO - Dependencies not met for <TaskInstance: nfl_transformation_dag.task_script_to_GCS manual__2023-04-24T14:35:19.187015+00:00 [running]>, dependency 'Task Instance State' FAILED: Task is in the 'running' state.
[2023-04-24T14:41:22.326+0000] {local_task_job.py:151} INFO - Task is not able to be run
[2023-04-24T14:41:22.944+0000] {subprocess.py:93} INFO - / [0/5 files][    0.0 B/ 63.0 KiB]   0% Done                                    -- [1/5 files][ 63.0 KiB/ 63.0 KiB]  99% Done                                    \\ [2/5 files][ 63.0 KiB/ 63.0 KiB]  99% Done                                    \ [3/5 files][ 63.0 KiB/ 63.0 KiB]  99% Done                                    \ [4/5 files][ 63.0 KiB/ 63.0 KiB]  99% Done                                    \ [5/5 files][ 63.0 KiB/ 63.0 KiB] 100% Done
[2023-04-24T14:41:22.945+0000] {subprocess.py:93} INFO - Operation completed over 5 objects/63.0 KiB.
[2023-04-24T14:41:23.666+0000] {subprocess.py:97} INFO - Command exited with return code 0
[2023-04-24T14:41:23.667+0000] {python.py:177} INFO - Done. Returned value was: None
[2023-04-24T14:41:23.680+0000] {taskinstance.py:1327} INFO - Marking task as SUCCESS. dag_id=nfl_transformation_dag, task_id=task_script_to_GCS, execution_date=20230424T143519, start_date=20230424T144115, end_date=20230424T144123
[2023-04-24T14:41:23.745+0000] {local_task_job.py:212} INFO - Task exited with return code 0
[2023-04-24T14:41:23.772+0000] {taskinstance.py:2596} INFO - 1 downstream tasks scheduled from follow-on schedule check
