[2023-04-12T07:22:12.256+0000] {taskinstance.py:1090} INFO - Dependencies all met for dep_context=non-requeueable deps ti=<TaskInstance: data_extraction_dag.load_to_gcs manual__2023-04-12T05:46:33.697967+00:00 [None]>
[2023-04-12T07:22:12.276+0000] {taskinstance.py:1090} INFO - Dependencies all met for dep_context=requeueable deps ti=<TaskInstance: data_extraction_dag.load_to_gcs manual__2023-04-12T05:46:33.697967+00:00 [None]>
[2023-04-12T07:22:12.277+0000] {taskinstance.py:1288} INFO - 
--------------------------------------------------------------------------------
[2023-04-12T07:22:12.278+0000] {taskinstance.py:1289} INFO - Starting attempt 17 of 18
[2023-04-12T07:22:12.279+0000] {taskinstance.py:1290} INFO - 
--------------------------------------------------------------------------------
[2023-04-12T07:22:12.302+0000] {taskinstance.py:1309} INFO - Executing <Task(_PythonDecoratedOperator): load_to_gcs> on 2023-04-12 05:46:33.697967+00:00
[2023-04-12T07:22:12.303+0000] {taskinstance.py:1080} INFO - Dependencies not met for <TaskInstance: data_extraction_dag.load_to_gcs manual__2023-04-12T05:46:33.697967+00:00 [running]>, dependency 'Task Instance State' FAILED: Task is in the 'running' state.
[2023-04-12T07:22:12.315+0000] {taskinstance.py:1080} INFO - Dependencies not met for <TaskInstance: data_extraction_dag.load_to_gcs manual__2023-04-12T05:46:33.697967+00:00 [running]>, dependency 'Task Instance Not Running' FAILED: Task is in the running state
[2023-04-12T07:22:12.321+0000] {local_task_job.py:151} INFO - Task is not able to be run
[2023-04-12T07:22:12.324+0000] {standard_task_runner.py:55} INFO - Started process 127 to run task
[2023-04-12T07:22:12.334+0000] {standard_task_runner.py:82} INFO - Running: ['***', 'tasks', 'run', 'data_extraction_dag', 'load_to_gcs', 'manual__2023-04-12T05:46:33.697967+00:00', '--job-id', '583', '--pool', 'default_pool', '--raw', '--subdir', 'DAGS_FOLDER/data_ingestion.py', '--cfg-path', '/tmp/tmp22xm6iio']
[2023-04-12T07:22:12.338+0000] {standard_task_runner.py:83} INFO - Job 583: Subtask load_to_gcs
[2023-04-12T07:22:12.449+0000] {task_command.py:389} INFO - Running <TaskInstance: data_extraction_dag.load_to_gcs manual__2023-04-12T05:46:33.697967+00:00 [running]> on host a2e619923d04
[2023-04-12T07:22:12.557+0000] {taskinstance.py:1516} INFO - Exporting the following env vars:
AIRFLOW_CTX_DAG_OWNER=***
AIRFLOW_CTX_DAG_ID=data_extraction_dag
AIRFLOW_CTX_TASK_ID=load_to_gcs
AIRFLOW_CTX_EXECUTION_DATE=2023-04-12T05:46:33.697967+00:00
AIRFLOW_CTX_TRY_NUMBER=17
AIRFLOW_CTX_DAG_RUN_ID=manual__2023-04-12T05:46:33.697967+00:00
[2023-04-12T07:22:12.560+0000] {logging_mixin.py:137} INFO - Loading for nfl data to parquet started
[2023-04-12T07:22:12.767+0000] {taskinstance.py:1776} ERROR - Task failed with exception
Traceback (most recent call last):
  File "/home/airflow/.local/lib/python3.9/site-packages/airflow/decorators/base.py", line 217, in execute
    return_value = super().execute(context)
  File "/home/airflow/.local/lib/python3.9/site-packages/airflow/operators/python.py", line 175, in execute
    return_value = self.execute_callable()
  File "/home/airflow/.local/lib/python3.9/site-packages/airflow/operators/python.py", line 192, in execute_callable
    return self.python_callable(*self.op_args, **self.op_kwargs)
  File "/opt/airflow/dags/data_ingestion.py", line 148, in load_to_gcs
    df.to_parquet(f'{path}/nfl_parquets/{year}/{season_type}/{filename}_parquet', engine='pyarrow')
  File "/home/airflow/.local/lib/python3.9/site-packages/pandas/util/_decorators.py", line 211, in wrapper
    return func(*args, **kwargs)
  File "/home/airflow/.local/lib/python3.9/site-packages/pandas/core/frame.py", line 2976, in to_parquet
    return to_parquet(
  File "/home/airflow/.local/lib/python3.9/site-packages/pandas/io/parquet.py", line 430, in to_parquet
    impl.write(
  File "/home/airflow/.local/lib/python3.9/site-packages/pandas/io/parquet.py", line 176, in write
    path_or_handle, handles, kwargs["filesystem"] = _get_path_or_handle(
  File "/home/airflow/.local/lib/python3.9/site-packages/pandas/io/parquet.py", line 84, in _get_path_or_handle
    fs, path_or_handle = fsspec.core.url_to_fs(
  File "/home/airflow/.local/lib/python3.9/site-packages/fsspec/core.py", line 375, in url_to_fs
    fs = filesystem(protocol, **inkwargs)
  File "/home/airflow/.local/lib/python3.9/site-packages/fsspec/registry.py", line 257, in filesystem
    return cls(**storage_options)
  File "/home/airflow/.local/lib/python3.9/site-packages/fsspec/spec.py", line 76, in __call__
    obj = super().__call__(*args, **kwargs)
  File "/home/airflow/.local/lib/python3.9/site-packages/gcsfs/core.py", line 305, in __init__
    self.credentials = GoogleCredentials(project, access, token)
  File "/home/airflow/.local/lib/python3.9/site-packages/gcsfs/credentials.py", line 50, in __init__
    self.connect(method=token)
  File "/home/airflow/.local/lib/python3.9/site-packages/gcsfs/credentials.py", line 230, in connect
    self.connect(method=meth)
  File "/home/airflow/.local/lib/python3.9/site-packages/gcsfs/credentials.py", line 247, in connect
    self.__getattribute__("_connect_" + method)()
  File "/home/airflow/.local/lib/python3.9/site-packages/gcsfs/credentials.py", line 77, in _connect_google_default
    credentials, project = gauth.default(scopes=[self.scope])
  File "/home/airflow/.local/lib/python3.9/site-packages/google/auth/_default.py", line 615, in default
    credentials, project_id = checker()
  File "/home/airflow/.local/lib/python3.9/site-packages/google/auth/_default.py", line 608, in <lambda>
    lambda: _get_explicit_environ_credentials(quota_project_id=quota_project_id),
  File "/home/airflow/.local/lib/python3.9/site-packages/google/auth/_default.py", line 228, in _get_explicit_environ_credentials
    credentials, project_id = load_credentials_from_file(
  File "/home/airflow/.local/lib/python3.9/site-packages/google/auth/_default.py", line 120, in load_credentials_from_file
    with io.open(filename, "r") as file_obj:
IsADirectoryError: [Errno 21] Is a directory: '/.google/credentials/google_credentials.json'
[2023-04-12T07:22:12.793+0000] {taskinstance.py:1327} INFO - Marking task as UP_FOR_RETRY. dag_id=data_extraction_dag, task_id=load_to_gcs, execution_date=20230412T054633, start_date=20230412T072212, end_date=20230412T072212
[2023-04-12T07:22:12.815+0000] {standard_task_runner.py:100} ERROR - Failed to execute job 583 for task load_to_gcs ([Errno 21] Is a directory: '/.google/credentials/google_credentials.json'; 127)
[2023-04-12T07:22:12.869+0000] {local_task_job.py:212} INFO - Task exited with return code 1
[2023-04-12T07:22:12.889+0000] {taskinstance.py:2596} INFO - 0 downstream tasks scheduled from follow-on schedule check
