[2023-04-12T06:34:29.979+0000] {taskinstance.py:1080} INFO - Dependencies not met for <TaskInstance: data_extraction_dag.load_to_gcs manual__2023-04-12T05:46:33.697967+00:00 [up_for_retry]>, dependency 'Not In Retry Period' FAILED: Task is not ready for retry yet but will be retried automatically. Current date is 2023-04-12T06:34:29.979736+00:00 and task will be retried at 2023-04-12T06:39:29.047861+00:00.
[2023-04-12T06:34:29.991+0000] {local_task_job.py:151} INFO - Task is not able to be run
[2023-04-12T06:38:34.487+0000] {taskinstance.py:1090} INFO - Dependencies all met for dep_context=non-requeueable deps ti=<TaskInstance: data_extraction_dag.load_to_gcs manual__2023-04-12T05:46:33.697967+00:00 [queued]>
[2023-04-12T06:38:34.502+0000] {taskinstance.py:1090} INFO - Dependencies all met for dep_context=requeueable deps ti=<TaskInstance: data_extraction_dag.load_to_gcs manual__2023-04-12T05:46:33.697967+00:00 [queued]>
[2023-04-12T06:38:34.503+0000] {taskinstance.py:1288} INFO - 
--------------------------------------------------------------------------------
[2023-04-12T06:38:34.504+0000] {taskinstance.py:1289} INFO - Starting attempt 13 of 14
[2023-04-12T06:38:34.505+0000] {taskinstance.py:1290} INFO - 
--------------------------------------------------------------------------------
[2023-04-12T06:38:34.528+0000] {taskinstance.py:1309} INFO - Executing <Task(_PythonDecoratedOperator): load_to_gcs> on 2023-04-12 05:46:33.697967+00:00
[2023-04-12T06:38:34.541+0000] {standard_task_runner.py:55} INFO - Started process 2151 to run task
[2023-04-12T06:38:34.544+0000] {standard_task_runner.py:82} INFO - Running: ['***', 'tasks', 'run', 'data_extraction_dag', 'load_to_gcs', 'manual__2023-04-12T05:46:33.697967+00:00', '--job-id', '463', '--raw', '--subdir', 'DAGS_FOLDER/data_ingestion.py', '--cfg-path', '/tmp/tmpee34b33f']
[2023-04-12T06:38:34.547+0000] {standard_task_runner.py:83} INFO - Job 463: Subtask load_to_gcs
[2023-04-12T06:38:34.623+0000] {task_command.py:389} INFO - Running <TaskInstance: data_extraction_dag.load_to_gcs manual__2023-04-12T05:46:33.697967+00:00 [running]> on host a073412e57f0
[2023-04-12T06:38:34.727+0000] {taskinstance.py:1516} INFO - Exporting the following env vars:
AIRFLOW_CTX_DAG_OWNER=***
AIRFLOW_CTX_DAG_ID=data_extraction_dag
AIRFLOW_CTX_TASK_ID=load_to_gcs
AIRFLOW_CTX_EXECUTION_DATE=2023-04-12T05:46:33.697967+00:00
AIRFLOW_CTX_TRY_NUMBER=13
AIRFLOW_CTX_DAG_RUN_ID=manual__2023-04-12T05:46:33.697967+00:00
[2023-04-12T06:38:34.731+0000] {logging_mixin.py:137} INFO - Loading for nfl data to parquet started
[2023-04-12T06:38:34.732+0000] {taskinstance.py:1776} ERROR - Task failed with exception
Traceback (most recent call last):
  File "/home/airflow/.local/lib/python3.9/site-packages/airflow/decorators/base.py", line 217, in execute
    return_value = super().execute(context)
  File "/home/airflow/.local/lib/python3.9/site-packages/airflow/operators/python.py", line 175, in execute
    return_value = self.execute_callable()
  File "/home/airflow/.local/lib/python3.9/site-packages/airflow/operators/python.py", line 192, in execute_callable
    return self.python_callable(*self.op_args, **self.op_kwargs)
  File "/opt/airflow/dags/data_ingestion.py", line 149, in load_to_gcs
    df=pd.DataFrame(dict)
  File "/home/airflow/.local/lib/python3.9/site-packages/pandas/core/frame.py", line 781, in __init__
    raise ValueError("DataFrame constructor not properly called!")
ValueError: DataFrame constructor not properly called!
[2023-04-12T06:38:34.760+0000] {taskinstance.py:1327} INFO - Marking task as UP_FOR_RETRY. dag_id=data_extraction_dag, task_id=load_to_gcs, execution_date=20230412T054633, start_date=20230412T063834, end_date=20230412T063834
[2023-04-12T06:38:34.781+0000] {standard_task_runner.py:100} ERROR - Failed to execute job 463 for task load_to_gcs (DataFrame constructor not properly called!; 2151)
[2023-04-12T06:38:34.798+0000] {local_task_job.py:212} INFO - Task exited with return code 1
[2023-04-12T06:38:34.816+0000] {taskinstance.py:2596} INFO - 0 downstream tasks scheduled from follow-on schedule check
