[2023-04-23T10:35:16.115+0000] {taskinstance.py:1090} INFO - Dependencies all met for dep_context=non-requeueable deps ti=<TaskInstance: data_extraction_dag.task_defense_stats manual__2023-04-23T10:35:02.305305+00:00 [queued]>
[2023-04-23T10:35:16.136+0000] {taskinstance.py:1090} INFO - Dependencies all met for dep_context=requeueable deps ti=<TaskInstance: data_extraction_dag.task_defense_stats manual__2023-04-23T10:35:02.305305+00:00 [queued]>
[2023-04-23T10:35:16.138+0000] {taskinstance.py:1288} INFO - 
--------------------------------------------------------------------------------
[2023-04-23T10:35:16.140+0000] {taskinstance.py:1289} INFO - Starting attempt 1 of 3
[2023-04-23T10:35:16.141+0000] {taskinstance.py:1290} INFO - 
--------------------------------------------------------------------------------
[2023-04-23T10:35:16.165+0000] {taskinstance.py:1309} INFO - Executing <Task(_PythonDecoratedOperator): task_defense_stats> on 2023-04-23 10:35:02.305305+00:00
[2023-04-23T10:35:16.307+0000] {standard_task_runner.py:55} INFO - Started process 6023 to run task
[2023-04-23T10:35:16.324+0000] {standard_task_runner.py:82} INFO - Running: ['***', 'tasks', 'run', 'data_extraction_dag', 'task_defense_stats', 'manual__2023-04-23T10:35:02.305305+00:00', '--job-id', '1177', '--raw', '--subdir', 'DAGS_FOLDER/data_ingestion.py', '--cfg-path', '/tmp/tmppefq42qx']
[2023-04-23T10:35:16.334+0000] {standard_task_runner.py:83} INFO - Job 1177: Subtask task_defense_stats
[2023-04-23T10:35:16.654+0000] {task_command.py:389} INFO - Running <TaskInstance: data_extraction_dag.task_defense_stats manual__2023-04-23T10:35:02.305305+00:00 [running]> on host 235fa867d994
[2023-04-23T10:35:16.863+0000] {taskinstance.py:1516} INFO - Exporting the following env vars:
AIRFLOW_CTX_DAG_OWNER=***
AIRFLOW_CTX_DAG_ID=data_extraction_dag
AIRFLOW_CTX_TASK_ID=task_defense_stats
AIRFLOW_CTX_EXECUTION_DATE=2023-04-23T10:35:02.305305+00:00
AIRFLOW_CTX_TRY_NUMBER=1
AIRFLOW_CTX_DAG_RUN_ID=manual__2023-04-23T10:35:02.305305+00:00
[2023-04-23T10:35:16.868+0000] {logging_mixin.py:137} INFO - Fetching for teams defense stats started
[2023-04-23T10:35:21.114+0000] {logging_mixin.py:137} INFO - Fetching for teams defense stats ended
[2023-04-23T10:35:21.116+0000] {python.py:177} INFO - Done. Returned value was: {"Team":{"0":"New England Patriots","1":"San Francisco 49ers","2":"Buffalo Bills","3":"Baltimore Ravens","4":"Pittsburgh Steelers","5":"Los Angeles Chargers","6":"New York Jets","7":"Chicago Bears","8":"Dallas Cowboys","9":"Philadelphia Eagles","10":"New Orleans Saints","11":"Denver Broncos","12":"Los Angeles Rams","13":"Minnesota Vikings","14":"Tampa Bay Buccaneers","15":"Indianapolis Colts","16":"Kansas City Chiefs","17":"Green Bay Packers","18":"Oakland Raiders","19":"Atlanta Falcons","20":"Tennessee Titans","21":"Cleveland Browns","22":"Carolina Panthers","23":"Jacksonville Jaguars","24":"New York Giants","25":"Seattle Seahawks","26":"Washington","27":"Houston Texans","28":"Cincinnati Bengals","29":"Miami Dolphins","30":"Detroit Lions","31":"Arizona Cardinals"},"('Unnamed: 0_level_0', 'GP')":{"0":16,"1":16,"2":16,"3":16,"4":16,"5":16,"6":16,"7":16,"8":16,"9":16,"10":16,"11":16,"12":16,"13":16,"14":16,"15":16,"16":16,"17":16,"18":16,"19":16,"20":16,"21":16,"22":16,"23":16,"24":16,"25":16,"26":16,"27":16,"28":16,"29":16,"30":16,"31":16},"('Total', 'YDS')":{"0":4414,"1":4509,"2":4772,"3":4809,"4":4866,"5":5009,"6":5170,"7":5186,"8":5232,"9":5307,"10":5329,"11":5392,"12":5434,"13":5465,"14":5503,"15":5549,"16":5594,"17":5642,"18":5677,"19":5693,"20":5752,"21":5785,"22":5992,"23":6007,"24":6037,"25":6106,"26":6162,"27":6213,"28":6299,"29":6364,"30":6406,"31":6432},"('Total', 'YDS\/G')":{"0":275.9,"1":281.8,"2":298.3,"3":300.6,"4":304.1,"5":313.1,"6":323.1,"7":324.1,"8":327.0,"9":331.7,"10":333.1,"11":337.0,"12":339.6,"13":341.6,"14":343.9,"15":346.8,"16":349.6,"17":352.6,"18":354.8,"19":355.8,"20":359.5,"21":361.6,"22":374.5,"23":375.4,"24":377.3,"25":381.6,"26":385.1,"27":388.3,"28":393.7,"29":397.8,"30":400.4,"31":402.0},"('Passing', 'YDS')":{"0":2886,"1":2707,"2":3123,"3":3315,"4":3113,"5":3204,"6":3779,"7":3554,"8":3576,"9":3865,"10":3868,"11":3609,"12":3625,"13":3737,"14":4322,"15":3982,"16":3543,"17":3721,"18":4107,"19":3918,"20":4080,"21":3470,"22":3696,"23":3778,"24":4225,"25":4223,"26":3823,"27":4276,"28":3917,"29":4198,"30":4551,"31":4510},"('Passing', 'YDS\/G')":{"0":180.4,"1":169.2,"2":195.2,"3":207.2,"4":194.6,"5":200.3,"6":236.2,"7":222.1,"8":223.5,"9":241.6,"10":241.8,"11":225.6,"12":226.6,"13":233.6,"14":270.1,"15":248.9,"16":221.4,"17":232.6,"18":256.7,"19":244.9,"20":255.0,"21":216.9,"22":231.0,"23":236.1,"24":264.1,"25":263.9,"26":238.9,"27":267.3,"28":244.8,"29":262.4,"30":284.4,"31":281.9},"('Rushing', 'YDS')":{"0":1528,"1":1802,"2":1649,"3":1494,"4":1753,"5":1805,"6":1391,"7":1632,"8":1656,"9":1442,"10":1461,"11":1783,"12":1809,"13":1728,"14":1181,"15":1567,"16":2051,"17":1921,"18":1570,"19":1775,"20":1672,"21":2315,"22":2296,"23":2229,"24":1812,"25":1883,"26":2339,"27":1937,"28":2382,"29":2166,"30":1855,"31":1922},"('Rushing', 'YDS\/G')":{"0":95.5,"1":112.6,"2":103.1,"3":93.4,"4":109.6,"5":112.8,"6":86.9,"7":102.0,"8":103.5,"9":90.1,"10":91.3,"11":111.4,"12":113.1,"13":108.0,"14":73.8,"15":97.9,"16":128.2,"17":120.1,"18":98.1,"19":110.9,"20":104.5,"21":144.7,"22":143.5,"23":139.3,"24":113.3,"25":117.7,"26":146.2,"27":121.1,"28":148.9,"29":135.4,"30":115.9,"31":120.1},"('Points', 'PTS')":{"0":225,"1":310,"2":259,"3":282,"4":303,"5":345,"6":359,"7":298,"8":321,"9":354,"10":341,"11":316,"12":364,"13":303,"14":449,"15":373,"16":308,"17":313,"18":419,"19":399,"20":331,"21":393,"22":470,"23":397,"24":451,"25":398,"26":435,"27":385,"28":420,"29":494,"30":423,"31":442},"('Points', 'PTS\/G')":{"0":14.1,"1":19.4,"2":16.2,"3":17.6,"4":18.9,"5":21.6,"6":22.4,"7":18.6,"8":20.1,"9":22.1,"10":21.3,"11":19.8,"12":22.8,"13":18.9,"14":28.1,"15":23.3,"16":19.3,"17":19.6,"18":26.2,"19":24.9,"20":20.7,"21":24.6,"22":29.4,"23":24.8,"24":28.2,"25":24.9,"26":27.2,"27":24.1,"28":26.3,"29":30.9,"30":26.4,"31":27.6}}
[2023-04-23T10:35:21.182+0000] {taskinstance.py:1327} INFO - Marking task as SUCCESS. dag_id=data_extraction_dag, task_id=task_defense_stats, execution_date=20230423T103502, start_date=20230423T103516, end_date=20230423T103521
[2023-04-23T10:35:21.289+0000] {local_task_job.py:212} INFO - Task exited with return code 0
[2023-04-23T10:35:21.342+0000] {taskinstance.py:2596} INFO - 0 downstream tasks scheduled from follow-on schedule check
