[2023-04-12T08:15:47.712+0000] {taskinstance.py:1090} INFO - Dependencies all met for dep_context=non-requeueable deps ti=<TaskInstance: data_extraction_dag.load_to_gcs manual__2023-04-12T07:46:25.092898+00:00 [queued]>
[2023-04-12T08:15:47.728+0000] {taskinstance.py:1090} INFO - Dependencies all met for dep_context=requeueable deps ti=<TaskInstance: data_extraction_dag.load_to_gcs manual__2023-04-12T07:46:25.092898+00:00 [queued]>
[2023-04-12T08:15:47.730+0000] {taskinstance.py:1288} INFO - 
--------------------------------------------------------------------------------
[2023-04-12T08:15:47.731+0000] {taskinstance.py:1289} INFO - Starting attempt 11 of 12
[2023-04-12T08:15:47.732+0000] {taskinstance.py:1290} INFO - 
--------------------------------------------------------------------------------
[2023-04-12T08:15:47.768+0000] {taskinstance.py:1309} INFO - Executing <Task(_PythonDecoratedOperator): load_to_gcs> on 2023-04-12 07:46:25.092898+00:00
[2023-04-12T08:15:47.788+0000] {standard_task_runner.py:55} INFO - Started process 1976 to run task
[2023-04-12T08:15:47.796+0000] {standard_task_runner.py:82} INFO - Running: ['***', 'tasks', 'run', 'data_extraction_dag', 'load_to_gcs', 'manual__2023-04-12T07:46:25.092898+00:00', '--job-id', '680', '--raw', '--subdir', 'DAGS_FOLDER/data_ingestion.py', '--cfg-path', '/tmp/tmpycu79p8u']
[2023-04-12T08:15:47.800+0000] {standard_task_runner.py:83} INFO - Job 680: Subtask load_to_gcs
[2023-04-12T08:15:48.011+0000] {task_command.py:389} INFO - Running <TaskInstance: data_extraction_dag.load_to_gcs manual__2023-04-12T07:46:25.092898+00:00 [running]> on host a2e619923d04
[2023-04-12T08:15:48.236+0000] {taskinstance.py:1516} INFO - Exporting the following env vars:
AIRFLOW_CTX_DAG_OWNER=***
AIRFLOW_CTX_DAG_ID=data_extraction_dag
AIRFLOW_CTX_TASK_ID=load_to_gcs
AIRFLOW_CTX_EXECUTION_DATE=2023-04-12T07:46:25.092898+00:00
AIRFLOW_CTX_TRY_NUMBER=11
AIRFLOW_CTX_DAG_RUN_ID=manual__2023-04-12T07:46:25.092898+00:00
[2023-04-12T08:15:48.239+0000] {logging_mixin.py:137} INFO - Loading for nfl data to parquet started
[2023-04-12T08:15:50.927+0000] {taskinstance.py:1080} INFO - Dependencies not met for <TaskInstance: data_extraction_dag.load_to_gcs manual__2023-04-12T07:46:25.092898+00:00 [running]>, dependency 'Task Instance State' FAILED: Task is in the 'running' state.
[2023-04-12T08:15:50.939+0000] {taskinstance.py:1080} INFO - Dependencies not met for <TaskInstance: data_extraction_dag.load_to_gcs manual__2023-04-12T07:46:25.092898+00:00 [running]>, dependency 'Task Instance Not Running' FAILED: Task is in the running state
[2023-04-12T08:15:50.944+0000] {local_task_job.py:151} INFO - Task is not able to be run
[2023-04-12T08:15:55.078+0000] {logging_mixin.py:137} INFO - Loading for nfl data to parquet ended
[2023-04-12T08:15:55.080+0000] {python.py:177} INFO - Done. Returned value was: None
[2023-04-12T08:15:55.095+0000] {taskinstance.py:1327} INFO - Marking task as SUCCESS. dag_id=data_extraction_dag, task_id=load_to_gcs, execution_date=20230412T074625, start_date=20230412T081547, end_date=20230412T081555
[2023-04-12T08:15:55.138+0000] {local_task_job.py:212} INFO - Task exited with return code 0
[2023-04-12T08:15:55.162+0000] {taskinstance.py:2596} INFO - 0 downstream tasks scheduled from follow-on schedule check
