[2023-04-12T04:52:03.862+0000] {taskinstance.py:1090} INFO - Dependencies all met for dep_context=non-requeueable deps ti=<TaskInstance: data_extraction_dag.task_teams manual__2023-04-12T04:20:33.394748+00:00 [queued]>
[2023-04-12T04:52:03.885+0000] {taskinstance.py:1090} INFO - Dependencies all met for dep_context=requeueable deps ti=<TaskInstance: data_extraction_dag.task_teams manual__2023-04-12T04:20:33.394748+00:00 [queued]>
[2023-04-12T04:52:03.886+0000] {taskinstance.py:1288} INFO - 
--------------------------------------------------------------------------------
[2023-04-12T04:52:03.888+0000] {taskinstance.py:1289} INFO - Starting attempt 2 of 2
[2023-04-12T04:52:03.890+0000] {taskinstance.py:1290} INFO - 
--------------------------------------------------------------------------------
[2023-04-12T04:52:03.913+0000] {taskinstance.py:1309} INFO - Executing <Task(_PythonDecoratedOperator): task_teams> on 2023-04-12 04:20:33.394748+00:00
[2023-04-12T04:52:03.962+0000] {standard_task_runner.py:55} INFO - Started process 1964 to run task
[2023-04-12T04:52:04.013+0000] {standard_task_runner.py:82} INFO - Running: ['***', 'tasks', 'run', 'data_extraction_dag', 'task_teams', 'manual__2023-04-12T04:20:33.394748+00:00', '--job-id', '289', '--raw', '--subdir', 'DAGS_FOLDER/data_ingestion.py', '--cfg-path', '/tmp/tmpkl1v891y']
[2023-04-12T04:52:04.049+0000] {standard_task_runner.py:83} INFO - Job 289: Subtask task_teams
[2023-04-12T04:52:04.559+0000] {task_command.py:389} INFO - Running <TaskInstance: data_extraction_dag.task_teams manual__2023-04-12T04:20:33.394748+00:00 [running]> on host 392d142fd52f
[2023-04-12T04:52:04.778+0000] {taskinstance.py:1516} INFO - Exporting the following env vars:
AIRFLOW_CTX_DAG_OWNER=***
AIRFLOW_CTX_DAG_ID=data_extraction_dag
AIRFLOW_CTX_TASK_ID=task_teams
AIRFLOW_CTX_EXECUTION_DATE=2023-04-12T04:20:33.394748+00:00
AIRFLOW_CTX_TRY_NUMBER=2
AIRFLOW_CTX_DAG_RUN_ID=manual__2023-04-12T04:20:33.394748+00:00
[2023-04-12T04:52:04.785+0000] {logging_mixin.py:137} INFO - Fetching for teams started
[2023-04-12T04:52:06.449+0000] {logging_mixin.py:137} INFO - Fetching for teams ended
[2023-04-12T04:52:06.451+0000] {python.py:177} INFO - Done. Returned value was:                                                  $ref  ...                                               logo
0   http://sports.core.api.espn.com/v2/sports/foot...  ...   https://a.espncdn.com/i/teamlogos/nfl/500/sf.png
1   http://sports.core.api.espn.com/v2/sports/foot...  ...  https://a.espncdn.com/i/teamlogos/nfl/500/atl.png
2   http://sports.core.api.espn.com/v2/sports/foot...  ...  https://a.espncdn.com/i/teamlogos/nfl/500/nyg.png
3   http://sports.core.api.espn.com/v2/sports/foot...  ...  https://a.espncdn.com/i/teamlogos/nfl/500/wsh.png
4   http://sports.core.api.espn.com/v2/sports/foot...  ...   https://a.espncdn.com/i/teamlogos/nfl/500/ne.png
5   http://sports.core.api.espn.com/v2/sports/foot...  ...   https://a.espncdn.com/i/teamlogos/nfl/500/kc.png
6   http://sports.core.api.espn.com/v2/sports/foot...  ...  https://a.espncdn.com/i/teamlogos/nfl/500/det.png
7   http://sports.core.api.espn.com/v2/sports/foot...  ...  https://a.espncdn.com/i/teamlogos/nfl/500/den.png
8   http://sports.core.api.espn.com/v2/sports/foot...  ...  https://a.espncdn.com/i/teamlogos/nfl/500/nyj.png
9   http://sports.core.api.espn.com/v2/sports/foot...  ...  https://a.espncdn.com/i/teamlogos/nfl/500/min.png
10  http://sports.core.api.espn.com/v2/sports/foot...  ...  https://a.espncdn.com/i/teamlogos/nfl/500/sea.png
11  http://sports.core.api.espn.com/v2/sports/foot...  ...  https://a.espncdn.com/i/teamlogos/nfl/500/bal.png
12  http://sports.core.api.espn.com/v2/sports/foot...  ...  https://a.espncdn.com/i/teamlogos/nfl/500/ten.png
13  http://sports.core.api.espn.com/v2/sports/foot...  ...  https://a.espncdn.com/i/teamlogos/nfl/500/buf.png
14  http://sports.core.api.espn.com/v2/sports/foot...  ...   https://a.espncdn.com/i/teamlogos/nfl/500/no.png
15  http://sports.core.api.espn.com/v2/sports/foot...  ...   https://a.espncdn.com/i/teamlogos/nfl/500/tb.png
16  http://sports.core.api.espn.com/v2/sports/foot...  ...  https://a.espncdn.com/i/teamlogos/nfl/500/cin.png
17  http://sports.core.api.espn.com/v2/sports/foot...  ...  https://a.espncdn.com/i/teamlogos/nfl/500/car.png
18  http://sports.core.api.espn.com/v2/sports/foot...  ...  https://a.espncdn.com/i/teamlogos/nfl/500/ari.png
19  http://sports.core.api.espn.com/v2/sports/foot...  ...  https://a.espncdn.com/i/teamlogos/nfl/500/ind.png
20  http://sports.core.api.espn.com/v2/sports/foot...  ...   https://a.espncdn.com/i/teamlogos/nfl/500/gb.png
21  http://sports.core.api.espn.com/v2/sports/foot...  ...  https://a.espncdn.com/i/teamlogos/nfl/500/jax.png
22  http://sports.core.api.espn.com/v2/sports/foot...  ...  https://a.espncdn.com/i/teamlogos/nfl/500/cle.png
23  http://sports.core.api.espn.com/v2/sports/foot...  ...  https://a.espncdn.com/i/teamlogos/nfl/500/dal.png
24  http://sports.core.api.espn.com/v2/sports/foot...  ...  https://a.espncdn.com/i/teamlogos/nfl/500/mia.png
25  http://sports.core.api.espn.com/v2/sports/foot...  ...  https://a.espncdn.com/i/teamlogos/nfl/500/hou.png
26  http://sports.core.api.espn.com/v2/sports/foot...  ...   https://a.espncdn.com/i/teamlogos/nfl/500/lv.png
27  http://sports.core.api.espn.com/v2/sports/foot...  ...  https://a.espncdn.com/i/teamlogos/nfl/500/chi.png
28  http://sports.core.api.espn.com/v2/sports/foot...  ...  https://a.espncdn.com/i/teamlogos/nfl/500/pit.png
29  http://sports.core.api.espn.com/v2/sports/foot...  ...  https://a.espncdn.com/i/teamlogos/nfl/500/lar.png
30  http://sports.core.api.espn.com/v2/sports/foot...  ...  https://a.espncdn.com/i/teamlogos/nfl/500/lac.png
31  http://sports.core.api.espn.com/v2/sports/foot...  ...  https://a.espncdn.com/i/teamlogos/nfl/500/phi.png

[32 rows x 42 columns]
[2023-04-12T04:52:06.743+0000] {xcom.py:629} ERROR - Object of type DataFrame is not JSON serializable. If you are using pickle instead of JSON for XCom, then you need to enable pickle support for XCom in your *** config or make sure to decorate your object with attr.
[2023-04-12T04:52:06.745+0000] {taskinstance.py:1776} ERROR - Task failed with exception
Traceback (most recent call last):
  File "/home/airflow/.local/lib/python3.9/site-packages/airflow/utils/session.py", line 72, in wrapper
    return func(*args, **kwargs)
  File "/home/airflow/.local/lib/python3.9/site-packages/airflow/models/taskinstance.py", line 2298, in xcom_push
    XCom.set(
  File "/home/airflow/.local/lib/python3.9/site-packages/airflow/utils/session.py", line 72, in wrapper
    return func(*args, **kwargs)
  File "/home/airflow/.local/lib/python3.9/site-packages/airflow/models/xcom.py", line 234, in set
    value = cls.serialize_value(
  File "/home/airflow/.local/lib/python3.9/site-packages/airflow/models/xcom.py", line 627, in serialize_value
    return json.dumps(value, cls=XComEncoder).encode("UTF-8")
  File "/usr/local/lib/python3.9/json/__init__.py", line 234, in dumps
    return cls(
  File "/home/airflow/.local/lib/python3.9/site-packages/airflow/utils/json.py", line 176, in encode
    return super().encode(o)
  File "/usr/local/lib/python3.9/json/encoder.py", line 199, in encode
    chunks = self.iterencode(o, _one_shot=True)
  File "/usr/local/lib/python3.9/json/encoder.py", line 257, in iterencode
    return _iterencode(o, 0)
  File "/home/airflow/.local/lib/python3.9/site-packages/airflow/utils/json.py", line 170, in default
    return super().default(o)
  File "/usr/local/lib/python3.9/json/encoder.py", line 179, in default
    raise TypeError(f'Object of type {o.__class__.__name__} '
TypeError: Object of type DataFrame is not JSON serializable
[2023-04-12T04:52:06.755+0000] {taskinstance.py:1327} INFO - Marking task as FAILED. dag_id=data_extraction_dag, task_id=task_teams, execution_date=20230412T042033, start_date=20230412T045203, end_date=20230412T045206
[2023-04-12T04:52:06.770+0000] {standard_task_runner.py:100} ERROR - Failed to execute job 289 for task task_teams (Object of type DataFrame is not JSON serializable; 1964)
[2023-04-12T04:52:06.828+0000] {local_task_job.py:212} INFO - Task exited with return code 1
[2023-04-12T04:52:06.855+0000] {taskinstance.py:2596} INFO - 0 downstream tasks scheduled from follow-on schedule check
