[2023-04-25T14:15:43.321+0000] {taskinstance.py:1090} INFO - Dependencies all met for dep_context=non-requeueable deps ti=<TaskInstance: data_extraction_dag.load_to_gcs manual__2023-04-25T14:08:49.779022+00:00 [queued]>
[2023-04-25T14:15:43.336+0000] {taskinstance.py:1090} INFO - Dependencies all met for dep_context=requeueable deps ti=<TaskInstance: data_extraction_dag.load_to_gcs manual__2023-04-25T14:08:49.779022+00:00 [queued]>
[2023-04-25T14:15:43.337+0000] {taskinstance.py:1288} INFO - 
--------------------------------------------------------------------------------
[2023-04-25T14:15:43.338+0000] {taskinstance.py:1289} INFO - Starting attempt 1 of 3
[2023-04-25T14:15:43.339+0000] {taskinstance.py:1290} INFO - 
--------------------------------------------------------------------------------
[2023-04-25T14:15:43.356+0000] {taskinstance.py:1309} INFO - Executing <Task(_PythonDecoratedOperator): load_to_gcs> on 2023-04-25 14:08:49.779022+00:00
[2023-04-25T14:15:43.370+0000] {standard_task_runner.py:55} INFO - Started process 871 to run task
[2023-04-25T14:15:43.374+0000] {standard_task_runner.py:82} INFO - Running: ['***', 'tasks', 'run', 'data_extraction_dag', 'load_to_gcs', 'manual__2023-04-25T14:08:49.779022+00:00', '--job-id', '1293', '--raw', '--subdir', 'DAGS_FOLDER/data_ingestion.py', '--cfg-path', '/tmp/tmpt80ti05u']
[2023-04-25T14:15:43.376+0000] {standard_task_runner.py:83} INFO - Job 1293: Subtask load_to_gcs
[2023-04-25T14:15:43.453+0000] {task_command.py:389} INFO - Running <TaskInstance: data_extraction_dag.load_to_gcs manual__2023-04-25T14:08:49.779022+00:00 [running]> on host 36bdc6733002
[2023-04-25T14:16:05.176+0000] {taskinstance.py:1516} INFO - Exporting the following env vars:
AIRFLOW_CTX_DAG_OWNER=***
AIRFLOW_CTX_DAG_ID=data_extraction_dag
AIRFLOW_CTX_TASK_ID=load_to_gcs
AIRFLOW_CTX_EXECUTION_DATE=2023-04-25T14:08:49.779022+00:00
AIRFLOW_CTX_TRY_NUMBER=1
AIRFLOW_CTX_DAG_RUN_ID=manual__2023-04-25T14:08:49.779022+00:00
[2023-04-25T14:16:05.302+0000] {logging_mixin.py:137} INFO - Loading for nfl data to parquet started
[2023-04-25T14:16:46.666+0000] {logging_mixin.py:137} INFO - Loading for nfl data to parquet ended
[2023-04-25T14:16:46.669+0000] {python.py:177} INFO - Done. Returned value was: None
[2023-04-25T14:16:46.710+0000] {taskinstance.py:1327} INFO - Marking task as SUCCESS. dag_id=data_extraction_dag, task_id=load_to_gcs, execution_date=20230425T140849, start_date=20230425T141543, end_date=20230425T141646
[2023-04-25T14:16:46.885+0000] {local_task_job.py:212} INFO - Task exited with return code 0
[2023-04-25T14:16:47.074+0000] {taskinstance.py:2596} INFO - 0 downstream tasks scheduled from follow-on schedule check
