[2023-04-12T09:17:17.541+0000] {taskinstance.py:1090} INFO - Dependencies all met for dep_context=non-requeueable deps ti=<TaskInstance: data_extraction_dag.task_athlete_stats manual__2023-04-12T09:16:47.753380+00:00 [queued]>
[2023-04-12T09:17:17.612+0000] {taskinstance.py:1090} INFO - Dependencies all met for dep_context=requeueable deps ti=<TaskInstance: data_extraction_dag.task_athlete_stats manual__2023-04-12T09:16:47.753380+00:00 [queued]>
[2023-04-12T09:17:17.614+0000] {taskinstance.py:1288} INFO - 
--------------------------------------------------------------------------------
[2023-04-12T09:17:17.616+0000] {taskinstance.py:1289} INFO - Starting attempt 1 of 2
[2023-04-12T09:17:17.618+0000] {taskinstance.py:1290} INFO - 
--------------------------------------------------------------------------------
[2023-04-12T09:17:17.666+0000] {taskinstance.py:1309} INFO - Executing <Task(_PythonDecoratedOperator): task_athlete_stats> on 2023-04-12 09:16:47.753380+00:00
[2023-04-12T09:17:17.697+0000] {standard_task_runner.py:55} INFO - Started process 4837 to run task
[2023-04-12T09:17:17.732+0000] {standard_task_runner.py:82} INFO - Running: ['***', 'tasks', 'run', 'data_extraction_dag', 'task_athlete_stats', 'manual__2023-04-12T09:16:47.753380+00:00', '--job-id', '697', '--raw', '--subdir', 'DAGS_FOLDER/data_ingestion.py', '--cfg-path', '/tmp/tmp8pi03u55']
[2023-04-12T09:17:17.764+0000] {standard_task_runner.py:83} INFO - Job 697: Subtask task_athlete_stats
[2023-04-12T09:17:18.097+0000] {task_command.py:389} INFO - Running <TaskInstance: data_extraction_dag.task_athlete_stats manual__2023-04-12T09:16:47.753380+00:00 [running]> on host a2e619923d04
[2023-04-12T09:17:18.413+0000] {taskinstance.py:1516} INFO - Exporting the following env vars:
AIRFLOW_CTX_DAG_OWNER=***
AIRFLOW_CTX_DAG_ID=data_extraction_dag
AIRFLOW_CTX_TASK_ID=task_athlete_stats
AIRFLOW_CTX_EXECUTION_DATE=2023-04-12T09:16:47.753380+00:00
AIRFLOW_CTX_TRY_NUMBER=1
AIRFLOW_CTX_DAG_RUN_ID=manual__2023-04-12T09:16:47.753380+00:00
[2023-04-12T09:17:18.458+0000] {logging_mixin.py:137} INFO - Fetching for athlete stats started
[2023-04-12T09:17:27.927+0000] {local_task_job.py:276} WARNING - State of this instance has been externally set to failed. Terminating instance.
[2023-04-12T09:17:27.950+0000] {process_utils.py:129} INFO - Sending Signals.SIGTERM to group 4837. PIDs of all processes in the group: [4837]
[2023-04-12T09:17:27.951+0000] {process_utils.py:84} INFO - Sending the signal Signals.SIGTERM to group 4837
[2023-04-12T09:17:27.953+0000] {taskinstance.py:1488} ERROR - Received SIGTERM. Terminating subprocesses.
[2023-04-12T09:17:28.247+0000] {process_utils.py:79} INFO - Process psutil.Process(pid=4837, status='terminated', exitcode=0, started='09:17:17') (4837) terminated with exit code 0
