[2023-04-12T04:37:18.005+0000] {taskinstance.py:1090} INFO - Dependencies all met for dep_context=non-requeueable deps ti=<TaskInstance: data_extraction_dag.task_leaders manual__2023-04-12T04:19:56.820385+00:00 [queued]>
[2023-04-12T04:37:18.015+0000] {taskinstance.py:1090} INFO - Dependencies all met for dep_context=requeueable deps ti=<TaskInstance: data_extraction_dag.task_leaders manual__2023-04-12T04:19:56.820385+00:00 [queued]>
[2023-04-12T04:37:18.016+0000] {taskinstance.py:1288} INFO - 
--------------------------------------------------------------------------------
[2023-04-12T04:37:18.017+0000] {taskinstance.py:1289} INFO - Starting attempt 1 of 2
[2023-04-12T04:37:18.018+0000] {taskinstance.py:1290} INFO - 
--------------------------------------------------------------------------------
[2023-04-12T04:37:18.036+0000] {taskinstance.py:1309} INFO - Executing <Task(_PythonDecoratedOperator): task_leaders> on 2023-04-12 04:19:56.820385+00:00
[2023-04-12T04:37:18.048+0000] {standard_task_runner.py:55} INFO - Started process 868 to run task
[2023-04-12T04:37:18.053+0000] {standard_task_runner.py:82} INFO - Running: ['***', 'tasks', 'run', 'data_extraction_dag', 'task_leaders', 'manual__2023-04-12T04:19:56.820385+00:00', '--job-id', '272', '--raw', '--subdir', 'DAGS_FOLDER/data_ingestion.py', '--cfg-path', '/tmp/tmpdexbdavt']
[2023-04-12T04:37:18.057+0000] {standard_task_runner.py:83} INFO - Job 272: Subtask task_leaders
[2023-04-12T04:37:18.145+0000] {task_command.py:389} INFO - Running <TaskInstance: data_extraction_dag.task_leaders manual__2023-04-12T04:19:56.820385+00:00 [running]> on host 392d142fd52f
[2023-04-12T04:37:18.222+0000] {taskinstance.py:1516} INFO - Exporting the following env vars:
AIRFLOW_CTX_DAG_OWNER=***
AIRFLOW_CTX_DAG_ID=data_extraction_dag
AIRFLOW_CTX_TASK_ID=task_leaders
AIRFLOW_CTX_EXECUTION_DATE=2023-04-12T04:19:56.820385+00:00
AIRFLOW_CTX_TRY_NUMBER=1
AIRFLOW_CTX_DAG_RUN_ID=manual__2023-04-12T04:19:56.820385+00:00
[2023-04-12T04:37:18.225+0000] {logging_mixin.py:137} INFO - Fetching for leaders started
[2023-04-12T04:37:19.519+0000] {logging_mixin.py:137} INFO - Fetching for leaders ended
[2023-04-12T04:37:19.523+0000] {python.py:177} INFO - Done. Returned value was: None
[2023-04-12T04:37:19.544+0000] {taskinstance.py:1327} INFO - Marking task as SUCCESS. dag_id=data_extraction_dag, task_id=task_leaders, execution_date=20230412T041956, start_date=20230412T043718, end_date=20230412T043719
[2023-04-12T04:37:19.593+0000] {local_task_job.py:212} INFO - Task exited with return code 0
[2023-04-12T04:37:19.627+0000] {taskinstance.py:2596} INFO - 0 downstream tasks scheduled from follow-on schedule check
