[2023-04-23T08:33:38.593+0000] {taskinstance.py:1090} INFO - Dependencies all met for dep_context=non-requeueable deps ti=<TaskInstance: data_extraction_dag.task_athlete_stats manual__2023-04-23T08:21:50.408798+00:00 [queued]>
[2023-04-23T08:33:38.631+0000] {taskinstance.py:1090} INFO - Dependencies all met for dep_context=requeueable deps ti=<TaskInstance: data_extraction_dag.task_athlete_stats manual__2023-04-23T08:21:50.408798+00:00 [queued]>
[2023-04-23T08:33:38.634+0000] {taskinstance.py:1288} INFO - 
--------------------------------------------------------------------------------
[2023-04-23T08:33:38.636+0000] {taskinstance.py:1289} INFO - Starting attempt 2 of 4
[2023-04-23T08:33:38.638+0000] {taskinstance.py:1290} INFO - 
--------------------------------------------------------------------------------
[2023-04-23T08:33:38.679+0000] {taskinstance.py:1309} INFO - Executing <Task(_PythonDecoratedOperator): task_athlete_stats> on 2023-04-23 08:21:50.408798+00:00
[2023-04-23T08:33:38.748+0000] {standard_task_runner.py:55} INFO - Started process 5025 to run task
[2023-04-23T08:33:38.759+0000] {standard_task_runner.py:82} INFO - Running: ['***', 'tasks', 'run', 'data_extraction_dag', 'task_athlete_stats', 'manual__2023-04-23T08:21:50.408798+00:00', '--job-id', '1021', '--raw', '--subdir', 'DAGS_FOLDER/data_ingestion.py', '--cfg-path', '/tmp/tmp325paa80']
[2023-04-23T08:33:38.765+0000] {standard_task_runner.py:83} INFO - Job 1021: Subtask task_athlete_stats
[2023-04-23T08:33:38.980+0000] {task_command.py:389} INFO - Running <TaskInstance: data_extraction_dag.task_athlete_stats manual__2023-04-23T08:21:50.408798+00:00 [running]> on host 235fa867d994
[2023-04-23T08:33:39.633+0000] {taskinstance.py:1516} INFO - Exporting the following env vars:
AIRFLOW_CTX_DAG_OWNER=***
AIRFLOW_CTX_DAG_ID=data_extraction_dag
AIRFLOW_CTX_TASK_ID=task_athlete_stats
AIRFLOW_CTX_EXECUTION_DATE=2023-04-23T08:21:50.408798+00:00
AIRFLOW_CTX_TRY_NUMBER=2
AIRFLOW_CTX_DAG_RUN_ID=manual__2023-04-23T08:21:50.408798+00:00
[2023-04-23T08:33:39.703+0000] {logging_mixin.py:137} INFO - Fetching for athlete stats started
[2023-04-23T08:34:30.116+0000] {local_task_job.py:276} WARNING - State of this instance has been externally set to failed. Terminating instance.
[2023-04-23T08:34:30.150+0000] {process_utils.py:129} INFO - Sending Signals.SIGTERM to group 5025. PIDs of all processes in the group: [5025]
[2023-04-23T08:34:30.152+0000] {process_utils.py:84} INFO - Sending the signal Signals.SIGTERM to group 5025
[2023-04-23T08:34:30.163+0000] {taskinstance.py:1488} ERROR - Received SIGTERM. Terminating subprocesses.
[2023-04-23T08:34:30.327+0000] {process_utils.py:79} INFO - Process psutil.Process(pid=5025, status='terminated', exitcode=0, started='08:33:38') (5025) terminated with exit code 0
