[2023-04-23T10:10:08.652+0000] {taskinstance.py:1090} INFO - Dependencies all met for dep_context=non-requeueable deps ti=<TaskInstance: data_extraction_dag.task_leaders manual__2023-04-23T09:57:33+00:00 [queued]>
[2023-04-23T10:10:08.675+0000] {taskinstance.py:1090} INFO - Dependencies all met for dep_context=requeueable deps ti=<TaskInstance: data_extraction_dag.task_leaders manual__2023-04-23T09:57:33+00:00 [queued]>
[2023-04-23T10:10:08.677+0000] {taskinstance.py:1288} INFO - 
--------------------------------------------------------------------------------
[2023-04-23T10:10:08.679+0000] {taskinstance.py:1289} INFO - Starting attempt 4 of 5
[2023-04-23T10:10:08.681+0000] {taskinstance.py:1290} INFO - 
--------------------------------------------------------------------------------
[2023-04-23T10:10:08.713+0000] {taskinstance.py:1309} INFO - Executing <Task(_PythonDecoratedOperator): task_leaders> on 2023-04-23 09:57:33+00:00
[2023-04-23T10:10:08.731+0000] {standard_task_runner.py:55} INFO - Started process 4109 to run task
[2023-04-23T10:10:08.753+0000] {standard_task_runner.py:82} INFO - Running: ['***', 'tasks', 'run', 'data_extraction_dag', 'task_leaders', 'manual__2023-04-23T09:57:33+00:00', '--job-id', '1156', '--raw', '--subdir', 'DAGS_FOLDER/data_ingestion.py', '--cfg-path', '/tmp/tmpzc2ykwyc']
[2023-04-23T10:10:08.772+0000] {standard_task_runner.py:83} INFO - Job 1156: Subtask task_leaders
[2023-04-23T10:10:09.076+0000] {task_command.py:389} INFO - Running <TaskInstance: data_extraction_dag.task_leaders manual__2023-04-23T09:57:33+00:00 [running]> on host 235fa867d994
[2023-04-23T10:10:09.402+0000] {taskinstance.py:1516} INFO - Exporting the following env vars:
AIRFLOW_CTX_DAG_OWNER=***
AIRFLOW_CTX_DAG_ID=data_extraction_dag
AIRFLOW_CTX_TASK_ID=task_leaders
AIRFLOW_CTX_EXECUTION_DATE=2023-04-23T09:57:33+00:00
AIRFLOW_CTX_TRY_NUMBER=4
AIRFLOW_CTX_DAG_RUN_ID=manual__2023-04-23T09:57:33+00:00
[2023-04-23T10:10:09.417+0000] {logging_mixin.py:137} INFO - Fetching for leaders started
[2023-04-23T10:10:11.601+0000] {taskinstance.py:1776} ERROR - Task failed with exception
Traceback (most recent call last):
  File "/home/airflow/.local/lib/python3.9/site-packages/airflow/decorators/base.py", line 217, in execute
    return_value = super().execute(context)
  File "/home/airflow/.local/lib/python3.9/site-packages/airflow/operators/python.py", line 175, in execute
    return_value = self.execute_callable()
  File "/home/airflow/.local/lib/python3.9/site-packages/airflow/operators/python.py", line 192, in execute_callable
    return self.python_callable(*self.op_args, **self.op_kwargs)
  File "/opt/airflow/dags/data_ingestion.py", line 135, in task_leaders
    leaders=get_leaders(year,season_type).to_json()
  File "/opt/airflow/code/extraction_nfl.py", line 420, in get_leaders
    leaders_df=pd.json_normalize(leaders['categories'][0:10], record_path=['leaders'], meta=['name','shortDisplayName'])
KeyError: 'categories'
[2023-04-23T10:10:11.624+0000] {taskinstance.py:1327} INFO - Marking task as UP_FOR_RETRY. dag_id=data_extraction_dag, task_id=task_leaders, execution_date=20230423T095733, start_date=20230423T101008, end_date=20230423T101011
[2023-04-23T10:10:11.645+0000] {standard_task_runner.py:100} ERROR - Failed to execute job 1156 for task task_leaders ('categories'; 4109)
[2023-04-23T10:10:11.696+0000] {local_task_job.py:212} INFO - Task exited with return code 1
[2023-04-23T10:10:11.751+0000] {taskinstance.py:2596} INFO - 0 downstream tasks scheduled from follow-on schedule check
