[2023-04-12T04:46:26.872+0000] {taskinstance.py:1090} INFO - Dependencies all met for dep_context=non-requeueable deps ti=<TaskInstance: data_extraction_dag.task_leaders manual__2023-04-12T04:20:33.394748+00:00 [queued]>
[2023-04-12T04:46:26.900+0000] {taskinstance.py:1090} INFO - Dependencies all met for dep_context=requeueable deps ti=<TaskInstance: data_extraction_dag.task_leaders manual__2023-04-12T04:20:33.394748+00:00 [queued]>
[2023-04-12T04:46:26.901+0000] {taskinstance.py:1288} INFO - 
--------------------------------------------------------------------------------
[2023-04-12T04:46:26.903+0000] {taskinstance.py:1289} INFO - Starting attempt 1 of 2
[2023-04-12T04:46:26.904+0000] {taskinstance.py:1290} INFO - 
--------------------------------------------------------------------------------
[2023-04-12T04:46:26.946+0000] {taskinstance.py:1309} INFO - Executing <Task(_PythonDecoratedOperator): task_leaders> on 2023-04-12 04:20:33.394748+00:00
[2023-04-12T04:46:27.000+0000] {standard_task_runner.py:55} INFO - Started process 1583 to run task
[2023-04-12T04:46:27.020+0000] {standard_task_runner.py:82} INFO - Running: ['***', 'tasks', 'run', 'data_extraction_dag', 'task_leaders', 'manual__2023-04-12T04:20:33.394748+00:00', '--job-id', '282', '--raw', '--subdir', 'DAGS_FOLDER/data_ingestion.py', '--cfg-path', '/tmp/tmp9bwmtbrd']
[2023-04-12T04:46:27.024+0000] {standard_task_runner.py:83} INFO - Job 282: Subtask task_leaders
[2023-04-12T04:46:27.179+0000] {task_command.py:389} INFO - Running <TaskInstance: data_extraction_dag.task_leaders manual__2023-04-12T04:20:33.394748+00:00 [running]> on host 392d142fd52f
[2023-04-12T04:46:27.392+0000] {taskinstance.py:1516} INFO - Exporting the following env vars:
AIRFLOW_CTX_DAG_OWNER=***
AIRFLOW_CTX_DAG_ID=data_extraction_dag
AIRFLOW_CTX_TASK_ID=task_leaders
AIRFLOW_CTX_EXECUTION_DATE=2023-04-12T04:20:33.394748+00:00
AIRFLOW_CTX_TRY_NUMBER=1
AIRFLOW_CTX_DAG_RUN_ID=manual__2023-04-12T04:20:33.394748+00:00
[2023-04-12T04:46:27.397+0000] {logging_mixin.py:137} INFO - Fetching for leaders started
[2023-04-12T04:46:28.351+0000] {logging_mixin.py:137} INFO - Fetching for leaders ended
[2023-04-12T04:46:28.354+0000] {python.py:177} INFO - Done. Returned value was: None
[2023-04-12T04:46:28.422+0000] {taskinstance.py:1327} INFO - Marking task as SUCCESS. dag_id=data_extraction_dag, task_id=task_leaders, execution_date=20230412T042033, start_date=20230412T044626, end_date=20230412T044628
[2023-04-12T04:46:28.503+0000] {local_task_job.py:212} INFO - Task exited with return code 0
[2023-04-12T04:46:28.554+0000] {taskinstance.py:2596} INFO - 0 downstream tasks scheduled from follow-on schedule check
