[2023-04-12T11:21:43.833+0000] {taskinstance.py:1090} INFO - Dependencies all met for dep_context=non-requeueable deps ti=<TaskInstance: data_extraction_dag.upload_positions_to_gcs manual__2023-04-12T11:14:16.454364+00:00 [queued]>
[2023-04-12T11:21:43.852+0000] {taskinstance.py:1090} INFO - Dependencies all met for dep_context=requeueable deps ti=<TaskInstance: data_extraction_dag.upload_positions_to_gcs manual__2023-04-12T11:14:16.454364+00:00 [queued]>
[2023-04-12T11:21:43.853+0000] {taskinstance.py:1288} INFO - 
--------------------------------------------------------------------------------
[2023-04-12T11:21:43.854+0000] {taskinstance.py:1289} INFO - Starting attempt 6 of 7
[2023-04-12T11:21:43.856+0000] {taskinstance.py:1290} INFO - 
--------------------------------------------------------------------------------
[2023-04-12T11:21:43.879+0000] {taskinstance.py:1309} INFO - Executing <Task(_PythonDecoratedOperator): upload_positions_to_gcs> on 2023-04-12 11:14:16.454364+00:00
[2023-04-12T11:21:43.892+0000] {standard_task_runner.py:55} INFO - Started process 2287 to run task
[2023-04-12T11:21:43.906+0000] {standard_task_runner.py:82} INFO - Running: ['***', 'tasks', 'run', 'data_extraction_dag', 'upload_positions_to_gcs', 'manual__2023-04-12T11:14:16.454364+00:00', '--job-id', '909', '--raw', '--subdir', 'DAGS_FOLDER/data_ingestion.py', '--cfg-path', '/tmp/tmpixrz33aw']
[2023-04-12T11:21:43.920+0000] {standard_task_runner.py:83} INFO - Job 909: Subtask upload_positions_to_gcs
[2023-04-12T11:21:44.053+0000] {task_command.py:389} INFO - Running <TaskInstance: data_extraction_dag.upload_positions_to_gcs manual__2023-04-12T11:14:16.454364+00:00 [running]> on host a2e619923d04
[2023-04-12T11:21:44.169+0000] {taskinstance.py:1516} INFO - Exporting the following env vars:
AIRFLOW_CTX_DAG_OWNER=***
AIRFLOW_CTX_DAG_ID=data_extraction_dag
AIRFLOW_CTX_TASK_ID=upload_positions_to_gcs
AIRFLOW_CTX_EXECUTION_DATE=2023-04-12T11:14:16.454364+00:00
AIRFLOW_CTX_TRY_NUMBER=6
AIRFLOW_CTX_DAG_RUN_ID=manual__2023-04-12T11:14:16.454364+00:00
[2023-04-12T11:21:44.176+0000] {subprocess.py:63} INFO - Tmp dir root location: 
 /tmp
[2023-04-12T11:21:44.179+0000] {subprocess.py:75} INFO - Running command: ['/bin/bash', '-c', 'gsutil cp /opt/***/csv/* gs://nfl-data-lake_nfl-de-project/nfl_csv/']
[2023-04-12T11:21:44.205+0000] {subprocess.py:86} INFO - Output:
[2023-04-12T11:21:45.670+0000] {taskinstance.py:1080} INFO - Dependencies not met for <TaskInstance: data_extraction_dag.upload_positions_to_gcs manual__2023-04-12T11:14:16.454364+00:00 [running]>, dependency 'Task Instance Not Running' FAILED: Task is in the running state
[2023-04-12T11:21:45.672+0000] {taskinstance.py:1080} INFO - Dependencies not met for <TaskInstance: data_extraction_dag.upload_positions_to_gcs manual__2023-04-12T11:14:16.454364+00:00 [running]>, dependency 'Task Instance State' FAILED: Task is in the 'running' state.
[2023-04-12T11:21:45.689+0000] {local_task_job.py:151} INFO - Task is not able to be run
[2023-04-12T11:21:51.351+0000] {taskinstance.py:1080} INFO - Dependencies not met for <TaskInstance: data_extraction_dag.upload_positions_to_gcs manual__2023-04-12T11:14:16.454364+00:00 [running]>, dependency 'Task Instance Not Running' FAILED: Task is in the running state
[2023-04-12T11:21:51.363+0000] {taskinstance.py:1080} INFO - Dependencies not met for <TaskInstance: data_extraction_dag.upload_positions_to_gcs manual__2023-04-12T11:14:16.454364+00:00 [running]>, dependency 'Task Instance State' FAILED: Task is in the 'running' state.
[2023-04-12T11:21:51.396+0000] {local_task_job.py:151} INFO - Task is not able to be run
[2023-04-12T11:21:51.491+0000] {subprocess.py:93} INFO - Copying file:///opt/***/csv/positions_csv.csv [Content-Type=text/csv]...
[2023-04-12T11:21:53.302+0000] {subprocess.py:93} INFO - / [0 files][    0.0 B/  476.0 B]                                                -- [1 files][  476.0 B/  476.0 B]                                                \
[2023-04-12T11:21:53.305+0000] {subprocess.py:93} INFO - Operation completed over 1 objects/476.0 B.
[2023-04-12T11:21:54.248+0000] {subprocess.py:97} INFO - Command exited with return code 0
[2023-04-12T11:21:54.273+0000] {python.py:177} INFO - Done. Returned value was: None
[2023-04-12T11:21:54.433+0000] {taskinstance.py:1327} INFO - Marking task as SUCCESS. dag_id=data_extraction_dag, task_id=upload_positions_to_gcs, execution_date=20230412T111416, start_date=20230412T112143, end_date=20230412T112154
[2023-04-12T11:21:54.551+0000] {local_task_job.py:212} INFO - Task exited with return code 0
[2023-04-12T11:21:54.605+0000] {taskinstance.py:2596} INFO - 0 downstream tasks scheduled from follow-on schedule check
