[2023-04-12T11:16:45.825+0000] {taskinstance.py:1090} INFO - Dependencies all met for dep_context=non-requeueable deps ti=<TaskInstance: data_extraction_dag.upload_positions_to_gcs manual__2023-04-12T11:14:16.454364+00:00 [queued]>
[2023-04-12T11:16:45.845+0000] {taskinstance.py:1090} INFO - Dependencies all met for dep_context=requeueable deps ti=<TaskInstance: data_extraction_dag.upload_positions_to_gcs manual__2023-04-12T11:14:16.454364+00:00 [queued]>
[2023-04-12T11:16:45.847+0000] {taskinstance.py:1288} INFO - 
--------------------------------------------------------------------------------
[2023-04-12T11:16:45.849+0000] {taskinstance.py:1289} INFO - Starting attempt 2 of 3
[2023-04-12T11:16:45.850+0000] {taskinstance.py:1290} INFO - 
--------------------------------------------------------------------------------
[2023-04-12T11:16:45.872+0000] {taskinstance.py:1309} INFO - Executing <Task(_PythonDecoratedOperator): upload_positions_to_gcs> on 2023-04-12 11:14:16.454364+00:00
[2023-04-12T11:16:45.873+0000] {taskinstance.py:1080} INFO - Dependencies not met for <TaskInstance: data_extraction_dag.upload_positions_to_gcs manual__2023-04-12T11:14:16.454364+00:00 [running]>, dependency 'Task Instance Not Running' FAILED: Task is in the running state
[2023-04-12T11:16:45.876+0000] {taskinstance.py:1080} INFO - Dependencies not met for <TaskInstance: data_extraction_dag.upload_positions_to_gcs manual__2023-04-12T11:14:16.454364+00:00 [running]>, dependency 'Task Instance State' FAILED: Task is in the 'running' state.
[2023-04-12T11:16:45.893+0000] {local_task_job.py:151} INFO - Task is not able to be run
[2023-04-12T11:16:45.897+0000] {standard_task_runner.py:55} INFO - Started process 1604 to run task
[2023-04-12T11:16:45.923+0000] {standard_task_runner.py:82} INFO - Running: ['***', 'tasks', 'run', 'data_extraction_dag', 'upload_positions_to_gcs', 'manual__2023-04-12T11:14:16.454364+00:00', '--job-id', '902', '--raw', '--subdir', 'DAGS_FOLDER/data_ingestion.py', '--cfg-path', '/tmp/tmpyge09bru']
[2023-04-12T11:16:45.927+0000] {standard_task_runner.py:83} INFO - Job 902: Subtask upload_positions_to_gcs
[2023-04-12T11:16:46.021+0000] {task_command.py:389} INFO - Running <TaskInstance: data_extraction_dag.upload_positions_to_gcs manual__2023-04-12T11:14:16.454364+00:00 [running]> on host a2e619923d04
[2023-04-12T11:16:46.107+0000] {taskinstance.py:1516} INFO - Exporting the following env vars:
AIRFLOW_CTX_DAG_OWNER=***
AIRFLOW_CTX_DAG_ID=data_extraction_dag
AIRFLOW_CTX_TASK_ID=upload_positions_to_gcs
AIRFLOW_CTX_EXECUTION_DATE=2023-04-12T11:14:16.454364+00:00
AIRFLOW_CTX_TRY_NUMBER=2
AIRFLOW_CTX_DAG_RUN_ID=manual__2023-04-12T11:14:16.454364+00:00
[2023-04-12T11:16:46.109+0000] {python.py:177} INFO - Done. Returned value was: None
[2023-04-12T11:16:46.122+0000] {taskinstance.py:1327} INFO - Marking task as SUCCESS. dag_id=data_extraction_dag, task_id=upload_positions_to_gcs, execution_date=20230412T111416, start_date=20230412T111645, end_date=20230412T111646
[2023-04-12T11:16:46.175+0000] {local_task_job.py:212} INFO - Task exited with return code 0
[2023-04-12T11:16:46.194+0000] {taskinstance.py:2596} INFO - 0 downstream tasks scheduled from follow-on schedule check
