[2023-04-12T11:19:56.737+0000] {taskinstance.py:1090} INFO - Dependencies all met for dep_context=non-requeueable deps ti=<TaskInstance: data_extraction_dag.upload_positions_to_gcs manual__2023-04-12T11:14:16.454364+00:00 [queued]>
[2023-04-12T11:19:56.759+0000] {taskinstance.py:1090} INFO - Dependencies all met for dep_context=requeueable deps ti=<TaskInstance: data_extraction_dag.upload_positions_to_gcs manual__2023-04-12T11:14:16.454364+00:00 [queued]>
[2023-04-12T11:19:56.760+0000] {taskinstance.py:1288} INFO - 
--------------------------------------------------------------------------------
[2023-04-12T11:19:56.761+0000] {taskinstance.py:1289} INFO - Starting attempt 4 of 5
[2023-04-12T11:19:56.762+0000] {taskinstance.py:1290} INFO - 
--------------------------------------------------------------------------------
[2023-04-12T11:19:56.784+0000] {taskinstance.py:1309} INFO - Executing <Task(_PythonDecoratedOperator): upload_positions_to_gcs> on 2023-04-12 11:14:16.454364+00:00
[2023-04-12T11:19:56.786+0000] {taskinstance.py:1080} INFO - Dependencies not met for <TaskInstance: data_extraction_dag.upload_positions_to_gcs manual__2023-04-12T11:14:16.454364+00:00 [running]>, dependency 'Task Instance Not Running' FAILED: Task is in the running state
[2023-04-12T11:19:56.790+0000] {taskinstance.py:1080} INFO - Dependencies not met for <TaskInstance: data_extraction_dag.upload_positions_to_gcs manual__2023-04-12T11:14:16.454364+00:00 [running]>, dependency 'Task Instance State' FAILED: Task is in the 'running' state.
[2023-04-12T11:19:56.807+0000] {local_task_job.py:151} INFO - Task is not able to be run
[2023-04-12T11:19:56.810+0000] {standard_task_runner.py:55} INFO - Started process 1913 to run task
[2023-04-12T11:19:56.838+0000] {standard_task_runner.py:82} INFO - Running: ['***', 'tasks', 'run', 'data_extraction_dag', 'upload_positions_to_gcs', 'manual__2023-04-12T11:14:16.454364+00:00', '--job-id', '906', '--pool', 'default_pool', '--raw', '--subdir', 'DAGS_FOLDER/data_ingestion.py', '--cfg-path', '/tmp/tmp1cv4f1t5']
[2023-04-12T11:19:56.861+0000] {standard_task_runner.py:83} INFO - Job 906: Subtask upload_positions_to_gcs
[2023-04-12T11:19:56.946+0000] {task_command.py:389} INFO - Running <TaskInstance: data_extraction_dag.upload_positions_to_gcs manual__2023-04-12T11:14:16.454364+00:00 [running]> on host a2e619923d04
[2023-04-12T11:19:57.032+0000] {taskinstance.py:1516} INFO - Exporting the following env vars:
AIRFLOW_CTX_DAG_OWNER=***
AIRFLOW_CTX_DAG_ID=data_extraction_dag
AIRFLOW_CTX_TASK_ID=upload_positions_to_gcs
AIRFLOW_CTX_EXECUTION_DATE=2023-04-12T11:14:16.454364+00:00
AIRFLOW_CTX_TRY_NUMBER=4
AIRFLOW_CTX_DAG_RUN_ID=manual__2023-04-12T11:14:16.454364+00:00
[2023-04-12T11:19:57.035+0000] {subprocess.py:63} INFO - Tmp dir root location: 
 /tmp
[2023-04-12T11:19:57.042+0000] {subprocess.py:75} INFO - Running command: ['/bin/bash', '-c', 'gsutil cp -r /opt/***/csv/ gs://nfl-data-lake_nfl-de-project/nfl_csv/']
[2023-04-12T11:19:57.060+0000] {subprocess.py:86} INFO - Output:
[2023-04-12T11:20:01.776+0000] {subprocess.py:93} INFO - Copying file:///opt/***/csv/positions_csv.csv [Content-Type=text/csv]...
[2023-04-12T11:20:03.234+0000] {subprocess.py:93} INFO - / [0 files][    0.0 B/  476.0 B]                                                / [1 files][  476.0 B/  476.0 B]                                                -
[2023-04-12T11:20:03.235+0000] {subprocess.py:93} INFO - Operation completed over 1 objects/476.0 B.
[2023-04-12T11:20:03.864+0000] {subprocess.py:97} INFO - Command exited with return code 0
[2023-04-12T11:20:03.866+0000] {python.py:177} INFO - Done. Returned value was: None
[2023-04-12T11:20:03.879+0000] {taskinstance.py:1327} INFO - Marking task as SUCCESS. dag_id=data_extraction_dag, task_id=upload_positions_to_gcs, execution_date=20230412T111416, start_date=20230412T111956, end_date=20230412T112003
[2023-04-12T11:20:03.949+0000] {local_task_job.py:212} INFO - Task exited with return code 0
[2023-04-12T11:20:03.968+0000] {taskinstance.py:2596} INFO - 0 downstream tasks scheduled from follow-on schedule check
