[2023-04-23T09:44:21.569+0000] {taskinstance.py:1090} INFO - Dependencies all met for dep_context=non-requeueable deps ti=<TaskInstance: data_extraction_dag.task_defense_stats__1 manual__2023-04-23T09:13:51.275453+00:00 [queued]>
[2023-04-23T09:44:21.597+0000] {taskinstance.py:1090} INFO - Dependencies all met for dep_context=requeueable deps ti=<TaskInstance: data_extraction_dag.task_defense_stats__1 manual__2023-04-23T09:13:51.275453+00:00 [queued]>
[2023-04-23T09:44:21.598+0000] {taskinstance.py:1288} INFO - 
--------------------------------------------------------------------------------
[2023-04-23T09:44:21.600+0000] {taskinstance.py:1289} INFO - Starting attempt 2 of 4
[2023-04-23T09:44:21.601+0000] {taskinstance.py:1290} INFO - 
--------------------------------------------------------------------------------
[2023-04-23T09:44:21.647+0000] {taskinstance.py:1309} INFO - Executing <Task(_PythonDecoratedOperator): task_defense_stats__1> on 2023-04-23 09:13:51.275453+00:00
[2023-04-23T09:44:21.689+0000] {standard_task_runner.py:55} INFO - Started process 547 to run task
[2023-04-23T09:44:21.709+0000] {standard_task_runner.py:82} INFO - Running: ['***', 'tasks', 'run', 'data_extraction_dag', 'task_defense_stats__1', 'manual__2023-04-23T09:13:51.275453+00:00', '--job-id', '1088', '--raw', '--subdir', 'DAGS_FOLDER/data_ingestion.py', '--cfg-path', '/tmp/tmp0k7qwps4']
[2023-04-23T09:44:21.720+0000] {standard_task_runner.py:83} INFO - Job 1088: Subtask task_defense_stats__1
[2023-04-23T09:44:22.050+0000] {task_command.py:389} INFO - Running <TaskInstance: data_extraction_dag.task_defense_stats__1 manual__2023-04-23T09:13:51.275453+00:00 [running]> on host 235fa867d994
[2023-04-23T09:44:22.319+0000] {taskinstance.py:1516} INFO - Exporting the following env vars:
AIRFLOW_CTX_DAG_OWNER=***
AIRFLOW_CTX_DAG_ID=data_extraction_dag
AIRFLOW_CTX_TASK_ID=task_defense_stats__1
AIRFLOW_CTX_EXECUTION_DATE=2023-04-23T09:13:51.275453+00:00
AIRFLOW_CTX_TRY_NUMBER=2
AIRFLOW_CTX_DAG_RUN_ID=manual__2023-04-23T09:13:51.275453+00:00
[2023-04-23T09:44:22.323+0000] {logging_mixin.py:137} INFO - Fetching for teams defense stats started
[2023-04-23T09:44:24.060+0000] {logging_mixin.py:137} INFO - Fetching for teams defense stats ended
[2023-04-23T09:44:24.064+0000] {python.py:177} INFO - Done. Returned value was: {"Team":{"0":"Buffalo Bills","1":"Carolina Panthers","2":"San Francisco 49ers","3":"New England Patriots","4":"Cleveland Browns","5":"Chicago Bears","6":"New Orleans Saints","7":"Denver Broncos","8":"Green Bay Packers","9":"Philadelphia Eagles","10":"Arizona Cardinals","11":"Tennessee Titans","12":"Tampa Bay Buccaneers","13":"Las Vegas Raiders","14":"Miami Dolphins","15":"Indianapolis Colts","16":"Los Angeles Rams","17":"Cincinnati Bengals","18":"Dallas Cowboys","19":"Jacksonville Jaguars","20":"New York Giants","21":"Washington","22":"Los Angeles Chargers","23":"Pittsburgh Steelers","24":"Baltimore Ravens","25":"Atlanta Falcons","26":"Kansas City Chiefs","27":"Seattle Seahawks","28":"Detroit Lions","29":"Minnesota Vikings","30":"Houston Texans","31":"New York Jets"},"('Unnamed: 0_level_0', 'GP')":{"0":17,"1":17,"2":17,"3":17,"4":17,"5":17,"6":17,"7":17,"8":17,"9":17,"10":17,"11":17,"12":17,"13":17,"14":17,"15":17,"16":17,"17":17,"18":17,"19":17,"20":17,"21":17,"22":17,"23":17,"24":17,"25":17,"26":17,"27":17,"28":17,"29":17,"30":17,"31":17},"('Total', 'YDS')":{"0":4637,"1":5201,"2":5270,"3":5284,"4":5296,"5":5384,"6":5410,"7":5544,"8":5579,"9":5590,"10":5597,"11":5607,"12":5635,"13":5732,"14":5738,"15":5834,"16":5863,"17":5964,"18":5967,"19":6002,"20":6032,"21":6108,"22":6122,"23":6139,"24":6178,"25":6194,"26":6272,"27":6445,"28":6456,"29":6522,"30":6535,"31":6760},"('Total', 'YDS\/G')":{"0":272.8,"1":305.9,"2":310.0,"3":310.8,"4":311.5,"5":316.7,"6":318.2,"7":326.1,"8":328.2,"9":328.8,"10":329.2,"11":329.8,"12":331.5,"13":337.2,"14":337.5,"15":343.2,"16":344.9,"17":350.8,"18":351.0,"19":353.1,"20":354.8,"21":359.3,"22":360.1,"23":361.1,"24":363.4,"25":364.4,"26":368.9,"27":379.1,"28":379.8,"29":383.6,"30":384.4,"31":397.6},"('Passing', 'YDS')":{"0":2771,"1":3266,"2":3510,"3":3181,"4":3439,"5":3257,"6":3821,"7":3652,"8":3724,"9":3756,"10":3645,"11":4169,"12":4062,"13":3789,"14":3871,"15":3980,"16":4109,"17":4222,"18":4049,"19":3875,"20":3839,"21":4333,"22":3761,"23":3656,"24":4742,"25":3952,"26":4273,"27":4513,"28":4160,"29":4300,"30":4117,"31":4409},"('Passing', 'YDS\/G')":{"0":163.0,"1":192.1,"2":206.5,"3":187.1,"4":202.3,"5":191.6,"6":224.8,"7":214.8,"8":219.1,"9":220.9,"10":214.4,"11":245.2,"12":238.9,"13":222.9,"14":227.7,"15":234.1,"16":241.7,"17":248.4,"18":238.2,"19":227.9,"20":225.8,"21":254.9,"22":221.2,"23":215.1,"24":278.9,"25":232.5,"26":251.4,"27":265.5,"28":244.7,"29":252.9,"30":242.2,"31":259.4},"('Rushing', 'YDS')":{"0":1866,"1":1935,"2":1760,"3":2103,"4":1857,"5":2127,"6":1589,"7":1892,"8":1855,"9":1834,"10":1952,"11":1438,"12":1573,"13":1943,"14":1867,"15":1854,"16":1754,"17":1742,"18":1918,"19":2127,"20":2193,"21":1775,"22":2361,"23":2483,"24":1436,"25":2242,"26":1999,"27":1932,"28":2296,"29":2222,"30":2418,"31":2351},"('Rushing', 'YDS\/G')":{"0":109.8,"1":113.8,"2":103.5,"3":123.7,"4":109.2,"5":125.1,"6":93.5,"7":111.3,"8":109.1,"9":107.9,"10":114.8,"11":84.6,"12":92.5,"13":114.3,"14":109.8,"15":109.1,"16":103.2,"17":102.5,"18":112.8,"19":125.1,"20":129.0,"21":104.4,"22":138.9,"23":146.1,"24":84.5,"25":131.9,"26":117.6,"27":113.6,"28":135.1,"29":130.7,"30":142.2,"31":138.3},"('Points', 'PTS')":{"0":289,"1":404,"2":365,"3":303,"4":371,"5":407,"6":335,"7":322,"8":371,"9":385,"10":366,"11":354,"12":353,"13":439,"14":373,"15":365,"16":372,"17":376,"18":358,"19":457,"20":416,"21":434,"22":459,"23":398,"24":392,"25":459,"26":364,"27":366,"28":467,"29":426,"30":452,"31":504},"('Points', 'PTS\/G')":{"0":17.0,"1":23.8,"2":21.5,"3":17.8,"4":21.8,"5":23.9,"6":19.7,"7":18.9,"8":21.8,"9":22.6,"10":21.5,"11":20.8,"12":20.8,"13":25.8,"14":21.9,"15":21.5,"16":21.9,"17":22.1,"18":21.1,"19":26.9,"20":24.5,"21":25.5,"22":27.0,"23":23.4,"24":23.1,"25":27.0,"26":21.4,"27":21.5,"28":27.5,"29":25.1,"30":26.6,"31":29.6}}
[2023-04-23T09:44:24.122+0000] {taskinstance.py:1327} INFO - Marking task as SUCCESS. dag_id=data_extraction_dag, task_id=task_defense_stats__1, execution_date=20230423T091351, start_date=20230423T094421, end_date=20230423T094424
[2023-04-23T09:44:24.175+0000] {local_task_job.py:212} INFO - Task exited with return code 0
[2023-04-23T09:44:24.240+0000] {taskinstance.py:2596} INFO - 0 downstream tasks scheduled from follow-on schedule check
