[2023-04-12T04:46:28.557+0000] {taskinstance.py:1090} INFO - Dependencies all met for dep_context=non-requeueable deps ti=<TaskInstance: data_extraction_dag.task_defense_stats manual__2023-04-12T04:20:33.394748+00:00 [queued]>
[2023-04-12T04:46:28.578+0000] {taskinstance.py:1090} INFO - Dependencies all met for dep_context=requeueable deps ti=<TaskInstance: data_extraction_dag.task_defense_stats manual__2023-04-12T04:20:33.394748+00:00 [queued]>
[2023-04-12T04:46:28.579+0000] {taskinstance.py:1288} INFO - 
--------------------------------------------------------------------------------
[2023-04-12T04:46:28.582+0000] {taskinstance.py:1289} INFO - Starting attempt 1 of 2
[2023-04-12T04:46:28.583+0000] {taskinstance.py:1290} INFO - 
--------------------------------------------------------------------------------
[2023-04-12T04:46:28.610+0000] {taskinstance.py:1309} INFO - Executing <Task(_PythonDecoratedOperator): task_defense_stats> on 2023-04-12 04:20:33.394748+00:00
[2023-04-12T04:46:28.630+0000] {standard_task_runner.py:55} INFO - Started process 1632 to run task
[2023-04-12T04:46:28.635+0000] {standard_task_runner.py:82} INFO - Running: ['***', 'tasks', 'run', 'data_extraction_dag', 'task_defense_stats', 'manual__2023-04-12T04:20:33.394748+00:00', '--job-id', '284', '--raw', '--subdir', 'DAGS_FOLDER/data_ingestion.py', '--cfg-path', '/tmp/tmp2i_8o6vq']
[2023-04-12T04:46:28.639+0000] {standard_task_runner.py:83} INFO - Job 284: Subtask task_defense_stats
[2023-04-12T04:46:28.761+0000] {task_command.py:389} INFO - Running <TaskInstance: data_extraction_dag.task_defense_stats manual__2023-04-12T04:20:33.394748+00:00 [running]> on host 392d142fd52f
[2023-04-12T04:46:28.884+0000] {taskinstance.py:1516} INFO - Exporting the following env vars:
AIRFLOW_CTX_DAG_OWNER=***
AIRFLOW_CTX_DAG_ID=data_extraction_dag
AIRFLOW_CTX_TASK_ID=task_defense_stats
AIRFLOW_CTX_EXECUTION_DATE=2023-04-12T04:20:33.394748+00:00
AIRFLOW_CTX_TRY_NUMBER=1
AIRFLOW_CTX_DAG_RUN_ID=manual__2023-04-12T04:20:33.394748+00:00
[2023-04-12T04:46:28.889+0000] {logging_mixin.py:137} INFO - Fetching for teams defense stats started
[2023-04-12T04:46:30.238+0000] {taskinstance.py:1776} ERROR - Task failed with exception
Traceback (most recent call last):
  File "/home/airflow/.local/lib/python3.9/site-packages/airflow/decorators/base.py", line 217, in execute
    return_value = super().execute(context)
  File "/home/airflow/.local/lib/python3.9/site-packages/airflow/operators/python.py", line 175, in execute
    return_value = self.execute_callable()
  File "/home/airflow/.local/lib/python3.9/site-packages/airflow/operators/python.py", line 192, in execute_callable
    return self.python_callable(*self.op_args, **self.op_kwargs)
  File "/opt/airflow/dags/data_ingestion.py", line 135, in task_defense_stats
    teams_defense_stats_df = webscrape_defense_stats(year, season_type)
  File "/opt/airflow/code/extraction_nfl.py", line 396, in webscrape_defense_stats
    stats=pd.read_html(str(tables[1]), flavor='bs4')[0]
  File "/home/airflow/.local/lib/python3.9/site-packages/pandas/util/_decorators.py", line 331, in wrapper
    return func(*args, **kwargs)
  File "/home/airflow/.local/lib/python3.9/site-packages/pandas/io/html.py", line 1205, in read_html
    return _parse(
  File "/home/airflow/.local/lib/python3.9/site-packages/pandas/io/html.py", line 982, in _parse
    parser = _parser_dispatch(flav)
  File "/home/airflow/.local/lib/python3.9/site-packages/pandas/io/html.py", line 931, in _parser_dispatch
    raise ImportError("html5lib not found, please install it")
ImportError: html5lib not found, please install it
[2023-04-12T04:46:30.265+0000] {taskinstance.py:1327} INFO - Marking task as UP_FOR_RETRY. dag_id=data_extraction_dag, task_id=task_defense_stats, execution_date=20230412T042033, start_date=20230412T044628, end_date=20230412T044630
[2023-04-12T04:46:30.289+0000] {standard_task_runner.py:100} ERROR - Failed to execute job 284 for task task_defense_stats (html5lib not found, please install it; 1632)
[2023-04-12T04:46:30.308+0000] {local_task_job.py:212} INFO - Task exited with return code 1
[2023-04-12T04:46:30.378+0000] {taskinstance.py:2596} INFO - 0 downstream tasks scheduled from follow-on schedule check
