[2023-04-23T09:44:35.734+0000] {taskinstance.py:1090} INFO - Dependencies all met for dep_context=non-requeueable deps ti=<TaskInstance: data_extraction_dag.task_athlete_stats manual__2023-04-23T09:13:51.275453+00:00 [queued]>
[2023-04-23T09:44:35.753+0000] {taskinstance.py:1090} INFO - Dependencies all met for dep_context=requeueable deps ti=<TaskInstance: data_extraction_dag.task_athlete_stats manual__2023-04-23T09:13:51.275453+00:00 [queued]>
[2023-04-23T09:44:35.754+0000] {taskinstance.py:1288} INFO - 
--------------------------------------------------------------------------------
[2023-04-23T09:44:35.756+0000] {taskinstance.py:1289} INFO - Starting attempt 3 of 5
[2023-04-23T09:44:35.758+0000] {taskinstance.py:1290} INFO - 
--------------------------------------------------------------------------------
[2023-04-23T09:44:35.792+0000] {taskinstance.py:1309} INFO - Executing <Task(_PythonDecoratedOperator): task_athlete_stats> on 2023-04-23 09:13:51.275453+00:00
[2023-04-23T09:44:35.814+0000] {standard_task_runner.py:55} INFO - Started process 850 to run task
[2023-04-23T09:44:35.820+0000] {standard_task_runner.py:82} INFO - Running: ['***', 'tasks', 'run', 'data_extraction_dag', 'task_athlete_stats', 'manual__2023-04-23T09:13:51.275453+00:00', '--job-id', '1095', '--raw', '--subdir', 'DAGS_FOLDER/data_ingestion.py', '--cfg-path', '/tmp/tmprjufxqvj']
[2023-04-23T09:44:35.824+0000] {standard_task_runner.py:83} INFO - Job 1095: Subtask task_athlete_stats
[2023-04-23T09:44:35.944+0000] {task_command.py:389} INFO - Running <TaskInstance: data_extraction_dag.task_athlete_stats manual__2023-04-23T09:13:51.275453+00:00 [running]> on host 235fa867d994
[2023-04-23T09:44:36.135+0000] {taskinstance.py:1516} INFO - Exporting the following env vars:
AIRFLOW_CTX_DAG_OWNER=***
AIRFLOW_CTX_DAG_ID=data_extraction_dag
AIRFLOW_CTX_TASK_ID=task_athlete_stats
AIRFLOW_CTX_EXECUTION_DATE=2023-04-23T09:13:51.275453+00:00
AIRFLOW_CTX_TRY_NUMBER=3
AIRFLOW_CTX_DAG_RUN_ID=manual__2023-04-23T09:13:51.275453+00:00
[2023-04-23T09:44:36.171+0000] {logging_mixin.py:137} INFO - Fetching for athlete stats started
[2023-04-23T09:44:56.899+0000] {local_task_job.py:276} WARNING - State of this instance has been externally set to failed. Terminating instance.
[2023-04-23T09:44:57.039+0000] {process_utils.py:129} INFO - Sending Signals.SIGTERM to group 850. PIDs of all processes in the group: [850]
[2023-04-23T09:44:57.043+0000] {process_utils.py:84} INFO - Sending the signal Signals.SIGTERM to group 850
[2023-04-23T09:44:57.120+0000] {taskinstance.py:1488} ERROR - Received SIGTERM. Terminating subprocesses.
[2023-04-23T09:45:01.843+0000] {taskinstance.py:1776} ERROR - Task failed with exception
Traceback (most recent call last):
  File "/home/airflow/.local/lib/python3.9/site-packages/airflow/decorators/base.py", line 217, in execute
    return_value = super().execute(context)
  File "/home/airflow/.local/lib/python3.9/site-packages/airflow/operators/python.py", line 175, in execute
    return_value = self.execute_callable()
  File "/home/airflow/.local/lib/python3.9/site-packages/airflow/operators/python.py", line 192, in execute_callable
    return self.python_callable(*self.op_args, **self.op_kwargs)
  File "/opt/airflow/dags/data_ingestion.py", line 120, in task_athlete_stats
    athletes_stats=get_athletes_stats(athlete_ids, year, season_type).to_json()
  File "/opt/airflow/code/extraction_nfl.py", line 300, in get_athletes_stats
    q.join()
  File "/usr/local/lib/python3.9/queue.py", line 90, in join
    self.all_tasks_done.wait()
  File "/usr/local/lib/python3.9/threading.py", line 312, in wait
    waiter.acquire()
  File "/home/airflow/.local/lib/python3.9/site-packages/airflow/models/taskinstance.py", line 1490, in signal_handler
    raise AirflowException("Task received SIGTERM signal")
airflow.exceptions.AirflowException: Task received SIGTERM signal
[2023-04-23T09:45:12.428+0000] {taskinstance.py:1327} INFO - Marking task as UP_FOR_RETRY. dag_id=data_extraction_dag, task_id=task_athlete_stats, execution_date=20230423T091351, start_date=20230423T094435, end_date=20230423T094512
[2023-04-23T09:45:15.822+0000] {standard_task_runner.py:100} ERROR - Failed to execute job 1095 for task task_athlete_stats (Task received SIGTERM signal; 850)
[2023-04-23T09:45:17.128+0000] {process_utils.py:79} INFO - Process psutil.Process(pid=850, status='terminated', exitcode=1, started='09:44:34') (850) terminated with exit code 1
