[2023-04-23T10:03:58.216+0000] {taskinstance.py:1090} INFO - Dependencies all met for dep_context=non-requeueable deps ti=<TaskInstance: data_extraction_dag.task_defense_stats manual__2023-04-23T09:57:33+00:00 [queued]>
[2023-04-23T10:03:58.229+0000] {taskinstance.py:1090} INFO - Dependencies all met for dep_context=requeueable deps ti=<TaskInstance: data_extraction_dag.task_defense_stats manual__2023-04-23T09:57:33+00:00 [queued]>
[2023-04-23T10:03:58.230+0000] {taskinstance.py:1288} INFO - 
--------------------------------------------------------------------------------
[2023-04-23T10:03:58.232+0000] {taskinstance.py:1289} INFO - Starting attempt 2 of 3
[2023-04-23T10:03:58.233+0000] {taskinstance.py:1290} INFO - 
--------------------------------------------------------------------------------
[2023-04-23T10:03:58.249+0000] {taskinstance.py:1309} INFO - Executing <Task(_PythonDecoratedOperator): task_defense_stats> on 2023-04-23 09:57:33+00:00
[2023-04-23T10:03:58.261+0000] {standard_task_runner.py:55} INFO - Started process 3446 to run task
[2023-04-23T10:03:58.266+0000] {standard_task_runner.py:82} INFO - Running: ['***', 'tasks', 'run', 'data_extraction_dag', 'task_defense_stats', 'manual__2023-04-23T09:57:33+00:00', '--job-id', '1147', '--raw', '--subdir', 'DAGS_FOLDER/data_ingestion.py', '--cfg-path', '/tmp/tmpinc8xywc']
[2023-04-23T10:03:58.269+0000] {standard_task_runner.py:83} INFO - Job 1147: Subtask task_defense_stats
[2023-04-23T10:03:58.391+0000] {task_command.py:389} INFO - Running <TaskInstance: data_extraction_dag.task_defense_stats manual__2023-04-23T09:57:33+00:00 [running]> on host 235fa867d994
[2023-04-23T10:03:58.509+0000] {taskinstance.py:1516} INFO - Exporting the following env vars:
AIRFLOW_CTX_DAG_OWNER=***
AIRFLOW_CTX_DAG_ID=data_extraction_dag
AIRFLOW_CTX_TASK_ID=task_defense_stats
AIRFLOW_CTX_EXECUTION_DATE=2023-04-23T09:57:33+00:00
AIRFLOW_CTX_TRY_NUMBER=2
AIRFLOW_CTX_DAG_RUN_ID=manual__2023-04-23T09:57:33+00:00
[2023-04-23T10:03:58.512+0000] {logging_mixin.py:137} INFO - Fetching for teams defense stats started
[2023-04-23T10:04:00.916+0000] {taskinstance.py:1776} ERROR - Task failed with exception
Traceback (most recent call last):
  File "/home/airflow/.local/lib/python3.9/site-packages/airflow/decorators/base.py", line 217, in execute
    return_value = super().execute(context)
  File "/home/airflow/.local/lib/python3.9/site-packages/airflow/operators/python.py", line 175, in execute
    return_value = self.execute_callable()
  File "/home/airflow/.local/lib/python3.9/site-packages/airflow/operators/python.py", line 192, in execute_callable
    return self.python_callable(*self.op_args, **self.op_kwargs)
  File "/opt/airflow/dags/data_ingestion.py", line 130, in task_defense_stats
    teams_defense_stats = webscrape_defense_stats(year, season_type).to_json()
  File "/opt/airflow/code/extraction_nfl.py", line 391, in webscrape_defense_stats
    stats=pd.read_html(str(tables[1]), flavor='bs4')[0]
IndexError: list index out of range
[2023-04-23T10:04:00.932+0000] {taskinstance.py:1327} INFO - Marking task as UP_FOR_RETRY. dag_id=data_extraction_dag, task_id=task_defense_stats, execution_date=20230423T095733, start_date=20230423T100358, end_date=20230423T100400
[2023-04-23T10:04:00.947+0000] {standard_task_runner.py:100} ERROR - Failed to execute job 1147 for task task_defense_stats (list index out of range; 3446)
[2023-04-23T10:04:00.972+0000] {local_task_job.py:212} INFO - Task exited with return code 1
[2023-04-23T10:04:00.999+0000] {taskinstance.py:2596} INFO - 0 downstream tasks scheduled from follow-on schedule check
