[2023-04-23T08:33:13.043+0000] {taskinstance.py:1090} INFO - Dependencies all met for dep_context=non-requeueable deps ti=<TaskInstance: data_extraction_dag.upload_positions_to_gcs manual__2023-04-23T08:21:50.408798+00:00 [queued]>
[2023-04-23T08:33:13.069+0000] {taskinstance.py:1090} INFO - Dependencies all met for dep_context=requeueable deps ti=<TaskInstance: data_extraction_dag.upload_positions_to_gcs manual__2023-04-23T08:21:50.408798+00:00 [queued]>
[2023-04-23T08:33:13.071+0000] {taskinstance.py:1288} INFO - 
--------------------------------------------------------------------------------
[2023-04-23T08:33:13.073+0000] {taskinstance.py:1289} INFO - Starting attempt 2 of 4
[2023-04-23T08:33:13.074+0000] {taskinstance.py:1290} INFO - 
--------------------------------------------------------------------------------
[2023-04-23T08:33:13.107+0000] {taskinstance.py:1309} INFO - Executing <Task(_PythonDecoratedOperator): upload_positions_to_gcs> on 2023-04-23 08:21:50.408798+00:00
[2023-04-23T08:33:13.147+0000] {standard_task_runner.py:55} INFO - Started process 4670 to run task
[2023-04-23T08:33:13.171+0000] {standard_task_runner.py:82} INFO - Running: ['***', 'tasks', 'run', 'data_extraction_dag', 'upload_positions_to_gcs', 'manual__2023-04-23T08:21:50.408798+00:00', '--job-id', '1019', '--raw', '--subdir', 'DAGS_FOLDER/data_ingestion.py', '--cfg-path', '/tmp/tmp0x07wh11']
[2023-04-23T08:33:13.187+0000] {standard_task_runner.py:83} INFO - Job 1019: Subtask upload_positions_to_gcs
[2023-04-23T08:33:13.482+0000] {task_command.py:389} INFO - Running <TaskInstance: data_extraction_dag.upload_positions_to_gcs manual__2023-04-23T08:21:50.408798+00:00 [running]> on host 235fa867d994
[2023-04-23T08:33:13.817+0000] {taskinstance.py:1516} INFO - Exporting the following env vars:
AIRFLOW_CTX_DAG_OWNER=***
AIRFLOW_CTX_DAG_ID=data_extraction_dag
AIRFLOW_CTX_TASK_ID=upload_positions_to_gcs
AIRFLOW_CTX_EXECUTION_DATE=2023-04-23T08:21:50.408798+00:00
AIRFLOW_CTX_TRY_NUMBER=2
AIRFLOW_CTX_DAG_RUN_ID=manual__2023-04-23T08:21:50.408798+00:00
[2023-04-23T08:33:13.872+0000] {subprocess.py:63} INFO - Tmp dir root location: 
 /tmp
[2023-04-23T08:33:13.912+0000] {subprocess.py:75} INFO - Running command: ['/bin/bash', '-c', 'gsutil cp /opt/***/csv/* gs://nfl-data-lake_nfl-project-de/nfl_csv/']
[2023-04-23T08:33:14.070+0000] {subprocess.py:86} INFO - Output:
[2023-04-23T08:33:35.614+0000] {subprocess.py:93} INFO - Copying file:///opt/***/csv/positions_csv.csv [Content-Type=text/csv]...
[2023-04-23T08:33:37.164+0000] {subprocess.py:93} INFO - / [0 files][    0.0 B/  476.0 B]                                                / [1 files][  476.0 B/  476.0 B]                                                -
[2023-04-23T08:33:37.166+0000] {subprocess.py:93} INFO - Operation completed over 1 objects/476.0 B.
[2023-04-23T08:33:39.439+0000] {subprocess.py:97} INFO - Command exited with return code 0
[2023-04-23T08:33:39.571+0000] {python.py:177} INFO - Done. Returned value was: None
[2023-04-23T08:33:40.379+0000] {taskinstance.py:1327} INFO - Marking task as SUCCESS. dag_id=data_extraction_dag, task_id=upload_positions_to_gcs, execution_date=20230423T082150, start_date=20230423T083313, end_date=20230423T083340
[2023-04-23T08:33:40.889+0000] {local_task_job.py:212} INFO - Task exited with return code 0
[2023-04-23T08:33:41.232+0000] {taskinstance.py:2596} INFO - 0 downstream tasks scheduled from follow-on schedule check
