[2023-04-23T09:45:59.168+0000] {taskinstance.py:1090} INFO - Dependencies all met for dep_context=non-requeueable deps ti=<TaskInstance: data_extraction_dag.task_athletes manual__2023-04-23T09:43:58.640214+00:00 [queued]>
[2023-04-23T09:45:59.217+0000] {taskinstance.py:1090} INFO - Dependencies all met for dep_context=requeueable deps ti=<TaskInstance: data_extraction_dag.task_athletes manual__2023-04-23T09:43:58.640214+00:00 [queued]>
[2023-04-23T09:45:59.221+0000] {taskinstance.py:1288} INFO - 
--------------------------------------------------------------------------------
[2023-04-23T09:45:59.228+0000] {taskinstance.py:1289} INFO - Starting attempt 1 of 3
[2023-04-23T09:45:59.234+0000] {taskinstance.py:1290} INFO - 
--------------------------------------------------------------------------------
[2023-04-23T09:45:59.313+0000] {taskinstance.py:1309} INFO - Executing <Task(_PythonDecoratedOperator): task_athletes> on 2023-04-23 09:43:58.640214+00:00
[2023-04-23T09:45:59.364+0000] {standard_task_runner.py:55} INFO - Started process 1623 to run task
[2023-04-23T09:45:59.397+0000] {standard_task_runner.py:82} INFO - Running: ['***', 'tasks', 'run', 'data_extraction_dag', 'task_athletes', 'manual__2023-04-23T09:43:58.640214+00:00', '--job-id', '1117', '--raw', '--subdir', 'DAGS_FOLDER/data_ingestion.py', '--cfg-path', '/tmp/tmpp5u6cs89']
[2023-04-23T09:45:59.420+0000] {standard_task_runner.py:83} INFO - Job 1117: Subtask task_athletes
[2023-04-23T09:46:00.063+0000] {task_command.py:389} INFO - Running <TaskInstance: data_extraction_dag.task_athletes manual__2023-04-23T09:43:58.640214+00:00 [running]> on host 235fa867d994
[2023-04-23T09:46:01.850+0000] {taskinstance.py:1516} INFO - Exporting the following env vars:
AIRFLOW_CTX_DAG_OWNER=***
AIRFLOW_CTX_DAG_ID=data_extraction_dag
AIRFLOW_CTX_TASK_ID=task_athletes
AIRFLOW_CTX_EXECUTION_DATE=2023-04-23T09:43:58.640214+00:00
AIRFLOW_CTX_TRY_NUMBER=1
AIRFLOW_CTX_DAG_RUN_ID=manual__2023-04-23T09:43:58.640214+00:00
[2023-04-23T09:46:01.868+0000] {logging_mixin.py:137} INFO - Fetching for athlete details started
[2023-04-23T09:46:40.505+0000] {local_task_job.py:276} WARNING - State of this instance has been externally set to failed. Terminating instance.
[2023-04-23T09:46:40.736+0000] {process_utils.py:129} INFO - Sending Signals.SIGTERM to group 1623. PIDs of all processes in the group: [1623]
[2023-04-23T09:46:40.741+0000] {process_utils.py:84} INFO - Sending the signal Signals.SIGTERM to group 1623
[2023-04-23T09:46:41.291+0000] {taskinstance.py:1488} ERROR - Received SIGTERM. Terminating subprocesses.
[2023-04-23T09:46:42.259+0000] {process_utils.py:79} INFO - Process psutil.Process(pid=1623, status='terminated', exitcode=0, started='09:45:58') (1623) terminated with exit code 0
