[2023-04-23T08:22:03.493+0000] {taskinstance.py:1090} INFO - Dependencies all met for dep_context=non-requeueable deps ti=<TaskInstance: data_extraction_dag.task_defense_stats manual__2023-04-23T08:21:50.408798+00:00 [queued]>
[2023-04-23T08:22:03.513+0000] {taskinstance.py:1090} INFO - Dependencies all met for dep_context=requeueable deps ti=<TaskInstance: data_extraction_dag.task_defense_stats manual__2023-04-23T08:21:50.408798+00:00 [queued]>
[2023-04-23T08:22:03.515+0000] {taskinstance.py:1288} INFO - 
--------------------------------------------------------------------------------
[2023-04-23T08:22:03.517+0000] {taskinstance.py:1289} INFO - Starting attempt 1 of 3
[2023-04-23T08:22:03.518+0000] {taskinstance.py:1290} INFO - 
--------------------------------------------------------------------------------
[2023-04-23T08:22:03.546+0000] {taskinstance.py:1309} INFO - Executing <Task(_PythonDecoratedOperator): task_defense_stats> on 2023-04-23 08:21:50.408798+00:00
[2023-04-23T08:22:03.624+0000] {standard_task_runner.py:55} INFO - Started process 3313 to run task
[2023-04-23T08:22:03.641+0000] {standard_task_runner.py:82} INFO - Running: ['***', 'tasks', 'run', 'data_extraction_dag', 'task_defense_stats', 'manual__2023-04-23T08:21:50.408798+00:00', '--job-id', '994', '--raw', '--subdir', 'DAGS_FOLDER/data_ingestion.py', '--cfg-path', '/tmp/tmp6etkqqjx']
[2023-04-23T08:22:03.656+0000] {standard_task_runner.py:83} INFO - Job 994: Subtask task_defense_stats
[2023-04-23T08:22:03.791+0000] {task_command.py:389} INFO - Running <TaskInstance: data_extraction_dag.task_defense_stats manual__2023-04-23T08:21:50.408798+00:00 [running]> on host 235fa867d994
[2023-04-23T08:22:03.897+0000] {taskinstance.py:1516} INFO - Exporting the following env vars:
AIRFLOW_CTX_DAG_OWNER=***
AIRFLOW_CTX_DAG_ID=data_extraction_dag
AIRFLOW_CTX_TASK_ID=task_defense_stats
AIRFLOW_CTX_EXECUTION_DATE=2023-04-23T08:21:50.408798+00:00
AIRFLOW_CTX_TRY_NUMBER=1
AIRFLOW_CTX_DAG_RUN_ID=manual__2023-04-23T08:21:50.408798+00:00
[2023-04-23T08:22:03.901+0000] {logging_mixin.py:137} INFO - Fetching for teams defense stats started
[2023-04-23T08:22:04.366+0000] {taskinstance.py:1776} ERROR - Task failed with exception
Traceback (most recent call last):
  File "/home/airflow/.local/lib/python3.9/site-packages/airflow/decorators/base.py", line 217, in execute
    return_value = super().execute(context)
  File "/home/airflow/.local/lib/python3.9/site-packages/airflow/operators/python.py", line 175, in execute
    return_value = self.execute_callable()
  File "/home/airflow/.local/lib/python3.9/site-packages/airflow/operators/python.py", line 192, in execute_callable
    return self.python_callable(*self.op_args, **self.op_kwargs)
  File "/opt/airflow/dags/data_ingestion.py", line 129, in task_defense_stats
    teams_defense_stats = webscrape_defense_stats(year, season_type).to_json()
  File "/opt/airflow/code/extraction_nfl.py", line 391, in webscrape_defense_stats
    stats=pd.read_html(str(tables[1]), flavor='bs4')[0]
IndexError: list index out of range
[2023-04-23T08:22:04.390+0000] {taskinstance.py:1327} INFO - Marking task as UP_FOR_RETRY. dag_id=data_extraction_dag, task_id=task_defense_stats, execution_date=20230423T082150, start_date=20230423T082203, end_date=20230423T082204
[2023-04-23T08:22:04.418+0000] {standard_task_runner.py:100} ERROR - Failed to execute job 994 for task task_defense_stats (list index out of range; 3313)
[2023-04-23T08:22:04.460+0000] {local_task_job.py:212} INFO - Task exited with return code 1
[2023-04-23T08:22:04.492+0000] {taskinstance.py:2596} INFO - 0 downstream tasks scheduled from follow-on schedule check
