[2023-04-12T04:44:25.537+0000] {taskinstance.py:1090} INFO - Dependencies all met for dep_context=non-requeueable deps ti=<TaskInstance: data_extraction_dag.task_athlete_stats manual__2023-04-12T04:19:56.820385+00:00 [queued]>
[2023-04-12T04:44:25.550+0000] {taskinstance.py:1090} INFO - Dependencies all met for dep_context=requeueable deps ti=<TaskInstance: data_extraction_dag.task_athlete_stats manual__2023-04-12T04:19:56.820385+00:00 [queued]>
[2023-04-12T04:44:25.551+0000] {taskinstance.py:1288} INFO - 
--------------------------------------------------------------------------------
[2023-04-12T04:44:25.552+0000] {taskinstance.py:1289} INFO - Starting attempt 2 of 2
[2023-04-12T04:44:25.553+0000] {taskinstance.py:1290} INFO - 
--------------------------------------------------------------------------------
[2023-04-12T04:44:25.570+0000] {taskinstance.py:1309} INFO - Executing <Task(_PythonDecoratedOperator): task_athlete_stats> on 2023-04-12 04:19:56.820385+00:00
[2023-04-12T04:44:25.584+0000] {standard_task_runner.py:55} INFO - Started process 1368 to run task
[2023-04-12T04:44:25.588+0000] {standard_task_runner.py:82} INFO - Running: ['***', 'tasks', 'run', 'data_extraction_dag', 'task_athlete_stats', 'manual__2023-04-12T04:19:56.820385+00:00', '--job-id', '278', '--raw', '--subdir', 'DAGS_FOLDER/data_ingestion.py', '--cfg-path', '/tmp/tmp3kw5e4p2']
[2023-04-12T04:44:25.591+0000] {standard_task_runner.py:83} INFO - Job 278: Subtask task_athlete_stats
[2023-04-12T04:44:25.679+0000] {task_command.py:389} INFO - Running <TaskInstance: data_extraction_dag.task_athlete_stats manual__2023-04-12T04:19:56.820385+00:00 [running]> on host 392d142fd52f
[2023-04-12T04:44:25.830+0000] {taskinstance.py:1516} INFO - Exporting the following env vars:
AIRFLOW_CTX_DAG_OWNER=***
AIRFLOW_CTX_DAG_ID=data_extraction_dag
AIRFLOW_CTX_TASK_ID=task_athlete_stats
AIRFLOW_CTX_EXECUTION_DATE=2023-04-12T04:19:56.820385+00:00
AIRFLOW_CTX_TRY_NUMBER=2
AIRFLOW_CTX_DAG_RUN_ID=manual__2023-04-12T04:19:56.820385+00:00
[2023-04-12T04:44:25.855+0000] {logging_mixin.py:137} INFO - Fetching for athlete stats started
[2023-04-12T04:46:20.240+0000] {logging_mixin.py:137} INFO - Fetching for athlete stats ended
[2023-04-12T04:46:20.244+0000] {python.py:177} INFO - Done. Returned value was:                          name  ... rankDisplayValue
0               fumblesForced  ...              NaN
1            fumblesRecovered  ...              NaN
2       fumblesRecoveredYards  ...              NaN
3           fumblesTouchdowns  ...              NaN
4                 gamesPlayed  ...              NaN
...                       ...  ...              ...
170178     totalTwoPointConvs  ...              NaN
170179      twoPointPassConvs  ...              NaN
170180       twoPointRecConvs  ...              NaN
170181      twoPointRushConvs  ...              NaN
170182      onePtSafetiesMade  ...              NaN

[170183 rows x 13 columns]
[2023-04-12T04:46:20.284+0000] {xcom.py:629} ERROR - Object of type DataFrame is not JSON serializable. If you are using pickle instead of JSON for XCom, then you need to enable pickle support for XCom in your *** config or make sure to decorate your object with attr.
[2023-04-12T04:46:20.287+0000] {taskinstance.py:1776} ERROR - Task failed with exception
Traceback (most recent call last):
  File "/home/airflow/.local/lib/python3.9/site-packages/airflow/utils/session.py", line 72, in wrapper
    return func(*args, **kwargs)
  File "/home/airflow/.local/lib/python3.9/site-packages/airflow/models/taskinstance.py", line 2298, in xcom_push
    XCom.set(
  File "/home/airflow/.local/lib/python3.9/site-packages/airflow/utils/session.py", line 72, in wrapper
    return func(*args, **kwargs)
  File "/home/airflow/.local/lib/python3.9/site-packages/airflow/models/xcom.py", line 234, in set
    value = cls.serialize_value(
  File "/home/airflow/.local/lib/python3.9/site-packages/airflow/models/xcom.py", line 627, in serialize_value
    return json.dumps(value, cls=XComEncoder).encode("UTF-8")
  File "/usr/local/lib/python3.9/json/__init__.py", line 234, in dumps
    return cls(
  File "/home/airflow/.local/lib/python3.9/site-packages/airflow/utils/json.py", line 176, in encode
    return super().encode(o)
  File "/usr/local/lib/python3.9/json/encoder.py", line 199, in encode
    chunks = self.iterencode(o, _one_shot=True)
  File "/usr/local/lib/python3.9/json/encoder.py", line 257, in iterencode
    return _iterencode(o, 0)
  File "/home/airflow/.local/lib/python3.9/site-packages/airflow/utils/json.py", line 170, in default
    return super().default(o)
  File "/usr/local/lib/python3.9/json/encoder.py", line 179, in default
    raise TypeError(f'Object of type {o.__class__.__name__} '
TypeError: Object of type DataFrame is not JSON serializable
[2023-04-12T04:46:20.300+0000] {taskinstance.py:1327} INFO - Marking task as FAILED. dag_id=data_extraction_dag, task_id=task_athlete_stats, execution_date=20230412T041956, start_date=20230412T044425, end_date=20230412T044620
[2023-04-12T04:46:20.320+0000] {standard_task_runner.py:100} ERROR - Failed to execute job 278 for task task_athlete_stats (Object of type DataFrame is not JSON serializable; 1368)
[2023-04-12T04:46:20.374+0000] {local_task_job.py:212} INFO - Task exited with return code 1
[2023-04-12T04:46:20.467+0000] {taskinstance.py:2596} INFO - 0 downstream tasks scheduled from follow-on schedule check
