[2023-04-23T08:22:03.493+0000] {taskinstance.py:1090} INFO - Dependencies all met for dep_context=non-requeueable deps ti=<TaskInstance: data_extraction_dag.task_teams manual__2023-04-23T08:21:50.408798+00:00 [queued]>
[2023-04-23T08:22:03.513+0000] {taskinstance.py:1090} INFO - Dependencies all met for dep_context=requeueable deps ti=<TaskInstance: data_extraction_dag.task_teams manual__2023-04-23T08:21:50.408798+00:00 [queued]>
[2023-04-23T08:22:03.515+0000] {taskinstance.py:1288} INFO - 
--------------------------------------------------------------------------------
[2023-04-23T08:22:03.516+0000] {taskinstance.py:1289} INFO - Starting attempt 1 of 3
[2023-04-23T08:22:03.518+0000] {taskinstance.py:1290} INFO - 
--------------------------------------------------------------------------------
[2023-04-23T08:22:03.546+0000] {taskinstance.py:1309} INFO - Executing <Task(_PythonDecoratedOperator): task_teams> on 2023-04-23 08:21:50.408798+00:00
[2023-04-23T08:22:03.624+0000] {standard_task_runner.py:55} INFO - Started process 3311 to run task
[2023-04-23T08:22:03.648+0000] {standard_task_runner.py:82} INFO - Running: ['***', 'tasks', 'run', 'data_extraction_dag', 'task_teams', 'manual__2023-04-23T08:21:50.408798+00:00', '--job-id', '998', '--raw', '--subdir', 'DAGS_FOLDER/data_ingestion.py', '--cfg-path', '/tmp/tmpmgvgky6s']
[2023-04-23T08:22:03.663+0000] {standard_task_runner.py:83} INFO - Job 998: Subtask task_teams
[2023-04-23T08:22:03.808+0000] {task_command.py:389} INFO - Running <TaskInstance: data_extraction_dag.task_teams manual__2023-04-23T08:21:50.408798+00:00 [running]> on host 235fa867d994
[2023-04-23T08:22:03.907+0000] {taskinstance.py:1516} INFO - Exporting the following env vars:
AIRFLOW_CTX_DAG_OWNER=***
AIRFLOW_CTX_DAG_ID=data_extraction_dag
AIRFLOW_CTX_TASK_ID=task_teams
AIRFLOW_CTX_EXECUTION_DATE=2023-04-23T08:21:50.408798+00:00
AIRFLOW_CTX_TRY_NUMBER=1
AIRFLOW_CTX_DAG_RUN_ID=manual__2023-04-23T08:21:50.408798+00:00
[2023-04-23T08:22:03.910+0000] {logging_mixin.py:137} INFO - Fetching for teams started
[2023-04-23T08:22:05.953+0000] {taskinstance.py:1776} ERROR - Task failed with exception
Traceback (most recent call last):
  File "/home/airflow/.local/lib/python3.9/site-packages/airflow/decorators/base.py", line 217, in execute
    return_value = super().execute(context)
  File "/home/airflow/.local/lib/python3.9/site-packages/airflow/operators/python.py", line 175, in execute
    return_value = self.execute_callable()
  File "/home/airflow/.local/lib/python3.9/site-packages/airflow/operators/python.py", line 192, in execute_callable
    return self.python_callable(*self.op_args, **self.op_kwargs)
  File "/opt/airflow/dags/data_ingestion.py", line 104, in task_teams
    teams=get_teams(teamIds, year).to_json()
  File "/opt/airflow/code/extraction_nfl.py", line 93, in get_teams
    teams_df=pd.concat(teams_df_list, ignore_index=True)
  File "/home/airflow/.local/lib/python3.9/site-packages/pandas/util/_decorators.py", line 331, in wrapper
    return func(*args, **kwargs)
  File "/home/airflow/.local/lib/python3.9/site-packages/pandas/core/reshape/concat.py", line 368, in concat
    op = _Concatenator(
  File "/home/airflow/.local/lib/python3.9/site-packages/pandas/core/reshape/concat.py", line 425, in __init__
    raise ValueError("No objects to concatenate")
ValueError: No objects to concatenate
[2023-04-23T08:22:05.975+0000] {taskinstance.py:1327} INFO - Marking task as UP_FOR_RETRY. dag_id=data_extraction_dag, task_id=task_teams, execution_date=20230423T082150, start_date=20230423T082203, end_date=20230423T082205
[2023-04-23T08:22:05.997+0000] {standard_task_runner.py:100} ERROR - Failed to execute job 998 for task task_teams (No objects to concatenate; 3311)
[2023-04-23T08:22:06.027+0000] {local_task_job.py:212} INFO - Task exited with return code 1
[2023-04-23T08:22:06.064+0000] {taskinstance.py:2596} INFO - 0 downstream tasks scheduled from follow-on schedule check
