[2023-04-12T11:03:43.201+0000] {taskinstance.py:1090} INFO - Dependencies all met for dep_context=non-requeueable deps ti=<TaskInstance: gsutil_example.copy_local_to_gcs manual__2023-04-12T11:03:34.650710+00:00 [queued]>
[2023-04-12T11:03:43.212+0000] {taskinstance.py:1090} INFO - Dependencies all met for dep_context=requeueable deps ti=<TaskInstance: gsutil_example.copy_local_to_gcs manual__2023-04-12T11:03:34.650710+00:00 [queued]>
[2023-04-12T11:03:43.213+0000] {taskinstance.py:1288} INFO - 
--------------------------------------------------------------------------------
[2023-04-12T11:03:43.214+0000] {taskinstance.py:1289} INFO - Starting attempt 1 of 1
[2023-04-12T11:03:43.214+0000] {taskinstance.py:1290} INFO - 
--------------------------------------------------------------------------------
[2023-04-12T11:03:43.232+0000] {taskinstance.py:1309} INFO - Executing <Task(BashOperator): copy_local_to_gcs> on 2023-04-12 11:03:34.650710+00:00
[2023-04-12T11:03:43.249+0000] {standard_task_runner.py:55} INFO - Started process 724 to run task
[2023-04-12T11:03:43.253+0000] {standard_task_runner.py:82} INFO - Running: ['***', 'tasks', 'run', 'gsutil_example', 'copy_local_to_gcs', 'manual__2023-04-12T11:03:34.650710+00:00', '--job-id', '887', '--raw', '--subdir', 'DAGS_FOLDER/data_ingestion.py', '--cfg-path', '/tmp/tmpja7it_im']
[2023-04-12T11:03:43.255+0000] {standard_task_runner.py:83} INFO - Job 887: Subtask copy_local_to_gcs
[2023-04-12T11:03:43.363+0000] {task_command.py:389} INFO - Running <TaskInstance: gsutil_example.copy_local_to_gcs manual__2023-04-12T11:03:34.650710+00:00 [running]> on host a2e619923d04
[2023-04-12T11:03:43.455+0000] {taskinstance.py:1516} INFO - Exporting the following env vars:
AIRFLOW_CTX_DAG_OWNER=***
AIRFLOW_CTX_DAG_ID=gsutil_example
AIRFLOW_CTX_TASK_ID=copy_local_to_gcs
AIRFLOW_CTX_EXECUTION_DATE=2023-04-12T11:03:34.650710+00:00
AIRFLOW_CTX_TRY_NUMBER=1
AIRFLOW_CTX_DAG_RUN_ID=manual__2023-04-12T11:03:34.650710+00:00
[2023-04-12T11:03:43.459+0000] {subprocess.py:63} INFO - Tmp dir root location: 
 /tmp
[2023-04-12T11:03:43.478+0000] {subprocess.py:75} INFO - Running command: ['/bin/bash', '-c', 'gsutil cp -r /opt/***/csv/ gs://nfl-data-lake_nfl-de-project/nfl_csv']
[2023-04-12T11:03:43.509+0000] {subprocess.py:86} INFO - Output:
[2023-04-12T11:03:51.394+0000] {subprocess.py:93} INFO - ServiceException: 401 Anonymous caller does not have storage.objects.list access to the Google Cloud Storage bucket. Permission 'storage.objects.list' denied on resource (or it may not exist).
[2023-04-12T11:03:51.933+0000] {subprocess.py:97} INFO - Command exited with return code 1
[2023-04-12T11:03:51.945+0000] {taskinstance.py:1776} ERROR - Task failed with exception
Traceback (most recent call last):
  File "/home/airflow/.local/lib/python3.9/site-packages/airflow/operators/bash.py", line 196, in execute
    raise AirflowException(
airflow.exceptions.AirflowException: Bash command failed. The command returned a non-zero exit code 1.
[2023-04-12T11:03:51.950+0000] {taskinstance.py:1327} INFO - Marking task as FAILED. dag_id=gsutil_example, task_id=copy_local_to_gcs, execution_date=20230412T110334, start_date=20230412T110343, end_date=20230412T110351
[2023-04-12T11:03:51.973+0000] {standard_task_runner.py:100} ERROR - Failed to execute job 887 for task copy_local_to_gcs (Bash command failed. The command returned a non-zero exit code 1.; 724)
[2023-04-12T11:03:52.015+0000] {local_task_job.py:212} INFO - Task exited with return code 1
[2023-04-12T11:03:52.036+0000] {taskinstance.py:2596} INFO - 0 downstream tasks scheduled from follow-on schedule check
