[2023-04-23T10:10:47.080+0000] {taskinstance.py:1090} INFO - Dependencies all met for dep_context=non-requeueable deps ti=<TaskInstance: data_extraction_dag.task_athlete_stats manual__2023-04-23T09:57:33+00:00 [queued]>
[2023-04-23T10:10:47.105+0000] {taskinstance.py:1090} INFO - Dependencies all met for dep_context=requeueable deps ti=<TaskInstance: data_extraction_dag.task_athlete_stats manual__2023-04-23T09:57:33+00:00 [queued]>
[2023-04-23T10:10:47.106+0000] {taskinstance.py:1288} INFO - 
--------------------------------------------------------------------------------
[2023-04-23T10:10:47.108+0000] {taskinstance.py:1289} INFO - Starting attempt 3 of 5
[2023-04-23T10:10:47.109+0000] {taskinstance.py:1290} INFO - 
--------------------------------------------------------------------------------
[2023-04-23T10:10:47.133+0000] {taskinstance.py:1309} INFO - Executing <Task(_PythonDecoratedOperator): task_athlete_stats> on 2023-04-23 09:57:33+00:00
[2023-04-23T10:10:47.147+0000] {standard_task_runner.py:55} INFO - Started process 4516 to run task
[2023-04-23T10:10:47.152+0000] {standard_task_runner.py:82} INFO - Running: ['***', 'tasks', 'run', 'data_extraction_dag', 'task_athlete_stats', 'manual__2023-04-23T09:57:33+00:00', '--job-id', '1166', '--raw', '--subdir', 'DAGS_FOLDER/data_ingestion.py', '--cfg-path', '/tmp/tmp5jjz9pw_']
[2023-04-23T10:10:47.156+0000] {standard_task_runner.py:83} INFO - Job 1166: Subtask task_athlete_stats
[2023-04-23T10:10:47.271+0000] {task_command.py:389} INFO - Running <TaskInstance: data_extraction_dag.task_athlete_stats manual__2023-04-23T09:57:33+00:00 [running]> on host 235fa867d994
[2023-04-23T10:10:47.427+0000] {taskinstance.py:1516} INFO - Exporting the following env vars:
AIRFLOW_CTX_DAG_OWNER=***
AIRFLOW_CTX_DAG_ID=data_extraction_dag
AIRFLOW_CTX_TASK_ID=task_athlete_stats
AIRFLOW_CTX_EXECUTION_DATE=2023-04-23T09:57:33+00:00
AIRFLOW_CTX_TRY_NUMBER=3
AIRFLOW_CTX_DAG_RUN_ID=manual__2023-04-23T09:57:33+00:00
[2023-04-23T10:10:47.461+0000] {logging_mixin.py:137} INFO - Fetching for athlete stats started
[2023-04-23T10:10:57.671+0000] {local_task_job.py:276} WARNING - State of this instance has been externally set to skipped. Terminating instance.
[2023-04-23T10:10:57.808+0000] {process_utils.py:129} INFO - Sending Signals.SIGTERM to group 4516. PIDs of all processes in the group: [4516]
[2023-04-23T10:10:57.810+0000] {process_utils.py:84} INFO - Sending the signal Signals.SIGTERM to group 4516
[2023-04-23T10:10:57.815+0000] {taskinstance.py:1488} ERROR - Received SIGTERM. Terminating subprocesses.
[2023-04-23T10:11:01.669+0000] {process_utils.py:79} INFO - Process psutil.Process(pid=4516, status='terminated', exitcode=0, started='10:10:46') (4516) terminated with exit code 0
