[2023-04-23T08:41:25.308+0000] {taskinstance.py:1090} INFO - Dependencies all met for dep_context=non-requeueable deps ti=<TaskInstance: data_extraction_dag.task_athlete_stats manual__2023-04-23T08:23:43.182997+00:00 [queued]>
[2023-04-23T08:41:25.324+0000] {taskinstance.py:1090} INFO - Dependencies all met for dep_context=requeueable deps ti=<TaskInstance: data_extraction_dag.task_athlete_stats manual__2023-04-23T08:23:43.182997+00:00 [queued]>
[2023-04-23T08:41:25.325+0000] {taskinstance.py:1288} INFO - 
--------------------------------------------------------------------------------
[2023-04-23T08:41:25.326+0000] {taskinstance.py:1289} INFO - Starting attempt 3 of 4
[2023-04-23T08:41:25.327+0000] {taskinstance.py:1290} INFO - 
--------------------------------------------------------------------------------
[2023-04-23T08:41:25.349+0000] {taskinstance.py:1309} INFO - Executing <Task(_PythonDecoratedOperator): task_athlete_stats> on 2023-04-23 08:23:43.182997+00:00
[2023-04-23T08:41:25.363+0000] {standard_task_runner.py:55} INFO - Started process 5458 to run task
[2023-04-23T08:41:25.373+0000] {standard_task_runner.py:82} INFO - Running: ['***', 'tasks', 'run', 'data_extraction_dag', 'task_athlete_stats', 'manual__2023-04-23T08:23:43.182997+00:00', '--job-id', '1023', '--raw', '--subdir', 'DAGS_FOLDER/data_ingestion.py', '--cfg-path', '/tmp/tmpkjve781v']
[2023-04-23T08:41:25.382+0000] {standard_task_runner.py:83} INFO - Job 1023: Subtask task_athlete_stats
[2023-04-23T08:41:25.494+0000] {task_command.py:389} INFO - Running <TaskInstance: data_extraction_dag.task_athlete_stats manual__2023-04-23T08:23:43.182997+00:00 [running]> on host 235fa867d994
[2023-04-23T08:41:25.746+0000] {taskinstance.py:1516} INFO - Exporting the following env vars:
AIRFLOW_CTX_DAG_OWNER=***
AIRFLOW_CTX_DAG_ID=data_extraction_dag
AIRFLOW_CTX_TASK_ID=task_athlete_stats
AIRFLOW_CTX_EXECUTION_DATE=2023-04-23T08:23:43.182997+00:00
AIRFLOW_CTX_TRY_NUMBER=3
AIRFLOW_CTX_DAG_RUN_ID=manual__2023-04-23T08:23:43.182997+00:00
[2023-04-23T08:41:25.773+0000] {logging_mixin.py:137} INFO - Fetching for athlete stats started
[2023-04-23T08:41:35.582+0000] {local_task_job.py:276} WARNING - State of this instance has been externally set to failed. Terminating instance.
[2023-04-23T08:41:35.599+0000] {process_utils.py:129} INFO - Sending Signals.SIGTERM to group 5458. PIDs of all processes in the group: [5458]
[2023-04-23T08:41:35.600+0000] {process_utils.py:84} INFO - Sending the signal Signals.SIGTERM to group 5458
[2023-04-23T08:41:35.605+0000] {taskinstance.py:1488} ERROR - Received SIGTERM. Terminating subprocesses.
[2023-04-23T08:41:35.775+0000] {process_utils.py:79} INFO - Process psutil.Process(pid=5458, status='terminated', exitcode=0, started='08:41:24') (5458) terminated with exit code 0
