[2023-04-23T08:48:35.776+0000] {taskinstance.py:1090} INFO - Dependencies all met for dep_context=non-requeueable deps ti=<TaskInstance: data_extraction_dag.task_athlete_stats manual__2023-04-23T08:23:43.182997+00:00 [queued]>
[2023-04-23T08:48:35.799+0000] {taskinstance.py:1090} INFO - Dependencies all met for dep_context=requeueable deps ti=<TaskInstance: data_extraction_dag.task_athlete_stats manual__2023-04-23T08:23:43.182997+00:00 [queued]>
[2023-04-23T08:48:35.801+0000] {taskinstance.py:1288} INFO - 
--------------------------------------------------------------------------------
[2023-04-23T08:48:35.802+0000] {taskinstance.py:1289} INFO - Starting attempt 5 of 7
[2023-04-23T08:48:35.803+0000] {taskinstance.py:1290} INFO - 
--------------------------------------------------------------------------------
[2023-04-23T08:48:35.827+0000] {taskinstance.py:1309} INFO - Executing <Task(_PythonDecoratedOperator): task_athlete_stats> on 2023-04-23 08:23:43.182997+00:00
[2023-04-23T08:48:35.844+0000] {standard_task_runner.py:55} INFO - Started process 5847 to run task
[2023-04-23T08:48:35.848+0000] {standard_task_runner.py:82} INFO - Running: ['***', 'tasks', 'run', 'data_extraction_dag', 'task_athlete_stats', 'manual__2023-04-23T08:23:43.182997+00:00', '--job-id', '1027', '--raw', '--subdir', 'DAGS_FOLDER/data_ingestion.py', '--cfg-path', '/tmp/tmpk54aqxba']
[2023-04-23T08:48:35.852+0000] {standard_task_runner.py:83} INFO - Job 1027: Subtask task_athlete_stats
[2023-04-23T08:48:35.972+0000] {task_command.py:389} INFO - Running <TaskInstance: data_extraction_dag.task_athlete_stats manual__2023-04-23T08:23:43.182997+00:00 [running]> on host 235fa867d994
[2023-04-23T08:48:36.300+0000] {taskinstance.py:1516} INFO - Exporting the following env vars:
AIRFLOW_CTX_DAG_OWNER=***
AIRFLOW_CTX_DAG_ID=data_extraction_dag
AIRFLOW_CTX_TASK_ID=task_athlete_stats
AIRFLOW_CTX_EXECUTION_DATE=2023-04-23T08:23:43.182997+00:00
AIRFLOW_CTX_TRY_NUMBER=5
AIRFLOW_CTX_DAG_RUN_ID=manual__2023-04-23T08:23:43.182997+00:00
[2023-04-23T08:48:36.356+0000] {logging_mixin.py:137} INFO - Fetching for athlete stats started
[2023-04-23T08:48:46.135+0000] {local_task_job.py:276} WARNING - State of this instance has been externally set to up_for_retry. Terminating instance.
[2023-04-23T08:48:46.142+0000] {process_utils.py:129} INFO - Sending Signals.SIGTERM to group 5847. PIDs of all processes in the group: [5847]
[2023-04-23T08:48:46.143+0000] {process_utils.py:84} INFO - Sending the signal Signals.SIGTERM to group 5847
[2023-04-23T08:48:46.154+0000] {taskinstance.py:1488} ERROR - Received SIGTERM. Terminating subprocesses.
[2023-04-23T08:48:46.242+0000] {taskinstance.py:1776} ERROR - Task failed with exception
Traceback (most recent call last):
  File "/home/airflow/.local/lib/python3.9/site-packages/airflow/decorators/base.py", line 217, in execute
    return_value = super().execute(context)
  File "/home/airflow/.local/lib/python3.9/site-packages/airflow/operators/python.py", line 175, in execute
    return_value = self.execute_callable()
  File "/home/airflow/.local/lib/python3.9/site-packages/airflow/operators/python.py", line 192, in execute_callable
    return self.python_callable(*self.op_args, **self.op_kwargs)
  File "/opt/airflow/dags/data_ingestion.py", line 121, in task_athlete_stats
    athletes_stats=get_athletes_stats(athlete_ids, year, season_type).to_json()
  File "/opt/airflow/code/extraction_nfl.py", line 300, in get_athletes_stats
    q.join()
  File "/usr/local/lib/python3.9/queue.py", line 90, in join
    self.all_tasks_done.wait()
  File "/usr/local/lib/python3.9/threading.py", line 312, in wait
    waiter.acquire()
  File "/home/airflow/.local/lib/python3.9/site-packages/airflow/models/taskinstance.py", line 1490, in signal_handler
    raise AirflowException("Task received SIGTERM signal")
airflow.exceptions.AirflowException: Task received SIGTERM signal
[2023-04-23T08:48:46.618+0000] {taskinstance.py:1327} INFO - Marking task as UP_FOR_RETRY. dag_id=data_extraction_dag, task_id=task_athlete_stats, execution_date=20230423T082343, start_date=20230423T084835, end_date=20230423T084846
[2023-04-23T08:48:46.770+0000] {standard_task_runner.py:100} ERROR - Failed to execute job 1027 for task task_athlete_stats (Task received SIGTERM signal; 5847)
[2023-04-23T08:48:46.968+0000] {process_utils.py:79} INFO - Process psutil.Process(pid=5847, status='terminated', exitcode=1, started='08:48:35') (5847) terminated with exit code 1
