[2023-04-23T08:47:09.554+0000] {taskinstance.py:1090} INFO - Dependencies all met for dep_context=non-requeueable deps ti=<TaskInstance: data_extraction_dag.task_athlete_stats manual__2023-04-23T08:23:43.182997+00:00 [queued]>
[2023-04-23T08:47:09.572+0000] {taskinstance.py:1090} INFO - Dependencies all met for dep_context=requeueable deps ti=<TaskInstance: data_extraction_dag.task_athlete_stats manual__2023-04-23T08:23:43.182997+00:00 [queued]>
[2023-04-23T08:47:09.573+0000] {taskinstance.py:1288} INFO - 
--------------------------------------------------------------------------------
[2023-04-23T08:47:09.575+0000] {taskinstance.py:1289} INFO - Starting attempt 4 of 6
[2023-04-23T08:47:09.577+0000] {taskinstance.py:1290} INFO - 
--------------------------------------------------------------------------------
[2023-04-23T08:47:09.601+0000] {taskinstance.py:1309} INFO - Executing <Task(_PythonDecoratedOperator): task_athlete_stats> on 2023-04-23 08:23:43.182997+00:00
[2023-04-23T08:47:09.627+0000] {standard_task_runner.py:55} INFO - Started process 5767 to run task
[2023-04-23T08:47:09.632+0000] {standard_task_runner.py:82} INFO - Running: ['***', 'tasks', 'run', 'data_extraction_dag', 'task_athlete_stats', 'manual__2023-04-23T08:23:43.182997+00:00', '--job-id', '1025', '--raw', '--subdir', 'DAGS_FOLDER/data_ingestion.py', '--cfg-path', '/tmp/tmpi7p0y6yw']
[2023-04-23T08:47:09.636+0000] {standard_task_runner.py:83} INFO - Job 1025: Subtask task_athlete_stats
[2023-04-23T08:47:09.738+0000] {task_command.py:389} INFO - Running <TaskInstance: data_extraction_dag.task_athlete_stats manual__2023-04-23T08:23:43.182997+00:00 [running]> on host 235fa867d994
[2023-04-23T08:47:09.897+0000] {taskinstance.py:1516} INFO - Exporting the following env vars:
AIRFLOW_CTX_DAG_OWNER=***
AIRFLOW_CTX_DAG_ID=data_extraction_dag
AIRFLOW_CTX_TASK_ID=task_athlete_stats
AIRFLOW_CTX_EXECUTION_DATE=2023-04-23T08:23:43.182997+00:00
AIRFLOW_CTX_TRY_NUMBER=4
AIRFLOW_CTX_DAG_RUN_ID=manual__2023-04-23T08:23:43.182997+00:00
[2023-04-23T08:47:09.927+0000] {logging_mixin.py:137} INFO - Fetching for athlete stats started
[2023-04-23T08:47:16.061+0000] {taskinstance.py:1080} INFO - Dependencies not met for <TaskInstance: data_extraction_dag.task_athlete_stats manual__2023-04-23T08:23:43.182997+00:00 [running]>, dependency 'Task Instance State' FAILED: Task is in the 'running' state.
[2023-04-23T08:47:16.074+0000] {taskinstance.py:1080} INFO - Dependencies not met for <TaskInstance: data_extraction_dag.task_athlete_stats manual__2023-04-23T08:23:43.182997+00:00 [running]>, dependency 'Task Instance Not Running' FAILED: Task is in the running state
[2023-04-23T08:47:16.079+0000] {local_task_job.py:151} INFO - Task is not able to be run
[2023-04-23T08:48:36.335+0000] {local_task_job.py:259} WARNING - Recorded pid 5847 does not match the current pid 5767
[2023-04-23T08:48:36.390+0000] {process_utils.py:129} INFO - Sending Signals.SIGTERM to group 5767. PIDs of all processes in the group: [5767]
[2023-04-23T08:48:36.393+0000] {process_utils.py:84} INFO - Sending the signal Signals.SIGTERM to group 5767
[2023-04-23T08:48:36.400+0000] {taskinstance.py:1488} ERROR - Received SIGTERM. Terminating subprocesses.
[2023-04-23T08:48:36.968+0000] {taskinstance.py:1776} ERROR - Task failed with exception
Traceback (most recent call last):
  File "/home/airflow/.local/lib/python3.9/site-packages/airflow/decorators/base.py", line 217, in execute
    return_value = super().execute(context)
  File "/home/airflow/.local/lib/python3.9/site-packages/airflow/operators/python.py", line 175, in execute
    return_value = self.execute_callable()
  File "/home/airflow/.local/lib/python3.9/site-packages/airflow/operators/python.py", line 192, in execute_callable
    return self.python_callable(*self.op_args, **self.op_kwargs)
  File "/opt/airflow/dags/data_ingestion.py", line 121, in task_athlete_stats
    athletes_stats=get_athletes_stats(athlete_ids, year, season_type).to_json()
  File "/opt/airflow/code/extraction_nfl.py", line 300, in get_athletes_stats
    q.join()
  File "/usr/local/lib/python3.9/queue.py", line 90, in join
    self.all_tasks_done.wait()
  File "/usr/local/lib/python3.9/threading.py", line 312, in wait
    waiter.acquire()
  File "/home/airflow/.local/lib/python3.9/site-packages/airflow/models/taskinstance.py", line 1490, in signal_handler
    raise AirflowException("Task received SIGTERM signal")
airflow.exceptions.AirflowException: Task received SIGTERM signal
[2023-04-23T08:48:37.143+0000] {taskinstance.py:1327} INFO - Marking task as UP_FOR_RETRY. dag_id=data_extraction_dag, task_id=task_athlete_stats, execution_date=20230423T082343, start_date=20230423T084835, end_date=20230423T084837
[2023-04-23T08:48:37.408+0000] {standard_task_runner.py:100} ERROR - Failed to execute job 1025 for task task_athlete_stats (Task received SIGTERM signal; 5767)
[2023-04-23T08:48:37.510+0000] {process_utils.py:79} INFO - Process psutil.Process(pid=5767, status='terminated', exitcode=1, started='08:47:08') (5767) terminated with exit code 1
