[2023-04-12T10:15:02.213+0000] {taskinstance.py:1090} INFO - Dependencies all met for dep_context=non-requeueable deps ti=<TaskInstance: data_extraction_dag.load_to_gcs manual__2023-04-12T09:16:47.753380+00:00 [queued]>
[2023-04-12T10:15:02.236+0000] {taskinstance.py:1090} INFO - Dependencies all met for dep_context=requeueable deps ti=<TaskInstance: data_extraction_dag.load_to_gcs manual__2023-04-12T09:16:47.753380+00:00 [queued]>
[2023-04-12T10:15:02.237+0000] {taskinstance.py:1288} INFO - 
--------------------------------------------------------------------------------
[2023-04-12T10:15:02.239+0000] {taskinstance.py:1289} INFO - Starting attempt 1 of 2
[2023-04-12T10:15:02.240+0000] {taskinstance.py:1290} INFO - 
--------------------------------------------------------------------------------
[2023-04-12T10:15:02.276+0000] {taskinstance.py:1309} INFO - Executing <Task(_PythonDecoratedOperator): load_to_gcs> on 2023-04-12 09:16:47.753380+00:00
[2023-04-12T10:15:02.289+0000] {taskinstance.py:1080} INFO - Dependencies not met for <TaskInstance: data_extraction_dag.load_to_gcs manual__2023-04-12T09:16:47.753380+00:00 [running]>, dependency 'Task Instance Not Running' FAILED: Task is in the running state
[2023-04-12T10:15:02.293+0000] {taskinstance.py:1080} INFO - Dependencies not met for <TaskInstance: data_extraction_dag.load_to_gcs manual__2023-04-12T09:16:47.753380+00:00 [running]>, dependency 'Task Instance State' FAILED: Task is in the 'running' state.
[2023-04-12T10:15:02.299+0000] {local_task_job.py:151} INFO - Task is not able to be run
[2023-04-12T10:15:02.309+0000] {standard_task_runner.py:55} INFO - Started process 1699 to run task
[2023-04-12T10:15:02.329+0000] {standard_task_runner.py:82} INFO - Running: ['***', 'tasks', 'run', 'data_extraction_dag', 'load_to_gcs', 'manual__2023-04-12T09:16:47.753380+00:00', '--job-id', '813', '--pool', 'default_pool', '--raw', '--subdir', 'DAGS_FOLDER/data_ingestion.py', '--cfg-path', '/tmp/tmpu8cnynsk']
[2023-04-12T10:15:02.340+0000] {standard_task_runner.py:83} INFO - Job 813: Subtask load_to_gcs
[2023-04-12T10:15:02.453+0000] {task_command.py:389} INFO - Running <TaskInstance: data_extraction_dag.load_to_gcs manual__2023-04-12T09:16:47.753380+00:00 [running]> on host a2e619923d04
[2023-04-12T10:15:02.878+0000] {taskinstance.py:1516} INFO - Exporting the following env vars:
AIRFLOW_CTX_DAG_OWNER=***
AIRFLOW_CTX_DAG_ID=data_extraction_dag
AIRFLOW_CTX_TASK_ID=load_to_gcs
AIRFLOW_CTX_EXECUTION_DATE=2023-04-12T09:16:47.753380+00:00
AIRFLOW_CTX_TRY_NUMBER=1
AIRFLOW_CTX_DAG_RUN_ID=manual__2023-04-12T09:16:47.753380+00:00
[2023-04-12T10:15:02.881+0000] {logging_mixin.py:137} INFO - Loading for nfl data to parquet started
[2023-04-12T10:15:11.190+0000] {logging_mixin.py:137} INFO - Loading for nfl data to parquet ended
[2023-04-12T10:15:11.195+0000] {python.py:177} INFO - Done. Returned value was: None
[2023-04-12T10:15:11.209+0000] {taskinstance.py:1327} INFO - Marking task as SUCCESS. dag_id=data_extraction_dag, task_id=load_to_gcs, execution_date=20230412T091647, start_date=20230412T101502, end_date=20230412T101511
[2023-04-12T10:15:11.283+0000] {local_task_job.py:212} INFO - Task exited with return code 0
[2023-04-12T10:15:11.299+0000] {taskinstance.py:2596} INFO - 0 downstream tasks scheduled from follow-on schedule check
