[2023-04-12T07:46:38.652+0000] {taskinstance.py:1090} INFO - Dependencies all met for dep_context=non-requeueable deps ti=<TaskInstance: data_extraction_dag.task_defense_stats manual__2023-04-12T07:46:25.092898+00:00 [queued]>
[2023-04-12T07:46:38.706+0000] {taskinstance.py:1090} INFO - Dependencies all met for dep_context=requeueable deps ti=<TaskInstance: data_extraction_dag.task_defense_stats manual__2023-04-12T07:46:25.092898+00:00 [queued]>
[2023-04-12T07:46:38.708+0000] {taskinstance.py:1288} INFO - 
--------------------------------------------------------------------------------
[2023-04-12T07:46:38.710+0000] {taskinstance.py:1289} INFO - Starting attempt 1 of 2
[2023-04-12T07:46:38.711+0000] {taskinstance.py:1290} INFO - 
--------------------------------------------------------------------------------
[2023-04-12T07:46:38.933+0000] {taskinstance.py:1309} INFO - Executing <Task(_PythonDecoratedOperator): task_defense_stats> on 2023-04-12 07:46:25.092898+00:00
[2023-04-12T07:46:39.001+0000] {standard_task_runner.py:55} INFO - Started process 405 to run task
[2023-04-12T07:46:39.240+0000] {standard_task_runner.py:82} INFO - Running: ['***', 'tasks', 'run', 'data_extraction_dag', 'task_defense_stats', 'manual__2023-04-12T07:46:25.092898+00:00', '--job-id', '653', '--raw', '--subdir', 'DAGS_FOLDER/data_ingestion.py', '--cfg-path', '/tmp/tmpub8z7t4u']
[2023-04-12T07:46:39.306+0000] {standard_task_runner.py:83} INFO - Job 653: Subtask task_defense_stats
[2023-04-12T07:46:40.107+0000] {task_command.py:389} INFO - Running <TaskInstance: data_extraction_dag.task_defense_stats manual__2023-04-12T07:46:25.092898+00:00 [running]> on host a2e619923d04
[2023-04-12T07:46:40.623+0000] {taskinstance.py:1516} INFO - Exporting the following env vars:
AIRFLOW_CTX_DAG_OWNER=***
AIRFLOW_CTX_DAG_ID=data_extraction_dag
AIRFLOW_CTX_TASK_ID=task_defense_stats
AIRFLOW_CTX_EXECUTION_DATE=2023-04-12T07:46:25.092898+00:00
AIRFLOW_CTX_TRY_NUMBER=1
AIRFLOW_CTX_DAG_RUN_ID=manual__2023-04-12T07:46:25.092898+00:00
[2023-04-12T07:46:40.630+0000] {logging_mixin.py:137} INFO - Fetching for teams defense stats started
[2023-04-12T07:46:44.357+0000] {logging_mixin.py:137} INFO - Fetching for teams defense stats ended
[2023-04-12T07:46:44.376+0000] {python.py:177} INFO - Done. Returned value was: {"Team":{"0":"Los Angeles Rams","1":"Washington","2":"Pittsburgh Steelers","3":"New Orleans Saints","4":"San Francisco 49ers","5":"Tampa Bay Buccaneers","6":"Baltimore Ravens","7":"Indianapolis Colts","8":"Green Bay Packers","9":"Los Angeles Chargers","10":"Chicago Bears","11":"New York Giants","12":"Arizona Cardinals","13":"Buffalo Bills","14":"New England Patriots","15":"Kansas City Chiefs","16":"Cleveland Browns","17":"Carolina Panthers","18":"Philadelphia Eagles","19":"Miami Dolphins","20":"Denver Broncos","21":"Seattle Seahawks","22":"Dallas Cowboys","23":"New York Jets","24":"Las Vegas Raiders","25":"Cincinnati Bengals","26":"Minnesota Vikings","27":"Tennessee Titans","28":"Atlanta Falcons","29":"Houston Texans","30":"Jacksonville Jaguars","31":"Detroit Lions"},"('Unnamed: 0_level_0', 'GP')":{"0":16,"1":16,"2":16,"3":16,"4":16,"5":16,"6":16,"7":16,"8":16,"9":16,"10":16,"11":16,"12":16,"13":16,"14":16,"15":16,"16":16,"17":16,"18":16,"19":16,"20":16,"21":16,"22":16,"23":16,"24":16,"25":16,"26":16,"27":16,"28":16,"29":16,"30":16,"31":16},"('Total', 'YDS')":{"0":4511,"1":4873,"2":4893,"3":4974,"4":5030,"5":5234,"6":5276,"7":5314,"8":5344,"9":5495,"10":5519,"11":5589,"12":5631,"13":5640,"14":5660,"15":5733,"16":5735,"17":5761,"18":5810,"19":5886,"20":5887,"21":6089,"22":6183,"23":6201,"24":6225,"25":6227,"26":6292,"27":6372,"28":6374,"29":6668,"30":6683,"31":6716},"('Total', 'YDS\/G')":{"0":281.9,"1":304.6,"2":305.8,"3":310.9,"4":314.4,"5":327.1,"6":329.8,"7":332.1,"8":334.0,"9":343.4,"10":344.9,"11":349.3,"12":351.9,"13":352.5,"14":353.8,"15":358.3,"16":358.4,"17":360.1,"18":363.1,"19":367.9,"20":367.9,"21":380.6,"22":386.4,"23":387.6,"24":389.1,"25":389.2,"26":393.3,"27":398.3,"28":398.4,"29":416.8,"30":417.7,"31":419.8},"('Passing', 'YDS')":{"0":3051,"1":3068,"2":3110,"3":3472,"4":3327,"5":3945,"6":3536,"7":3866,"8":3539,"9":3578,"10":3705,"11":3807,"12":3623,"13":3726,"14":3557,"15":3779,"16":3962,"17":3825,"18":3798,"19":4024,"20":3807,"21":4560,"22":3642,"23":4409,"24":4212,"25":3859,"26":4141,"27":4439,"28":4697,"29":4104,"30":4231,"31":4558},"('Passing', 'YDS\/G')":{"0":190.7,"1":191.8,"2":194.4,"3":217.0,"4":207.9,"5":246.6,"6":221.0,"7":241.6,"8":221.2,"9":223.6,"10":231.6,"11":237.9,"12":226.4,"13":232.9,"14":222.3,"15":236.2,"16":247.6,"17":239.1,"18":237.4,"19":251.5,"20":237.9,"21":285.0,"22":227.6,"23":275.6,"24":263.3,"25":241.2,"26":258.8,"27":277.4,"28":293.6,"29":256.5,"30":264.4,"31":284.9},"('Rushing', 'YDS')":{"0":1460,"1":1805,"2":1783,"3":1502,"4":1703,"5":1289,"6":1740,"7":1448,"8":1805,"9":1917,"10":1814,"11":1782,"12":2008,"13":1914,"14":2103,"15":1954,"16":1773,"17":1936,"18":2012,"19":1862,"20":2080,"21":1529,"22":2541,"23":1792,"24":2013,"25":2368,"26":2151,"27":1933,"28":1677,"29":2564,"30":2452,"31":2158},"('Rushing', 'YDS\/G')":{"0":91.3,"1":112.8,"2":111.4,"3":93.9,"4":106.4,"5":80.6,"6":108.8,"7":90.5,"8":112.8,"9":119.8,"10":113.4,"11":111.4,"12":125.5,"13":119.6,"14":131.4,"15":122.1,"16":110.8,"17":121.0,"18":125.8,"19":116.4,"20":130.0,"21":95.6,"22":158.8,"23":112.0,"24":125.8,"25":148.0,"26":134.4,"27":120.8,"28":104.8,"29":160.3,"30":153.3,"31":134.9},"('Points', 'PTS')":{"0":296,"1":329,"2":312,"3":337,"4":390,"5":355,"6":303,"7":362,"8":369,"9":426,"10":370,"11":357,"12":367,"13":375,"14":353,"15":362,"16":419,"17":402,"18":418,"19":338,"20":446,"21":371,"22":473,"23":457,"24":478,"25":424,"26":475,"27":439,"28":414,"29":464,"30":492,"31":519},"('Points', 'PTS\/G')":{"0":18.5,"1":20.6,"2":19.5,"3":21.1,"4":24.4,"5":22.2,"6":18.9,"7":22.6,"8":23.1,"9":26.6,"10":23.1,"11":22.3,"12":22.9,"13":23.4,"14":22.1,"15":22.6,"16":26.2,"17":25.1,"18":26.1,"19":21.1,"20":27.9,"21":23.2,"22":29.6,"23":28.6,"24":29.9,"25":26.5,"26":29.7,"27":27.4,"28":25.9,"29":29.0,"30":30.8,"31":32.4}}
[2023-04-12T07:46:45.177+0000] {taskinstance.py:1327} INFO - Marking task as SUCCESS. dag_id=data_extraction_dag, task_id=task_defense_stats, execution_date=20230412T074625, start_date=20230412T074638, end_date=20230412T074645
[2023-04-12T07:46:45.245+0000] {local_task_job.py:212} INFO - Task exited with return code 0
[2023-04-12T07:46:45.309+0000] {taskinstance.py:2596} INFO - 0 downstream tasks scheduled from follow-on schedule check
