[2023-04-24T08:51:19.628+0000] {taskinstance.py:1090} INFO - Dependencies all met for dep_context=non-requeueable deps ti=<TaskInstance: nfl_transformation_dag.task_script_to_GCS manual__2023-04-23T15:58:12.181158+00:00 [queued]>
[2023-04-24T08:51:19.648+0000] {taskinstance.py:1090} INFO - Dependencies all met for dep_context=requeueable deps ti=<TaskInstance: nfl_transformation_dag.task_script_to_GCS manual__2023-04-23T15:58:12.181158+00:00 [queued]>
[2023-04-24T08:51:19.649+0000] {taskinstance.py:1288} INFO - 
--------------------------------------------------------------------------------
[2023-04-24T08:51:19.650+0000] {taskinstance.py:1289} INFO - Starting attempt 1 of 3
[2023-04-24T08:51:19.651+0000] {taskinstance.py:1290} INFO - 
--------------------------------------------------------------------------------
[2023-04-24T08:51:19.676+0000] {taskinstance.py:1309} INFO - Executing <Task(_PythonDecoratedOperator): task_script_to_GCS> on 2023-04-23 15:58:12.181158+00:00
[2023-04-24T08:51:19.738+0000] {standard_task_runner.py:55} INFO - Started process 729 to run task
[2023-04-24T08:51:19.781+0000] {standard_task_runner.py:82} INFO - Running: ['***', 'tasks', 'run', 'nfl_transformation_dag', 'task_script_to_GCS', 'manual__2023-04-23T15:58:12.181158+00:00', '--job-id', '1233', '--raw', '--subdir', 'DAGS_FOLDER/data_ingestion.py', '--cfg-path', '/tmp/tmp1b5pwjda']
[2023-04-24T08:51:19.787+0000] {standard_task_runner.py:83} INFO - Job 1233: Subtask task_script_to_GCS
[2023-04-24T08:51:19.907+0000] {task_command.py:389} INFO - Running <TaskInstance: nfl_transformation_dag.task_script_to_GCS manual__2023-04-23T15:58:12.181158+00:00 [running]> on host 235fa867d994
[2023-04-24T08:51:20.036+0000] {taskinstance.py:1516} INFO - Exporting the following env vars:
AIRFLOW_CTX_DAG_OWNER=***
AIRFLOW_CTX_DAG_ID=nfl_transformation_dag
AIRFLOW_CTX_TASK_ID=task_script_to_GCS
AIRFLOW_CTX_EXECUTION_DATE=2023-04-23T15:58:12.181158+00:00
AIRFLOW_CTX_TRY_NUMBER=1
AIRFLOW_CTX_DAG_RUN_ID=manual__2023-04-23T15:58:12.181158+00:00
[2023-04-24T08:51:20.046+0000] {subprocess.py:63} INFO - Tmp dir root location: 
 /tmp
[2023-04-24T08:51:20.055+0000] {subprocess.py:75} INFO - Running command: ['/bin/bash', '-c', 'gsutil -m cp -r /opt/***/code/ gs://nfl-data-lake_nfl-project-de/']
[2023-04-24T08:51:20.104+0000] {subprocess.py:86} INFO - Output:
[2023-04-24T08:51:26.967+0000] {subprocess.py:93} INFO - Copying file:///opt/***/code/transform_pyspark.py [Content-Type=text/x-python]...
[2023-04-24T08:51:26.993+0000] {subprocess.py:93} INFO - / [0/3 files][    0.0 B/ 31.4 KiB]   0% Done                                    Copying file:///opt/***/code/__init__.py [Content-Type=text/x-python]...
[2023-04-24T08:51:27.021+0000] {subprocess.py:93} INFO - / [0/3 files][    0.0 B/ 31.4 KiB]   0% Done                                    Copying file:///opt/***/code/extraction_nfl.py [Content-Type=text/x-python]...
[2023-04-24T08:51:28.931+0000] {subprocess.py:93} INFO - / [0/3 files][    0.0 B/ 31.4 KiB]   0% Done                                    -- [1/3 files][ 31.4 KiB/ 31.4 KiB]  99% Done                                    \\ [2/3 files][ 31.4 KiB/ 31.4 KiB]  99% Done                                    \ [3/3 files][ 31.4 KiB/ 31.4 KiB] 100% Done
[2023-04-24T08:51:28.932+0000] {subprocess.py:93} INFO - Operation completed over 3 objects/31.4 KiB.
[2023-04-24T08:51:29.987+0000] {subprocess.py:97} INFO - Command exited with return code 0
[2023-04-24T08:51:29.989+0000] {python.py:177} INFO - Done. Returned value was: None
[2023-04-24T08:51:30.009+0000] {taskinstance.py:1327} INFO - Marking task as SUCCESS. dag_id=nfl_transformation_dag, task_id=task_script_to_GCS, execution_date=20230423T155812, start_date=20230424T085119, end_date=20230424T085130
[2023-04-24T08:51:30.097+0000] {local_task_job.py:212} INFO - Task exited with return code 0
[2023-04-24T08:51:30.136+0000] {taskinstance.py:2596} INFO - 0 downstream tasks scheduled from follow-on schedule check
