[2023-04-23T10:10:47.926+0000] {taskinstance.py:1090} INFO - Dependencies all met for dep_context=non-requeueable deps ti=<TaskInstance: data_extraction_dag.task_athletes manual__2023-04-23T09:57:33+00:00 [queued]>
[2023-04-23T10:10:47.945+0000] {taskinstance.py:1090} INFO - Dependencies all met for dep_context=requeueable deps ti=<TaskInstance: data_extraction_dag.task_athletes manual__2023-04-23T09:57:33+00:00 [queued]>
[2023-04-23T10:10:47.946+0000] {taskinstance.py:1288} INFO - 
--------------------------------------------------------------------------------
[2023-04-23T10:10:47.947+0000] {taskinstance.py:1289} INFO - Starting attempt 3 of 5
[2023-04-23T10:10:47.948+0000] {taskinstance.py:1290} INFO - 
--------------------------------------------------------------------------------
[2023-04-23T10:10:47.972+0000] {taskinstance.py:1309} INFO - Executing <Task(_PythonDecoratedOperator): task_athletes> on 2023-04-23 09:57:33+00:00
[2023-04-23T10:10:47.989+0000] {standard_task_runner.py:55} INFO - Started process 4549 to run task
[2023-04-23T10:10:47.993+0000] {standard_task_runner.py:82} INFO - Running: ['***', 'tasks', 'run', 'data_extraction_dag', 'task_athletes', 'manual__2023-04-23T09:57:33+00:00', '--job-id', '1167', '--raw', '--subdir', 'DAGS_FOLDER/data_ingestion.py', '--cfg-path', '/tmp/tmpgyx2wnj9']
[2023-04-23T10:10:47.996+0000] {standard_task_runner.py:83} INFO - Job 1167: Subtask task_athletes
[2023-04-23T10:10:48.093+0000] {task_command.py:389} INFO - Running <TaskInstance: data_extraction_dag.task_athletes manual__2023-04-23T09:57:33+00:00 [running]> on host 235fa867d994
[2023-04-23T10:10:48.242+0000] {taskinstance.py:1516} INFO - Exporting the following env vars:
AIRFLOW_CTX_DAG_OWNER=***
AIRFLOW_CTX_DAG_ID=data_extraction_dag
AIRFLOW_CTX_TASK_ID=task_athletes
AIRFLOW_CTX_EXECUTION_DATE=2023-04-23T09:57:33+00:00
AIRFLOW_CTX_TRY_NUMBER=3
AIRFLOW_CTX_DAG_RUN_ID=manual__2023-04-23T09:57:33+00:00
[2023-04-23T10:10:48.247+0000] {logging_mixin.py:137} INFO - Fetching for athlete details started
[2023-04-23T10:10:58.675+0000] {local_task_job.py:276} WARNING - State of this instance has been externally set to skipped. Terminating instance.
[2023-04-23T10:10:58.790+0000] {process_utils.py:129} INFO - Sending Signals.SIGTERM to group 4549. PIDs of all processes in the group: [4549]
[2023-04-23T10:10:58.800+0000] {process_utils.py:84} INFO - Sending the signal Signals.SIGTERM to group 4549
[2023-04-23T10:10:58.818+0000] {taskinstance.py:1488} ERROR - Received SIGTERM. Terminating subprocesses.
[2023-04-23T10:11:02.588+0000] {taskinstance.py:1776} ERROR - Task failed with exception
Traceback (most recent call last):
  File "/home/airflow/.local/lib/python3.9/site-packages/airflow/decorators/base.py", line 217, in execute
    return_value = super().execute(context)
  File "/home/airflow/.local/lib/python3.9/site-packages/airflow/operators/python.py", line 175, in execute
    return_value = self.execute_callable()
  File "/home/airflow/.local/lib/python3.9/site-packages/airflow/operators/python.py", line 192, in execute_callable
    return self.python_callable(*self.op_args, **self.op_kwargs)
  File "/opt/airflow/dags/data_ingestion.py", line 125, in task_athletes
    athletes=get_athletes(athlete_ids, year).to_json()
  File "/opt/airflow/code/extraction_nfl.py", line 368, in get_athletes
    q.join()
  File "/usr/local/lib/python3.9/queue.py", line 90, in join
    self.all_tasks_done.wait()
  File "/usr/local/lib/python3.9/threading.py", line 312, in wait
    waiter.acquire()
  File "/home/airflow/.local/lib/python3.9/site-packages/airflow/models/taskinstance.py", line 1490, in signal_handler
    raise AirflowException("Task received SIGTERM signal")
airflow.exceptions.AirflowException: Task received SIGTERM signal
[2023-04-23T10:11:08.260+0000] {taskinstance.py:1327} INFO - Marking task as UP_FOR_RETRY. dag_id=data_extraction_dag, task_id=task_athletes, execution_date=20230423T095733, start_date=20230423T101047, end_date=20230423T101107
[2023-04-23T10:11:13.292+0000] {standard_task_runner.py:100} ERROR - Failed to execute job 1167 for task task_athletes ((psycopg2.errors.DeadlockDetected) deadlock detected
DETAIL:  Process 4356 waits for ExclusiveLock on tuple (1,3) of relation 16689 of database 16384; blocked by process 4463.
Process 4463 waits for ShareLock on transaction 128415; blocked by process 4462.
Process 4462 waits for ShareLock on transaction 128305; blocked by process 4356.
HINT:  See server log for query details.

[SQL: UPDATE dag_run SET queued_at=%(queued_at)s, start_date=%(start_date)s, last_scheduling_decision=%(last_scheduling_decision)s, updated_at=%(updated_at)s WHERE dag_run.id = %(dag_run_id)s]
[parameters: {'queued_at': datetime.datetime(2023, 4, 23, 10, 10, 29, 250627, tzinfo=Timezone('UTC')), 'start_date': datetime.datetime(2023, 4, 23, 10, 10, 29, 730178, tzinfo=Timezone('UTC')), 'last_scheduling_decision': datetime.datetime(2023, 4, 23, 10, 10, 37, 280286, tzinfo=Timezone('UTC')), 'updated_at': datetime.datetime(2023, 4, 23, 10, 10, 37, 296899, tzinfo=Timezone('UTC')), 'dag_run_id': 150}]
(Background on this error at: https://sqlalche.me/e/14/e3q8); 4549)
[2023-04-23T10:11:13.499+0000] {process_utils.py:79} INFO - Process psutil.Process(pid=4549, status='terminated', exitcode=1, started='10:10:47') (4549) terminated with exit code 1
