[2023-04-23T14:47:17.776+0000] {taskinstance.py:1090} INFO - Dependencies all met for dep_context=non-requeueable deps ti=<TaskInstance: nfl_transformation_dag.task_pyspark scheduled__2023-04-11T00:00:00+00:00 [None]>
[2023-04-23T14:47:17.791+0000] {taskinstance.py:1090} INFO - Dependencies all met for dep_context=requeueable deps ti=<TaskInstance: nfl_transformation_dag.task_pyspark scheduled__2023-04-11T00:00:00+00:00 [None]>
[2023-04-23T14:47:17.792+0000] {taskinstance.py:1288} INFO - 
--------------------------------------------------------------------------------
[2023-04-23T14:47:17.794+0000] {taskinstance.py:1289} INFO - Starting attempt 34 of 36
[2023-04-23T14:47:17.795+0000] {taskinstance.py:1290} INFO - 
--------------------------------------------------------------------------------
[2023-04-23T14:47:17.812+0000] {taskinstance.py:1309} INFO - Executing <Task(_PythonDecoratedOperator): task_pyspark> on 2023-04-11 00:00:00+00:00
[2023-04-23T14:47:17.833+0000] {standard_task_runner.py:55} INFO - Started process 8107 to run task
[2023-04-23T14:47:17.838+0000] {standard_task_runner.py:82} INFO - Running: ['***', 'tasks', 'run', 'nfl_transformation_dag', 'task_pyspark', 'scheduled__2023-04-11T00:00:00+00:00', '--job-id', '1206', '--pool', 'default_pool', '--raw', '--subdir', 'DAGS_FOLDER/data_ingestion.py', '--cfg-path', '/tmp/tmp1ysfd_ly']
[2023-04-23T14:47:17.841+0000] {standard_task_runner.py:83} INFO - Job 1206: Subtask task_pyspark
[2023-04-23T14:47:17.928+0000] {task_command.py:389} INFO - Running <TaskInstance: nfl_transformation_dag.task_pyspark scheduled__2023-04-11T00:00:00+00:00 [running]> on host 235fa867d994
[2023-04-23T14:47:18.003+0000] {taskinstance.py:1516} INFO - Exporting the following env vars:
AIRFLOW_CTX_DAG_OWNER=***
AIRFLOW_CTX_DAG_ID=nfl_transformation_dag
AIRFLOW_CTX_TASK_ID=task_pyspark
AIRFLOW_CTX_EXECUTION_DATE=2023-04-11T00:00:00+00:00
AIRFLOW_CTX_TRY_NUMBER=34
AIRFLOW_CTX_DAG_RUN_ID=scheduled__2023-04-11T00:00:00+00:00
[2023-04-23T14:47:18.008+0000] {subprocess.py:63} INFO - Tmp dir root location: 
 /tmp
[2023-04-23T14:47:18.017+0000] {subprocess.py:75} INFO - Running command: ['/bin/bash', '-c', 'gcloud dataproc jobs submit pyspark                 --cluster=nfl-spark-cluster                 --region=europe-west6                 --jars=gs://spark-lib/bigquery/spark-bigquery-with-dependencies_2.12-0.30.0.jar                gs://nfl-data-lake_nfl-project-de/code/transform_pyspark.py                 --                     --year=2022                     --season_type=2 ']
[2023-04-23T14:47:18.045+0000] {subprocess.py:86} INFO - Output:
[2023-04-23T14:47:24.907+0000] {subprocess.py:93} INFO - Job [146059ddd0a343acbb771718965098c8] submitted.
[2023-04-23T14:47:24.907+0000] {subprocess.py:93} INFO - Waiting for job output...
[2023-04-23T14:47:37.156+0000] {subprocess.py:93} INFO - 23/04/23 14:47:34 INFO org.apache.spark.SparkEnv: Registering MapOutputTracker
[2023-04-23T14:47:37.157+0000] {subprocess.py:93} INFO - 23/04/23 14:47:35 INFO org.apache.spark.SparkEnv: Registering BlockManagerMaster
[2023-04-23T14:47:37.159+0000] {subprocess.py:93} INFO - 23/04/23 14:47:35 INFO org.apache.spark.SparkEnv: Registering BlockManagerMasterHeartbeat
[2023-04-23T14:47:37.160+0000] {subprocess.py:93} INFO - 23/04/23 14:47:35 INFO org.apache.spark.SparkEnv: Registering OutputCommitCoordinator
[2023-04-23T14:47:37.161+0000] {subprocess.py:93} INFO - 23/04/23 14:47:35 INFO org.sparkproject.jetty.util.log: Logging initialized @4881ms to org.sparkproject.jetty.util.log.Slf4jLog
[2023-04-23T14:47:37.161+0000] {subprocess.py:93} INFO - 23/04/23 14:47:35 INFO org.sparkproject.jetty.server.Server: jetty-9.4.40.v20210413; built: 2021-04-13T20:42:42.668Z; git: b881a572662e1943a14ae12e7e1207989f218b74; jvm 1.8.0_322-b06
[2023-04-23T14:47:37.163+0000] {subprocess.py:93} INFO - 23/04/23 14:47:35 INFO org.sparkproject.jetty.server.Server: Started @5031ms
[2023-04-23T14:47:37.164+0000] {subprocess.py:93} INFO - 23/04/23 14:47:35 INFO org.sparkproject.jetty.server.AbstractConnector: Started ServerConnector@14d525b0{HTTP/1.1, (http/1.1)}{0.0.0.0:42439}
[2023-04-23T14:47:41.312+0000] {subprocess.py:93} INFO - 23/04/23 14:47:37 INFO com.google.cloud.hadoop.repackaged.gcs.com.google.cloud.hadoop.gcsio.GoogleCloudStorageImpl: Ignoring exception of type GoogleJsonResponseException; verified object already exists with desired state.
[2023-04-23T14:47:44.113+0000] {subprocess.py:93} INFO - 23/04/23 14:47:44 WARN org.apache.spark.sql.catalyst.util.package: Truncated the string representation of a plan since it was too large. This behavior can be adjusted by setting 'spark.sql.debug.maxToStringFields'.
[2023-04-23T14:47:44.114+0000] {subprocess.py:93} INFO - Cleaning the data for the teams_df started
[2023-04-23T14:47:47.762+0000] {subprocess.py:93} INFO - Cleaning the data for the teams_df is successful!
[2023-04-23T14:47:51.726+0000] {subprocess.py:93} INFO - Traceback (most recent call last):
[2023-04-23T14:47:51.727+0000] {subprocess.py:93} INFO -   File "/tmp/146059ddd0a343acbb771718965098c8/transform_pyspark.py", line 248, in <module>
[2023-04-23T14:47:51.728+0000] {subprocess.py:93} INFO -     df_defense_clean.select(
[2023-04-23T14:47:51.728+0000] {subprocess.py:93} INFO -   File "/usr/lib/spark/python/lib/pyspark.zip/pyspark/sql/dataframe.py", line 1669, in select
[2023-04-23T14:47:51.729+0000] {subprocess.py:93} INFO -   File "/usr/lib/spark/python/lib/py4j-0.10.9-src.zip/py4j/java_gateway.py", line 1304, in __call__
[2023-04-23T14:47:51.730+0000] {subprocess.py:93} INFO -   File "/usr/lib/spark/python/lib/pyspark.zip/pyspark/sql/utils.py", line 117, in deco
[2023-04-23T14:47:51.731+0000] {subprocess.py:93} INFO - pyspark.sql.utils.AnalysisException: cannot resolve '`teamName`' given input columns: [gamesPlayed, passingYDS, passingYDSG, points, pointsPerGame, rushingYDS, rushingYDSG, statCategory, statName, statValue, team, totalYDS, totalYDSG];
[2023-04-23T14:47:51.732+0000] {subprocess.py:93} INFO - 'Project ['teamName, statName#1822, statValue#1823]
[2023-04-23T14:47:51.733+0000] {subprocess.py:93} INFO - +- Generate stack(9, gamesPlayed, gamesPlayed#1690, totalYDS, totalYDS#1702, totalYDSG, totalYDSG#1714, passingYDS, passingYDS#1726, passingYDSG, passingYDSG#1738, rushingYDS, rushingYDS#1750, rushingYDSG, rushingYDSG#1762, points, points#1774, pointsPerGame, pointsPerGame#1786), false, [statName#1822, statValue#1823]
[2023-04-23T14:47:51.734+0000] {subprocess.py:93} INFO -    +- Project [team#1570, gamesPlayed#1690, totalYDS#1702, totalYDSG#1714, passingYDS#1726, passingYDSG#1738, rushingYDS#1750, rushingYDSG#1762, points#1774, pointsPerGame#1786, statCategory#1798]
[2023-04-23T14:47:51.734+0000] {subprocess.py:93} INFO -       +- Project [team#1570, gamesPlayed#1690, totalYDS#1702, totalYDSG#1714, passingYDS#1726, passingYDSG#1738, rushingYDS#1750, rushingYDSG#1762, points#1774, pointsPerGame#1786, __index_level_0__#1503L, cast(Defensive as string) AS statCategory#1798]
[2023-04-23T14:47:51.736+0000] {subprocess.py:93} INFO -          +- Project [team#1570, gamesPlayed#1690, totalYDS#1702, totalYDSG#1714, passingYDS#1726, passingYDSG#1738, rushingYDS#1750, rushingYDSG#1762, points#1774, cast(pointsPerGame#1678 as double) AS pointsPerGame#1786, __index_level_0__#1503L]
[2023-04-23T14:47:51.738+0000] {subprocess.py:93} INFO -             +- Project [team#1570, gamesPlayed#1690, totalYDS#1702, totalYDSG#1714, passingYDS#1726, passingYDSG#1738, rushingYDS#1750, rushingYDSG#1762, cast(points#1666 as double) AS points#1774, pointsPerGame#1678, __index_level_0__#1503L]
[2023-04-23T14:47:51.740+0000] {subprocess.py:93} INFO -                +- Project [team#1570, gamesPlayed#1690, totalYDS#1702, totalYDSG#1714, passingYDS#1726, passingYDSG#1738, rushingYDS#1750, cast(rushingYDSG#1654 as double) AS rushingYDSG#1762, points#1666, pointsPerGame#1678, __index_level_0__#1503L]
[2023-04-23T14:47:51.741+0000] {subprocess.py:93} INFO -                   +- Project [team#1570, gamesPlayed#1690, totalYDS#1702, totalYDSG#1714, passingYDS#1726, passingYDSG#1738, cast(rushingYDS#1642 as double) AS rushingYDS#1750, rushingYDSG#1654, points#1666, pointsPerGame#1678, __index_level_0__#1503L]
[2023-04-23T14:47:51.743+0000] {subprocess.py:93} INFO -                      +- Project [team#1570, gamesPlayed#1690, totalYDS#1702, totalYDSG#1714, passingYDS#1726, cast(passingYDSG#1630 as double) AS passingYDSG#1738, rushingYDS#1642, rushingYDSG#1654, points#1666, pointsPerGame#1678, __index_level_0__#1503L]
[2023-04-23T14:47:51.744+0000] {subprocess.py:93} INFO -                         +- Project [team#1570, gamesPlayed#1690, totalYDS#1702, totalYDSG#1714, cast(passingYDS#1618 as double) AS passingYDS#1726, passingYDSG#1630, rushingYDS#1642, rushingYDSG#1654, points#1666, pointsPerGame#1678, __index_level_0__#1503L]
[2023-04-23T14:47:51.744+0000] {subprocess.py:93} INFO -                            +- Project [team#1570, gamesPlayed#1690, totalYDS#1702, cast(totalYDSG#1606 as double) AS totalYDSG#1714, passingYDS#1618, passingYDSG#1630, rushingYDS#1642, rushingYDSG#1654, points#1666, pointsPerGame#1678, __index_level_0__#1503L]
[2023-04-23T14:47:51.745+0000] {subprocess.py:93} INFO -                               +- Project [team#1570, gamesPlayed#1690, cast(totalYDS#1594 as double) AS totalYDS#1702, totalYDSG#1606, passingYDS#1618, passingYDSG#1630, rushingYDS#1642, rushingYDSG#1654, points#1666, pointsPerGame#1678, __index_level_0__#1503L]
[2023-04-23T14:47:51.745+0000] {subprocess.py:93} INFO -                                  +- Project [team#1570, cast(gamesPlayed#1582 as double) AS gamesPlayed#1690, totalYDS#1594, totalYDSG#1606, passingYDS#1618, passingYDSG#1630, rushingYDS#1642, rushingYDSG#1654, points#1666, pointsPerGame#1678, __index_level_0__#1503L]
[2023-04-23T14:47:51.746+0000] {subprocess.py:93} INFO -                                     +- Project [team#1570, gamesPlayed#1582, totalYDS#1594, totalYDSG#1606, passingYDS#1618, passingYDSG#1630, rushingYDS#1642, rushingYDSG#1654, points#1666, ('Points', 'PTS/G')#1502 AS pointsPerGame#1678, __index_level_0__#1503L]
[2023-04-23T14:47:51.747+0000] {subprocess.py:93} INFO -                                        +- Project [team#1570, gamesPlayed#1582, totalYDS#1594, totalYDSG#1606, passingYDS#1618, passingYDSG#1630, rushingYDS#1642, rushingYDSG#1654, ('Points', 'PTS')#1501 AS points#1666, ('Points', 'PTS/G')#1502, __index_level_0__#1503L]
[2023-04-23T14:47:51.748+0000] {subprocess.py:93} INFO -                                           +- Project [team#1570, gamesPlayed#1582, totalYDS#1594, totalYDSG#1606, passingYDS#1618, passingYDSG#1630, rushingYDS#1642, ('Rushing', 'YDS/G')#1500 AS rushingYDSG#1654, ('Points', 'PTS')#1501, ('Points', 'PTS/G')#1502, __index_level_0__#1503L]
[2023-04-23T14:47:51.748+0000] {subprocess.py:93} INFO -                                              +- Project [team#1570, gamesPlayed#1582, totalYDS#1594, totalYDSG#1606, passingYDS#1618, passingYDSG#1630, ('Rushing', 'YDS')#1499 AS rushingYDS#1642, ('Rushing', 'YDS/G')#1500, ('Points', 'PTS')#1501, ('Points', 'PTS/G')#1502, __index_level_0__#1503L]
[2023-04-23T14:47:51.749+0000] {subprocess.py:93} INFO -                                                 +- Project [team#1570, gamesPlayed#1582, totalYDS#1594, totalYDSG#1606, passingYDS#1618, ('Passing', 'YDS/G')#1498 AS passingYDSG#1630, ('Rushing', 'YDS')#1499, ('Rushing', 'YDS/G')#1500, ('Points', 'PTS')#1501, ('Points', 'PTS/G')#1502, __index_level_0__#1503L]
[2023-04-23T14:47:51.750+0000] {subprocess.py:93} INFO -                                                    +- Project [team#1570, gamesPlayed#1582, totalYDS#1594, totalYDSG#1606, ('Passing', 'YDS')#1497 AS passingYDS#1618, ('Passing', 'YDS/G')#1498, ('Rushing', 'YDS')#1499, ('Rushing', 'YDS/G')#1500, ('Points', 'PTS')#1501, ('Points', 'PTS/G')#1502, __index_level_0__#1503L]
[2023-04-23T14:47:51.751+0000] {subprocess.py:93} INFO -                                                       +- Project [team#1570, gamesPlayed#1582, totalYDS#1594, ('Total', 'YDS/G')#1496 AS totalYDSG#1606, ('Passing', 'YDS')#1497, ('Passing', 'YDS/G')#1498, ('Rushing', 'YDS')#1499, ('Rushing', 'YDS/G')#1500, ('Points', 'PTS')#1501, ('Points', 'PTS/G')#1502, __index_level_0__#1503L]
[2023-04-23T14:47:51.752+0000] {subprocess.py:93} INFO -                                                          +- Project [team#1570, gamesPlayed#1582, ('Total', 'YDS')#1495 AS totalYDS#1594, ('Total', 'YDS/G')#1496, ('Passing', 'YDS')#1497, ('Passing', 'YDS/G')#1498, ('Rushing', 'YDS')#1499, ('Rushing', 'YDS/G')#1500, ('Points', 'PTS')#1501, ('Points', 'PTS/G')#1502, __index_level_0__#1503L]
[2023-04-23T14:47:51.752+0000] {subprocess.py:93} INFO -                                                             +- Project [team#1570, ('Unnamed: 0_level_0', 'GP')#1494 AS gamesPlayed#1582, ('Total', 'YDS')#1495, ('Total', 'YDS/G')#1496, ('Passing', 'YDS')#1497, ('Passing', 'YDS/G')#1498, ('Rushing', 'YDS')#1499, ('Rushing', 'YDS/G')#1500, ('Points', 'PTS')#1501, ('Points', 'PTS/G')#1502, __index_level_0__#1503L]
[2023-04-23T14:47:51.753+0000] {subprocess.py:93} INFO -                                                                +- Project [Team#1493 AS team#1570, ('Unnamed: 0_level_0', 'GP')#1494, ('Total', 'YDS')#1495, ('Total', 'YDS/G')#1496, ('Passing', 'YDS')#1497, ('Passing', 'YDS/G')#1498, ('Rushing', 'YDS')#1499, ('Rushing', 'YDS/G')#1500, ('Points', 'PTS')#1501, ('Points', 'PTS/G')#1502, __index_level_0__#1503L]
[2023-04-23T14:47:51.753+0000] {subprocess.py:93} INFO -                                                                   +- Relation[Team#1493,('Unnamed: 0_level_0', 'GP')#1494,('Total', 'YDS')#1495,('Total', 'YDS/G')#1496,('Passing', 'YDS')#1497,('Passing', 'YDS/G')#1498,('Rushing', 'YDS')#1499,('Rushing', 'YDS/G')#1500,('Points', 'PTS')#1501,('Points', 'PTS/G')#1502,__index_level_0__#1503L] parquet
[2023-04-23T14:47:51.754+0000] {subprocess.py:93} INFO - 
[2023-04-23T14:47:51.754+0000] {subprocess.py:93} INFO - 23/04/23 14:47:49 INFO org.sparkproject.jetty.server.AbstractConnector: Stopped Spark@14d525b0{HTTP/1.1, (http/1.1)}{0.0.0.0:0}
[2023-04-23T14:48:00.611+0000] {subprocess.py:93} INFO - ERROR: (gcloud.dataproc.jobs.submit.pyspark) Job [146059ddd0a343acbb771718965098c8] failed with error:
[2023-04-23T14:48:00.612+0000] {subprocess.py:93} INFO - Google Cloud Dataproc Agent reports job failure. If logs are available, they can be found at:
[2023-04-23T14:48:00.613+0000] {subprocess.py:93} INFO - https://console.cloud.google.com/dataproc/jobs/146059ddd0a343acbb771718965098c8?project=nfl-project-de&region=europe-west6
[2023-04-23T14:48:00.615+0000] {subprocess.py:93} INFO - gcloud dataproc jobs wait '146059ddd0a343acbb771718965098c8' --region 'europe-west6' --project 'nfl-project-de'
[2023-04-23T14:48:00.616+0000] {subprocess.py:93} INFO - https://console.cloud.google.com/storage/browser/nfl-spark-staging_nfl-project-de/google-cloud-dataproc-metainfo/3f31be1a-ebc3-4b4c-987d-83767542db1e/jobs/146059ddd0a343acbb771718965098c8/
[2023-04-23T14:48:00.616+0000] {subprocess.py:93} INFO - gs://nfl-spark-staging_nfl-project-de/google-cloud-dataproc-metainfo/3f31be1a-ebc3-4b4c-987d-83767542db1e/jobs/146059ddd0a343acbb771718965098c8/driveroutput
[2023-04-23T14:48:00.842+0000] {subprocess.py:97} INFO - Command exited with return code 1
[2023-04-23T14:48:00.857+0000] {taskinstance.py:1776} ERROR - Task failed with exception
Traceback (most recent call last):
  File "/home/airflow/.local/lib/python3.9/site-packages/airflow/decorators/base.py", line 217, in execute
    return_value = super().execute(context)
  File "/home/airflow/.local/lib/python3.9/site-packages/airflow/operators/python.py", line 175, in execute
    return_value = self.execute_callable()
  File "/home/airflow/.local/lib/python3.9/site-packages/airflow/operators/python.py", line 192, in execute_callable
    return self.python_callable(*self.op_args, **self.op_kwargs)
  File "/opt/airflow/dags/data_ingestion.py", line 231, in task_pyspark
    operator.execute(context={})
  File "/home/airflow/.local/lib/python3.9/site-packages/airflow/operators/bash.py", line 196, in execute
    raise AirflowException(
airflow.exceptions.AirflowException: Bash command failed. The command returned a non-zero exit code 1.
[2023-04-23T14:48:00.873+0000] {taskinstance.py:1327} INFO - Marking task as UP_FOR_RETRY. dag_id=nfl_transformation_dag, task_id=task_pyspark, execution_date=20230411T000000, start_date=20230423T144717, end_date=20230423T144800
[2023-04-23T14:48:00.900+0000] {standard_task_runner.py:100} ERROR - Failed to execute job 1206 for task task_pyspark (Bash command failed. The command returned a non-zero exit code 1.; 8107)
[2023-04-23T14:48:00.930+0000] {local_task_job.py:212} INFO - Task exited with return code 1
[2023-04-23T14:48:00.948+0000] {taskinstance.py:2596} INFO - 0 downstream tasks scheduled from follow-on schedule check
