[2023-04-12T11:31:47.912+0000] {taskinstance.py:1090} INFO - Dependencies all met for dep_context=non-requeueable deps ti=<TaskInstance: nfl_transformation_dag.task_pyspark scheduled__2023-04-11T00:00:00+00:00 [queued]>
[2023-04-12T11:31:47.926+0000] {taskinstance.py:1090} INFO - Dependencies all met for dep_context=requeueable deps ti=<TaskInstance: nfl_transformation_dag.task_pyspark scheduled__2023-04-11T00:00:00+00:00 [queued]>
[2023-04-12T11:31:47.927+0000] {taskinstance.py:1288} INFO - 
--------------------------------------------------------------------------------
[2023-04-12T11:31:47.928+0000] {taskinstance.py:1289} INFO - Starting attempt 1 of 2
[2023-04-12T11:31:47.929+0000] {taskinstance.py:1290} INFO - 
--------------------------------------------------------------------------------
[2023-04-12T11:31:47.951+0000] {taskinstance.py:1309} INFO - Executing <Task(_PythonDecoratedOperator): task_pyspark> on 2023-04-11 00:00:00+00:00
[2023-04-12T11:31:47.974+0000] {standard_task_runner.py:55} INFO - Started process 2881 to run task
[2023-04-12T11:31:47.979+0000] {standard_task_runner.py:82} INFO - Running: ['***', 'tasks', 'run', 'nfl_transformation_dag', 'task_pyspark', 'scheduled__2023-04-11T00:00:00+00:00', '--job-id', '912', '--raw', '--subdir', 'DAGS_FOLDER/data_ingestion.py', '--cfg-path', '/tmp/tmpzysed0qi']
[2023-04-12T11:31:47.982+0000] {standard_task_runner.py:83} INFO - Job 912: Subtask task_pyspark
[2023-04-12T11:31:48.066+0000] {task_command.py:389} INFO - Running <TaskInstance: nfl_transformation_dag.task_pyspark scheduled__2023-04-11T00:00:00+00:00 [running]> on host a2e619923d04
[2023-04-12T11:31:48.150+0000] {taskinstance.py:1516} INFO - Exporting the following env vars:
AIRFLOW_CTX_DAG_OWNER=***
AIRFLOW_CTX_DAG_ID=nfl_transformation_dag
AIRFLOW_CTX_TASK_ID=task_pyspark
AIRFLOW_CTX_EXECUTION_DATE=2023-04-11T00:00:00+00:00
AIRFLOW_CTX_TRY_NUMBER=1
AIRFLOW_CTX_DAG_RUN_ID=scheduled__2023-04-11T00:00:00+00:00
[2023-04-12T11:31:48.154+0000] {subprocess.py:63} INFO - Tmp dir root location: 
 /tmp
[2023-04-12T11:31:48.163+0000] {subprocess.py:75} INFO - Running command: ['/bin/bash', '-c', 'gcloud dataproc jobs submit pyspark                 --cluster=nfl-spark-cluster                 --region=europe-west6                 gs://nfl-data-lake_nfl-de-project/code/transformation_pyspark.py                 --                     --year=2020                     --season_type=2 ']
[2023-04-12T11:31:48.200+0000] {subprocess.py:86} INFO - Output:
[2023-04-12T11:31:54.075+0000] {subprocess.py:93} INFO - Job [1db8cf746d2e41f693350469e0ac5d34] submitted.
[2023-04-12T11:31:54.082+0000] {subprocess.py:93} INFO - Waiting for job output...
[2023-04-12T11:31:58.535+0000] {local_task_job.py:276} WARNING - State of this instance has been externally set to restarting. Terminating instance.
[2023-04-12T11:31:58.605+0000] {process_utils.py:129} INFO - Sending Signals.SIGTERM to group 2881. PIDs of all processes in the group: [2883, 2881]
[2023-04-12T11:31:58.609+0000] {process_utils.py:84} INFO - Sending the signal Signals.SIGTERM to group 2881
[2023-04-12T11:31:58.614+0000] {taskinstance.py:1488} ERROR - Received SIGTERM. Terminating subprocesses.
[2023-04-12T11:31:58.833+0000] {taskinstance.py:1776} ERROR - Task failed with exception
Traceback (most recent call last):
  File "/home/airflow/.local/lib/python3.9/site-packages/airflow/decorators/base.py", line 217, in execute
    return_value = super().execute(context)
  File "/home/airflow/.local/lib/python3.9/site-packages/airflow/operators/python.py", line 175, in execute
    return_value = self.execute_callable()
  File "/home/airflow/.local/lib/python3.9/site-packages/airflow/operators/python.py", line 192, in execute_callable
    return self.python_callable(*self.op_args, **self.op_kwargs)
  File "/opt/airflow/dags/data_ingestion.py", line 223, in task_pyspark
    operator.execute(context={})
  File "/home/airflow/.local/lib/python3.9/site-packages/airflow/operators/bash.py", line 187, in execute
    result = self.subprocess_hook.run_command(
  File "/home/airflow/.local/lib/python3.9/site-packages/airflow/hooks/subprocess.py", line 91, in run_command
    for raw_line in iter(self.sub_process.stdout.readline, b""):
  File "/home/airflow/.local/lib/python3.9/site-packages/airflow/models/taskinstance.py", line 1490, in signal_handler
    raise AirflowException("Task received SIGTERM signal")
airflow.exceptions.AirflowException: Task received SIGTERM signal
[2023-04-12T11:31:58.945+0000] {taskinstance.py:1327} INFO - Marking task as UP_FOR_RETRY. dag_id=nfl_transformation_dag, task_id=task_pyspark, execution_date=20230411T000000, start_date=20230412T113147, end_date=20230412T113158
[2023-04-12T11:31:59.046+0000] {standard_task_runner.py:100} ERROR - Failed to execute job 912 for task task_pyspark (Task received SIGTERM signal; 2881)
[2023-04-12T11:31:59.108+0000] {process_utils.py:79} INFO - Process psutil.Process(pid=2881, status='terminated', exitcode=1, started='11:31:47') (2881) terminated with exit code 1
[2023-04-12T11:32:00.387+0000] {process_utils.py:79} INFO - Process psutil.Process(pid=2883, status='terminated', started='11:31:47') (2883) terminated with exit code None
