[2023-04-23T13:54:29.587+0000] {taskinstance.py:1090} INFO - Dependencies all met for dep_context=non-requeueable deps ti=<TaskInstance: nfl_transformation_dag.task_pyspark scheduled__2023-04-11T00:00:00+00:00 [None]>
[2023-04-23T13:54:29.601+0000] {taskinstance.py:1090} INFO - Dependencies all met for dep_context=requeueable deps ti=<TaskInstance: nfl_transformation_dag.task_pyspark scheduled__2023-04-11T00:00:00+00:00 [None]>
[2023-04-23T13:54:29.602+0000] {taskinstance.py:1288} INFO - 
--------------------------------------------------------------------------------
[2023-04-23T13:54:29.604+0000] {taskinstance.py:1289} INFO - Starting attempt 31 of 33
[2023-04-23T13:54:29.605+0000] {taskinstance.py:1290} INFO - 
--------------------------------------------------------------------------------
[2023-04-23T13:54:29.624+0000] {taskinstance.py:1309} INFO - Executing <Task(_PythonDecoratedOperator): task_pyspark> on 2023-04-11 00:00:00+00:00
[2023-04-23T13:54:29.632+0000] {standard_task_runner.py:55} INFO - Started process 5928 to run task
[2023-04-23T13:54:29.635+0000] {standard_task_runner.py:82} INFO - Running: ['***', 'tasks', 'run', 'nfl_transformation_dag', 'task_pyspark', 'scheduled__2023-04-11T00:00:00+00:00', '--job-id', '1202', '--pool', 'default_pool', '--raw', '--subdir', 'DAGS_FOLDER/data_ingestion.py', '--cfg-path', '/tmp/tmpa7vnwv_5']
[2023-04-23T13:54:29.638+0000] {standard_task_runner.py:83} INFO - Job 1202: Subtask task_pyspark
[2023-04-23T13:54:29.717+0000] {task_command.py:389} INFO - Running <TaskInstance: nfl_transformation_dag.task_pyspark scheduled__2023-04-11T00:00:00+00:00 [running]> on host 235fa867d994
[2023-04-23T13:54:29.878+0000] {taskinstance.py:1516} INFO - Exporting the following env vars:
AIRFLOW_CTX_DAG_OWNER=***
AIRFLOW_CTX_DAG_ID=nfl_transformation_dag
AIRFLOW_CTX_TASK_ID=task_pyspark
AIRFLOW_CTX_EXECUTION_DATE=2023-04-11T00:00:00+00:00
AIRFLOW_CTX_TRY_NUMBER=31
AIRFLOW_CTX_DAG_RUN_ID=scheduled__2023-04-11T00:00:00+00:00
[2023-04-23T13:54:29.881+0000] {subprocess.py:63} INFO - Tmp dir root location: 
 /tmp
[2023-04-23T13:54:29.885+0000] {subprocess.py:75} INFO - Running command: ['/bin/bash', '-c', 'gcloud dataproc jobs submit pyspark                 --cluster=nfl-spark-cluster                 --region=europe-west6                 --jars=gs://spark-lib/bigquery/spark-bigquery-with-dependencies_2.12-0.30.0.jar                gs://nfl-data-lake_nfl-project-de/code/transform_pyspark.py                 --                     --year=2019                     --season_type=2 ']
[2023-04-23T13:54:29.903+0000] {subprocess.py:86} INFO - Output:
[2023-04-23T13:54:34.951+0000] {subprocess.py:93} INFO - Job [521f4444c068436d9db49081c4ce4350] submitted.
[2023-04-23T13:54:34.952+0000] {subprocess.py:93} INFO - Waiting for job output...
[2023-04-23T13:54:43.585+0000] {subprocess.py:93} INFO -   File "/tmp/521f4444c068436d9db49081c4ce4350/transform_pyspark.py", line 277
[2023-04-23T13:54:43.586+0000] {subprocess.py:93} INFO -     .save()
[2023-04-23T13:54:43.587+0000] {subprocess.py:93} INFO -     ^
[2023-04-23T13:54:43.587+0000] {subprocess.py:93} INFO - SyntaxError: invalid syntax
[2023-04-23T13:55:03.810+0000] {subprocess.py:93} INFO - ERROR: (gcloud.dataproc.jobs.submit.pyspark) Job [521f4444c068436d9db49081c4ce4350] failed with error:
[2023-04-23T13:55:03.812+0000] {subprocess.py:93} INFO - Job failed with message [SyntaxError: invalid syntax]. Additional details can be found at:
[2023-04-23T13:55:03.813+0000] {subprocess.py:93} INFO - https://console.cloud.google.com/dataproc/jobs/521f4444c068436d9db49081c4ce4350?project=nfl-project-de&region=europe-west6
[2023-04-23T13:55:03.814+0000] {subprocess.py:93} INFO - gcloud dataproc jobs wait '521f4444c068436d9db49081c4ce4350' --region 'europe-west6' --project 'nfl-project-de'
[2023-04-23T13:55:03.815+0000] {subprocess.py:93} INFO - https://console.cloud.google.com/storage/browser/nfl-spark-staging_nfl-project-de/google-cloud-dataproc-metainfo/3f31be1a-ebc3-4b4c-987d-83767542db1e/jobs/521f4444c068436d9db49081c4ce4350/
[2023-04-23T13:55:03.816+0000] {subprocess.py:93} INFO - gs://nfl-spark-staging_nfl-project-de/google-cloud-dataproc-metainfo/3f31be1a-ebc3-4b4c-987d-83767542db1e/jobs/521f4444c068436d9db49081c4ce4350/driveroutput
[2023-04-23T13:55:04.019+0000] {subprocess.py:97} INFO - Command exited with return code 1
[2023-04-23T13:55:04.032+0000] {taskinstance.py:1776} ERROR - Task failed with exception
Traceback (most recent call last):
  File "/home/airflow/.local/lib/python3.9/site-packages/airflow/decorators/base.py", line 217, in execute
    return_value = super().execute(context)
  File "/home/airflow/.local/lib/python3.9/site-packages/airflow/operators/python.py", line 175, in execute
    return_value = self.execute_callable()
  File "/home/airflow/.local/lib/python3.9/site-packages/airflow/operators/python.py", line 192, in execute_callable
    return self.python_callable(*self.op_args, **self.op_kwargs)
  File "/opt/airflow/dags/data_ingestion.py", line 231, in task_pyspark
    operator.execute(context={})
  File "/home/airflow/.local/lib/python3.9/site-packages/airflow/operators/bash.py", line 196, in execute
    raise AirflowException(
airflow.exceptions.AirflowException: Bash command failed. The command returned a non-zero exit code 1.
[2023-04-23T13:55:04.044+0000] {taskinstance.py:1327} INFO - Marking task as UP_FOR_RETRY. dag_id=nfl_transformation_dag, task_id=task_pyspark, execution_date=20230411T000000, start_date=20230423T135429, end_date=20230423T135504
[2023-04-23T13:55:04.063+0000] {standard_task_runner.py:100} ERROR - Failed to execute job 1202 for task task_pyspark (Bash command failed. The command returned a non-zero exit code 1.; 5928)
[2023-04-23T13:55:04.108+0000] {local_task_job.py:212} INFO - Task exited with return code 1
[2023-04-23T13:55:04.125+0000] {taskinstance.py:2596} INFO - 0 downstream tasks scheduled from follow-on schedule check
