[2023-04-12T13:29:26.169+0000] {taskinstance.py:1090} INFO - Dependencies all met for dep_context=non-requeueable deps ti=<TaskInstance: nfl_transformation_dag.task_pyspark scheduled__2023-04-11T00:00:00+00:00 [queued]>
[2023-04-12T13:29:26.183+0000] {taskinstance.py:1090} INFO - Dependencies all met for dep_context=requeueable deps ti=<TaskInstance: nfl_transformation_dag.task_pyspark scheduled__2023-04-11T00:00:00+00:00 [queued]>
[2023-04-12T13:29:26.185+0000] {taskinstance.py:1288} INFO - 
--------------------------------------------------------------------------------
[2023-04-12T13:29:26.187+0000] {taskinstance.py:1289} INFO - Starting attempt 19 of 20
[2023-04-12T13:29:26.188+0000] {taskinstance.py:1290} INFO - 
--------------------------------------------------------------------------------
[2023-04-12T13:29:26.215+0000] {taskinstance.py:1309} INFO - Executing <Task(_PythonDecoratedOperator): task_pyspark> on 2023-04-11 00:00:00+00:00
[2023-04-12T13:29:26.217+0000] {taskinstance.py:1080} INFO - Dependencies not met for <TaskInstance: nfl_transformation_dag.task_pyspark scheduled__2023-04-11T00:00:00+00:00 [running]>, dependency 'Task Instance Not Running' FAILED: Task is in the running state
[2023-04-12T13:29:26.218+0000] {taskinstance.py:1080} INFO - Dependencies not met for <TaskInstance: nfl_transformation_dag.task_pyspark scheduled__2023-04-11T00:00:00+00:00 [running]>, dependency 'Task Instance State' FAILED: Task is in the 'running' state.
[2023-04-12T13:29:26.230+0000] {local_task_job.py:151} INFO - Task is not able to be run
[2023-04-12T13:29:26.249+0000] {standard_task_runner.py:55} INFO - Started process 9627 to run task
[2023-04-12T13:29:26.256+0000] {standard_task_runner.py:82} INFO - Running: ['***', 'tasks', 'run', 'nfl_transformation_dag', 'task_pyspark', 'scheduled__2023-04-11T00:00:00+00:00', '--job-id', '951', '--pool', 'default_pool', '--raw', '--subdir', 'DAGS_FOLDER/data_ingestion.py', '--cfg-path', '/tmp/tmp1d0g2qii']
[2023-04-12T13:29:26.260+0000] {standard_task_runner.py:83} INFO - Job 951: Subtask task_pyspark
[2023-04-12T13:29:26.396+0000] {task_command.py:389} INFO - Running <TaskInstance: nfl_transformation_dag.task_pyspark scheduled__2023-04-11T00:00:00+00:00 [running]> on host a2e619923d04
[2023-04-12T13:29:26.513+0000] {taskinstance.py:1516} INFO - Exporting the following env vars:
AIRFLOW_CTX_DAG_OWNER=***
AIRFLOW_CTX_DAG_ID=nfl_transformation_dag
AIRFLOW_CTX_TASK_ID=task_pyspark
AIRFLOW_CTX_EXECUTION_DATE=2023-04-11T00:00:00+00:00
AIRFLOW_CTX_TRY_NUMBER=19
AIRFLOW_CTX_DAG_RUN_ID=scheduled__2023-04-11T00:00:00+00:00
[2023-04-12T13:29:26.519+0000] {subprocess.py:63} INFO - Tmp dir root location: 
 /tmp
[2023-04-12T13:29:26.535+0000] {subprocess.py:75} INFO - Running command: ['/bin/bash', '-c', 'gcloud dataproc jobs submit pyspark                 --cluster=nfl-spark-cluster                 --region=europe-west6                 --jars=gs://spark-lib/bigquery/spark-bigquery-with-dependencies_2.12-0.30.0.jar                gs://nfl-data-lake_nfl-de-project/code/transform_pyspark.py                 --                     --year=2020                     --season_type=2 ']
[2023-04-12T13:29:26.564+0000] {subprocess.py:86} INFO - Output:
[2023-04-12T13:29:32.581+0000] {subprocess.py:93} INFO - Job [57d67b2a7215443ea586e462f211bfee] submitted.
[2023-04-12T13:29:32.582+0000] {subprocess.py:93} INFO - Waiting for job output...
[2023-04-12T13:29:41.248+0000] {subprocess.py:93} INFO - 23/04/12 13:29:40 INFO org.apache.spark.SparkEnv: Registering MapOutputTracker
[2023-04-12T13:29:41.248+0000] {subprocess.py:93} INFO - 23/04/12 13:29:40 INFO org.apache.spark.SparkEnv: Registering BlockManagerMaster
[2023-04-12T13:29:41.249+0000] {subprocess.py:93} INFO - 23/04/12 13:29:40 INFO org.apache.spark.SparkEnv: Registering BlockManagerMasterHeartbeat
[2023-04-12T13:29:41.250+0000] {subprocess.py:93} INFO - 23/04/12 13:29:40 INFO org.apache.spark.SparkEnv: Registering OutputCommitCoordinator
[2023-04-12T13:29:41.251+0000] {subprocess.py:93} INFO - 23/04/12 13:29:41 INFO org.sparkproject.jetty.util.log: Logging initialized @4246ms to org.sparkproject.jetty.util.log.Slf4jLog
[2023-04-12T13:29:41.251+0000] {subprocess.py:93} INFO - 23/04/12 13:29:41 INFO org.sparkproject.jetty.server.Server: jetty-9.4.40.v20210413; built: 2021-04-13T20:42:42.668Z; git: b881a572662e1943a14ae12e7e1207989f218b74; jvm 1.8.0_322-b06
[2023-04-12T13:29:41.252+0000] {subprocess.py:93} INFO - 23/04/12 13:29:41 INFO org.sparkproject.jetty.server.Server: Started @4374ms
[2023-04-12T13:29:41.253+0000] {subprocess.py:93} INFO - 23/04/12 13:29:41 INFO org.sparkproject.jetty.server.AbstractConnector: Started ServerConnector@3394a763{HTTP/1.1, (http/1.1)}{0.0.0.0:44545}
[2023-04-12T13:29:44.077+0000] {subprocess.py:93} INFO - 23/04/12 13:29:42 INFO com.google.cloud.hadoop.repackaged.gcs.com.google.cloud.hadoop.gcsio.GoogleCloudStorageImpl: Ignoring exception of type GoogleJsonResponseException; verified object already exists with desired state.
[2023-04-12T13:29:50.743+0000] {subprocess.py:93} INFO - 23/04/12 13:29:48 WARN org.apache.spark.sql.catalyst.util.package: Truncated the string representation of a plan since it was too large. This behavior can be adjusted by setting 'spark.sql.debug.maxToStringFields'.
[2023-04-12T13:29:50.745+0000] {subprocess.py:93} INFO - Cleaning the data for the teams_df started
[2023-04-12T13:29:50.746+0000] {subprocess.py:93} INFO - Cleaning the data for the teams_df is successful!
[2023-04-12T13:29:53.594+0000] {subprocess.py:93} INFO - Loading for nfl data to parquet started
[2023-04-12T13:29:56.211+0000] {subprocess.py:93} INFO - Traceback (most recent call last):
[2023-04-12T13:29:56.212+0000] {subprocess.py:93} INFO -   File "/tmp/57d67b2a7215443ea586e462f211bfee/transform_pyspark.py", line 242, in <module>
[2023-04-12T13:29:56.212+0000] {subprocess.py:93} INFO -     df.write.format('bigquery') \
[2023-04-12T13:29:56.213+0000] {subprocess.py:93} INFO -   File "/usr/lib/spark/python/lib/pyspark.zip/pyspark/sql/readwriter.py", line 1107, in save
[2023-04-12T13:29:56.214+0000] {subprocess.py:93} INFO -   File "/usr/lib/spark/python/lib/py4j-0.10.9-src.zip/py4j/java_gateway.py", line 1304, in __call__
[2023-04-12T13:29:56.215+0000] {subprocess.py:93} INFO -   File "/usr/lib/spark/python/lib/pyspark.zip/pyspark/sql/utils.py", line 117, in deco
[2023-04-12T13:29:56.216+0000] {subprocess.py:93} INFO - pyspark.sql.utils.IllegalArgumentException: SaveMode is set to ErrorIfExists and Table nfl-de-project.nfl_data_all.teams_2020_2already exists. Did you want to add data to the table by setting the SaveMode to Append? Example: df.write.format.options.mode(SaveMode.Append).save()
[2023-04-12T13:29:56.218+0000] {subprocess.py:93} INFO - 23/04/12 13:29:54 INFO org.sparkproject.jetty.server.AbstractConnector: Stopped Spark@3394a763{HTTP/1.1, (http/1.1)}{0.0.0.0:0}
[2023-04-12T13:30:05.509+0000] {subprocess.py:93} INFO - ERROR: (gcloud.dataproc.jobs.submit.pyspark) Job [57d67b2a7215443ea586e462f211bfee] failed with error:
[2023-04-12T13:30:05.514+0000] {subprocess.py:93} INFO - Google Cloud Dataproc Agent reports job failure. If logs are available, they can be found at:
[2023-04-12T13:30:05.515+0000] {subprocess.py:93} INFO - https://console.cloud.google.com/dataproc/jobs/57d67b2a7215443ea586e462f211bfee?project=nfl-de-project&region=europe-west6
[2023-04-12T13:30:05.516+0000] {subprocess.py:93} INFO - gcloud dataproc jobs wait '57d67b2a7215443ea586e462f211bfee' --region 'europe-west6' --project 'nfl-de-project'
[2023-04-12T13:30:05.517+0000] {subprocess.py:93} INFO - https://console.cloud.google.com/storage/browser/nfl-spark-staging_nfl-de-project/google-cloud-dataproc-metainfo/cf386a87-5cdc-4f46-9dda-06a203a6bb84/jobs/57d67b2a7215443ea586e462f211bfee/
[2023-04-12T13:30:05.518+0000] {subprocess.py:93} INFO - gs://nfl-spark-staging_nfl-de-project/google-cloud-dataproc-metainfo/cf386a87-5cdc-4f46-9dda-06a203a6bb84/jobs/57d67b2a7215443ea586e462f211bfee/driveroutput
[2023-04-12T13:30:05.905+0000] {subprocess.py:97} INFO - Command exited with return code 1
[2023-04-12T13:30:06.005+0000] {taskinstance.py:1776} ERROR - Task failed with exception
Traceback (most recent call last):
  File "/home/airflow/.local/lib/python3.9/site-packages/airflow/decorators/base.py", line 217, in execute
    return_value = super().execute(context)
  File "/home/airflow/.local/lib/python3.9/site-packages/airflow/operators/python.py", line 175, in execute
    return_value = self.execute_callable()
  File "/home/airflow/.local/lib/python3.9/site-packages/airflow/operators/python.py", line 192, in execute_callable
    return self.python_callable(*self.op_args, **self.op_kwargs)
  File "/opt/airflow/dags/data_ingestion.py", line 224, in task_pyspark
    operator.execute(context={})
  File "/home/airflow/.local/lib/python3.9/site-packages/airflow/operators/bash.py", line 196, in execute
    raise AirflowException(
airflow.exceptions.AirflowException: Bash command failed. The command returned a non-zero exit code 1.
[2023-04-12T13:30:06.043+0000] {taskinstance.py:1327} INFO - Marking task as UP_FOR_RETRY. dag_id=nfl_transformation_dag, task_id=task_pyspark, execution_date=20230411T000000, start_date=20230412T132926, end_date=20230412T133006
[2023-04-12T13:30:06.124+0000] {standard_task_runner.py:100} ERROR - Failed to execute job 951 for task task_pyspark (Bash command failed. The command returned a non-zero exit code 1.; 9627)
[2023-04-12T13:30:06.185+0000] {local_task_job.py:212} INFO - Task exited with return code 1
[2023-04-12T13:30:06.240+0000] {taskinstance.py:2596} INFO - 0 downstream tasks scheduled from follow-on schedule check
