[2023-04-23T16:14:08.966+0000] {taskinstance.py:1090} INFO - Dependencies all met for dep_context=non-requeueable deps ti=<TaskInstance: nfl_transformation_dag.task_pyspark scheduled__2023-04-11T00:00:00+00:00 [queued]>
[2023-04-23T16:14:08.984+0000] {taskinstance.py:1090} INFO - Dependencies all met for dep_context=requeueable deps ti=<TaskInstance: nfl_transformation_dag.task_pyspark scheduled__2023-04-11T00:00:00+00:00 [queued]>
[2023-04-23T16:14:08.986+0000] {taskinstance.py:1288} INFO - 
--------------------------------------------------------------------------------
[2023-04-23T16:14:08.987+0000] {taskinstance.py:1289} INFO - Starting attempt 44 of 46
[2023-04-23T16:14:08.988+0000] {taskinstance.py:1290} INFO - 
--------------------------------------------------------------------------------
[2023-04-23T16:14:09.011+0000] {taskinstance.py:1309} INFO - Executing <Task(_PythonDecoratedOperator): task_pyspark> on 2023-04-11 00:00:00+00:00
[2023-04-23T16:14:09.012+0000] {taskinstance.py:1080} INFO - Dependencies not met for <TaskInstance: nfl_transformation_dag.task_pyspark scheduled__2023-04-11T00:00:00+00:00 [running]>, dependency 'Task Instance Not Running' FAILED: Task is in the running state
[2023-04-23T16:14:09.014+0000] {taskinstance.py:1080} INFO - Dependencies not met for <TaskInstance: nfl_transformation_dag.task_pyspark scheduled__2023-04-11T00:00:00+00:00 [running]>, dependency 'Task Instance State' FAILED: Task is in the 'running' state.
[2023-04-23T16:14:09.028+0000] {local_task_job.py:151} INFO - Task is not able to be run
[2023-04-23T16:14:09.062+0000] {standard_task_runner.py:55} INFO - Started process 13402 to run task
[2023-04-23T16:14:09.069+0000] {standard_task_runner.py:82} INFO - Running: ['***', 'tasks', 'run', 'nfl_transformation_dag', 'task_pyspark', 'scheduled__2023-04-11T00:00:00+00:00', '--job-id', '1224', '--raw', '--subdir', 'DAGS_FOLDER/data_ingestion.py', '--cfg-path', '/tmp/tmpyo79pide']
[2023-04-23T16:14:09.079+0000] {standard_task_runner.py:83} INFO - Job 1224: Subtask task_pyspark
[2023-04-23T16:14:09.198+0000] {task_command.py:389} INFO - Running <TaskInstance: nfl_transformation_dag.task_pyspark scheduled__2023-04-11T00:00:00+00:00 [running]> on host 235fa867d994
[2023-04-23T16:14:09.317+0000] {taskinstance.py:1516} INFO - Exporting the following env vars:
AIRFLOW_CTX_DAG_OWNER=***
AIRFLOW_CTX_DAG_ID=nfl_transformation_dag
AIRFLOW_CTX_TASK_ID=task_pyspark
AIRFLOW_CTX_EXECUTION_DATE=2023-04-11T00:00:00+00:00
AIRFLOW_CTX_TRY_NUMBER=44
AIRFLOW_CTX_DAG_RUN_ID=scheduled__2023-04-11T00:00:00+00:00
[2023-04-23T16:14:09.326+0000] {subprocess.py:63} INFO - Tmp dir root location: 
 /tmp
[2023-04-23T16:14:09.335+0000] {subprocess.py:75} INFO - Running command: ['/bin/bash', '-c', 'gcloud dataproc jobs submit pyspark                 --cluster=nfl-spark-cluster                 --region=europe-west6                 --jars=gs://spark-lib/bigquery/spark-bigquery-with-dependencies_2.12-0.30.0.jar                gs://nfl-data-lake_nfl-project-de/code/transform_pyspark.py                 --                     --year=2022                     --season_type=2 ']
[2023-04-23T16:14:09.371+0000] {subprocess.py:86} INFO - Output:
[2023-04-23T16:14:15.530+0000] {subprocess.py:93} INFO - Job [5dceae29ec414102bf235a4f32860e21] submitted.
[2023-04-23T16:14:15.531+0000] {subprocess.py:93} INFO - Waiting for job output...
[2023-04-23T16:14:28.171+0000] {subprocess.py:93} INFO - 23/04/23 16:14:24 INFO org.apache.spark.SparkEnv: Registering MapOutputTracker
[2023-04-23T16:14:28.172+0000] {subprocess.py:93} INFO - 23/04/23 16:14:25 INFO org.apache.spark.SparkEnv: Registering BlockManagerMaster
[2023-04-23T16:14:28.172+0000] {subprocess.py:93} INFO - 23/04/23 16:14:25 INFO org.apache.spark.SparkEnv: Registering BlockManagerMasterHeartbeat
[2023-04-23T16:14:28.173+0000] {subprocess.py:93} INFO - 23/04/23 16:14:25 INFO org.apache.spark.SparkEnv: Registering OutputCommitCoordinator
[2023-04-23T16:14:28.174+0000] {subprocess.py:93} INFO - 23/04/23 16:14:25 INFO org.sparkproject.jetty.util.log: Logging initialized @4921ms to org.sparkproject.jetty.util.log.Slf4jLog
[2023-04-23T16:14:28.175+0000] {subprocess.py:93} INFO - 23/04/23 16:14:25 INFO org.sparkproject.jetty.server.Server: jetty-9.4.40.v20210413; built: 2021-04-13T20:42:42.668Z; git: b881a572662e1943a14ae12e7e1207989f218b74; jvm 1.8.0_322-b06
[2023-04-23T16:14:28.176+0000] {subprocess.py:93} INFO - 23/04/23 16:14:25 INFO org.sparkproject.jetty.server.Server: Started @5057ms
[2023-04-23T16:14:28.176+0000] {subprocess.py:93} INFO - 23/04/23 16:14:25 INFO org.sparkproject.jetty.server.AbstractConnector: Started ServerConnector@5bb3b418{HTTP/1.1, (http/1.1)}{0.0.0.0:36221}
[2023-04-23T16:14:28.176+0000] {subprocess.py:93} INFO - 23/04/23 16:14:27 INFO com.google.cloud.hadoop.repackaged.gcs.com.google.cloud.hadoop.gcsio.GoogleCloudStorageImpl: Ignoring exception of type GoogleJsonResponseException; verified object already exists with desired state.
[2023-04-23T16:14:38.940+0000] {subprocess.py:93} INFO - 23/04/23 16:14:33 WARN org.apache.spark.sql.catalyst.util.package: Truncated the string representation of a plan since it was too large. This behavior can be adjusted by setting 'spark.sql.debug.maxToStringFields'.
[2023-04-23T16:14:38.941+0000] {subprocess.py:93} INFO - Cleaning the data for the teams_df started
[2023-04-23T16:14:38.943+0000] {subprocess.py:93} INFO - Cleaning the data for the teams_df is successful!
[2023-04-23T16:14:42.642+0000] {subprocess.py:93} INFO - Loading for nfl data to parquet started
[2023-04-23T16:14:42.647+0000] {subprocess.py:93} INFO - 23/04/23 16:14:41 INFO org.apache.hadoop.io.compress.CodecPool: Got brand-new decompressor [.snappy]
[2023-04-23T16:14:49.144+0000] {subprocess.py:93} INFO - 23/04/23 16:14:43 INFO org.apache.parquet.hadoop.codec.CodecConfig: Compression: SNAPPY
[2023-04-23T16:14:49.145+0000] {subprocess.py:93} INFO - 23/04/23 16:14:43 INFO org.apache.parquet.hadoop.codec.CodecConfig: Compression: SNAPPY
[2023-04-23T16:14:49.146+0000] {subprocess.py:93} INFO - 23/04/23 16:14:43 INFO org.apache.parquet.hadoop.codec.CodecConfig: Compression: SNAPPY
[2023-04-23T16:14:49.147+0000] {subprocess.py:93} INFO - 23/04/23 16:14:43 INFO org.apache.parquet.hadoop.codec.CodecConfig: Compression: SNAPPY
[2023-04-23T16:14:49.148+0000] {subprocess.py:93} INFO - 23/04/23 16:14:43 INFO org.apache.parquet.hadoop.codec.CodecConfig: Compression: SNAPPY
[2023-04-23T16:14:49.148+0000] {subprocess.py:93} INFO - 23/04/23 16:14:43 INFO org.apache.parquet.hadoop.codec.CodecConfig: Compression: SNAPPY
[2023-04-23T16:14:49.149+0000] {subprocess.py:93} INFO - 23/04/23 16:14:43 INFO org.apache.parquet.hadoop.codec.CodecConfig: Compression: SNAPPY
[2023-04-23T16:14:49.150+0000] {subprocess.py:93} INFO - 23/04/23 16:14:43 INFO org.apache.parquet.hadoop.codec.CodecConfig: Compression: SNAPPY
[2023-04-23T16:14:49.151+0000] {subprocess.py:93} INFO - 23/04/23 16:14:43 INFO org.apache.parquet.hadoop.ParquetOutputFormat: Parquet block size to 134217728
[2023-04-23T16:14:49.151+0000] {subprocess.py:93} INFO - 23/04/23 16:14:43 INFO org.apache.parquet.hadoop.ParquetOutputFormat: Parquet page size to 1048576
[2023-04-23T16:14:49.152+0000] {subprocess.py:93} INFO - 23/04/23 16:14:43 INFO org.apache.parquet.hadoop.ParquetOutputFormat: Parquet dictionary page size to 1048576
[2023-04-23T16:14:49.153+0000] {subprocess.py:93} INFO - 23/04/23 16:14:43 INFO org.apache.parquet.hadoop.ParquetOutputFormat: Dictionary is on
[2023-04-23T16:14:49.154+0000] {subprocess.py:93} INFO - 23/04/23 16:14:43 INFO org.apache.parquet.hadoop.ParquetOutputFormat: Validation is off
[2023-04-23T16:14:49.155+0000] {subprocess.py:93} INFO - 23/04/23 16:14:43 INFO org.apache.parquet.hadoop.ParquetOutputFormat: Writer version is: PARQUET_1_0
[2023-04-23T16:14:49.156+0000] {subprocess.py:93} INFO - 23/04/23 16:14:43 INFO org.apache.parquet.hadoop.ParquetOutputFormat: Maximum row group padding size is 8388608 bytes
[2023-04-23T16:14:49.157+0000] {subprocess.py:93} INFO - 23/04/23 16:14:43 INFO org.apache.parquet.hadoop.ParquetOutputFormat: Page size checking is: estimated
[2023-04-23T16:14:49.158+0000] {subprocess.py:93} INFO - 23/04/23 16:14:43 INFO org.apache.parquet.hadoop.ParquetOutputFormat: Min row count for page size check is: 100
[2023-04-23T16:14:49.159+0000] {subprocess.py:93} INFO - 23/04/23 16:14:43 INFO org.apache.parquet.hadoop.ParquetOutputFormat: Max row count for page size check is: 10000
[2023-04-23T16:14:49.160+0000] {subprocess.py:93} INFO - 23/04/23 16:14:43 INFO org.apache.parquet.hadoop.ParquetOutputFormat: Truncate length for column indexes is: 64
[2023-04-23T16:14:49.161+0000] {subprocess.py:93} INFO - 23/04/23 16:14:43 INFO org.apache.parquet.hadoop.ParquetOutputFormat: Truncate length for statistics min/max  is: 2147483647
[2023-04-23T16:14:49.162+0000] {subprocess.py:93} INFO - 23/04/23 16:14:43 INFO org.apache.parquet.hadoop.ParquetOutputFormat: Parquet block size to 134217728
[2023-04-23T16:14:49.164+0000] {subprocess.py:93} INFO - 23/04/23 16:14:43 INFO org.apache.parquet.hadoop.ParquetOutputFormat: Parquet page size to 1048576
[2023-04-23T16:14:49.164+0000] {subprocess.py:93} INFO - 23/04/23 16:14:43 INFO org.apache.parquet.hadoop.ParquetOutputFormat: Parquet dictionary page size to 1048576
[2023-04-23T16:14:49.165+0000] {subprocess.py:93} INFO - 23/04/23 16:14:43 INFO org.apache.parquet.hadoop.ParquetOutputFormat: Dictionary is on
[2023-04-23T16:14:49.166+0000] {subprocess.py:93} INFO - 23/04/23 16:14:43 INFO org.apache.parquet.hadoop.ParquetOutputFormat: Validation is off
[2023-04-23T16:14:49.167+0000] {subprocess.py:93} INFO - 23/04/23 16:14:43 INFO org.apache.parquet.hadoop.ParquetOutputFormat: Writer version is: PARQUET_1_0
[2023-04-23T16:14:49.168+0000] {subprocess.py:93} INFO - 23/04/23 16:14:43 INFO org.apache.parquet.hadoop.ParquetOutputFormat: Maximum row group padding size is 8388608 bytes
[2023-04-23T16:14:49.170+0000] {subprocess.py:93} INFO - 23/04/23 16:14:43 INFO org.apache.parquet.hadoop.ParquetOutputFormat: Page size checking is: estimated
[2023-04-23T16:14:49.170+0000] {subprocess.py:93} INFO - 23/04/23 16:14:43 INFO org.apache.parquet.hadoop.ParquetOutputFormat: Min row count for page size check is: 100
[2023-04-23T16:14:49.171+0000] {subprocess.py:93} INFO - 23/04/23 16:14:43 INFO org.apache.parquet.hadoop.ParquetOutputFormat: Max row count for page size check is: 10000
[2023-04-23T16:14:49.172+0000] {subprocess.py:93} INFO - 23/04/23 16:14:43 INFO org.apache.parquet.hadoop.ParquetOutputFormat: Truncate length for column indexes is: 64
[2023-04-23T16:14:49.173+0000] {subprocess.py:93} INFO - 23/04/23 16:14:43 INFO org.apache.parquet.hadoop.ParquetOutputFormat: Truncate length for statistics min/max  is: 2147483647
[2023-04-23T16:14:49.174+0000] {subprocess.py:93} INFO - 23/04/23 16:14:43 INFO org.apache.parquet.hadoop.ParquetOutputFormat: Parquet block size to 134217728
[2023-04-23T16:14:49.175+0000] {subprocess.py:93} INFO - 23/04/23 16:14:43 INFO org.apache.parquet.hadoop.ParquetOutputFormat: Page row count limit to 20000
[2023-04-23T16:14:49.175+0000] {subprocess.py:93} INFO - 23/04/23 16:14:43 INFO org.apache.parquet.hadoop.ParquetOutputFormat: Writing page checksums is: on
[2023-04-23T16:14:49.176+0000] {subprocess.py:93} INFO - 23/04/23 16:14:43 INFO org.apache.parquet.hadoop.ParquetOutputFormat: Parquet block size to 134217728
[2023-04-23T16:14:49.177+0000] {subprocess.py:93} INFO - 23/04/23 16:14:43 INFO org.apache.parquet.hadoop.ParquetOutputFormat: Parquet page size to 1048576
[2023-04-23T16:14:49.178+0000] {subprocess.py:93} INFO - 23/04/23 16:14:43 INFO org.apache.parquet.hadoop.ParquetOutputFormat: Parquet dictionary page size to 1048576
[2023-04-23T16:14:49.179+0000] {subprocess.py:93} INFO - 23/04/23 16:14:43 INFO org.apache.parquet.hadoop.ParquetOutputFormat: Dictionary is on
[2023-04-23T16:14:49.180+0000] {subprocess.py:93} INFO - 23/04/23 16:14:43 INFO org.apache.parquet.hadoop.ParquetOutputFormat: Validation is off
[2023-04-23T16:14:49.182+0000] {subprocess.py:93} INFO - 23/04/23 16:14:43 INFO org.apache.parquet.hadoop.ParquetOutputFormat: Writer version is: PARQUET_1_0
[2023-04-23T16:14:49.183+0000] {subprocess.py:93} INFO - 23/04/23 16:14:43 INFO org.apache.parquet.hadoop.ParquetOutputFormat: Maximum row group padding size is 8388608 bytes
[2023-04-23T16:14:49.184+0000] {subprocess.py:93} INFO - 23/04/23 16:14:43 INFO org.apache.parquet.hadoop.ParquetOutputFormat: Page size checking is: estimated
[2023-04-23T16:14:49.185+0000] {subprocess.py:93} INFO - 23/04/23 16:14:43 INFO org.apache.parquet.hadoop.ParquetOutputFormat: Min row count for page size check is: 100
[2023-04-23T16:14:49.186+0000] {subprocess.py:93} INFO - 23/04/23 16:14:43 INFO org.apache.parquet.hadoop.ParquetOutputFormat: Max row count for page size check is: 10000
[2023-04-23T16:14:49.188+0000] {subprocess.py:93} INFO - 23/04/23 16:14:43 INFO org.apache.parquet.hadoop.ParquetOutputFormat: Truncate length for column indexes is: 64
[2023-04-23T16:14:49.188+0000] {subprocess.py:93} INFO - 23/04/23 16:14:43 INFO org.apache.parquet.hadoop.ParquetOutputFormat: Truncate length for statistics min/max  is: 2147483647
[2023-04-23T16:14:49.189+0000] {subprocess.py:93} INFO - 23/04/23 16:14:43 INFO org.apache.parquet.hadoop.ParquetOutputFormat: Page row count limit to 20000
[2023-04-23T16:14:49.190+0000] {subprocess.py:93} INFO - 23/04/23 16:14:43 INFO org.apache.parquet.hadoop.ParquetOutputFormat: Writing page checksums is: on
[2023-04-23T16:14:49.190+0000] {subprocess.py:93} INFO - 23/04/23 16:14:43 INFO org.apache.parquet.hadoop.ParquetOutputFormat: Page row count limit to 20000
[2023-04-23T16:14:49.191+0000] {subprocess.py:93} INFO - 23/04/23 16:14:43 INFO org.apache.parquet.hadoop.ParquetOutputFormat: Parquet page size to 1048576
[2023-04-23T16:14:49.191+0000] {subprocess.py:93} INFO - 23/04/23 16:14:43 INFO org.apache.parquet.hadoop.ParquetOutputFormat: Writing page checksums is: on
[2023-04-23T16:14:49.192+0000] {subprocess.py:93} INFO - 23/04/23 16:14:43 INFO org.apache.parquet.hadoop.ParquetOutputFormat: Parquet dictionary page size to 1048576
[2023-04-23T16:14:49.193+0000] {subprocess.py:93} INFO - 23/04/23 16:14:43 INFO org.apache.parquet.hadoop.ParquetOutputFormat: Dictionary is on
[2023-04-23T16:14:49.195+0000] {subprocess.py:93} INFO - 23/04/23 16:14:43 INFO org.apache.parquet.hadoop.ParquetOutputFormat: Validation is off
[2023-04-23T16:14:49.196+0000] {subprocess.py:93} INFO - 23/04/23 16:14:43 INFO org.apache.parquet.hadoop.ParquetOutputFormat: Writer version is: PARQUET_1_0
[2023-04-23T16:14:49.197+0000] {subprocess.py:93} INFO - 23/04/23 16:14:43 INFO org.apache.parquet.hadoop.ParquetOutputFormat: Maximum row group padding size is 8388608 bytes
[2023-04-23T16:14:49.198+0000] {subprocess.py:93} INFO - 23/04/23 16:14:43 INFO org.apache.parquet.hadoop.ParquetOutputFormat: Page size checking is: estimated
[2023-04-23T16:14:49.199+0000] {subprocess.py:93} INFO - 23/04/23 16:14:43 INFO org.apache.parquet.hadoop.ParquetOutputFormat: Min row count for page size check is: 100
[2023-04-23T16:14:49.199+0000] {subprocess.py:93} INFO - 23/04/23 16:14:43 INFO org.apache.parquet.hadoop.ParquetOutputFormat: Max row count for page size check is: 10000
[2023-04-23T16:14:49.201+0000] {subprocess.py:93} INFO - 23/04/23 16:14:43 INFO org.apache.parquet.hadoop.ParquetOutputFormat: Truncate length for column indexes is: 64
[2023-04-23T16:14:49.202+0000] {subprocess.py:93} INFO - 23/04/23 16:14:43 INFO org.apache.parquet.hadoop.ParquetOutputFormat: Truncate length for statistics min/max  is: 2147483647
[2023-04-23T16:14:49.203+0000] {subprocess.py:93} INFO - 23/04/23 16:14:43 INFO org.apache.parquet.hadoop.ParquetOutputFormat: Page row count limit to 20000
[2023-04-23T16:14:49.204+0000] {subprocess.py:93} INFO - 23/04/23 16:14:43 INFO org.apache.parquet.hadoop.ParquetOutputFormat: Writing page checksums is: on
[2023-04-23T16:14:49.205+0000] {subprocess.py:93} INFO - 23/04/23 16:14:43 INFO org.apache.hadoop.io.compress.CodecPool: Got brand-new compressor [.snappy]
[2023-04-23T16:14:49.206+0000] {subprocess.py:93} INFO - 23/04/23 16:14:43 INFO org.apache.hadoop.io.compress.CodecPool: Got brand-new compressor [.snappy]
[2023-04-23T16:14:49.207+0000] {subprocess.py:93} INFO - 23/04/23 16:14:43 INFO org.apache.hadoop.io.compress.CodecPool: Got brand-new compressor [.snappy]
[2023-04-23T16:14:49.208+0000] {subprocess.py:93} INFO - 23/04/23 16:14:43 INFO org.apache.hadoop.io.compress.CodecPool: Got brand-new compressor [.snappy]
[2023-04-23T16:14:49.209+0000] {subprocess.py:93} INFO - 23/04/23 16:14:43 INFO com.google.cloud.hadoop.repackaged.gcs.com.google.cloud.hadoop.gcsio.GoogleCloudStorageFileSystem: Successfully repaired 'gs://dataproc-temp-europe-west6-447072446412-ooqjzme9/.spark-bigquery-local-1682266465674-3ffaded4-54bd-4a5f-b29f-c313fc6a987b/_temporary/0/_temporary/attempt_202304231614422334913346229609581_0010_m_000002_11/' directory.
[2023-04-23T16:14:49.210+0000] {subprocess.py:93} INFO - 23/04/23 16:14:43 INFO com.google.cloud.hadoop.repackaged.gcs.com.google.cloud.hadoop.gcsio.GoogleCloudStorageFileSystem: Successfully repaired 'gs://dataproc-temp-europe-west6-447072446412-ooqjzme9/.spark-bigquery-local-1682266465674-3ffaded4-54bd-4a5f-b29f-c313fc6a987b/_temporary/0/_temporary/attempt_202304231614421972772056191742350_0010_m_000003_12/' directory.
[2023-04-23T16:14:49.211+0000] {subprocess.py:93} INFO - 23/04/23 16:14:43 INFO com.google.cloud.hadoop.repackaged.gcs.com.google.cloud.hadoop.gcsio.GoogleCloudStorageFileSystem: Successfully repaired 'gs://dataproc-temp-europe-west6-447072446412-ooqjzme9/.spark-bigquery-local-1682266465674-3ffaded4-54bd-4a5f-b29f-c313fc6a987b/_temporary/0/_temporary/attempt_202304231614424487748789373499178_0010_m_000001_10/' directory.
[2023-04-23T16:14:49.212+0000] {subprocess.py:93} INFO - 23/04/23 16:14:43 INFO com.google.cloud.hadoop.repackaged.gcs.com.google.cloud.hadoop.gcsio.GoogleCloudStorageFileSystem: Successfully repaired 'gs://dataproc-temp-europe-west6-447072446412-ooqjzme9/.spark-bigquery-local-1682266465674-3ffaded4-54bd-4a5f-b29f-c313fc6a987b/_temporary/0/_temporary/attempt_202304231614424859621222706258304_0010_m_000000_9/' directory.
[2023-04-23T16:14:49.212+0000] {subprocess.py:93} INFO - 23/04/23 16:14:43 INFO com.google.cloud.hadoop.repackaged.gcs.com.google.cloud.hadoop.gcsio.GoogleCloudStorageFileSystem: Successfully repaired 'gs://dataproc-temp-europe-west6-447072446412-ooqjzme9/.spark-bigquery-local-1682266465674-3ffaded4-54bd-4a5f-b29f-c313fc6a987b/_temporary/0/_temporary/' directory.
[2023-04-23T16:14:49.213+0000] {subprocess.py:93} INFO - 23/04/23 16:14:43 INFO com.google.cloud.hadoop.repackaged.gcs.com.google.cloud.hadoop.gcsio.GoogleCloudStorageImpl: Ignoring exception of type GoogleJsonResponseException; verified object already exists with desired state.
[2023-04-23T16:14:49.214+0000] {subprocess.py:93} INFO - 23/04/23 16:14:44 INFO com.google.cloud.hadoop.repackaged.gcs.com.google.cloud.hadoop.gcsio.GoogleCloudStorageFileSystem: Successfully repaired 'gs://dataproc-temp-europe-west6-447072446412-ooqjzme9/.spark-bigquery-local-1682266465674-3ffaded4-54bd-4a5f-b29f-c313fc6a987b/_temporary/0/_temporary/' directory.
[2023-04-23T16:14:49.215+0000] {subprocess.py:93} INFO - 23/04/23 16:14:44 INFO com.google.cloud.hadoop.repackaged.gcs.com.google.cloud.hadoop.gcsio.GoogleCloudStorageImpl: Ignoring exception of type GoogleJsonResponseException; verified object already exists with desired state.
[2023-04-23T16:14:49.216+0000] {subprocess.py:93} INFO - 23/04/23 16:14:44 INFO com.google.cloud.hadoop.repackaged.gcs.com.google.cloud.hadoop.gcsio.GoogleCloudStorageFileSystem: Successfully repaired 'gs://dataproc-temp-europe-west6-447072446412-ooqjzme9/.spark-bigquery-local-1682266465674-3ffaded4-54bd-4a5f-b29f-c313fc6a987b/_temporary/0/_temporary/' directory.
[2023-04-23T16:14:49.218+0000] {subprocess.py:93} INFO - 23/04/23 16:14:44 INFO com.google.cloud.hadoop.repackaged.gcs.com.google.cloud.hadoop.gcsio.GoogleCloudStorageImpl: Ignoring exception of type GoogleJsonResponseException; verified object already exists with desired state.
[2023-04-23T16:14:49.219+0000] {subprocess.py:93} INFO - 23/04/23 16:14:44 INFO com.google.cloud.hadoop.repackaged.gcs.com.google.cloud.hadoop.gcsio.GoogleCloudStorageFileSystem: Successfully repaired 'gs://dataproc-temp-europe-west6-447072446412-ooqjzme9/.spark-bigquery-local-1682266465674-3ffaded4-54bd-4a5f-b29f-c313fc6a987b/_temporary/0/_temporary/' directory.
[2023-04-23T16:14:49.220+0000] {subprocess.py:93} INFO - 23/04/23 16:14:44 INFO org.apache.parquet.hadoop.codec.CodecConfig: Compression: SNAPPY
[2023-04-23T16:14:49.220+0000] {subprocess.py:93} INFO - 23/04/23 16:14:44 INFO org.apache.parquet.hadoop.codec.CodecConfig: Compression: SNAPPY
[2023-04-23T16:14:49.221+0000] {subprocess.py:93} INFO - 23/04/23 16:14:44 INFO org.apache.parquet.hadoop.ParquetOutputFormat: Parquet block size to 134217728
[2023-04-23T16:14:49.223+0000] {subprocess.py:93} INFO - 23/04/23 16:14:44 INFO org.apache.parquet.hadoop.ParquetOutputFormat: Parquet page size to 1048576
[2023-04-23T16:14:49.224+0000] {subprocess.py:93} INFO - 23/04/23 16:14:44 INFO org.apache.parquet.hadoop.ParquetOutputFormat: Parquet dictionary page size to 1048576
[2023-04-23T16:14:49.225+0000] {subprocess.py:93} INFO - 23/04/23 16:14:44 INFO org.apache.parquet.hadoop.ParquetOutputFormat: Dictionary is on
[2023-04-23T16:14:49.226+0000] {subprocess.py:93} INFO - 23/04/23 16:14:44 INFO org.apache.parquet.hadoop.ParquetOutputFormat: Validation is off
[2023-04-23T16:14:49.227+0000] {subprocess.py:93} INFO - 23/04/23 16:14:44 INFO org.apache.parquet.hadoop.ParquetOutputFormat: Writer version is: PARQUET_1_0
[2023-04-23T16:14:49.228+0000] {subprocess.py:93} INFO - 23/04/23 16:14:44 INFO org.apache.parquet.hadoop.ParquetOutputFormat: Maximum row group padding size is 8388608 bytes
[2023-04-23T16:14:49.229+0000] {subprocess.py:93} INFO - 23/04/23 16:14:44 INFO org.apache.parquet.hadoop.ParquetOutputFormat: Page size checking is: estimated
[2023-04-23T16:14:49.231+0000] {subprocess.py:93} INFO - 23/04/23 16:14:44 INFO org.apache.parquet.hadoop.ParquetOutputFormat: Min row count for page size check is: 100
[2023-04-23T16:14:49.232+0000] {subprocess.py:93} INFO - 23/04/23 16:14:44 INFO org.apache.parquet.hadoop.ParquetOutputFormat: Max row count for page size check is: 10000
[2023-04-23T16:14:49.233+0000] {subprocess.py:93} INFO - 23/04/23 16:14:44 INFO org.apache.parquet.hadoop.ParquetOutputFormat: Truncate length for column indexes is: 64
[2023-04-23T16:14:49.234+0000] {subprocess.py:93} INFO - 23/04/23 16:14:44 INFO org.apache.parquet.hadoop.ParquetOutputFormat: Truncate length for statistics min/max  is: 2147483647
[2023-04-23T16:14:49.236+0000] {subprocess.py:93} INFO - 23/04/23 16:14:44 INFO org.apache.parquet.hadoop.ParquetOutputFormat: Page row count limit to 20000
[2023-04-23T16:14:49.238+0000] {subprocess.py:93} INFO - 23/04/23 16:14:44 INFO org.apache.parquet.hadoop.ParquetOutputFormat: Writing page checksums is: on
[2023-04-23T16:14:49.239+0000] {subprocess.py:93} INFO - 23/04/23 16:14:44 INFO com.google.cloud.hadoop.repackaged.gcs.com.google.cloud.hadoop.gcsio.GoogleCloudStorageFileSystem: Successfully repaired 'gs://dataproc-temp-europe-west6-447072446412-ooqjzme9/.spark-bigquery-local-1682266465674-3ffaded4-54bd-4a5f-b29f-c313fc6a987b/_temporary/0/_temporary/attempt_202304231614425501350070084621853_0010_m_000004_13/' directory.
[2023-04-23T16:14:49.240+0000] {subprocess.py:93} INFO - 23/04/23 16:14:44 INFO com.google.cloud.hadoop.repackaged.gcs.com.google.cloud.hadoop.gcsio.GoogleCloudStorageFileSystem: Successfully repaired 'gs://dataproc-temp-europe-west6-447072446412-ooqjzme9/.spark-bigquery-local-1682266465674-3ffaded4-54bd-4a5f-b29f-c313fc6a987b/' directory.
[2023-04-23T16:14:49.241+0000] {subprocess.py:93} INFO - 23/04/23 16:14:45 INFO com.google.cloud.bigquery.connector.common.BigQueryClient: Submitted job LoadJobConfiguration{type=LOAD, destinationTable=GenericData{classInfo=[datasetId, projectId, tableId], {datasetId=nfl_data_all, projectId=nfl-project-de, tableId=teams_2022_2}}, decimalTargetTypes=null, destinationEncryptionConfiguration=null, createDisposition=CREATE_IF_NEEDED, writeDisposition=WRITE_TRUNCATE, formatOptions=ParquetOptions{enableListInference=null, enumAsString=null}, nullMarker=null, maxBadRecords=null, schema=Schema{fields=[Field{name=teamId, type=INTEGER, mode=NULLABLE, description=null, policyTags=null, maxLength=null, scale=null, precision=null, defaultValueExpression=null, collation=null}, Field{name=teamName, type=STRING, mode=NULLABLE, description=null, policyTags=null, maxLength=null, scale=null, precision=null, defaultValueExpression=null, collation=null}, Field{name=teamDisplayName, type=STRING, mode=NULLABLE, description=null, policyTags=null, maxLength=null, scale=null, precision=null, defaultValueExpression=null, collation=null}, Field{name=teamLocation, type=STRING, mode=NULLABLE, description=null, policyTags=null, maxLength=null, scale=null, precision=null, defaultValueExpression=null, collation=null}, Field{name=isActive, type=BOOLEAN, mode=NULLABLE, description=null, policyTags=null, maxLength=null, scale=null, precision=null, defaultValueExpression=null, collation=null}, Field{name=teamLogo, type=STRING, mode=NULLABLE, description=null, policyTags=null, maxLength=null, scale=null, precision=null, defaultValueExpression=null, collation=null}, Field{name=year, type=INTEGER, mode=NULLABLE, description=null, policyTags=null, maxLength=null, scale=null, precision=null, defaultValueExpression=null, collation=null}]}, ignoreUnknownValue=null, sourceUris=[gs://dataproc-temp-europe-west6-447072446412-ooqjzme9/.spark-bigquery-local-1682266465674-3ffaded4-54bd-4a5f-b29f-c313fc6a987b/part-00000-bb26bfb6-9b43-4b46-ac57-a5aa67f87ff9-c000.snappy.parquet, gs://dataproc-temp-europe-west6-447072446412-ooqjzme9/.spark-bigquery-local-1682266465674-3ffaded4-54bd-4a5f-b29f-c313fc6a987b/part-00004-bb26bfb6-9b43-4b46-ac57-a5aa67f87ff9-c000.snappy.parquet, gs://dataproc-temp-europe-west6-447072446412-ooqjzme9/.spark-bigquery-local-1682266465674-3ffaded4-54bd-4a5f-b29f-c313fc6a987b/part-00001-bb26bfb6-9b43-4b46-ac57-a5aa67f87ff9-c000.snappy.parquet, gs://dataproc-temp-europe-west6-447072446412-ooqjzme9/.spark-bigquery-local-1682266465674-3ffaded4-54bd-4a5f-b29f-c313fc6a987b/part-00003-bb26bfb6-9b43-4b46-ac57-a5aa67f87ff9-c000.snappy.parquet, gs://dataproc-temp-europe-west6-447072446412-ooqjzme9/.spark-bigquery-local-1682266465674-3ffaded4-54bd-4a5f-b29f-c313fc6a987b/part-00002-bb26bfb6-9b43-4b46-ac57-a5aa67f87ff9-c000.snappy.parquet], schemaUpdateOptions=null, autodetect=null, timePartitioning=null, clustering=null, useAvroLogicalTypes=null, labels=null, jobTimeoutMs=null, rangePartitioning=null, hivePartitioningOptions=null, referenceFileSchemaUri=null, connectionProperties=null, createSession=null}. jobId: JobId{project=nfl-project-de, job=658d2db2-5ed4-47d8-ac7f-50148cef5b74, location=europe-west6}
[2023-04-23T16:14:49.243+0000] {subprocess.py:93} INFO - 23/04/23 16:14:46 INFO com.google.cloud.bigquery.connector.common.BigQueryClient: Done loading to nfl-project-de.nfl_data_all.teams_2022_2. jobId: JobId{project=nfl-project-de, job=658d2db2-5ed4-47d8-ac7f-50148cef5b74, location=europe-west6}
[2023-04-23T16:14:49.244+0000] {subprocess.py:93} INFO - 23/04/23 16:14:47 INFO org.apache.parquet.hadoop.codec.CodecConfig: Compression: SNAPPY
[2023-04-23T16:14:49.244+0000] {subprocess.py:93} INFO - 23/04/23 16:14:47 INFO org.apache.parquet.hadoop.codec.CodecConfig: Compression: SNAPPY
[2023-04-23T16:14:49.245+0000] {subprocess.py:93} INFO - 23/04/23 16:14:47 INFO org.apache.parquet.hadoop.ParquetOutputFormat: Parquet block size to 134217728
[2023-04-23T16:14:49.245+0000] {subprocess.py:93} INFO - 23/04/23 16:14:47 INFO org.apache.parquet.hadoop.ParquetOutputFormat: Parquet page size to 1048576
[2023-04-23T16:14:49.246+0000] {subprocess.py:93} INFO - 23/04/23 16:14:47 INFO org.apache.parquet.hadoop.ParquetOutputFormat: Parquet dictionary page size to 1048576
[2023-04-23T16:14:49.247+0000] {subprocess.py:93} INFO - 23/04/23 16:14:47 INFO org.apache.parquet.hadoop.ParquetOutputFormat: Dictionary is on
[2023-04-23T16:14:49.247+0000] {subprocess.py:93} INFO - 23/04/23 16:14:47 INFO org.apache.parquet.hadoop.ParquetOutputFormat: Validation is off
[2023-04-23T16:14:49.248+0000] {subprocess.py:93} INFO - 23/04/23 16:14:47 INFO org.apache.parquet.hadoop.ParquetOutputFormat: Writer version is: PARQUET_1_0
[2023-04-23T16:14:49.249+0000] {subprocess.py:93} INFO - 23/04/23 16:14:47 INFO org.apache.parquet.hadoop.ParquetOutputFormat: Maximum row group padding size is 8388608 bytes
[2023-04-23T16:14:49.249+0000] {subprocess.py:93} INFO - 23/04/23 16:14:47 INFO org.apache.parquet.hadoop.ParquetOutputFormat: Page size checking is: estimated
[2023-04-23T16:14:49.250+0000] {subprocess.py:93} INFO - 23/04/23 16:14:47 INFO org.apache.parquet.hadoop.ParquetOutputFormat: Min row count for page size check is: 100
[2023-04-23T16:14:49.251+0000] {subprocess.py:93} INFO - 23/04/23 16:14:47 INFO org.apache.parquet.hadoop.ParquetOutputFormat: Max row count for page size check is: 10000
[2023-04-23T16:14:49.251+0000] {subprocess.py:93} INFO - 23/04/23 16:14:47 INFO org.apache.parquet.hadoop.ParquetOutputFormat: Truncate length for column indexes is: 64
[2023-04-23T16:14:49.252+0000] {subprocess.py:93} INFO - 23/04/23 16:14:47 INFO org.apache.parquet.hadoop.ParquetOutputFormat: Truncate length for statistics min/max  is: 2147483647
[2023-04-23T16:14:49.252+0000] {subprocess.py:93} INFO - 23/04/23 16:14:47 INFO org.apache.parquet.hadoop.ParquetOutputFormat: Page row count limit to 20000
[2023-04-23T16:14:49.253+0000] {subprocess.py:93} INFO - 23/04/23 16:14:47 INFO org.apache.parquet.hadoop.ParquetOutputFormat: Writing page checksums is: on
[2023-04-23T16:14:49.254+0000] {subprocess.py:93} INFO - 23/04/23 16:14:47 INFO com.google.cloud.hadoop.repackaged.gcs.com.google.cloud.hadoop.gcsio.GoogleCloudStorageFileSystem: Successfully repaired 'gs://dataproc-temp-europe-west6-447072446412-ooqjzme9/.spark-bigquery-local-1682266465674-6ede6f19-b339-44f3-b4f2-b1cd26199518/_temporary/0/_temporary/attempt_202304231614472888214200405787093_0011_m_000000_14/' directory.
[2023-04-23T16:14:49.254+0000] {subprocess.py:93} INFO - 23/04/23 16:14:47 INFO com.google.cloud.hadoop.repackaged.gcs.com.google.cloud.hadoop.gcsio.GoogleCloudStorageFileSystem: Successfully repaired 'gs://dataproc-temp-europe-west6-447072446412-ooqjzme9/.spark-bigquery-local-1682266465674-6ede6f19-b339-44f3-b4f2-b1cd26199518/_temporary/0/_temporary/' directory.
[2023-04-23T16:14:49.255+0000] {subprocess.py:93} INFO - 23/04/23 16:14:47 INFO com.google.cloud.hadoop.repackaged.gcs.com.google.cloud.hadoop.gcsio.GoogleCloudStorageFileSystem: Successfully repaired 'gs://dataproc-temp-europe-west6-447072446412-ooqjzme9/.spark-bigquery-local-1682266465674-6ede6f19-b339-44f3-b4f2-b1cd26199518/' directory.
[2023-04-23T16:14:49.256+0000] {subprocess.py:93} INFO - 23/04/23 16:14:48 INFO com.google.cloud.bigquery.connector.common.BigQueryClient: Submitted job LoadJobConfiguration{type=LOAD, destinationTable=GenericData{classInfo=[datasetId, projectId, tableId], {datasetId=nfl_data_all, projectId=nfl-project-de, tableId=leaders_2022_2}}, decimalTargetTypes=null, destinationEncryptionConfiguration=null, createDisposition=CREATE_IF_NEEDED, writeDisposition=WRITE_TRUNCATE, formatOptions=ParquetOptions{enableListInference=null, enumAsString=null}, nullMarker=null, maxBadRecords=null, schema=Schema{fields=[Field{name=athleteId, type=INTEGER, mode=NULLABLE, description=null, policyTags=null, maxLength=null, scale=null, precision=null, defaultValueExpression=null, collation=null}, Field{name=leaderDisplayValue, type=STRING, mode=NULLABLE, description=null, policyTags=null, maxLength=null, scale=null, precision=null, defaultValueExpression=null, collation=null}, Field{name=leaderValue, type=FLOAT, mode=NULLABLE, description=null, policyTags=null, maxLength=null, scale=null, precision=null, defaultValueExpression=null, collation=null}, Field{name=statName, type=STRING, mode=NULLABLE, description=null, policyTags=null, maxLength=null, scale=null, precision=null, defaultValueExpression=null, collation=null}, Field{name=leaderShortDisplayName, type=STRING, mode=NULLABLE, description=null, policyTags=null, maxLength=null, scale=null, precision=null, defaultValueExpression=null, collation=null}, Field{name=year, type=INTEGER, mode=NULLABLE, description=null, policyTags=null, maxLength=null, scale=null, precision=null, defaultValueExpression=null, collation=null}, Field{name=seasonType, type=INTEGER, mode=NULLABLE, description=null, policyTags=null, maxLength=null, scale=null, precision=null, defaultValueExpression=null, collation=null}]}, ignoreUnknownValue=null, sourceUris=[gs://dataproc-temp-europe-west6-447072446412-ooqjzme9/.spark-bigquery-local-1682266465674-6ede6f19-b339-44f3-b4f2-b1cd26199518/part-00000-64b41b28-4041-430b-8e9f-4cd965c53a9c-c000.snappy.parquet], schemaUpdateOptions=null, autodetect=null, timePartitioning=null, clustering=null, useAvroLogicalTypes=null, labels=null, jobTimeoutMs=null, rangePartitioning=null, hivePartitioningOptions=null, referenceFileSchemaUri=null, connectionProperties=null, createSession=null}. jobId: JobId{project=nfl-project-de, job=242f6cd1-c90a-4624-a63a-d51e2014164f, location=europe-west6}
[2023-04-23T16:14:53.640+0000] {subprocess.py:93} INFO - 23/04/23 16:14:50 INFO com.google.cloud.bigquery.connector.common.BigQueryClient: Done loading to nfl-project-de.nfl_data_all.leaders_2022_2. jobId: JobId{project=nfl-project-de, job=242f6cd1-c90a-4624-a63a-d51e2014164f, location=europe-west6}
[2023-04-23T16:14:53.641+0000] {subprocess.py:93} INFO - 23/04/23 16:14:51 INFO org.apache.parquet.hadoop.codec.CodecConfig: Compression: SNAPPY
[2023-04-23T16:14:53.642+0000] {subprocess.py:93} INFO - 23/04/23 16:14:51 INFO org.apache.parquet.hadoop.codec.CodecConfig: Compression: SNAPPY
[2023-04-23T16:14:53.643+0000] {subprocess.py:93} INFO - 23/04/23 16:14:51 INFO org.apache.parquet.hadoop.ParquetOutputFormat: Parquet block size to 134217728
[2023-04-23T16:14:53.644+0000] {subprocess.py:93} INFO - 23/04/23 16:14:51 INFO org.apache.parquet.hadoop.ParquetOutputFormat: Parquet page size to 1048576
[2023-04-23T16:14:53.645+0000] {subprocess.py:93} INFO - 23/04/23 16:14:51 INFO org.apache.parquet.hadoop.ParquetOutputFormat: Parquet dictionary page size to 1048576
[2023-04-23T16:14:53.646+0000] {subprocess.py:93} INFO - 23/04/23 16:14:51 INFO org.apache.parquet.hadoop.ParquetOutputFormat: Dictionary is on
[2023-04-23T16:14:53.647+0000] {subprocess.py:93} INFO - 23/04/23 16:14:51 INFO org.apache.parquet.hadoop.ParquetOutputFormat: Validation is off
[2023-04-23T16:14:53.648+0000] {subprocess.py:93} INFO - 23/04/23 16:14:51 INFO org.apache.parquet.hadoop.ParquetOutputFormat: Writer version is: PARQUET_1_0
[2023-04-23T16:14:53.648+0000] {subprocess.py:93} INFO - 23/04/23 16:14:51 INFO org.apache.parquet.hadoop.ParquetOutputFormat: Maximum row group padding size is 8388608 bytes
[2023-04-23T16:14:53.649+0000] {subprocess.py:93} INFO - 23/04/23 16:14:51 INFO org.apache.parquet.hadoop.ParquetOutputFormat: Page size checking is: estimated
[2023-04-23T16:14:53.650+0000] {subprocess.py:93} INFO - 23/04/23 16:14:51 INFO org.apache.parquet.hadoop.ParquetOutputFormat: Min row count for page size check is: 100
[2023-04-23T16:14:53.651+0000] {subprocess.py:93} INFO - 23/04/23 16:14:51 INFO org.apache.parquet.hadoop.ParquetOutputFormat: Max row count for page size check is: 10000
[2023-04-23T16:14:53.652+0000] {subprocess.py:93} INFO - 23/04/23 16:14:51 INFO org.apache.parquet.hadoop.ParquetOutputFormat: Truncate length for column indexes is: 64
[2023-04-23T16:14:53.653+0000] {subprocess.py:93} INFO - 23/04/23 16:14:51 INFO org.apache.parquet.hadoop.ParquetOutputFormat: Truncate length for statistics min/max  is: 2147483647
[2023-04-23T16:14:53.654+0000] {subprocess.py:93} INFO - 23/04/23 16:14:51 INFO org.apache.parquet.hadoop.ParquetOutputFormat: Page row count limit to 20000
[2023-04-23T16:14:53.655+0000] {subprocess.py:93} INFO - 23/04/23 16:14:51 INFO org.apache.parquet.hadoop.ParquetOutputFormat: Writing page checksums is: on
[2023-04-23T16:14:53.655+0000] {subprocess.py:93} INFO - 23/04/23 16:14:51 INFO com.google.cloud.hadoop.repackaged.gcs.com.google.cloud.hadoop.gcsio.GoogleCloudStorageFileSystem: Successfully repaired 'gs://dataproc-temp-europe-west6-447072446412-ooqjzme9/.spark-bigquery-local-1682266465674-73ddeb6a-214b-4c7f-9cf2-af70084636ed/_temporary/0/_temporary/attempt_202304231614519150157498058583474_0012_m_000000_15/' directory.
[2023-04-23T16:14:53.656+0000] {subprocess.py:93} INFO - 23/04/23 16:14:52 INFO com.google.cloud.hadoop.repackaged.gcs.com.google.cloud.hadoop.gcsio.GoogleCloudStorageFileSystem: Successfully repaired 'gs://dataproc-temp-europe-west6-447072446412-ooqjzme9/.spark-bigquery-local-1682266465674-73ddeb6a-214b-4c7f-9cf2-af70084636ed/_temporary/0/_temporary/' directory.
[2023-04-23T16:14:53.658+0000] {subprocess.py:93} INFO - 23/04/23 16:14:52 INFO com.google.cloud.hadoop.repackaged.gcs.com.google.cloud.hadoop.gcsio.GoogleCloudStorageFileSystem: Successfully repaired 'gs://dataproc-temp-europe-west6-447072446412-ooqjzme9/.spark-bigquery-local-1682266465674-73ddeb6a-214b-4c7f-9cf2-af70084636ed/' directory.
[2023-04-23T16:14:53.659+0000] {subprocess.py:93} INFO - 23/04/23 16:14:52 INFO com.google.cloud.bigquery.connector.common.BigQueryClient: Submitted job LoadJobConfiguration{type=LOAD, destinationTable=GenericData{classInfo=[datasetId, projectId, tableId], {datasetId=nfl_data_all, projectId=nfl-project-de, tableId=teams_defense_stats_2022_2}}, decimalTargetTypes=null, destinationEncryptionConfiguration=null, createDisposition=CREATE_IF_NEEDED, writeDisposition=WRITE_TRUNCATE, formatOptions=ParquetOptions{enableListInference=null, enumAsString=null}, nullMarker=null, maxBadRecords=null, schema=Schema{fields=[Field{name=teamName, type=STRING, mode=NULLABLE, description=null, policyTags=null, maxLength=null, scale=null, precision=null, defaultValueExpression=null, collation=null}, Field{name=statName, type=STRING, mode=NULLABLE, description=null, policyTags=null, maxLength=null, scale=null, precision=null, defaultValueExpression=null, collation=null}, Field{name=statValue, type=FLOAT, mode=NULLABLE, description=null, policyTags=null, maxLength=null, scale=null, precision=null, defaultValueExpression=null, collation=null}, Field{name=year, type=INTEGER, mode=NULLABLE, description=null, policyTags=null, maxLength=null, scale=null, precision=null, defaultValueExpression=null, collation=null}, Field{name=seasonType, type=INTEGER, mode=NULLABLE, description=null, policyTags=null, maxLength=null, scale=null, precision=null, defaultValueExpression=null, collation=null}, Field{name=statCategory, type=STRING, mode=REQUIRED, description=null, policyTags=null, maxLength=null, scale=null, precision=null, defaultValueExpression=null, collation=null}]}, ignoreUnknownValue=null, sourceUris=[gs://dataproc-temp-europe-west6-447072446412-ooqjzme9/.spark-bigquery-local-1682266465674-73ddeb6a-214b-4c7f-9cf2-af70084636ed/part-00000-cf53e97c-d5cd-4dfd-996a-68b9246fd043-c000.snappy.parquet], schemaUpdateOptions=null, autodetect=null, timePartitioning=null, clustering=null, useAvroLogicalTypes=null, labels=null, jobTimeoutMs=null, rangePartitioning=null, hivePartitioningOptions=null, referenceFileSchemaUri=null, connectionProperties=null, createSession=null}. jobId: JobId{project=nfl-project-de, job=1b669c3c-b162-4f04-89cc-8cf7d039179e, location=europe-west6}
[2023-04-23T16:14:59.952+0000] {subprocess.py:93} INFO - 23/04/23 16:14:54 INFO com.google.cloud.bigquery.connector.common.BigQueryClient: Done loading to nfl-project-de.nfl_data_all.teams_defense_stats_2022_2. jobId: JobId{project=nfl-project-de, job=1b669c3c-b162-4f04-89cc-8cf7d039179e, location=europe-west6}
[2023-04-23T16:14:59.953+0000] {subprocess.py:93} INFO - 23/04/23 16:14:56 INFO org.apache.parquet.hadoop.codec.CodecConfig: Compression: SNAPPY
[2023-04-23T16:14:59.954+0000] {subprocess.py:93} INFO - 23/04/23 16:14:56 INFO org.apache.parquet.hadoop.codec.CodecConfig: Compression: SNAPPY
[2023-04-23T16:14:59.954+0000] {subprocess.py:93} INFO - 23/04/23 16:14:56 INFO org.apache.parquet.hadoop.ParquetOutputFormat: Parquet block size to 134217728
[2023-04-23T16:14:59.955+0000] {subprocess.py:93} INFO - 23/04/23 16:14:56 INFO org.apache.parquet.hadoop.ParquetOutputFormat: Parquet page size to 1048576
[2023-04-23T16:14:59.955+0000] {subprocess.py:93} INFO - 23/04/23 16:14:56 INFO org.apache.parquet.hadoop.ParquetOutputFormat: Parquet dictionary page size to 1048576
[2023-04-23T16:14:59.955+0000] {subprocess.py:93} INFO - 23/04/23 16:14:56 INFO org.apache.parquet.hadoop.ParquetOutputFormat: Dictionary is on
[2023-04-23T16:14:59.956+0000] {subprocess.py:93} INFO - 23/04/23 16:14:56 INFO org.apache.parquet.hadoop.ParquetOutputFormat: Validation is off
[2023-04-23T16:14:59.956+0000] {subprocess.py:93} INFO - 23/04/23 16:14:56 INFO org.apache.parquet.hadoop.ParquetOutputFormat: Writer version is: PARQUET_1_0
[2023-04-23T16:14:59.957+0000] {subprocess.py:93} INFO - 23/04/23 16:14:56 INFO org.apache.parquet.hadoop.ParquetOutputFormat: Maximum row group padding size is 8388608 bytes
[2023-04-23T16:14:59.957+0000] {subprocess.py:93} INFO - 23/04/23 16:14:56 INFO org.apache.parquet.hadoop.ParquetOutputFormat: Page size checking is: estimated
[2023-04-23T16:14:59.958+0000] {subprocess.py:93} INFO - 23/04/23 16:14:56 INFO org.apache.parquet.hadoop.ParquetOutputFormat: Min row count for page size check is: 100
[2023-04-23T16:14:59.958+0000] {subprocess.py:93} INFO - 23/04/23 16:14:56 INFO org.apache.parquet.hadoop.ParquetOutputFormat: Max row count for page size check is: 10000
[2023-04-23T16:14:59.959+0000] {subprocess.py:93} INFO - 23/04/23 16:14:56 INFO org.apache.parquet.hadoop.ParquetOutputFormat: Truncate length for column indexes is: 64
[2023-04-23T16:14:59.960+0000] {subprocess.py:93} INFO - 23/04/23 16:14:56 INFO org.apache.parquet.hadoop.ParquetOutputFormat: Truncate length for statistics min/max  is: 2147483647
[2023-04-23T16:14:59.961+0000] {subprocess.py:93} INFO - 23/04/23 16:14:56 INFO org.apache.parquet.hadoop.ParquetOutputFormat: Page row count limit to 20000
[2023-04-23T16:14:59.961+0000] {subprocess.py:93} INFO - 23/04/23 16:14:56 INFO org.apache.parquet.hadoop.ParquetOutputFormat: Writing page checksums is: on
[2023-04-23T16:14:59.962+0000] {subprocess.py:93} INFO - 23/04/23 16:14:56 INFO org.apache.parquet.hadoop.codec.CodecConfig: Compression: SNAPPY
[2023-04-23T16:14:59.963+0000] {subprocess.py:93} INFO - 23/04/23 16:14:56 INFO org.apache.parquet.hadoop.codec.CodecConfig: Compression: SNAPPY
[2023-04-23T16:14:59.963+0000] {subprocess.py:93} INFO - 23/04/23 16:14:56 INFO org.apache.parquet.hadoop.ParquetOutputFormat: Parquet block size to 134217728
[2023-04-23T16:14:59.964+0000] {subprocess.py:93} INFO - 23/04/23 16:14:56 INFO org.apache.parquet.hadoop.ParquetOutputFormat: Parquet page size to 1048576
[2023-04-23T16:14:59.964+0000] {subprocess.py:93} INFO - 23/04/23 16:14:56 INFO org.apache.parquet.hadoop.ParquetOutputFormat: Parquet dictionary page size to 1048576
[2023-04-23T16:14:59.965+0000] {subprocess.py:93} INFO - 23/04/23 16:14:56 INFO org.apache.parquet.hadoop.ParquetOutputFormat: Dictionary is on
[2023-04-23T16:14:59.965+0000] {subprocess.py:93} INFO - 23/04/23 16:14:56 INFO org.apache.parquet.hadoop.ParquetOutputFormat: Validation is off
[2023-04-23T16:14:59.965+0000] {subprocess.py:93} INFO - 23/04/23 16:14:56 INFO org.apache.parquet.hadoop.ParquetOutputFormat: Writer version is: PARQUET_1_0
[2023-04-23T16:14:59.966+0000] {subprocess.py:93} INFO - 23/04/23 16:14:56 INFO org.apache.parquet.hadoop.ParquetOutputFormat: Maximum row group padding size is 8388608 bytes
[2023-04-23T16:14:59.967+0000] {subprocess.py:93} INFO - 23/04/23 16:14:56 INFO org.apache.parquet.hadoop.ParquetOutputFormat: Page size checking is: estimated
[2023-04-23T16:14:59.968+0000] {subprocess.py:93} INFO - 23/04/23 16:14:56 INFO org.apache.parquet.hadoop.ParquetOutputFormat: Min row count for page size check is: 100
[2023-04-23T16:14:59.968+0000] {subprocess.py:93} INFO - 23/04/23 16:14:56 INFO org.apache.parquet.hadoop.ParquetOutputFormat: Max row count for page size check is: 10000
[2023-04-23T16:14:59.969+0000] {subprocess.py:93} INFO - 23/04/23 16:14:56 INFO org.apache.parquet.hadoop.ParquetOutputFormat: Truncate length for column indexes is: 64
[2023-04-23T16:14:59.970+0000] {subprocess.py:93} INFO - 23/04/23 16:14:56 INFO org.apache.parquet.hadoop.ParquetOutputFormat: Truncate length for statistics min/max  is: 2147483647
[2023-04-23T16:14:59.971+0000] {subprocess.py:93} INFO - 23/04/23 16:14:56 INFO org.apache.parquet.hadoop.ParquetOutputFormat: Page row count limit to 20000
[2023-04-23T16:14:59.972+0000] {subprocess.py:93} INFO - 23/04/23 16:14:56 INFO org.apache.parquet.hadoop.ParquetOutputFormat: Writing page checksums is: on
[2023-04-23T16:14:59.972+0000] {subprocess.py:93} INFO - 23/04/23 16:14:56 INFO org.apache.parquet.hadoop.codec.CodecConfig: Compression: SNAPPY
[2023-04-23T16:14:59.973+0000] {subprocess.py:93} INFO - 23/04/23 16:14:56 INFO org.apache.parquet.hadoop.codec.CodecConfig: Compression: SNAPPY
[2023-04-23T16:14:59.974+0000] {subprocess.py:93} INFO - 23/04/23 16:14:56 INFO org.apache.parquet.hadoop.ParquetOutputFormat: Parquet block size to 134217728
[2023-04-23T16:14:59.975+0000] {subprocess.py:93} INFO - 23/04/23 16:14:56 INFO org.apache.parquet.hadoop.ParquetOutputFormat: Parquet page size to 1048576
[2023-04-23T16:14:59.975+0000] {subprocess.py:93} INFO - 23/04/23 16:14:56 INFO org.apache.parquet.hadoop.ParquetOutputFormat: Parquet dictionary page size to 1048576
[2023-04-23T16:14:59.976+0000] {subprocess.py:93} INFO - 23/04/23 16:14:56 INFO org.apache.parquet.hadoop.ParquetOutputFormat: Dictionary is on
[2023-04-23T16:14:59.976+0000] {subprocess.py:93} INFO - 23/04/23 16:14:56 INFO org.apache.parquet.hadoop.ParquetOutputFormat: Validation is off
[2023-04-23T16:14:59.977+0000] {subprocess.py:93} INFO - 23/04/23 16:14:56 INFO org.apache.parquet.hadoop.ParquetOutputFormat: Writer version is: PARQUET_1_0
[2023-04-23T16:14:59.977+0000] {subprocess.py:93} INFO - 23/04/23 16:14:56 INFO org.apache.parquet.hadoop.ParquetOutputFormat: Maximum row group padding size is 8388608 bytes
[2023-04-23T16:14:59.977+0000] {subprocess.py:93} INFO - 23/04/23 16:14:56 INFO org.apache.parquet.hadoop.ParquetOutputFormat: Page size checking is: estimated
[2023-04-23T16:14:59.978+0000] {subprocess.py:93} INFO - 23/04/23 16:14:56 INFO org.apache.parquet.hadoop.ParquetOutputFormat: Min row count for page size check is: 100
[2023-04-23T16:14:59.979+0000] {subprocess.py:93} INFO - 23/04/23 16:14:56 INFO org.apache.parquet.hadoop.ParquetOutputFormat: Max row count for page size check is: 10000
[2023-04-23T16:14:59.980+0000] {subprocess.py:93} INFO - 23/04/23 16:14:56 INFO org.apache.parquet.hadoop.ParquetOutputFormat: Truncate length for column indexes is: 64
[2023-04-23T16:14:59.981+0000] {subprocess.py:93} INFO - 23/04/23 16:14:56 INFO org.apache.parquet.hadoop.ParquetOutputFormat: Truncate length for statistics min/max  is: 2147483647
[2023-04-23T16:14:59.982+0000] {subprocess.py:93} INFO - 23/04/23 16:14:56 INFO org.apache.parquet.hadoop.ParquetOutputFormat: Page row count limit to 20000
[2023-04-23T16:14:59.983+0000] {subprocess.py:93} INFO - 23/04/23 16:14:56 INFO org.apache.parquet.hadoop.ParquetOutputFormat: Writing page checksums is: on
[2023-04-23T16:14:59.983+0000] {subprocess.py:93} INFO - 23/04/23 16:14:56 INFO org.apache.parquet.hadoop.codec.CodecConfig: Compression: SNAPPY
[2023-04-23T16:14:59.984+0000] {subprocess.py:93} INFO - 23/04/23 16:14:56 INFO org.apache.parquet.hadoop.codec.CodecConfig: Compression: SNAPPY
[2023-04-23T16:14:59.985+0000] {subprocess.py:93} INFO - 23/04/23 16:14:56 INFO org.apache.parquet.hadoop.ParquetOutputFormat: Parquet block size to 134217728
[2023-04-23T16:14:59.986+0000] {subprocess.py:93} INFO - 23/04/23 16:14:56 INFO org.apache.parquet.hadoop.ParquetOutputFormat: Parquet page size to 1048576
[2023-04-23T16:14:59.987+0000] {subprocess.py:93} INFO - 23/04/23 16:14:56 INFO org.apache.parquet.hadoop.ParquetOutputFormat: Parquet dictionary page size to 1048576
[2023-04-23T16:14:59.988+0000] {subprocess.py:93} INFO - 23/04/23 16:14:56 INFO org.apache.parquet.hadoop.ParquetOutputFormat: Dictionary is on
[2023-04-23T16:14:59.989+0000] {subprocess.py:93} INFO - 23/04/23 16:14:56 INFO org.apache.parquet.hadoop.ParquetOutputFormat: Validation is off
[2023-04-23T16:14:59.990+0000] {subprocess.py:93} INFO - 23/04/23 16:14:56 INFO org.apache.parquet.hadoop.ParquetOutputFormat: Writer version is: PARQUET_1_0
[2023-04-23T16:14:59.991+0000] {subprocess.py:93} INFO - 23/04/23 16:14:56 INFO org.apache.parquet.hadoop.ParquetOutputFormat: Maximum row group padding size is 8388608 bytes
[2023-04-23T16:14:59.992+0000] {subprocess.py:93} INFO - 23/04/23 16:14:56 INFO org.apache.parquet.hadoop.ParquetOutputFormat: Page size checking is: estimated
[2023-04-23T16:14:59.993+0000] {subprocess.py:93} INFO - 23/04/23 16:14:56 INFO org.apache.parquet.hadoop.ParquetOutputFormat: Min row count for page size check is: 100
[2023-04-23T16:14:59.994+0000] {subprocess.py:93} INFO - 23/04/23 16:14:56 INFO org.apache.parquet.hadoop.ParquetOutputFormat: Max row count for page size check is: 10000
[2023-04-23T16:14:59.995+0000] {subprocess.py:93} INFO - 23/04/23 16:14:56 INFO org.apache.parquet.hadoop.ParquetOutputFormat: Truncate length for column indexes is: 64
[2023-04-23T16:14:59.996+0000] {subprocess.py:93} INFO - 23/04/23 16:14:56 INFO org.apache.parquet.hadoop.ParquetOutputFormat: Truncate length for statistics min/max  is: 2147483647
[2023-04-23T16:14:59.998+0000] {subprocess.py:93} INFO - 23/04/23 16:14:56 INFO org.apache.parquet.hadoop.ParquetOutputFormat: Page row count limit to 20000
[2023-04-23T16:15:00.001+0000] {subprocess.py:93} INFO - 23/04/23 16:14:56 INFO org.apache.parquet.hadoop.ParquetOutputFormat: Writing page checksums is: on
[2023-04-23T16:15:00.003+0000] {subprocess.py:93} INFO - 23/04/23 16:14:57 INFO com.google.cloud.hadoop.repackaged.gcs.com.google.cloud.hadoop.gcsio.GoogleCloudStorageFileSystem: Successfully repaired 'gs://dataproc-temp-europe-west6-447072446412-ooqjzme9/.spark-bigquery-local-1682266465674-7f7271a1-dd44-45a5-a8a7-b274c781588a/_temporary/0/_temporary/attempt_202304231614559174461692297470132_0016_m_000000_18/' directory.
[2023-04-23T16:15:00.005+0000] {subprocess.py:93} INFO - 23/04/23 16:14:57 INFO com.google.cloud.hadoop.repackaged.gcs.com.google.cloud.hadoop.gcsio.GoogleCloudStorageFileSystem: Successfully repaired 'gs://dataproc-temp-europe-west6-447072446412-ooqjzme9/.spark-bigquery-local-1682266465674-7f7271a1-dd44-45a5-a8a7-b274c781588a/_temporary/0/_temporary/attempt_20230423161455115954919214599717_0016_m_000001_19/' directory.
[2023-04-23T16:15:00.007+0000] {subprocess.py:93} INFO - 23/04/23 16:14:57 INFO com.google.cloud.hadoop.repackaged.gcs.com.google.cloud.hadoop.gcsio.GoogleCloudStorageFileSystem: Successfully repaired 'gs://dataproc-temp-europe-west6-447072446412-ooqjzme9/.spark-bigquery-local-1682266465674-7f7271a1-dd44-45a5-a8a7-b274c781588a/_temporary/0/_temporary/attempt_20230423161455819206377423771515_0016_m_000002_20/' directory.
[2023-04-23T16:15:00.010+0000] {subprocess.py:93} INFO - 23/04/23 16:14:57 INFO com.google.cloud.hadoop.repackaged.gcs.com.google.cloud.hadoop.gcsio.GoogleCloudStorageFileSystem: Successfully repaired 'gs://dataproc-temp-europe-west6-447072446412-ooqjzme9/.spark-bigquery-local-1682266465674-7f7271a1-dd44-45a5-a8a7-b274c781588a/_temporary/0/_temporary/attempt_202304231614555331623365925800736_0016_m_000003_21/' directory.
[2023-04-23T16:15:00.012+0000] {subprocess.py:93} INFO - 23/04/23 16:14:57 INFO com.google.cloud.hadoop.repackaged.gcs.com.google.cloud.hadoop.gcsio.GoogleCloudStorageFileSystem: Successfully repaired 'gs://dataproc-temp-europe-west6-447072446412-ooqjzme9/.spark-bigquery-local-1682266465674-7f7271a1-dd44-45a5-a8a7-b274c781588a/_temporary/0/_temporary/' directory.
[2023-04-23T16:15:00.014+0000] {subprocess.py:93} INFO - 23/04/23 16:14:57 INFO com.google.cloud.hadoop.repackaged.gcs.com.google.cloud.hadoop.gcsio.GoogleCloudStorageImpl: Ignoring exception of type GoogleJsonResponseException; verified object already exists with desired state.
[2023-04-23T16:15:00.016+0000] {subprocess.py:93} INFO - 23/04/23 16:14:57 INFO com.google.cloud.hadoop.repackaged.gcs.com.google.cloud.hadoop.gcsio.GoogleCloudStorageFileSystem: Successfully repaired 'gs://dataproc-temp-europe-west6-447072446412-ooqjzme9/.spark-bigquery-local-1682266465674-7f7271a1-dd44-45a5-a8a7-b274c781588a/_temporary/0/_temporary/' directory.
[2023-04-23T16:15:00.017+0000] {subprocess.py:93} INFO - 23/04/23 16:14:57 INFO org.apache.parquet.hadoop.codec.CodecConfig: Compression: SNAPPY
[2023-04-23T16:15:00.019+0000] {subprocess.py:93} INFO - 23/04/23 16:14:57 INFO org.apache.parquet.hadoop.codec.CodecConfig: Compression: SNAPPY
[2023-04-23T16:15:00.021+0000] {subprocess.py:93} INFO - 23/04/23 16:14:57 INFO org.apache.parquet.hadoop.ParquetOutputFormat: Parquet block size to 134217728
[2023-04-23T16:15:00.023+0000] {subprocess.py:93} INFO - 23/04/23 16:14:57 INFO org.apache.parquet.hadoop.ParquetOutputFormat: Parquet page size to 1048576
[2023-04-23T16:15:00.025+0000] {subprocess.py:93} INFO - 23/04/23 16:14:57 INFO org.apache.parquet.hadoop.ParquetOutputFormat: Parquet dictionary page size to 1048576
[2023-04-23T16:15:00.026+0000] {subprocess.py:93} INFO - 23/04/23 16:14:57 INFO org.apache.parquet.hadoop.ParquetOutputFormat: Dictionary is on
[2023-04-23T16:15:00.027+0000] {subprocess.py:93} INFO - 23/04/23 16:14:57 INFO org.apache.parquet.hadoop.ParquetOutputFormat: Validation is off
[2023-04-23T16:15:00.028+0000] {subprocess.py:93} INFO - 23/04/23 16:14:57 INFO org.apache.parquet.hadoop.ParquetOutputFormat: Writer version is: PARQUET_1_0
[2023-04-23T16:15:00.029+0000] {subprocess.py:93} INFO - 23/04/23 16:14:57 INFO org.apache.parquet.hadoop.ParquetOutputFormat: Maximum row group padding size is 8388608 bytes
[2023-04-23T16:15:00.031+0000] {subprocess.py:93} INFO - 23/04/23 16:14:57 INFO org.apache.parquet.hadoop.ParquetOutputFormat: Page size checking is: estimated
[2023-04-23T16:15:00.032+0000] {subprocess.py:93} INFO - 23/04/23 16:14:57 INFO org.apache.parquet.hadoop.ParquetOutputFormat: Min row count for page size check is: 100
[2023-04-23T16:15:00.033+0000] {subprocess.py:93} INFO - 23/04/23 16:14:57 INFO org.apache.parquet.hadoop.ParquetOutputFormat: Max row count for page size check is: 10000
[2023-04-23T16:15:00.034+0000] {subprocess.py:93} INFO - 23/04/23 16:14:57 INFO org.apache.parquet.hadoop.ParquetOutputFormat: Truncate length for column indexes is: 64
[2023-04-23T16:15:00.035+0000] {subprocess.py:93} INFO - 23/04/23 16:14:57 INFO org.apache.parquet.hadoop.ParquetOutputFormat: Truncate length for statistics min/max  is: 2147483647
[2023-04-23T16:15:00.035+0000] {subprocess.py:93} INFO - 23/04/23 16:14:57 INFO org.apache.parquet.hadoop.ParquetOutputFormat: Page row count limit to 20000
[2023-04-23T16:15:00.036+0000] {subprocess.py:93} INFO - 23/04/23 16:14:57 INFO org.apache.parquet.hadoop.ParquetOutputFormat: Writing page checksums is: on
[2023-04-23T16:15:00.038+0000] {subprocess.py:93} INFO - 23/04/23 16:14:57 INFO com.google.cloud.hadoop.repackaged.gcs.com.google.cloud.hadoop.gcsio.GoogleCloudStorageFileSystem: Successfully repaired 'gs://dataproc-temp-europe-west6-447072446412-ooqjzme9/.spark-bigquery-local-1682266465674-7f7271a1-dd44-45a5-a8a7-b274c781588a/_temporary/0/_temporary/attempt_202304231614552429853284497694852_0016_m_000004_22/' directory.
[2023-04-23T16:15:00.039+0000] {subprocess.py:93} INFO - 23/04/23 16:14:57 INFO com.google.cloud.hadoop.repackaged.gcs.com.google.cloud.hadoop.gcsio.GoogleCloudStorageFileSystem: Successfully repaired 'gs://dataproc-temp-europe-west6-447072446412-ooqjzme9/.spark-bigquery-local-1682266465674-7f7271a1-dd44-45a5-a8a7-b274c781588a/' directory.
[2023-04-23T16:15:00.040+0000] {subprocess.py:93} INFO - 23/04/23 16:14:58 INFO com.google.cloud.bigquery.connector.common.BigQueryClient: Submitted job LoadJobConfiguration{type=LOAD, destinationTable=GenericData{classInfo=[datasetId, projectId, tableId], {datasetId=nfl_data_all, projectId=nfl-project-de, tableId=teams_stats_2022_2_PARTITIONED}}, decimalTargetTypes=null, destinationEncryptionConfiguration=null, createDisposition=CREATE_IF_NEEDED, writeDisposition=WRITE_TRUNCATE, formatOptions=ParquetOptions{enableListInference=null, enumAsString=null}, nullMarker=null, maxBadRecords=null, schema=Schema{fields=[Field{name=teamStatName, type=STRING, mode=NULLABLE, description=null, policyTags=null, maxLength=null, scale=null, precision=null, defaultValueExpression=null, collation=null}, Field{name=teamStatDescription, type=STRING, mode=NULLABLE, description=null, policyTags=null, maxLength=null, scale=null, precision=null, defaultValueExpression=null, collation=null}, Field{name=teamStatAbbreviation, type=STRING, mode=NULLABLE, description=null, policyTags=null, maxLength=null, scale=null, precision=null, defaultValueExpression=null, collation=null}, Field{name=teamStatValue, type=FLOAT, mode=NULLABLE, description=null, policyTags=null, maxLength=null, scale=null, precision=null, defaultValueExpression=null, collation=null}, Field{name=teamStatperGameValue, type=FLOAT, mode=NULLABLE, description=null, policyTags=null, maxLength=null, scale=null, precision=null, defaultValueExpression=null, collation=null}, Field{name=teamRank, type=INTEGER, mode=NULLABLE, description=null, policyTags=null, maxLength=null, scale=null, precision=null, defaultValueExpression=null, collation=null}, Field{name=teamStatCategory, type=STRING, mode=NULLABLE, description=null, policyTags=null, maxLength=null, scale=null, precision=null, defaultValueExpression=null, collation=null}, Field{name=teamId, type=INTEGER, mode=NULLABLE, description=null, policyTags=null, maxLength=null, scale=null, precision=null, defaultValueExpression=null, collation=null}, Field{name=year, type=INTEGER, mode=NULLABLE, description=null, policyTags=null, maxLength=null, scale=null, precision=null, defaultValueExpression=null, collation=null}, Field{name=seasonType, type=INTEGER, mode=NULLABLE, description=null, policyTags=null, maxLength=null, scale=null, precision=null, defaultValueExpression=null, collation=null}]}, ignoreUnknownValue=null, sourceUris=[gs://dataproc-temp-europe-west6-447072446412-ooqjzme9/.spark-bigquery-local-1682266465674-7f7271a1-dd44-45a5-a8a7-b274c781588a/part-00000-fc70539e-352c-46cf-98d0-54325f10a2f2-c000.snappy.parquet, gs://dataproc-temp-europe-west6-447072446412-ooqjzme9/.spark-bigquery-local-1682266465674-7f7271a1-dd44-45a5-a8a7-b274c781588a/part-00002-fc70539e-352c-46cf-98d0-54325f10a2f2-c000.snappy.parquet, gs://dataproc-temp-europe-west6-447072446412-ooqjzme9/.spark-bigquery-local-1682266465674-7f7271a1-dd44-45a5-a8a7-b274c781588a/part-00004-fc70539e-352c-46cf-98d0-54325f10a2f2-c000.snappy.parquet, gs://dataproc-temp-europe-west6-447072446412-ooqjzme9/.spark-bigquery-local-1682266465674-7f7271a1-dd44-45a5-a8a7-b274c781588a/part-00001-fc70539e-352c-46cf-98d0-54325f10a2f2-c000.snappy.parquet, gs://dataproc-temp-europe-west6-447072446412-ooqjzme9/.spark-bigquery-local-1682266465674-7f7271a1-dd44-45a5-a8a7-b274c781588a/part-00003-fc70539e-352c-46cf-98d0-54325f10a2f2-c000.snappy.parquet], schemaUpdateOptions=null, autodetect=null, timePartitioning=null, clustering=null, useAvroLogicalTypes=null, labels=null, jobTimeoutMs=null, rangePartitioning=null, hivePartitioningOptions=null, referenceFileSchemaUri=null, connectionProperties=null, createSession=null}. jobId: JobId{project=nfl-project-de, job=b3044d13-afb3-4ba8-926c-43b2c8364484, location=europe-west6}
[2023-04-23T16:15:04.440+0000] {subprocess.py:93} INFO - 23/04/23 16:15:00 INFO com.google.cloud.bigquery.connector.common.BigQueryClient: Done loading to nfl-project-de.nfl_data_all.teams_stats_2022_2_PARTITIONED. jobId: JobId{project=nfl-project-de, job=b3044d13-afb3-4ba8-926c-43b2c8364484, location=europe-west6}
[2023-04-23T16:15:04.441+0000] {subprocess.py:93} INFO - 23/04/23 16:15:03 INFO org.apache.parquet.hadoop.codec.CodecConfig: Compression: SNAPPY
[2023-04-23T16:15:04.442+0000] {subprocess.py:93} INFO - 23/04/23 16:15:03 INFO org.apache.parquet.hadoop.codec.CodecConfig: Compression: SNAPPY
[2023-04-23T16:15:04.442+0000] {subprocess.py:93} INFO - 23/04/23 16:15:03 INFO org.apache.parquet.hadoop.ParquetOutputFormat: Parquet block size to 134217728
[2023-04-23T16:15:04.443+0000] {subprocess.py:93} INFO - 23/04/23 16:15:03 INFO org.apache.parquet.hadoop.ParquetOutputFormat: Parquet page size to 1048576
[2023-04-23T16:15:04.444+0000] {subprocess.py:93} INFO - 23/04/23 16:15:03 INFO org.apache.parquet.hadoop.ParquetOutputFormat: Parquet dictionary page size to 1048576
[2023-04-23T16:15:04.445+0000] {subprocess.py:93} INFO - 23/04/23 16:15:03 INFO org.apache.parquet.hadoop.ParquetOutputFormat: Dictionary is on
[2023-04-23T16:15:04.446+0000] {subprocess.py:93} INFO - 23/04/23 16:15:03 INFO org.apache.parquet.hadoop.ParquetOutputFormat: Validation is off
[2023-04-23T16:15:04.447+0000] {subprocess.py:93} INFO - 23/04/23 16:15:03 INFO org.apache.parquet.hadoop.ParquetOutputFormat: Writer version is: PARQUET_1_0
[2023-04-23T16:15:04.448+0000] {subprocess.py:93} INFO - 23/04/23 16:15:03 INFO org.apache.parquet.hadoop.ParquetOutputFormat: Maximum row group padding size is 8388608 bytes
[2023-04-23T16:15:04.448+0000] {subprocess.py:93} INFO - 23/04/23 16:15:03 INFO org.apache.parquet.hadoop.ParquetOutputFormat: Page size checking is: estimated
[2023-04-23T16:15:04.449+0000] {subprocess.py:93} INFO - 23/04/23 16:15:03 INFO org.apache.parquet.hadoop.ParquetOutputFormat: Min row count for page size check is: 100
[2023-04-23T16:15:04.449+0000] {subprocess.py:93} INFO - 23/04/23 16:15:03 INFO org.apache.parquet.hadoop.ParquetOutputFormat: Max row count for page size check is: 10000
[2023-04-23T16:15:04.450+0000] {subprocess.py:93} INFO - 23/04/23 16:15:03 INFO org.apache.parquet.hadoop.ParquetOutputFormat: Truncate length for column indexes is: 64
[2023-04-23T16:15:04.450+0000] {subprocess.py:93} INFO - 23/04/23 16:15:03 INFO org.apache.parquet.hadoop.ParquetOutputFormat: Truncate length for statistics min/max  is: 2147483647
[2023-04-23T16:15:04.450+0000] {subprocess.py:93} INFO - 23/04/23 16:15:03 INFO org.apache.parquet.hadoop.ParquetOutputFormat: Page row count limit to 20000
[2023-04-23T16:15:04.451+0000] {subprocess.py:93} INFO - 23/04/23 16:15:03 INFO org.apache.parquet.hadoop.ParquetOutputFormat: Writing page checksums is: on
[2023-04-23T16:15:04.707+0000] {local_task_job.py:276} WARNING - State of this instance has been externally set to restarting. Terminating instance.
[2023-04-23T16:15:04.719+0000] {process_utils.py:129} INFO - Sending Signals.SIGTERM to group 13402. PIDs of all processes in the group: [13403, 13402]
[2023-04-23T16:15:04.720+0000] {process_utils.py:84} INFO - Sending the signal Signals.SIGTERM to group 13402
[2023-04-23T16:15:04.721+0000] {taskinstance.py:1488} ERROR - Received SIGTERM. Terminating subprocesses.
[2023-04-23T16:15:04.732+0000] {taskinstance.py:1776} ERROR - Task failed with exception
Traceback (most recent call last):
  File "/home/airflow/.local/lib/python3.9/site-packages/airflow/decorators/base.py", line 217, in execute
    return_value = super().execute(context)
  File "/home/airflow/.local/lib/python3.9/site-packages/airflow/operators/python.py", line 175, in execute
    return_value = self.execute_callable()
  File "/home/airflow/.local/lib/python3.9/site-packages/airflow/operators/python.py", line 192, in execute_callable
    return self.python_callable(*self.op_args, **self.op_kwargs)
  File "/opt/airflow/dags/data_ingestion.py", line 231, in task_pyspark
    operator.execute(context={})
  File "/home/airflow/.local/lib/python3.9/site-packages/airflow/operators/bash.py", line 187, in execute
    result = self.subprocess_hook.run_command(
  File "/home/airflow/.local/lib/python3.9/site-packages/airflow/hooks/subprocess.py", line 91, in run_command
    for raw_line in iter(self.sub_process.stdout.readline, b""):
  File "/home/airflow/.local/lib/python3.9/site-packages/airflow/models/taskinstance.py", line 1490, in signal_handler
    raise AirflowException("Task received SIGTERM signal")
airflow.exceptions.AirflowException: Task received SIGTERM signal
[2023-04-23T16:15:04.752+0000] {taskinstance.py:1327} INFO - Marking task as UP_FOR_RETRY. dag_id=nfl_transformation_dag, task_id=task_pyspark, execution_date=20230411T000000, start_date=20230423T161408, end_date=20230423T161504
[2023-04-23T16:15:04.775+0000] {standard_task_runner.py:100} ERROR - Failed to execute job 1224 for task task_pyspark (Task received SIGTERM signal; 13402)
[2023-04-23T16:15:04.814+0000] {process_utils.py:79} INFO - Process psutil.Process(pid=13402, status='terminated', exitcode=1, started='16:14:08') (13402) terminated with exit code 1
[2023-04-23T16:15:11.874+0000] {process_utils.py:79} INFO - Process psutil.Process(pid=13403, status='terminated', started='16:14:08') (13403) terminated with exit code None
