[2023-04-23T14:27:37.085+0000] {taskinstance.py:1090} INFO - Dependencies all met for dep_context=non-requeueable deps ti=<TaskInstance: nfl_transformation_dag.task_pyspark scheduled__2023-04-11T00:00:00+00:00 [None]>
[2023-04-23T14:27:37.106+0000] {taskinstance.py:1090} INFO - Dependencies all met for dep_context=requeueable deps ti=<TaskInstance: nfl_transformation_dag.task_pyspark scheduled__2023-04-11T00:00:00+00:00 [None]>
[2023-04-23T14:27:37.109+0000] {taskinstance.py:1288} INFO - 
--------------------------------------------------------------------------------
[2023-04-23T14:27:37.111+0000] {taskinstance.py:1289} INFO - Starting attempt 32 of 34
[2023-04-23T14:27:37.113+0000] {taskinstance.py:1290} INFO - 
--------------------------------------------------------------------------------
[2023-04-23T14:27:37.136+0000] {taskinstance.py:1309} INFO - Executing <Task(_PythonDecoratedOperator): task_pyspark> on 2023-04-11 00:00:00+00:00
[2023-04-23T14:27:37.136+0000] {taskinstance.py:1080} INFO - Dependencies not met for <TaskInstance: nfl_transformation_dag.task_pyspark scheduled__2023-04-11T00:00:00+00:00 [running]>, dependency 'Task Instance Not Running' FAILED: Task is in the running state
[2023-04-23T14:27:37.139+0000] {taskinstance.py:1080} INFO - Dependencies not met for <TaskInstance: nfl_transformation_dag.task_pyspark scheduled__2023-04-11T00:00:00+00:00 [running]>, dependency 'Task Instance State' FAILED: Task is in the 'running' state.
[2023-04-23T14:27:37.154+0000] {local_task_job.py:151} INFO - Task is not able to be run
[2023-04-23T14:27:37.182+0000] {standard_task_runner.py:55} INFO - Started process 7288 to run task
[2023-04-23T14:27:37.207+0000] {standard_task_runner.py:82} INFO - Running: ['***', 'tasks', 'run', 'nfl_transformation_dag', 'task_pyspark', 'scheduled__2023-04-11T00:00:00+00:00', '--job-id', '1204', '--pool', 'default_pool', '--raw', '--subdir', 'DAGS_FOLDER/data_ingestion.py', '--cfg-path', '/tmp/tmpxjublv5i']
[2023-04-23T14:27:37.211+0000] {standard_task_runner.py:83} INFO - Job 1204: Subtask task_pyspark
[2023-04-23T14:27:37.303+0000] {task_command.py:389} INFO - Running <TaskInstance: nfl_transformation_dag.task_pyspark scheduled__2023-04-11T00:00:00+00:00 [running]> on host 235fa867d994
[2023-04-23T14:27:37.373+0000] {taskinstance.py:1516} INFO - Exporting the following env vars:
AIRFLOW_CTX_DAG_OWNER=***
AIRFLOW_CTX_DAG_ID=nfl_transformation_dag
AIRFLOW_CTX_TASK_ID=task_pyspark
AIRFLOW_CTX_EXECUTION_DATE=2023-04-11T00:00:00+00:00
AIRFLOW_CTX_TRY_NUMBER=32
AIRFLOW_CTX_DAG_RUN_ID=scheduled__2023-04-11T00:00:00+00:00
[2023-04-23T14:27:37.377+0000] {subprocess.py:63} INFO - Tmp dir root location: 
 /tmp
[2023-04-23T14:27:37.387+0000] {subprocess.py:75} INFO - Running command: ['/bin/bash', '-c', 'gcloud dataproc jobs submit pyspark                 --cluster=nfl-spark-cluster                 --region=europe-west6                 --jars=gs://spark-lib/bigquery/spark-bigquery-with-dependencies_2.12-0.30.0.jar                gs://nfl-data-lake_nfl-project-de/code/transform_pyspark.py                 --                     --year=2019                     --season_type=2 ']
[2023-04-23T14:27:37.407+0000] {subprocess.py:86} INFO - Output:
[2023-04-23T14:27:43.737+0000] {subprocess.py:93} INFO - Job [0a4afd9ade8b407890f2fd1156e70370] submitted.
[2023-04-23T14:27:43.740+0000] {subprocess.py:93} INFO - Waiting for job output...
[2023-04-23T14:27:54.376+0000] {subprocess.py:93} INFO - 23/04/23 14:27:53 INFO org.apache.spark.SparkEnv: Registering MapOutputTracker
[2023-04-23T14:27:54.378+0000] {subprocess.py:93} INFO - 23/04/23 14:27:53 INFO org.apache.spark.SparkEnv: Registering BlockManagerMaster
[2023-04-23T14:27:54.379+0000] {subprocess.py:93} INFO - 23/04/23 14:27:53 INFO org.apache.spark.SparkEnv: Registering BlockManagerMasterHeartbeat
[2023-04-23T14:27:54.380+0000] {subprocess.py:93} INFO - 23/04/23 14:27:53 INFO org.apache.spark.SparkEnv: Registering OutputCommitCoordinator
[2023-04-23T14:27:54.381+0000] {subprocess.py:93} INFO - 23/04/23 14:27:53 INFO org.sparkproject.jetty.util.log: Logging initialized @4428ms to org.sparkproject.jetty.util.log.Slf4jLog
[2023-04-23T14:27:54.382+0000] {subprocess.py:93} INFO - 23/04/23 14:27:53 INFO org.sparkproject.jetty.server.Server: jetty-9.4.40.v20210413; built: 2021-04-13T20:42:42.668Z; git: b881a572662e1943a14ae12e7e1207989f218b74; jvm 1.8.0_322-b06
[2023-04-23T14:27:54.383+0000] {subprocess.py:93} INFO - 23/04/23 14:27:53 INFO org.sparkproject.jetty.server.Server: Started @4560ms
[2023-04-23T14:27:54.384+0000] {subprocess.py:93} INFO - 23/04/23 14:27:53 INFO org.sparkproject.jetty.server.AbstractConnector: Started ServerConnector@6140d3c5{HTTP/1.1, (http/1.1)}{0.0.0.0:43919}
[2023-04-23T14:27:57.173+0000] {subprocess.py:93} INFO - 23/04/23 14:27:55 INFO com.google.cloud.hadoop.repackaged.gcs.com.google.cloud.hadoop.gcsio.GoogleCloudStorageImpl: Ignoring exception of type GoogleJsonResponseException; verified object already exists with desired state.
[2023-04-23T14:28:02.200+0000] {subprocess.py:93} INFO - 23/04/23 14:28:01 WARN org.apache.spark.sql.catalyst.util.package: Truncated the string representation of a plan since it was too large. This behavior can be adjusted by setting 'spark.sql.debug.maxToStringFields'.
[2023-04-23T14:28:02.202+0000] {subprocess.py:93} INFO - Cleaning the data for the teams_df started
[2023-04-23T14:28:04.750+0000] {subprocess.py:93} INFO - Cleaning the data for the teams_df is successful!
[2023-04-23T14:28:07.576+0000] {subprocess.py:93} INFO - Loading for nfl data to parquet started
[2023-04-23T14:28:13.610+0000] {subprocess.py:93} INFO - Traceback (most recent call last):
[2023-04-23T14:28:13.611+0000] {subprocess.py:93} INFO -   File "/tmp/0a4afd9ade8b407890f2fd1156e70370/transform_pyspark.py", line 267, in <module>
[2023-04-23T14:28:13.611+0000] {subprocess.py:93} INFO -     df.write.format('bigquery') \
[2023-04-23T14:28:13.612+0000] {subprocess.py:93} INFO -   File "/usr/lib/spark/python/lib/pyspark.zip/pyspark/sql/readwriter.py", line 1107, in save
[2023-04-23T14:28:13.613+0000] {subprocess.py:93} INFO -   File "/usr/lib/spark/python/lib/py4j-0.10.9-src.zip/py4j/java_gateway.py", line 1304, in __call__
[2023-04-23T14:28:13.614+0000] {subprocess.py:93} INFO -   File "/usr/lib/spark/python/lib/pyspark.zip/pyspark/sql/utils.py", line 111, in deco
[2023-04-23T14:28:13.614+0000] {subprocess.py:93} INFO -   File "/usr/lib/spark/python/lib/py4j-0.10.9-src.zip/py4j/protocol.py", line 326, in get_return_value
[2023-04-23T14:28:13.615+0000] {subprocess.py:93} INFO - py4j.protocol.Py4JJavaError: An error occurred while calling o233.save.
[2023-04-23T14:28:13.616+0000] {subprocess.py:93} INFO - : com.google.cloud.bigquery.connector.common.BigQueryConnectorException: Failed to write to BigQuery
[2023-04-23T14:28:13.617+0000] {subprocess.py:93} INFO - 	at com.google.cloud.spark.bigquery.write.BigQueryWriteHelper.writeDataFrameToBigQuery(BigQueryWriteHelper.java:111)
[2023-04-23T14:28:13.618+0000] {subprocess.py:93} INFO - 	at com.google.cloud.spark.bigquery.write.BigQueryDeprecatedIndirectInsertableRelation.insert(BigQueryDeprecatedIndirectInsertableRelation.java:43)
[2023-04-23T14:28:13.619+0000] {subprocess.py:93} INFO - 	at com.google.cloud.spark.bigquery.write.CreatableRelationProviderHelper.createRelation(CreatableRelationProviderHelper.java:54)
[2023-04-23T14:28:13.620+0000] {subprocess.py:93} INFO - 	at com.google.cloud.spark.bigquery.BigQueryRelationProvider.createRelation(BigQueryRelationProvider.scala:107)
[2023-04-23T14:28:13.622+0000] {subprocess.py:93} INFO - 	at org.apache.spark.sql.execution.datasources.SaveIntoDataSourceCommand.run(SaveIntoDataSourceCommand.scala:46)
[2023-04-23T14:28:13.623+0000] {subprocess.py:93} INFO - 	at org.apache.spark.sql.execution.command.ExecutedCommandExec.sideEffectResult$lzycompute(commands.scala:70)
[2023-04-23T14:28:13.624+0000] {subprocess.py:93} INFO - 	at org.apache.spark.sql.execution.command.ExecutedCommandExec.sideEffectResult(commands.scala:68)
[2023-04-23T14:28:13.624+0000] {subprocess.py:93} INFO - 	at org.apache.spark.sql.execution.command.ExecutedCommandExec.doExecute(commands.scala:90)
[2023-04-23T14:28:13.625+0000] {subprocess.py:93} INFO - 	at org.apache.spark.sql.execution.SparkPlan.$anonfun$execute$1(SparkPlan.scala:180)
[2023-04-23T14:28:13.625+0000] {subprocess.py:93} INFO - 	at org.apache.spark.sql.execution.SparkPlan.$anonfun$executeQuery$1(SparkPlan.scala:218)
[2023-04-23T14:28:13.625+0000] {subprocess.py:93} INFO - 	at org.apache.spark.rdd.RDDOperationScope$.withScope(RDDOperationScope.scala:151)
[2023-04-23T14:28:13.626+0000] {subprocess.py:93} INFO - 	at org.apache.spark.sql.execution.SparkPlan.executeQuery(SparkPlan.scala:215)
[2023-04-23T14:28:13.626+0000] {subprocess.py:93} INFO - 	at org.apache.spark.sql.execution.SparkPlan.execute(SparkPlan.scala:176)
[2023-04-23T14:28:13.626+0000] {subprocess.py:93} INFO - 	at org.apache.spark.sql.execution.QueryExecution.toRdd$lzycompute(QueryExecution.scala:132)
[2023-04-23T14:28:13.627+0000] {subprocess.py:93} INFO - 	at org.apache.spark.sql.execution.QueryExecution.toRdd(QueryExecution.scala:131)
[2023-04-23T14:28:13.627+0000] {subprocess.py:93} INFO - 	at org.apache.spark.sql.DataFrameWriter.$anonfun$runCommand$1(DataFrameWriter.scala:989)
[2023-04-23T14:28:13.628+0000] {subprocess.py:93} INFO - 	at org.apache.spark.sql.execution.SQLExecution$.$anonfun$withNewExecutionId$5(SQLExecution.scala:103)
[2023-04-23T14:28:13.628+0000] {subprocess.py:93} INFO - 	at org.apache.spark.sql.execution.SQLExecution$.withSQLConfPropagated(SQLExecution.scala:163)
[2023-04-23T14:28:13.630+0000] {subprocess.py:93} INFO - 	at org.apache.spark.sql.execution.SQLExecution$.$anonfun$withNewExecutionId$1(SQLExecution.scala:90)
[2023-04-23T14:28:13.631+0000] {subprocess.py:93} INFO - 	at org.apache.spark.sql.SparkSession.withActive(SparkSession.scala:775)
[2023-04-23T14:28:13.632+0000] {subprocess.py:93} INFO - 	at org.apache.spark.sql.execution.SQLExecution$.withNewExecutionId(SQLExecution.scala:64)
[2023-04-23T14:28:13.632+0000] {subprocess.py:93} INFO - 	at org.apache.spark.sql.DataFrameWriter.runCommand(DataFrameWriter.scala:989)
[2023-04-23T14:28:13.633+0000] {subprocess.py:93} INFO - 	at org.apache.spark.sql.DataFrameWriter.saveToV1Source(DataFrameWriter.scala:438)
[2023-04-23T14:28:13.633+0000] {subprocess.py:93} INFO - 	at org.apache.spark.sql.DataFrameWriter.saveInternal(DataFrameWriter.scala:415)
[2023-04-23T14:28:13.633+0000] {subprocess.py:93} INFO - 	at org.apache.spark.sql.DataFrameWriter.save(DataFrameWriter.scala:301)
[2023-04-23T14:28:13.634+0000] {subprocess.py:93} INFO - 	at sun.reflect.NativeMethodAccessorImpl.invoke0(Native Method)
[2023-04-23T14:28:13.634+0000] {subprocess.py:93} INFO - 	at sun.reflect.NativeMethodAccessorImpl.invoke(NativeMethodAccessorImpl.java:62)
[2023-04-23T14:28:13.634+0000] {subprocess.py:93} INFO - 	at sun.reflect.DelegatingMethodAccessorImpl.invoke(DelegatingMethodAccessorImpl.java:43)
[2023-04-23T14:28:13.635+0000] {subprocess.py:93} INFO - 	at java.lang.reflect.Method.invoke(Method.java:498)
[2023-04-23T14:28:13.635+0000] {subprocess.py:93} INFO - 	at py4j.reflection.MethodInvoker.invoke(MethodInvoker.java:244)
[2023-04-23T14:28:13.635+0000] {subprocess.py:93} INFO - 	at py4j.reflection.ReflectionEngine.invoke(ReflectionEngine.java:357)
[2023-04-23T14:28:13.636+0000] {subprocess.py:93} INFO - 	at py4j.Gateway.invoke(Gateway.java:282)
[2023-04-23T14:28:13.636+0000] {subprocess.py:93} INFO - 	at py4j.commands.AbstractCommand.invokeMethod(AbstractCommand.java:132)
[2023-04-23T14:28:13.637+0000] {subprocess.py:93} INFO - 	at py4j.commands.CallCommand.execute(CallCommand.java:79)
[2023-04-23T14:28:13.638+0000] {subprocess.py:93} INFO - 	at py4j.GatewayConnection.run(GatewayConnection.java:238)
[2023-04-23T14:28:13.639+0000] {subprocess.py:93} INFO - 	at java.lang.Thread.run(Thread.java:750)
[2023-04-23T14:28:13.639+0000] {subprocess.py:93} INFO - Caused by: com.google.cloud.hadoop.repackaged.gcs.com.google.api.client.googleapis.json.GoogleJsonResponseException: 404 Not Found
[2023-04-23T14:28:13.640+0000] {subprocess.py:93} INFO - POST https://storage.googleapis.com/upload/storage/v1/b/dataproc-temp-europe-west6-447072446412-ooqjzme9i/o?ifGenerationMatch=0&uploadType=multipart
[2023-04-23T14:28:13.640+0000] {subprocess.py:93} INFO - {
[2023-04-23T14:28:13.640+0000] {subprocess.py:93} INFO -   "code" : 404,
[2023-04-23T14:28:13.641+0000] {subprocess.py:93} INFO -   "errors" : [ {
[2023-04-23T14:28:13.641+0000] {subprocess.py:93} INFO -     "domain" : "global",
[2023-04-23T14:28:13.642+0000] {subprocess.py:93} INFO -     "message" : "The specified bucket does not exist.",
[2023-04-23T14:28:13.642+0000] {subprocess.py:93} INFO -     "reason" : "notFound"
[2023-04-23T14:28:13.642+0000] {subprocess.py:93} INFO -   } ],
[2023-04-23T14:28:13.643+0000] {subprocess.py:93} INFO -   "message" : "The specified bucket does not exist."
[2023-04-23T14:28:13.643+0000] {subprocess.py:93} INFO - }
[2023-04-23T14:28:13.644+0000] {subprocess.py:93} INFO - 	at com.google.cloud.hadoop.repackaged.gcs.com.google.api.client.googleapis.json.GoogleJsonResponseException.from(GoogleJsonResponseException.java:146)
[2023-04-23T14:28:13.645+0000] {subprocess.py:93} INFO - 	at com.google.cloud.hadoop.repackaged.gcs.com.google.api.client.googleapis.services.json.AbstractGoogleJsonClientRequest.newExceptionOnError(AbstractGoogleJsonClientRequest.java:118)
[2023-04-23T14:28:13.646+0000] {subprocess.py:93} INFO - 	at com.google.cloud.hadoop.repackaged.gcs.com.google.api.client.googleapis.services.json.AbstractGoogleJsonClientRequest.newExceptionOnError(AbstractGoogleJsonClientRequest.java:37)
[2023-04-23T14:28:13.646+0000] {subprocess.py:93} INFO - 	at com.google.cloud.hadoop.repackaged.gcs.com.google.api.client.googleapis.services.AbstractGoogleClientRequest.executeUnparsed(AbstractGoogleClientRequest.java:532)
[2023-04-23T14:28:13.647+0000] {subprocess.py:93} INFO - 	at com.google.cloud.hadoop.repackaged.gcs.com.google.api.client.googleapis.services.AbstractGoogleClientRequest.executeUnparsed(AbstractGoogleClientRequest.java:455)
[2023-04-23T14:28:13.647+0000] {subprocess.py:93} INFO - 	at com.google.cloud.hadoop.repackaged.gcs.com.google.api.client.googleapis.services.AbstractGoogleClientRequest.execute(AbstractGoogleClientRequest.java:565)
[2023-04-23T14:28:13.647+0000] {subprocess.py:93} INFO - 	at com.google.cloud.hadoop.repackaged.gcs.com.google.cloud.hadoop.gcsio.GoogleCloudStorageImpl.createEmptyObject(GoogleCloudStorageImpl.java:614)
[2023-04-23T14:28:13.648+0000] {subprocess.py:93} INFO - 	at com.google.cloud.hadoop.repackaged.gcs.com.google.cloud.hadoop.gcsio.GoogleCloudStorageImpl.createEmptyObject(GoogleCloudStorageImpl.java:642)
[2023-04-23T14:28:13.648+0000] {subprocess.py:93} INFO - 	at com.google.cloud.hadoop.repackaged.gcs.com.google.cloud.hadoop.gcsio.GoogleCloudStorageFileSystem.mkdirsInternal(GoogleCloudStorageFileSystem.java:504)
[2023-04-23T14:28:13.649+0000] {subprocess.py:93} INFO - 	at com.google.cloud.hadoop.repackaged.gcs.com.google.cloud.hadoop.gcsio.GoogleCloudStorageFileSystem.mkdirs(GoogleCloudStorageFileSystem.java:472)
[2023-04-23T14:28:13.649+0000] {subprocess.py:93} INFO - 	at com.google.cloud.hadoop.fs.gcs.GoogleHadoopFileSystemBase.mkdirs(GoogleHadoopFileSystemBase.java:921)
[2023-04-23T14:28:13.649+0000] {subprocess.py:93} INFO - 	at org.apache.hadoop.fs.FileSystem.mkdirs(FileSystem.java:2305)
[2023-04-23T14:28:13.650+0000] {subprocess.py:93} INFO - 	at org.apache.hadoop.mapreduce.lib.output.FileOutputCommitter.setupJob(FileOutputCommitter.java:370)
[2023-04-23T14:28:13.650+0000] {subprocess.py:93} INFO - 	at org.apache.spark.internal.io.HadoopMapReduceCommitProtocol.setupJob(HadoopMapReduceCommitProtocol.scala:178)
[2023-04-23T14:28:13.651+0000] {subprocess.py:93} INFO - 	at org.apache.spark.sql.execution.datasources.FileFormatWriter$.write(FileFormatWriter.scala:173)
[2023-04-23T14:28:13.652+0000] {subprocess.py:93} INFO - 	at org.apache.spark.sql.execution.datasources.InsertIntoHadoopFsRelationCommand.run(InsertIntoHadoopFsRelationCommand.scala:188)
[2023-04-23T14:28:13.653+0000] {subprocess.py:93} INFO - 	at org.apache.spark.sql.execution.command.DataWritingCommandExec.sideEffectResult$lzycompute(commands.scala:108)
[2023-04-23T14:28:13.653+0000] {subprocess.py:93} INFO - 	at org.apache.spark.sql.execution.command.DataWritingCommandExec.sideEffectResult(commands.scala:106)
[2023-04-23T14:28:13.653+0000] {subprocess.py:93} INFO - 	at org.apache.spark.sql.execution.command.DataWritingCommandExec.doExecute(commands.scala:131)
[2023-04-23T14:28:13.654+0000] {subprocess.py:93} INFO - 	at org.apache.spark.sql.execution.SparkPlan.$anonfun$execute$1(SparkPlan.scala:180)
[2023-04-23T14:28:13.654+0000] {subprocess.py:93} INFO - 	at org.apache.spark.sql.execution.SparkPlan.$anonfun$executeQuery$1(SparkPlan.scala:218)
[2023-04-23T14:28:13.655+0000] {subprocess.py:93} INFO - 	at org.apache.spark.rdd.RDDOperationScope$.withScope(RDDOperationScope.scala:151)
[2023-04-23T14:28:13.655+0000] {subprocess.py:93} INFO - 	at org.apache.spark.sql.execution.SparkPlan.executeQuery(SparkPlan.scala:215)
[2023-04-23T14:28:13.656+0000] {subprocess.py:93} INFO - 	at org.apache.spark.sql.execution.SparkPlan.execute(SparkPlan.scala:176)
[2023-04-23T14:28:13.656+0000] {subprocess.py:93} INFO - 	at org.apache.spark.sql.execution.QueryExecution.toRdd$lzycompute(QueryExecution.scala:132)
[2023-04-23T14:28:13.657+0000] {subprocess.py:93} INFO - 	at org.apache.spark.sql.execution.QueryExecution.toRdd(QueryExecution.scala:131)
[2023-04-23T14:28:13.657+0000] {subprocess.py:93} INFO - 	at org.apache.spark.sql.DataFrameWriter.$anonfun$runCommand$1(DataFrameWriter.scala:989)
[2023-04-23T14:28:13.658+0000] {subprocess.py:93} INFO - 	at org.apache.spark.sql.execution.SQLExecution$.$anonfun$withNewExecutionId$5(SQLExecution.scala:103)
[2023-04-23T14:28:13.658+0000] {subprocess.py:93} INFO - 	at org.apache.spark.sql.execution.SQLExecution$.withSQLConfPropagated(SQLExecution.scala:163)
[2023-04-23T14:28:13.659+0000] {subprocess.py:93} INFO - 	at org.apache.spark.sql.execution.SQLExecution$.$anonfun$withNewExecutionId$1(SQLExecution.scala:90)
[2023-04-23T14:28:13.660+0000] {subprocess.py:93} INFO - 	at org.apache.spark.sql.SparkSession.withActive(SparkSession.scala:775)
[2023-04-23T14:28:13.660+0000] {subprocess.py:93} INFO - 	at org.apache.spark.sql.execution.SQLExecution$.withNewExecutionId(SQLExecution.scala:64)
[2023-04-23T14:28:13.661+0000] {subprocess.py:93} INFO - 	at org.apache.spark.sql.DataFrameWriter.runCommand(DataFrameWriter.scala:989)
[2023-04-23T14:28:13.661+0000] {subprocess.py:93} INFO - 	at org.apache.spark.sql.DataFrameWriter.saveToV1Source(DataFrameWriter.scala:438)
[2023-04-23T14:28:13.662+0000] {subprocess.py:93} INFO - 	at org.apache.spark.sql.DataFrameWriter.saveInternal(DataFrameWriter.scala:415)
[2023-04-23T14:28:13.662+0000] {subprocess.py:93} INFO - 	at org.apache.spark.sql.DataFrameWriter.save(DataFrameWriter.scala:293)
[2023-04-23T14:28:13.663+0000] {subprocess.py:93} INFO - 	at com.google.cloud.spark.bigquery.write.BigQueryWriteHelper.writeDataFrameToBigQuery(BigQueryWriteHelper.java:106)
[2023-04-23T14:28:13.663+0000] {subprocess.py:93} INFO - 	... 35 more
[2023-04-23T14:28:13.663+0000] {subprocess.py:93} INFO - 
[2023-04-23T14:28:13.664+0000] {subprocess.py:93} INFO - 23/04/23 14:28:10 INFO org.sparkproject.jetty.server.AbstractConnector: Stopped Spark@6140d3c5{HTTP/1.1, (http/1.1)}{0.0.0.0:0}
[2023-04-23T14:28:17.696+0000] {subprocess.py:93} INFO - ERROR: (gcloud.dataproc.jobs.submit.pyspark) Job [0a4afd9ade8b407890f2fd1156e70370] failed with error:
[2023-04-23T14:28:17.697+0000] {subprocess.py:93} INFO - Google Cloud Dataproc Agent reports job failure. If logs are available, they can be found at:
[2023-04-23T14:28:17.698+0000] {subprocess.py:93} INFO - https://console.cloud.google.com/dataproc/jobs/0a4afd9ade8b407890f2fd1156e70370?project=nfl-project-de&region=europe-west6
[2023-04-23T14:28:17.698+0000] {subprocess.py:93} INFO - gcloud dataproc jobs wait '0a4afd9ade8b407890f2fd1156e70370' --region 'europe-west6' --project 'nfl-project-de'
[2023-04-23T14:28:17.699+0000] {subprocess.py:93} INFO - https://console.cloud.google.com/storage/browser/nfl-spark-staging_nfl-project-de/google-cloud-dataproc-metainfo/3f31be1a-ebc3-4b4c-987d-83767542db1e/jobs/0a4afd9ade8b407890f2fd1156e70370/
[2023-04-23T14:28:17.699+0000] {subprocess.py:93} INFO - gs://nfl-spark-staging_nfl-project-de/google-cloud-dataproc-metainfo/3f31be1a-ebc3-4b4c-987d-83767542db1e/jobs/0a4afd9ade8b407890f2fd1156e70370/driveroutput
[2023-04-23T14:28:17.861+0000] {subprocess.py:97} INFO - Command exited with return code 1
[2023-04-23T14:28:17.891+0000] {taskinstance.py:1776} ERROR - Task failed with exception
Traceback (most recent call last):
  File "/home/airflow/.local/lib/python3.9/site-packages/airflow/decorators/base.py", line 217, in execute
    return_value = super().execute(context)
  File "/home/airflow/.local/lib/python3.9/site-packages/airflow/operators/python.py", line 175, in execute
    return_value = self.execute_callable()
  File "/home/airflow/.local/lib/python3.9/site-packages/airflow/operators/python.py", line 192, in execute_callable
    return self.python_callable(*self.op_args, **self.op_kwargs)
  File "/opt/airflow/dags/data_ingestion.py", line 231, in task_pyspark
    operator.execute(context={})
  File "/home/airflow/.local/lib/python3.9/site-packages/airflow/operators/bash.py", line 196, in execute
    raise AirflowException(
airflow.exceptions.AirflowException: Bash command failed. The command returned a non-zero exit code 1.
[2023-04-23T14:28:17.911+0000] {taskinstance.py:1327} INFO - Marking task as UP_FOR_RETRY. dag_id=nfl_transformation_dag, task_id=task_pyspark, execution_date=20230411T000000, start_date=20230423T142737, end_date=20230423T142817
[2023-04-23T14:28:17.941+0000] {standard_task_runner.py:100} ERROR - Failed to execute job 1204 for task task_pyspark (Bash command failed. The command returned a non-zero exit code 1.; 7288)
[2023-04-23T14:28:17.980+0000] {local_task_job.py:212} INFO - Task exited with return code 1
[2023-04-23T14:28:18.007+0000] {taskinstance.py:2596} INFO - 0 downstream tasks scheduled from follow-on schedule check
