[2023-04-24T08:35:23.177+0000] {taskinstance.py:1090} INFO - Dependencies all met for dep_context=non-requeueable deps ti=<TaskInstance: nfl_transformation_dag.task_pyspark scheduled__2023-04-11T00:00:00+00:00 [queued]>
[2023-04-24T08:35:23.195+0000] {taskinstance.py:1090} INFO - Dependencies all met for dep_context=requeueable deps ti=<TaskInstance: nfl_transformation_dag.task_pyspark scheduled__2023-04-11T00:00:00+00:00 [queued]>
[2023-04-24T08:35:23.196+0000] {taskinstance.py:1288} INFO - 
--------------------------------------------------------------------------------
[2023-04-24T08:35:23.197+0000] {taskinstance.py:1289} INFO - Starting attempt 46 of 48
[2023-04-24T08:35:23.197+0000] {taskinstance.py:1290} INFO - 
--------------------------------------------------------------------------------
[2023-04-24T08:35:23.214+0000] {taskinstance.py:1309} INFO - Executing <Task(_PythonDecoratedOperator): task_pyspark> on 2023-04-11 00:00:00+00:00
[2023-04-24T08:35:23.229+0000] {standard_task_runner.py:55} INFO - Started process 81 to run task
[2023-04-24T08:35:23.248+0000] {standard_task_runner.py:82} INFO - Running: ['***', 'tasks', 'run', 'nfl_transformation_dag', 'task_pyspark', 'scheduled__2023-04-11T00:00:00+00:00', '--job-id', '1229', '--raw', '--subdir', 'DAGS_FOLDER/data_ingestion.py', '--cfg-path', '/tmp/tmpbv_zm4l9']
[2023-04-24T08:35:23.261+0000] {standard_task_runner.py:83} INFO - Job 1229: Subtask task_pyspark
[2023-04-24T08:35:23.454+0000] {task_command.py:389} INFO - Running <TaskInstance: nfl_transformation_dag.task_pyspark scheduled__2023-04-11T00:00:00+00:00 [running]> on host 235fa867d994
[2023-04-24T08:35:23.567+0000] {taskinstance.py:1516} INFO - Exporting the following env vars:
AIRFLOW_CTX_DAG_OWNER=***
AIRFLOW_CTX_DAG_ID=nfl_transformation_dag
AIRFLOW_CTX_TASK_ID=task_pyspark
AIRFLOW_CTX_EXECUTION_DATE=2023-04-11T00:00:00+00:00
AIRFLOW_CTX_TRY_NUMBER=46
AIRFLOW_CTX_DAG_RUN_ID=scheduled__2023-04-11T00:00:00+00:00
[2023-04-24T08:35:23.578+0000] {subprocess.py:63} INFO - Tmp dir root location: 
 /tmp
[2023-04-24T08:35:23.587+0000] {subprocess.py:75} INFO - Running command: ['/bin/bash', '-c', 'gcloud dataproc jobs submit pyspark                 --cluster=nfl-spark-cluster                 --region=europe-west6                 --jars=gs://spark-lib/bigquery/spark-bigquery-with-dependencies_2.12-0.30.0.jar                gs://nfl-data-lake_nfl-project-de/code/transform_pyspark.py                 --                     --year=2022                     --season_type=2 ']
[2023-04-24T08:35:23.608+0000] {subprocess.py:86} INFO - Output:
[2023-04-24T08:35:26.010+0000] {taskinstance.py:1080} INFO - Dependencies not met for <TaskInstance: nfl_transformation_dag.task_pyspark scheduled__2023-04-11T00:00:00+00:00 [running]>, dependency 'Task Instance Not Running' FAILED: Task is in the running state
[2023-04-24T08:35:26.024+0000] {taskinstance.py:1080} INFO - Dependencies not met for <TaskInstance: nfl_transformation_dag.task_pyspark scheduled__2023-04-11T00:00:00+00:00 [running]>, dependency 'Task Instance State' FAILED: Task is in the 'running' state.
[2023-04-24T08:35:26.059+0000] {local_task_job.py:151} INFO - Task is not able to be run
[2023-04-24T08:35:31.035+0000] {subprocess.py:93} INFO - ERROR: (gcloud.dataproc.jobs.submit.pyspark) FAILED_PRECONDITION: Multiple validation errors:
[2023-04-24T08:35:31.038+0000] {subprocess.py:93} INFO -  - No agent on master node(s) found to be active in the past 300 seconds.
[2023-04-24T08:35:31.041+0000] {subprocess.py:93} INFO - Last reported times: [nfl-spark-cluster-m seconds: 1682266705
[2023-04-24T08:35:31.042+0000] {subprocess.py:93} INFO - nanos: 949727000
[2023-04-24T08:35:31.044+0000] {subprocess.py:93} INFO - ]. This may indicate high memory usage in Dataproc master or an unhealthy Dataproc master node
[2023-04-24T08:35:31.046+0000] {subprocess.py:93} INFO -  - Unable to submit job, cluster 'nfl-spark-cluster' is in state STOPPED and cannot accept jobs.
[2023-04-24T08:35:31.437+0000] {subprocess.py:97} INFO - Command exited with return code 1
[2023-04-24T08:35:31.592+0000] {taskinstance.py:1776} ERROR - Task failed with exception
Traceback (most recent call last):
  File "/home/airflow/.local/lib/python3.9/site-packages/airflow/decorators/base.py", line 217, in execute
    return_value = super().execute(context)
  File "/home/airflow/.local/lib/python3.9/site-packages/airflow/operators/python.py", line 175, in execute
    return_value = self.execute_callable()
  File "/home/airflow/.local/lib/python3.9/site-packages/airflow/operators/python.py", line 192, in execute_callable
    return self.python_callable(*self.op_args, **self.op_kwargs)
  File "/opt/airflow/dags/data_ingestion.py", line 231, in task_pyspark
    operator.execute(context={})
  File "/home/airflow/.local/lib/python3.9/site-packages/airflow/operators/bash.py", line 196, in execute
    raise AirflowException(
airflow.exceptions.AirflowException: Bash command failed. The command returned a non-zero exit code 1.
[2023-04-24T08:35:31.661+0000] {taskinstance.py:1327} INFO - Marking task as UP_FOR_RETRY. dag_id=nfl_transformation_dag, task_id=task_pyspark, execution_date=20230411T000000, start_date=20230424T083523, end_date=20230424T083531
[2023-04-24T08:35:31.834+0000] {standard_task_runner.py:100} ERROR - Failed to execute job 1229 for task task_pyspark (Bash command failed. The command returned a non-zero exit code 1.; 81)
[2023-04-24T08:35:31.880+0000] {local_task_job.py:212} INFO - Task exited with return code 1
[2023-04-24T08:35:31.948+0000] {taskinstance.py:2596} INFO - 0 downstream tasks scheduled from follow-on schedule check
