[2023-04-23T14:50:17.274+0000] {taskinstance.py:1090} INFO - Dependencies all met for dep_context=non-requeueable deps ti=<TaskInstance: nfl_transformation_dag.task_pyspark scheduled__2023-04-11T00:00:00+00:00 [None]>
[2023-04-23T14:50:17.289+0000] {taskinstance.py:1090} INFO - Dependencies all met for dep_context=requeueable deps ti=<TaskInstance: nfl_transformation_dag.task_pyspark scheduled__2023-04-11T00:00:00+00:00 [None]>
[2023-04-23T14:50:17.290+0000] {taskinstance.py:1288} INFO - 
--------------------------------------------------------------------------------
[2023-04-23T14:50:17.291+0000] {taskinstance.py:1289} INFO - Starting attempt 35 of 37
[2023-04-23T14:50:17.291+0000] {taskinstance.py:1290} INFO - 
--------------------------------------------------------------------------------
[2023-04-23T14:50:17.306+0000] {taskinstance.py:1309} INFO - Executing <Task(_PythonDecoratedOperator): task_pyspark> on 2023-04-11 00:00:00+00:00
[2023-04-23T14:50:17.316+0000] {standard_task_runner.py:55} INFO - Started process 8229 to run task
[2023-04-23T14:50:17.320+0000] {standard_task_runner.py:82} INFO - Running: ['***', 'tasks', 'run', 'nfl_transformation_dag', 'task_pyspark', 'scheduled__2023-04-11T00:00:00+00:00', '--job-id', '1207', '--pool', 'default_pool', '--raw', '--subdir', 'DAGS_FOLDER/data_ingestion.py', '--cfg-path', '/tmp/tmp75xddbbd']
[2023-04-23T14:50:17.322+0000] {standard_task_runner.py:83} INFO - Job 1207: Subtask task_pyspark
[2023-04-23T14:50:17.392+0000] {task_command.py:389} INFO - Running <TaskInstance: nfl_transformation_dag.task_pyspark scheduled__2023-04-11T00:00:00+00:00 [running]> on host 235fa867d994
[2023-04-23T14:50:17.458+0000] {taskinstance.py:1516} INFO - Exporting the following env vars:
AIRFLOW_CTX_DAG_OWNER=***
AIRFLOW_CTX_DAG_ID=nfl_transformation_dag
AIRFLOW_CTX_TASK_ID=task_pyspark
AIRFLOW_CTX_EXECUTION_DATE=2023-04-11T00:00:00+00:00
AIRFLOW_CTX_TRY_NUMBER=35
AIRFLOW_CTX_DAG_RUN_ID=scheduled__2023-04-11T00:00:00+00:00
[2023-04-23T14:50:17.461+0000] {subprocess.py:63} INFO - Tmp dir root location: 
 /tmp
[2023-04-23T14:50:17.467+0000] {subprocess.py:75} INFO - Running command: ['/bin/bash', '-c', 'gcloud dataproc jobs submit pyspark                 --cluster=nfl-spark-cluster                 --region=europe-west6                 --jars=gs://spark-lib/bigquery/spark-bigquery-with-dependencies_2.12-0.30.0.jar                gs://nfl-data-lake_nfl-project-de/code/transform_pyspark.py                 --                     --year=2022                     --season_type=2 ']
[2023-04-23T14:50:17.486+0000] {subprocess.py:86} INFO - Output:
[2023-04-23T14:50:22.714+0000] {subprocess.py:93} INFO - Job [81a681f4e5a04138996a97c24cd8ba2e] submitted.
[2023-04-23T14:50:22.715+0000] {subprocess.py:93} INFO - Waiting for job output...
[2023-04-23T14:50:33.596+0000] {subprocess.py:93} INFO - 23/04/23 14:50:31 INFO org.apache.spark.SparkEnv: Registering MapOutputTracker
[2023-04-23T14:50:33.597+0000] {subprocess.py:93} INFO - 23/04/23 14:50:31 INFO org.apache.spark.SparkEnv: Registering BlockManagerMaster
[2023-04-23T14:50:33.598+0000] {subprocess.py:93} INFO - 23/04/23 14:50:31 INFO org.apache.spark.SparkEnv: Registering BlockManagerMasterHeartbeat
[2023-04-23T14:50:33.598+0000] {subprocess.py:93} INFO - 23/04/23 14:50:32 INFO org.apache.spark.SparkEnv: Registering OutputCommitCoordinator
[2023-04-23T14:50:33.599+0000] {subprocess.py:93} INFO - 23/04/23 14:50:32 INFO org.sparkproject.jetty.util.log: Logging initialized @4520ms to org.sparkproject.jetty.util.log.Slf4jLog
[2023-04-23T14:50:33.599+0000] {subprocess.py:93} INFO - 23/04/23 14:50:32 INFO org.sparkproject.jetty.server.Server: jetty-9.4.40.v20210413; built: 2021-04-13T20:42:42.668Z; git: b881a572662e1943a14ae12e7e1207989f218b74; jvm 1.8.0_322-b06
[2023-04-23T14:50:33.600+0000] {subprocess.py:93} INFO - 23/04/23 14:50:32 INFO org.sparkproject.jetty.server.Server: Started @4659ms
[2023-04-23T14:50:33.601+0000] {subprocess.py:93} INFO - 23/04/23 14:50:32 INFO org.sparkproject.jetty.server.AbstractConnector: Started ServerConnector@23a7bbee{HTTP/1.1, (http/1.1)}{0.0.0.0:40117}
[2023-04-23T14:50:38.132+0000] {subprocess.py:93} INFO - 23/04/23 14:50:34 INFO com.google.cloud.hadoop.repackaged.gcs.com.google.cloud.hadoop.gcsio.GoogleCloudStorageImpl: Ignoring exception of type GoogleJsonResponseException; verified object already exists with desired state.
[2023-04-23T14:50:45.817+0000] {subprocess.py:93} INFO - 23/04/23 14:50:40 WARN org.apache.spark.sql.catalyst.util.package: Truncated the string representation of a plan since it was too large. This behavior can be adjusted by setting 'spark.sql.debug.maxToStringFields'.
[2023-04-23T14:50:45.817+0000] {subprocess.py:93} INFO - Cleaning the data for the teams_df started
[2023-04-23T14:50:45.818+0000] {subprocess.py:93} INFO - Cleaning the data for the teams_df is successful!
[2023-04-23T14:50:49.497+0000] {subprocess.py:93} INFO - Loading for nfl data to parquet started
[2023-04-23T14:50:49.499+0000] {subprocess.py:93} INFO - 23/04/23 14:50:48 INFO org.apache.hadoop.io.compress.CodecPool: Got brand-new decompressor [.snappy]
[2023-04-23T14:50:56.747+0000] {subprocess.py:93} INFO - 23/04/23 14:50:49 INFO org.apache.parquet.hadoop.codec.CodecConfig: Compression: SNAPPY
[2023-04-23T14:50:56.748+0000] {subprocess.py:93} INFO - 23/04/23 14:50:49 INFO org.apache.parquet.hadoop.codec.CodecConfig: Compression: SNAPPY
[2023-04-23T14:50:56.749+0000] {subprocess.py:93} INFO - 23/04/23 14:50:49 INFO org.apache.parquet.hadoop.codec.CodecConfig: Compression: SNAPPY
[2023-04-23T14:50:56.749+0000] {subprocess.py:93} INFO - 23/04/23 14:50:49 INFO org.apache.parquet.hadoop.codec.CodecConfig: Compression: SNAPPY
[2023-04-23T14:50:56.750+0000] {subprocess.py:93} INFO - 23/04/23 14:50:49 INFO org.apache.parquet.hadoop.codec.CodecConfig: Compression: SNAPPY
[2023-04-23T14:50:56.750+0000] {subprocess.py:93} INFO - 23/04/23 14:50:49 INFO org.apache.parquet.hadoop.codec.CodecConfig: Compression: SNAPPY
[2023-04-23T14:50:56.751+0000] {subprocess.py:93} INFO - 23/04/23 14:50:49 INFO org.apache.parquet.hadoop.codec.CodecConfig: Compression: SNAPPY
[2023-04-23T14:50:56.751+0000] {subprocess.py:93} INFO - 23/04/23 14:50:49 INFO org.apache.parquet.hadoop.codec.CodecConfig: Compression: SNAPPY
[2023-04-23T14:50:56.751+0000] {subprocess.py:93} INFO - 23/04/23 14:50:49 INFO org.apache.parquet.hadoop.ParquetOutputFormat: Parquet block size to 134217728
[2023-04-23T14:50:56.752+0000] {subprocess.py:93} INFO - 23/04/23 14:50:49 INFO org.apache.parquet.hadoop.ParquetOutputFormat: Parquet block size to 134217728
[2023-04-23T14:50:56.753+0000] {subprocess.py:93} INFO - 23/04/23 14:50:49 INFO org.apache.parquet.hadoop.ParquetOutputFormat: Parquet page size to 1048576
[2023-04-23T14:50:56.753+0000] {subprocess.py:93} INFO - 23/04/23 14:50:49 INFO org.apache.parquet.hadoop.ParquetOutputFormat: Parquet block size to 134217728
[2023-04-23T14:50:56.754+0000] {subprocess.py:93} INFO - 23/04/23 14:50:49 INFO org.apache.parquet.hadoop.ParquetOutputFormat: Parquet block size to 134217728
[2023-04-23T14:50:56.754+0000] {subprocess.py:93} INFO - 23/04/23 14:50:49 INFO org.apache.parquet.hadoop.ParquetOutputFormat: Parquet page size to 1048576
[2023-04-23T14:50:56.755+0000] {subprocess.py:93} INFO - 23/04/23 14:50:49 INFO org.apache.parquet.hadoop.ParquetOutputFormat: Parquet dictionary page size to 1048576
[2023-04-23T14:50:56.756+0000] {subprocess.py:93} INFO - 23/04/23 14:50:49 INFO org.apache.parquet.hadoop.ParquetOutputFormat: Parquet page size to 1048576
[2023-04-23T14:50:56.757+0000] {subprocess.py:93} INFO - 23/04/23 14:50:49 INFO org.apache.parquet.hadoop.ParquetOutputFormat: Dictionary is on
[2023-04-23T14:50:56.758+0000] {subprocess.py:93} INFO - 23/04/23 14:50:49 INFO org.apache.parquet.hadoop.ParquetOutputFormat: Parquet dictionary page size to 1048576
[2023-04-23T14:50:56.758+0000] {subprocess.py:93} INFO - 23/04/23 14:50:49 INFO org.apache.parquet.hadoop.ParquetOutputFormat: Parquet page size to 1048576
[2023-04-23T14:50:56.759+0000] {subprocess.py:93} INFO - 23/04/23 14:50:49 INFO org.apache.parquet.hadoop.ParquetOutputFormat: Dictionary is on
[2023-04-23T14:50:56.759+0000] {subprocess.py:93} INFO - 23/04/23 14:50:49 INFO org.apache.parquet.hadoop.ParquetOutputFormat: Validation is off
[2023-04-23T14:50:56.760+0000] {subprocess.py:93} INFO - 23/04/23 14:50:49 INFO org.apache.parquet.hadoop.ParquetOutputFormat: Parquet dictionary page size to 1048576
[2023-04-23T14:50:56.761+0000] {subprocess.py:93} INFO - 23/04/23 14:50:49 INFO org.apache.parquet.hadoop.ParquetOutputFormat: Writer version is: PARQUET_1_0
[2023-04-23T14:50:56.761+0000] {subprocess.py:93} INFO - 23/04/23 14:50:49 INFO org.apache.parquet.hadoop.ParquetOutputFormat: Validation is off
[2023-04-23T14:50:56.762+0000] {subprocess.py:93} INFO - 23/04/23 14:50:49 INFO org.apache.parquet.hadoop.ParquetOutputFormat: Parquet dictionary page size to 1048576
[2023-04-23T14:50:56.762+0000] {subprocess.py:93} INFO - 23/04/23 14:50:49 INFO org.apache.parquet.hadoop.ParquetOutputFormat: Writer version is: PARQUET_1_0
[2023-04-23T14:50:56.763+0000] {subprocess.py:93} INFO - 23/04/23 14:50:49 INFO org.apache.parquet.hadoop.ParquetOutputFormat: Maximum row group padding size is 8388608 bytes
[2023-04-23T14:50:56.764+0000] {subprocess.py:93} INFO - 23/04/23 14:50:49 INFO org.apache.parquet.hadoop.ParquetOutputFormat: Dictionary is on
[2023-04-23T14:50:56.765+0000] {subprocess.py:93} INFO - 23/04/23 14:50:49 INFO org.apache.parquet.hadoop.ParquetOutputFormat: Page size checking is: estimated
[2023-04-23T14:50:56.765+0000] {subprocess.py:93} INFO - 23/04/23 14:50:49 INFO org.apache.parquet.hadoop.ParquetOutputFormat: Maximum row group padding size is 8388608 bytes
[2023-04-23T14:50:56.766+0000] {subprocess.py:93} INFO - 23/04/23 14:50:49 INFO org.apache.parquet.hadoop.ParquetOutputFormat: Page size checking is: estimated
[2023-04-23T14:50:56.766+0000] {subprocess.py:93} INFO - 23/04/23 14:50:49 INFO org.apache.parquet.hadoop.ParquetOutputFormat: Dictionary is on
[2023-04-23T14:50:56.767+0000] {subprocess.py:93} INFO - 23/04/23 14:50:49 INFO org.apache.parquet.hadoop.ParquetOutputFormat: Min row count for page size check is: 100
[2023-04-23T14:50:56.768+0000] {subprocess.py:93} INFO - 23/04/23 14:50:49 INFO org.apache.parquet.hadoop.ParquetOutputFormat: Min row count for page size check is: 100
[2023-04-23T14:50:56.768+0000] {subprocess.py:93} INFO - 23/04/23 14:50:49 INFO org.apache.parquet.hadoop.ParquetOutputFormat: Validation is off
[2023-04-23T14:50:56.770+0000] {subprocess.py:93} INFO - 23/04/23 14:50:49 INFO org.apache.parquet.hadoop.ParquetOutputFormat: Max row count for page size check is: 10000
[2023-04-23T14:50:56.770+0000] {subprocess.py:93} INFO - 23/04/23 14:50:49 INFO org.apache.parquet.hadoop.ParquetOutputFormat: Max row count for page size check is: 10000
[2023-04-23T14:50:56.771+0000] {subprocess.py:93} INFO - 23/04/23 14:50:49 INFO org.apache.parquet.hadoop.ParquetOutputFormat: Validation is off
[2023-04-23T14:50:56.771+0000] {subprocess.py:93} INFO - 23/04/23 14:50:49 INFO org.apache.parquet.hadoop.ParquetOutputFormat: Truncate length for column indexes is: 64
[2023-04-23T14:50:56.772+0000] {subprocess.py:93} INFO - 23/04/23 14:50:49 INFO org.apache.parquet.hadoop.ParquetOutputFormat: Truncate length for statistics min/max  is: 2147483647
[2023-04-23T14:50:56.772+0000] {subprocess.py:93} INFO - 23/04/23 14:50:49 INFO org.apache.parquet.hadoop.ParquetOutputFormat: Truncate length for column indexes is: 64
[2023-04-23T14:50:56.772+0000] {subprocess.py:93} INFO - 23/04/23 14:50:49 INFO org.apache.parquet.hadoop.ParquetOutputFormat: Writer version is: PARQUET_1_0
[2023-04-23T14:50:56.773+0000] {subprocess.py:93} INFO - 23/04/23 14:50:49 INFO org.apache.parquet.hadoop.ParquetOutputFormat: Truncate length for statistics min/max  is: 2147483647
[2023-04-23T14:50:56.773+0000] {subprocess.py:93} INFO - 23/04/23 14:50:49 INFO org.apache.parquet.hadoop.ParquetOutputFormat: Page row count limit to 20000
[2023-04-23T14:50:56.774+0000] {subprocess.py:93} INFO - 23/04/23 14:50:49 INFO org.apache.parquet.hadoop.ParquetOutputFormat: Writer version is: PARQUET_1_0
[2023-04-23T14:50:56.774+0000] {subprocess.py:93} INFO - 23/04/23 14:50:49 INFO org.apache.parquet.hadoop.ParquetOutputFormat: Writing page checksums is: on
[2023-04-23T14:50:56.775+0000] {subprocess.py:93} INFO - 23/04/23 14:50:49 INFO org.apache.parquet.hadoop.ParquetOutputFormat: Page row count limit to 20000
[2023-04-23T14:50:56.776+0000] {subprocess.py:93} INFO - 23/04/23 14:50:49 INFO org.apache.parquet.hadoop.ParquetOutputFormat: Writing page checksums is: on
[2023-04-23T14:50:56.777+0000] {subprocess.py:93} INFO - 23/04/23 14:50:49 INFO org.apache.parquet.hadoop.ParquetOutputFormat: Maximum row group padding size is 8388608 bytes
[2023-04-23T14:50:56.778+0000] {subprocess.py:93} INFO - 23/04/23 14:50:49 INFO org.apache.parquet.hadoop.ParquetOutputFormat: Page size checking is: estimated
[2023-04-23T14:50:56.778+0000] {subprocess.py:93} INFO - 23/04/23 14:50:49 INFO org.apache.parquet.hadoop.ParquetOutputFormat: Min row count for page size check is: 100
[2023-04-23T14:50:56.779+0000] {subprocess.py:93} INFO - 23/04/23 14:50:49 INFO org.apache.parquet.hadoop.ParquetOutputFormat: Max row count for page size check is: 10000
[2023-04-23T14:50:56.779+0000] {subprocess.py:93} INFO - 23/04/23 14:50:49 INFO org.apache.parquet.hadoop.ParquetOutputFormat: Truncate length for column indexes is: 64
[2023-04-23T14:50:56.780+0000] {subprocess.py:93} INFO - 23/04/23 14:50:49 INFO org.apache.parquet.hadoop.ParquetOutputFormat: Maximum row group padding size is 8388608 bytes
[2023-04-23T14:50:56.781+0000] {subprocess.py:93} INFO - 23/04/23 14:50:49 INFO org.apache.parquet.hadoop.ParquetOutputFormat: Page size checking is: estimated
[2023-04-23T14:50:56.781+0000] {subprocess.py:93} INFO - 23/04/23 14:50:49 INFO org.apache.parquet.hadoop.ParquetOutputFormat: Min row count for page size check is: 100
[2023-04-23T14:50:56.781+0000] {subprocess.py:93} INFO - 23/04/23 14:50:49 INFO org.apache.parquet.hadoop.ParquetOutputFormat: Truncate length for statistics min/max  is: 2147483647
[2023-04-23T14:50:56.782+0000] {subprocess.py:93} INFO - 23/04/23 14:50:49 INFO org.apache.parquet.hadoop.ParquetOutputFormat: Page row count limit to 20000
[2023-04-23T14:50:56.784+0000] {subprocess.py:93} INFO - 23/04/23 14:50:49 INFO org.apache.parquet.hadoop.ParquetOutputFormat: Writing page checksums is: on
[2023-04-23T14:50:56.785+0000] {subprocess.py:93} INFO - 23/04/23 14:50:49 INFO org.apache.parquet.hadoop.ParquetOutputFormat: Max row count for page size check is: 10000
[2023-04-23T14:50:56.785+0000] {subprocess.py:93} INFO - 23/04/23 14:50:49 INFO org.apache.parquet.hadoop.ParquetOutputFormat: Truncate length for column indexes is: 64
[2023-04-23T14:50:56.786+0000] {subprocess.py:93} INFO - 23/04/23 14:50:49 INFO org.apache.parquet.hadoop.ParquetOutputFormat: Truncate length for statistics min/max  is: 2147483647
[2023-04-23T14:50:56.787+0000] {subprocess.py:93} INFO - 23/04/23 14:50:49 INFO org.apache.parquet.hadoop.ParquetOutputFormat: Page row count limit to 20000
[2023-04-23T14:50:56.787+0000] {subprocess.py:93} INFO - 23/04/23 14:50:49 INFO org.apache.parquet.hadoop.ParquetOutputFormat: Writing page checksums is: on
[2023-04-23T14:50:56.788+0000] {subprocess.py:93} INFO - 23/04/23 14:50:49 INFO org.apache.hadoop.io.compress.CodecPool: Got brand-new compressor [.snappy]
[2023-04-23T14:50:56.788+0000] {subprocess.py:93} INFO - 23/04/23 14:50:49 INFO org.apache.hadoop.io.compress.CodecPool: Got brand-new compressor [.snappy]
[2023-04-23T14:50:56.789+0000] {subprocess.py:93} INFO - 23/04/23 14:50:49 INFO org.apache.hadoop.io.compress.CodecPool: Got brand-new compressor [.snappy]
[2023-04-23T14:50:56.789+0000] {subprocess.py:93} INFO - 23/04/23 14:50:49 INFO org.apache.hadoop.io.compress.CodecPool: Got brand-new compressor [.snappy]
[2023-04-23T14:50:56.790+0000] {subprocess.py:93} INFO - 23/04/23 14:50:50 INFO com.google.cloud.hadoop.repackaged.gcs.com.google.cloud.hadoop.gcsio.GoogleCloudStorageFileSystem: Successfully repaired 'gs://dataproc-temp-europe-west6-447072446412-ooqjzme9/.spark-bigquery-local-1682261432573-068ad61f-3bef-4c4d-8e80-8f19a308abcf/_temporary/0/_temporary/attempt_202304231450488076037812637450623_0010_m_000003_12/' directory.
[2023-04-23T14:50:56.792+0000] {subprocess.py:93} INFO - 23/04/23 14:50:50 INFO com.google.cloud.hadoop.repackaged.gcs.com.google.cloud.hadoop.gcsio.GoogleCloudStorageFileSystem: Successfully repaired 'gs://dataproc-temp-europe-west6-447072446412-ooqjzme9/.spark-bigquery-local-1682261432573-068ad61f-3bef-4c4d-8e80-8f19a308abcf/_temporary/0/_temporary/attempt_20230423145048771620880940954234_0010_m_000000_9/' directory.
[2023-04-23T14:50:56.792+0000] {subprocess.py:93} INFO - 23/04/23 14:50:50 INFO com.google.cloud.hadoop.repackaged.gcs.com.google.cloud.hadoop.gcsio.GoogleCloudStorageFileSystem: Successfully repaired 'gs://dataproc-temp-europe-west6-447072446412-ooqjzme9/.spark-bigquery-local-1682261432573-068ad61f-3bef-4c4d-8e80-8f19a308abcf/_temporary/0/_temporary/attempt_202304231450486647369177014877898_0010_m_000002_11/' directory.
[2023-04-23T14:50:56.793+0000] {subprocess.py:93} INFO - 23/04/23 14:50:50 INFO com.google.cloud.hadoop.repackaged.gcs.com.google.cloud.hadoop.gcsio.GoogleCloudStorageFileSystem: Successfully repaired 'gs://dataproc-temp-europe-west6-447072446412-ooqjzme9/.spark-bigquery-local-1682261432573-068ad61f-3bef-4c4d-8e80-8f19a308abcf/_temporary/0/_temporary/attempt_202304231450488962934536363921873_0010_m_000001_10/' directory.
[2023-04-23T14:50:56.793+0000] {subprocess.py:93} INFO - 23/04/23 14:50:50 INFO com.google.cloud.hadoop.repackaged.gcs.com.google.cloud.hadoop.gcsio.GoogleCloudStorageFileSystem: Successfully repaired 'gs://dataproc-temp-europe-west6-447072446412-ooqjzme9/.spark-bigquery-local-1682261432573-068ad61f-3bef-4c4d-8e80-8f19a308abcf/_temporary/0/_temporary/' directory.
[2023-04-23T14:50:56.794+0000] {subprocess.py:93} INFO - 23/04/23 14:50:50 INFO com.google.cloud.hadoop.repackaged.gcs.com.google.cloud.hadoop.gcsio.GoogleCloudStorageImpl: Ignoring exception of type GoogleJsonResponseException; verified object already exists with desired state.
[2023-04-23T14:50:56.794+0000] {subprocess.py:93} INFO - 23/04/23 14:50:50 INFO com.google.cloud.hadoop.repackaged.gcs.com.google.cloud.hadoop.gcsio.GoogleCloudStorageFileSystem: Successfully repaired 'gs://dataproc-temp-europe-west6-447072446412-ooqjzme9/.spark-bigquery-local-1682261432573-068ad61f-3bef-4c4d-8e80-8f19a308abcf/_temporary/0/_temporary/' directory.
[2023-04-23T14:50:56.795+0000] {subprocess.py:93} INFO - 23/04/23 14:50:50 INFO com.google.cloud.hadoop.repackaged.gcs.com.google.cloud.hadoop.gcsio.GoogleCloudStorageImpl: Ignoring exception of type GoogleJsonResponseException; verified object already exists with desired state.
[2023-04-23T14:50:56.795+0000] {subprocess.py:93} INFO - 23/04/23 14:50:50 INFO com.google.cloud.hadoop.repackaged.gcs.com.google.cloud.hadoop.gcsio.GoogleCloudStorageFileSystem: Successfully repaired 'gs://dataproc-temp-europe-west6-447072446412-ooqjzme9/.spark-bigquery-local-1682261432573-068ad61f-3bef-4c4d-8e80-8f19a308abcf/_temporary/0/_temporary/' directory.
[2023-04-23T14:50:56.795+0000] {subprocess.py:93} INFO - 23/04/23 14:50:50 INFO com.google.cloud.hadoop.repackaged.gcs.com.google.cloud.hadoop.gcsio.GoogleCloudStorageImpl: Ignoring exception of type GoogleJsonResponseException; verified object already exists with desired state.
[2023-04-23T14:50:56.796+0000] {subprocess.py:93} INFO - 23/04/23 14:50:50 INFO com.google.cloud.hadoop.repackaged.gcs.com.google.cloud.hadoop.gcsio.GoogleCloudStorageFileSystem: Successfully repaired 'gs://dataproc-temp-europe-west6-447072446412-ooqjzme9/.spark-bigquery-local-1682261432573-068ad61f-3bef-4c4d-8e80-8f19a308abcf/_temporary/0/_temporary/' directory.
[2023-04-23T14:50:56.796+0000] {subprocess.py:93} INFO - 23/04/23 14:50:50 INFO org.apache.parquet.hadoop.codec.CodecConfig: Compression: SNAPPY
[2023-04-23T14:50:56.797+0000] {subprocess.py:93} INFO - 23/04/23 14:50:50 INFO org.apache.parquet.hadoop.codec.CodecConfig: Compression: SNAPPY
[2023-04-23T14:50:56.799+0000] {subprocess.py:93} INFO - 23/04/23 14:50:50 INFO org.apache.parquet.hadoop.ParquetOutputFormat: Parquet block size to 134217728
[2023-04-23T14:50:56.800+0000] {subprocess.py:93} INFO - 23/04/23 14:50:50 INFO org.apache.parquet.hadoop.ParquetOutputFormat: Parquet page size to 1048576
[2023-04-23T14:50:56.801+0000] {subprocess.py:93} INFO - 23/04/23 14:50:50 INFO org.apache.parquet.hadoop.ParquetOutputFormat: Parquet dictionary page size to 1048576
[2023-04-23T14:50:56.801+0000] {subprocess.py:93} INFO - 23/04/23 14:50:50 INFO org.apache.parquet.hadoop.ParquetOutputFormat: Dictionary is on
[2023-04-23T14:50:56.802+0000] {subprocess.py:93} INFO - 23/04/23 14:50:50 INFO org.apache.parquet.hadoop.ParquetOutputFormat: Validation is off
[2023-04-23T14:50:56.802+0000] {subprocess.py:93} INFO - 23/04/23 14:50:50 INFO org.apache.parquet.hadoop.ParquetOutputFormat: Writer version is: PARQUET_1_0
[2023-04-23T14:50:56.803+0000] {subprocess.py:93} INFO - 23/04/23 14:50:50 INFO org.apache.parquet.hadoop.ParquetOutputFormat: Maximum row group padding size is 8388608 bytes
[2023-04-23T14:50:56.803+0000] {subprocess.py:93} INFO - 23/04/23 14:50:50 INFO org.apache.parquet.hadoop.ParquetOutputFormat: Page size checking is: estimated
[2023-04-23T14:50:56.804+0000] {subprocess.py:93} INFO - 23/04/23 14:50:50 INFO org.apache.parquet.hadoop.ParquetOutputFormat: Min row count for page size check is: 100
[2023-04-23T14:50:56.805+0000] {subprocess.py:93} INFO - 23/04/23 14:50:50 INFO org.apache.parquet.hadoop.ParquetOutputFormat: Max row count for page size check is: 10000
[2023-04-23T14:50:56.806+0000] {subprocess.py:93} INFO - 23/04/23 14:50:50 INFO org.apache.parquet.hadoop.ParquetOutputFormat: Truncate length for column indexes is: 64
[2023-04-23T14:50:56.806+0000] {subprocess.py:93} INFO - 23/04/23 14:50:50 INFO org.apache.parquet.hadoop.ParquetOutputFormat: Truncate length for statistics min/max  is: 2147483647
[2023-04-23T14:50:56.807+0000] {subprocess.py:93} INFO - 23/04/23 14:50:50 INFO org.apache.parquet.hadoop.ParquetOutputFormat: Page row count limit to 20000
[2023-04-23T14:50:56.807+0000] {subprocess.py:93} INFO - 23/04/23 14:50:50 INFO org.apache.parquet.hadoop.ParquetOutputFormat: Writing page checksums is: on
[2023-04-23T14:50:56.808+0000] {subprocess.py:93} INFO - 23/04/23 14:50:51 INFO com.google.cloud.hadoop.repackaged.gcs.com.google.cloud.hadoop.gcsio.GoogleCloudStorageFileSystem: Successfully repaired 'gs://dataproc-temp-europe-west6-447072446412-ooqjzme9/.spark-bigquery-local-1682261432573-068ad61f-3bef-4c4d-8e80-8f19a308abcf/_temporary/0/_temporary/attempt_202304231450484268364521871215419_0010_m_000004_13/' directory.
[2023-04-23T14:50:56.808+0000] {subprocess.py:93} INFO - 23/04/23 14:50:51 INFO com.google.cloud.hadoop.repackaged.gcs.com.google.cloud.hadoop.gcsio.GoogleCloudStorageFileSystem: Successfully repaired 'gs://dataproc-temp-europe-west6-447072446412-ooqjzme9/.spark-bigquery-local-1682261432573-068ad61f-3bef-4c4d-8e80-8f19a308abcf/' directory.
[2023-04-23T14:50:56.809+0000] {subprocess.py:93} INFO - 23/04/23 14:50:51 INFO com.google.cloud.bigquery.connector.common.BigQueryClient: Submitted job LoadJobConfiguration{type=LOAD, destinationTable=GenericData{classInfo=[datasetId, projectId, tableId], {datasetId=nfl_data_all, projectId=nfl-project-de, tableId=teams_2022_2}}, decimalTargetTypes=null, destinationEncryptionConfiguration=null, createDisposition=CREATE_IF_NEEDED, writeDisposition=WRITE_TRUNCATE, formatOptions=ParquetOptions{enableListInference=null, enumAsString=null}, nullMarker=null, maxBadRecords=null, schema=Schema{fields=[Field{name=teamId, type=INTEGER, mode=NULLABLE, description=null, policyTags=null, maxLength=null, scale=null, precision=null, defaultValueExpression=null, collation=null}, Field{name=teamName, type=STRING, mode=NULLABLE, description=null, policyTags=null, maxLength=null, scale=null, precision=null, defaultValueExpression=null, collation=null}, Field{name=teamDisplayName, type=STRING, mode=NULLABLE, description=null, policyTags=null, maxLength=null, scale=null, precision=null, defaultValueExpression=null, collation=null}, Field{name=teamLocation, type=STRING, mode=NULLABLE, description=null, policyTags=null, maxLength=null, scale=null, precision=null, defaultValueExpression=null, collation=null}, Field{name=isActive, type=BOOLEAN, mode=NULLABLE, description=null, policyTags=null, maxLength=null, scale=null, precision=null, defaultValueExpression=null, collation=null}, Field{name=teamLogo, type=STRING, mode=NULLABLE, description=null, policyTags=null, maxLength=null, scale=null, precision=null, defaultValueExpression=null, collation=null}, Field{name=year, type=INTEGER, mode=NULLABLE, description=null, policyTags=null, maxLength=null, scale=null, precision=null, defaultValueExpression=null, collation=null}]}, ignoreUnknownValue=null, sourceUris=[gs://dataproc-temp-europe-west6-447072446412-ooqjzme9/.spark-bigquery-local-1682261432573-068ad61f-3bef-4c4d-8e80-8f19a308abcf/part-00002-e2d3fa5f-8451-4a7a-80c2-a36161e0788c-c000.snappy.parquet, gs://dataproc-temp-europe-west6-447072446412-ooqjzme9/.spark-bigquery-local-1682261432573-068ad61f-3bef-4c4d-8e80-8f19a308abcf/part-00001-e2d3fa5f-8451-4a7a-80c2-a36161e0788c-c000.snappy.parquet, gs://dataproc-temp-europe-west6-447072446412-ooqjzme9/.spark-bigquery-local-1682261432573-068ad61f-3bef-4c4d-8e80-8f19a308abcf/part-00003-e2d3fa5f-8451-4a7a-80c2-a36161e0788c-c000.snappy.parquet, gs://dataproc-temp-europe-west6-447072446412-ooqjzme9/.spark-bigquery-local-1682261432573-068ad61f-3bef-4c4d-8e80-8f19a308abcf/part-00000-e2d3fa5f-8451-4a7a-80c2-a36161e0788c-c000.snappy.parquet, gs://dataproc-temp-europe-west6-447072446412-ooqjzme9/.spark-bigquery-local-1682261432573-068ad61f-3bef-4c4d-8e80-8f19a308abcf/part-00004-e2d3fa5f-8451-4a7a-80c2-a36161e0788c-c000.snappy.parquet], schemaUpdateOptions=null, autodetect=null, timePartitioning=null, clustering=null, useAvroLogicalTypes=null, labels=null, jobTimeoutMs=null, rangePartitioning=null, hivePartitioningOptions=null, referenceFileSchemaUri=null, connectionProperties=null, createSession=null}. jobId: JobId{project=nfl-project-de, job=a3e79619-1686-430c-b956-3e73643fa312, location=europe-west6}
[2023-04-23T14:50:56.809+0000] {subprocess.py:93} INFO - 23/04/23 14:50:55 INFO com.google.cloud.bigquery.connector.common.BigQueryClient: Done loading to nfl-project-de.nfl_data_all.teams_2022_2. jobId: JobId{project=nfl-project-de, job=a3e79619-1686-430c-b956-3e73643fa312, location=europe-west6}
[2023-04-23T14:51:02.140+0000] {subprocess.py:93} INFO - 23/04/23 14:50:55 INFO org.apache.parquet.hadoop.codec.CodecConfig: Compression: SNAPPY
[2023-04-23T14:51:02.141+0000] {subprocess.py:93} INFO - 23/04/23 14:50:55 INFO org.apache.parquet.hadoop.codec.CodecConfig: Compression: SNAPPY
[2023-04-23T14:51:02.142+0000] {subprocess.py:93} INFO - 23/04/23 14:50:55 INFO org.apache.parquet.hadoop.ParquetOutputFormat: Parquet block size to 134217728
[2023-04-23T14:51:02.143+0000] {subprocess.py:93} INFO - 23/04/23 14:50:55 INFO org.apache.parquet.hadoop.ParquetOutputFormat: Parquet page size to 1048576
[2023-04-23T14:51:02.144+0000] {subprocess.py:93} INFO - 23/04/23 14:50:55 INFO org.apache.parquet.hadoop.ParquetOutputFormat: Parquet dictionary page size to 1048576
[2023-04-23T14:51:02.146+0000] {subprocess.py:93} INFO - 23/04/23 14:50:55 INFO org.apache.parquet.hadoop.ParquetOutputFormat: Dictionary is on
[2023-04-23T14:51:02.147+0000] {subprocess.py:93} INFO - 23/04/23 14:50:55 INFO org.apache.parquet.hadoop.ParquetOutputFormat: Validation is off
[2023-04-23T14:51:02.148+0000] {subprocess.py:93} INFO - 23/04/23 14:50:55 INFO org.apache.parquet.hadoop.ParquetOutputFormat: Writer version is: PARQUET_1_0
[2023-04-23T14:51:02.149+0000] {subprocess.py:93} INFO - 23/04/23 14:50:55 INFO org.apache.parquet.hadoop.ParquetOutputFormat: Maximum row group padding size is 8388608 bytes
[2023-04-23T14:51:02.150+0000] {subprocess.py:93} INFO - 23/04/23 14:50:55 INFO org.apache.parquet.hadoop.ParquetOutputFormat: Page size checking is: estimated
[2023-04-23T14:51:02.150+0000] {subprocess.py:93} INFO - 23/04/23 14:50:55 INFO org.apache.parquet.hadoop.ParquetOutputFormat: Min row count for page size check is: 100
[2023-04-23T14:51:02.151+0000] {subprocess.py:93} INFO - 23/04/23 14:50:55 INFO org.apache.parquet.hadoop.ParquetOutputFormat: Max row count for page size check is: 10000
[2023-04-23T14:51:02.151+0000] {subprocess.py:93} INFO - 23/04/23 14:50:55 INFO org.apache.parquet.hadoop.ParquetOutputFormat: Truncate length for column indexes is: 64
[2023-04-23T14:51:02.151+0000] {subprocess.py:93} INFO - 23/04/23 14:50:55 INFO org.apache.parquet.hadoop.ParquetOutputFormat: Truncate length for statistics min/max  is: 2147483647
[2023-04-23T14:51:02.152+0000] {subprocess.py:93} INFO - 23/04/23 14:50:55 INFO org.apache.parquet.hadoop.ParquetOutputFormat: Page row count limit to 20000
[2023-04-23T14:51:02.153+0000] {subprocess.py:93} INFO - 23/04/23 14:50:55 INFO org.apache.parquet.hadoop.ParquetOutputFormat: Writing page checksums is: on
[2023-04-23T14:51:02.154+0000] {subprocess.py:93} INFO - 23/04/23 14:50:56 INFO com.google.cloud.hadoop.repackaged.gcs.com.google.cloud.hadoop.gcsio.GoogleCloudStorageFileSystem: Successfully repaired 'gs://dataproc-temp-europe-west6-447072446412-ooqjzme9/.spark-bigquery-local-1682261432573-9d7d5ffc-79a3-4c8c-ad4a-6a88391e12c1/_temporary/0/_temporary/attempt_202304231450556836100224248956809_0011_m_000000_14/' directory.
[2023-04-23T14:51:02.154+0000] {subprocess.py:93} INFO - 23/04/23 14:50:56 INFO com.google.cloud.hadoop.repackaged.gcs.com.google.cloud.hadoop.gcsio.GoogleCloudStorageFileSystem: Successfully repaired 'gs://dataproc-temp-europe-west6-447072446412-ooqjzme9/.spark-bigquery-local-1682261432573-9d7d5ffc-79a3-4c8c-ad4a-6a88391e12c1/_temporary/0/_temporary/' directory.
[2023-04-23T14:51:02.155+0000] {subprocess.py:93} INFO - 23/04/23 14:50:56 INFO com.google.cloud.hadoop.repackaged.gcs.com.google.cloud.hadoop.gcsio.GoogleCloudStorageFileSystem: Successfully repaired 'gs://dataproc-temp-europe-west6-447072446412-ooqjzme9/.spark-bigquery-local-1682261432573-9d7d5ffc-79a3-4c8c-ad4a-6a88391e12c1/' directory.
[2023-04-23T14:51:02.155+0000] {subprocess.py:93} INFO - 23/04/23 14:50:56 INFO com.google.cloud.bigquery.connector.common.BigQueryClient: Submitted job LoadJobConfiguration{type=LOAD, destinationTable=GenericData{classInfo=[datasetId, projectId, tableId], {datasetId=nfl_data_all, projectId=nfl-project-de, tableId=leaders_2022_2}}, decimalTargetTypes=null, destinationEncryptionConfiguration=null, createDisposition=CREATE_IF_NEEDED, writeDisposition=WRITE_TRUNCATE, formatOptions=ParquetOptions{enableListInference=null, enumAsString=null}, nullMarker=null, maxBadRecords=null, schema=Schema{fields=[Field{name=athleteId, type=INTEGER, mode=NULLABLE, description=null, policyTags=null, maxLength=null, scale=null, precision=null, defaultValueExpression=null, collation=null}, Field{name=leaderDisplayValue, type=STRING, mode=NULLABLE, description=null, policyTags=null, maxLength=null, scale=null, precision=null, defaultValueExpression=null, collation=null}, Field{name=leaderValue, type=FLOAT, mode=NULLABLE, description=null, policyTags=null, maxLength=null, scale=null, precision=null, defaultValueExpression=null, collation=null}, Field{name=statName, type=STRING, mode=NULLABLE, description=null, policyTags=null, maxLength=null, scale=null, precision=null, defaultValueExpression=null, collation=null}, Field{name=leaderShortDisplayName, type=STRING, mode=NULLABLE, description=null, policyTags=null, maxLength=null, scale=null, precision=null, defaultValueExpression=null, collation=null}, Field{name=year, type=INTEGER, mode=NULLABLE, description=null, policyTags=null, maxLength=null, scale=null, precision=null, defaultValueExpression=null, collation=null}, Field{name=seasonType, type=INTEGER, mode=NULLABLE, description=null, policyTags=null, maxLength=null, scale=null, precision=null, defaultValueExpression=null, collation=null}]}, ignoreUnknownValue=null, sourceUris=[gs://dataproc-temp-europe-west6-447072446412-ooqjzme9/.spark-bigquery-local-1682261432573-9d7d5ffc-79a3-4c8c-ad4a-6a88391e12c1/part-00000-4887673d-e282-4bf8-9a1c-c16533655881-c000.snappy.parquet], schemaUpdateOptions=null, autodetect=null, timePartitioning=null, clustering=null, useAvroLogicalTypes=null, labels=null, jobTimeoutMs=null, rangePartitioning=null, hivePartitioningOptions=null, referenceFileSchemaUri=null, connectionProperties=null, createSession=null}. jobId: JobId{project=nfl-project-de, job=edb110fd-6520-4a9d-b8b3-796087feb0ec, location=europe-west6}
[2023-04-23T14:51:02.156+0000] {subprocess.py:93} INFO - 23/04/23 14:51:00 INFO com.google.cloud.bigquery.connector.common.BigQueryClient: Done loading to nfl-project-de.nfl_data_all.leaders_2022_2. jobId: JobId{project=nfl-project-de, job=edb110fd-6520-4a9d-b8b3-796087feb0ec, location=europe-west6}
[2023-04-23T14:51:02.156+0000] {subprocess.py:93} INFO - 23/04/23 14:51:00 ERROR org.apache.spark.sql.execution.datasources.FileFormatWriter: Aborting job 014d2c78-fdc7-42be-812b-d56729244c0a.
[2023-04-23T14:51:02.157+0000] {subprocess.py:93} INFO - org.apache.spark.sql.AnalysisException: Attribute name "('Unnamed: 0_level_0', 'GP')" contains invalid character(s) among " ,;{}()\n\t=". Please use alias to rename it.
[2023-04-23T14:51:02.158+0000] {subprocess.py:93} INFO - 	at org.apache.spark.sql.execution.datasources.parquet.ParquetSchemaConverter$.checkConversionRequirement(ParquetSchemaConverter.scala:579)
[2023-04-23T14:51:02.160+0000] {subprocess.py:93} INFO - 	at org.apache.spark.sql.execution.datasources.parquet.ParquetSchemaConverter$.checkFieldName(ParquetSchemaConverter.scala:570)
[2023-04-23T14:51:02.161+0000] {subprocess.py:93} INFO - 	at org.apache.spark.sql.execution.datasources.parquet.ParquetWriteSupport$.$anonfun$setSchema$2(ParquetWriteSupport.scala:485)
[2023-04-23T14:51:02.162+0000] {subprocess.py:93} INFO - 	at org.apache.spark.sql.execution.datasources.parquet.ParquetWriteSupport$.$anonfun$setSchema$2$adapted(ParquetWriteSupport.scala:485)
[2023-04-23T14:51:02.164+0000] {subprocess.py:93} INFO - 	at scala.collection.immutable.List.foreach(List.scala:431)
[2023-04-23T14:51:02.165+0000] {subprocess.py:93} INFO - 	at org.apache.spark.sql.execution.datasources.parquet.ParquetWriteSupport$.setSchema(ParquetWriteSupport.scala:485)
[2023-04-23T14:51:02.166+0000] {subprocess.py:93} INFO - 	at org.apache.spark.sql.execution.datasources.parquet.ParquetFileFormat.buildReaderWithPartitionValues(ParquetFileFormat.scala:220)
[2023-04-23T14:51:02.168+0000] {subprocess.py:93} INFO - 	at org.apache.spark.sql.execution.FileSourceScanExec.inputRDD$lzycompute(DataSourceScanExec.scala:407)
[2023-04-23T14:51:02.169+0000] {subprocess.py:93} INFO - 	at org.apache.spark.sql.execution.FileSourceScanExec.inputRDD(DataSourceScanExec.scala:398)
[2023-04-23T14:51:02.170+0000] {subprocess.py:93} INFO - 	at org.apache.spark.sql.execution.FileSourceScanExec.doExecuteColumnar(DataSourceScanExec.scala:497)
[2023-04-23T14:51:02.170+0000] {subprocess.py:93} INFO - 	at org.apache.spark.sql.execution.SparkPlan.$anonfun$executeColumnar$1(SparkPlan.scala:207)
[2023-04-23T14:51:02.171+0000] {subprocess.py:93} INFO - 	at org.apache.spark.sql.execution.SparkPlan.$anonfun$executeQuery$1(SparkPlan.scala:218)
[2023-04-23T14:51:02.172+0000] {subprocess.py:93} INFO - 	at org.apache.spark.rdd.RDDOperationScope$.withScope(RDDOperationScope.scala:151)
[2023-04-23T14:51:02.174+0000] {subprocess.py:93} INFO - 	at org.apache.spark.sql.execution.SparkPlan.executeQuery(SparkPlan.scala:215)
[2023-04-23T14:51:02.175+0000] {subprocess.py:93} INFO - 	at org.apache.spark.sql.execution.SparkPlan.executeColumnar(SparkPlan.scala:203)
[2023-04-23T14:51:02.177+0000] {subprocess.py:93} INFO - 	at org.apache.spark.sql.execution.InputAdapter.doExecuteColumnar(WholeStageCodegenExec.scala:519)
[2023-04-23T14:51:02.178+0000] {subprocess.py:93} INFO - 	at org.apache.spark.sql.execution.SparkPlan.$anonfun$executeColumnar$1(SparkPlan.scala:207)
[2023-04-23T14:51:02.179+0000] {subprocess.py:93} INFO - 	at org.apache.spark.sql.execution.SparkPlan.$anonfun$executeQuery$1(SparkPlan.scala:218)
[2023-04-23T14:51:02.180+0000] {subprocess.py:93} INFO - 	at org.apache.spark.rdd.RDDOperationScope$.withScope(RDDOperationScope.scala:151)
[2023-04-23T14:51:02.181+0000] {subprocess.py:93} INFO - 	at org.apache.spark.sql.execution.SparkPlan.executeQuery(SparkPlan.scala:215)
[2023-04-23T14:51:02.182+0000] {subprocess.py:93} INFO - 	at org.apache.spark.sql.execution.SparkPlan.executeColumnar(SparkPlan.scala:203)
[2023-04-23T14:51:02.182+0000] {subprocess.py:93} INFO - 	at org.apache.spark.sql.execution.ColumnarToRowExec.inputRDDs(Columnar.scala:202)
[2023-04-23T14:51:02.183+0000] {subprocess.py:93} INFO - 	at org.apache.spark.sql.execution.WholeStageCodegenExec.doExecute(WholeStageCodegenExec.scala:746)
[2023-04-23T14:51:02.184+0000] {subprocess.py:93} INFO - 	at org.apache.spark.sql.execution.SparkPlan.$anonfun$execute$1(SparkPlan.scala:180)
[2023-04-23T14:51:02.185+0000] {subprocess.py:93} INFO - 	at org.apache.spark.sql.execution.SparkPlan.$anonfun$executeQuery$1(SparkPlan.scala:218)
[2023-04-23T14:51:02.186+0000] {subprocess.py:93} INFO - 	at org.apache.spark.rdd.RDDOperationScope$.withScope(RDDOperationScope.scala:151)
[2023-04-23T14:51:02.187+0000] {subprocess.py:93} INFO - 	at org.apache.spark.sql.execution.SparkPlan.executeQuery(SparkPlan.scala:215)
[2023-04-23T14:51:02.189+0000] {subprocess.py:93} INFO - 	at org.apache.spark.sql.execution.SparkPlan.execute(SparkPlan.scala:176)
[2023-04-23T14:51:02.190+0000] {subprocess.py:93} INFO - 	at org.apache.spark.sql.execution.columnar.CachedRDDBuilder.buildBuffers(InMemoryRelation.scala:252)
[2023-04-23T14:51:02.191+0000] {subprocess.py:93} INFO - 	at org.apache.spark.sql.execution.columnar.CachedRDDBuilder.cachedColumnBuffers(InMemoryRelation.scala:221)
[2023-04-23T14:51:02.192+0000] {subprocess.py:93} INFO - 	at org.apache.spark.sql.execution.columnar.InMemoryTableScanExec.filteredCachedBatches(InMemoryTableScanExec.scala:144)
[2023-04-23T14:51:02.193+0000] {subprocess.py:93} INFO - 	at org.apache.spark.sql.execution.columnar.InMemoryTableScanExec.inputRDD$lzycompute(InMemoryTableScanExec.scala:95)
[2023-04-23T14:51:02.193+0000] {subprocess.py:93} INFO - 	at org.apache.spark.sql.execution.columnar.InMemoryTableScanExec.inputRDD(InMemoryTableScanExec.scala:81)
[2023-04-23T14:51:02.194+0000] {subprocess.py:93} INFO - 	at org.apache.spark.sql.execution.columnar.InMemoryTableScanExec.doExecute(InMemoryTableScanExec.scala:155)
[2023-04-23T14:51:02.195+0000] {subprocess.py:93} INFO - 	at org.apache.spark.sql.execution.SparkPlan.$anonfun$execute$1(SparkPlan.scala:180)
[2023-04-23T14:51:02.196+0000] {subprocess.py:93} INFO - 	at org.apache.spark.sql.execution.SparkPlan.$anonfun$executeQuery$1(SparkPlan.scala:218)
[2023-04-23T14:51:02.196+0000] {subprocess.py:93} INFO - 	at org.apache.spark.rdd.RDDOperationScope$.withScope(RDDOperationScope.scala:151)
[2023-04-23T14:51:02.197+0000] {subprocess.py:93} INFO - 	at org.apache.spark.sql.execution.SparkPlan.executeQuery(SparkPlan.scala:215)
[2023-04-23T14:51:02.198+0000] {subprocess.py:93} INFO - 	at org.apache.spark.sql.execution.SparkPlan.execute(SparkPlan.scala:176)
[2023-04-23T14:51:02.198+0000] {subprocess.py:93} INFO - 	at org.apache.spark.sql.execution.InputAdapter.inputRDD(WholeStageCodegenExec.scala:525)
[2023-04-23T14:51:02.199+0000] {subprocess.py:93} INFO - 	at org.apache.spark.sql.execution.InputRDDCodegen.inputRDDs(WholeStageCodegenExec.scala:453)
[2023-04-23T14:51:02.200+0000] {subprocess.py:93} INFO - 	at org.apache.spark.sql.execution.InputRDDCodegen.inputRDDs$(WholeStageCodegenExec.scala:452)
[2023-04-23T14:51:02.201+0000] {subprocess.py:93} INFO - 	at org.apache.spark.sql.execution.InputAdapter.inputRDDs(WholeStageCodegenExec.scala:496)
[2023-04-23T14:51:02.203+0000] {subprocess.py:93} INFO - 	at org.apache.spark.sql.execution.ProjectExec.inputRDDs(basicPhysicalOperators.scala:50)
[2023-04-23T14:51:02.204+0000] {subprocess.py:93} INFO - 	at org.apache.spark.sql.execution.WholeStageCodegenExec.doExecute(WholeStageCodegenExec.scala:746)
[2023-04-23T14:51:02.205+0000] {subprocess.py:93} INFO - 	at org.apache.spark.sql.execution.SparkPlan.$anonfun$execute$1(SparkPlan.scala:180)
[2023-04-23T14:51:02.206+0000] {subprocess.py:93} INFO - 	at org.apache.spark.sql.execution.SparkPlan.$anonfun$executeQuery$1(SparkPlan.scala:218)
[2023-04-23T14:51:02.207+0000] {subprocess.py:93} INFO - 	at org.apache.spark.rdd.RDDOperationScope$.withScope(RDDOperationScope.scala:151)
[2023-04-23T14:51:02.208+0000] {subprocess.py:93} INFO - 	at org.apache.spark.sql.execution.SparkPlan.executeQuery(SparkPlan.scala:215)
[2023-04-23T14:51:02.209+0000] {subprocess.py:93} INFO - 	at org.apache.spark.sql.execution.SparkPlan.execute(SparkPlan.scala:176)
[2023-04-23T14:51:02.210+0000] {subprocess.py:93} INFO - 	at org.apache.spark.sql.execution.GenerateExec.doExecute(GenerateExec.scala:80)
[2023-04-23T14:51:02.211+0000] {subprocess.py:93} INFO - 	at org.apache.spark.sql.execution.SparkPlan.$anonfun$execute$1(SparkPlan.scala:180)
[2023-04-23T14:51:02.211+0000] {subprocess.py:93} INFO - 	at org.apache.spark.sql.execution.SparkPlan.$anonfun$executeQuery$1(SparkPlan.scala:218)
[2023-04-23T14:51:02.212+0000] {subprocess.py:93} INFO - 	at org.apache.spark.rdd.RDDOperationScope$.withScope(RDDOperationScope.scala:151)
[2023-04-23T14:51:02.213+0000] {subprocess.py:93} INFO - 	at org.apache.spark.sql.execution.SparkPlan.executeQuery(SparkPlan.scala:215)
[2023-04-23T14:51:02.214+0000] {subprocess.py:93} INFO - 	at org.apache.spark.sql.execution.SparkPlan.execute(SparkPlan.scala:176)
[2023-04-23T14:51:02.214+0000] {subprocess.py:93} INFO - 	at org.apache.spark.sql.execution.InputAdapter.inputRDD(WholeStageCodegenExec.scala:525)
[2023-04-23T14:51:02.215+0000] {subprocess.py:93} INFO - 	at org.apache.spark.sql.execution.InputRDDCodegen.inputRDDs(WholeStageCodegenExec.scala:453)
[2023-04-23T14:51:02.216+0000] {subprocess.py:93} INFO - 	at org.apache.spark.sql.execution.InputRDDCodegen.inputRDDs$(WholeStageCodegenExec.scala:452)
[2023-04-23T14:51:02.217+0000] {subprocess.py:93} INFO - 	at org.apache.spark.sql.execution.InputAdapter.inputRDDs(WholeStageCodegenExec.scala:496)
[2023-04-23T14:51:02.218+0000] {subprocess.py:93} INFO - 	at org.apache.spark.sql.execution.ProjectExec.inputRDDs(basicPhysicalOperators.scala:50)
[2023-04-23T14:51:02.218+0000] {subprocess.py:93} INFO - 	at org.apache.spark.sql.execution.WholeStageCodegenExec.doExecute(WholeStageCodegenExec.scala:746)
[2023-04-23T14:51:02.219+0000] {subprocess.py:93} INFO - 	at org.apache.spark.sql.execution.SparkPlan.$anonfun$execute$1(SparkPlan.scala:180)
[2023-04-23T14:51:02.220+0000] {subprocess.py:93} INFO - 	at org.apache.spark.sql.execution.SparkPlan.$anonfun$executeQuery$1(SparkPlan.scala:218)
[2023-04-23T14:51:02.221+0000] {subprocess.py:93} INFO - 	at org.apache.spark.rdd.RDDOperationScope$.withScope(RDDOperationScope.scala:151)
[2023-04-23T14:51:02.221+0000] {subprocess.py:93} INFO - 	at org.apache.spark.sql.execution.SparkPlan.executeQuery(SparkPlan.scala:215)
[2023-04-23T14:51:02.222+0000] {subprocess.py:93} INFO - 	at org.apache.spark.sql.execution.SparkPlan.execute(SparkPlan.scala:176)
[2023-04-23T14:51:02.223+0000] {subprocess.py:93} INFO - 	at org.apache.spark.sql.execution.datasources.FileFormatWriter$.write(FileFormatWriter.scala:177)
[2023-04-23T14:51:02.225+0000] {subprocess.py:93} INFO - 	at org.apache.spark.sql.execution.datasources.InsertIntoHadoopFsRelationCommand.run(InsertIntoHadoopFsRelationCommand.scala:188)
[2023-04-23T14:51:02.226+0000] {subprocess.py:93} INFO - 	at org.apache.spark.sql.execution.command.DataWritingCommandExec.sideEffectResult$lzycompute(commands.scala:108)
[2023-04-23T14:51:02.226+0000] {subprocess.py:93} INFO - 	at org.apache.spark.sql.execution.command.DataWritingCommandExec.sideEffectResult(commands.scala:106)
[2023-04-23T14:51:02.227+0000] {subprocess.py:93} INFO - 	at org.apache.spark.sql.execution.command.DataWritingCommandExec.doExecute(commands.scala:131)
[2023-04-23T14:51:02.228+0000] {subprocess.py:93} INFO - 	at org.apache.spark.sql.execution.SparkPlan.$anonfun$execute$1(SparkPlan.scala:180)
[2023-04-23T14:51:02.228+0000] {subprocess.py:93} INFO - 	at org.apache.spark.sql.execution.SparkPlan.$anonfun$executeQuery$1(SparkPlan.scala:218)
[2023-04-23T14:51:02.229+0000] {subprocess.py:93} INFO - 	at org.apache.spark.rdd.RDDOperationScope$.withScope(RDDOperationScope.scala:151)
[2023-04-23T14:51:02.230+0000] {subprocess.py:93} INFO - 	at org.apache.spark.sql.execution.SparkPlan.executeQuery(SparkPlan.scala:215)
[2023-04-23T14:51:02.231+0000] {subprocess.py:93} INFO - 	at org.apache.spark.sql.execution.SparkPlan.execute(SparkPlan.scala:176)
[2023-04-23T14:51:02.232+0000] {subprocess.py:93} INFO - 	at org.apache.spark.sql.execution.QueryExecution.toRdd$lzycompute(QueryExecution.scala:132)
[2023-04-23T14:51:02.233+0000] {subprocess.py:93} INFO - 	at org.apache.spark.sql.execution.QueryExecution.toRdd(QueryExecution.scala:131)
[2023-04-23T14:51:02.233+0000] {subprocess.py:93} INFO - 	at org.apache.spark.sql.DataFrameWriter.$anonfun$runCommand$1(DataFrameWriter.scala:989)
[2023-04-23T14:51:02.234+0000] {subprocess.py:93} INFO - 	at org.apache.spark.sql.execution.SQLExecution$.$anonfun$withNewExecutionId$5(SQLExecution.scala:103)
[2023-04-23T14:51:02.235+0000] {subprocess.py:93} INFO - 	at org.apache.spark.sql.execution.SQLExecution$.withSQLConfPropagated(SQLExecution.scala:163)
[2023-04-23T14:51:02.236+0000] {subprocess.py:93} INFO - 	at org.apache.spark.sql.execution.SQLExecution$.$anonfun$withNewExecutionId$1(SQLExecution.scala:90)
[2023-04-23T14:51:02.238+0000] {subprocess.py:93} INFO - 	at org.apache.spark.sql.SparkSession.withActive(SparkSession.scala:775)
[2023-04-23T14:51:02.239+0000] {subprocess.py:93} INFO - 	at org.apache.spark.sql.execution.SQLExecution$.withNewExecutionId(SQLExecution.scala:64)
[2023-04-23T14:51:02.239+0000] {subprocess.py:93} INFO - 	at org.apache.spark.sql.DataFrameWriter.runCommand(DataFrameWriter.scala:989)
[2023-04-23T14:51:02.240+0000] {subprocess.py:93} INFO - 	at org.apache.spark.sql.DataFrameWriter.saveToV1Source(DataFrameWriter.scala:438)
[2023-04-23T14:51:02.241+0000] {subprocess.py:93} INFO - 	at org.apache.spark.sql.DataFrameWriter.saveInternal(DataFrameWriter.scala:415)
[2023-04-23T14:51:02.242+0000] {subprocess.py:93} INFO - 	at org.apache.spark.sql.DataFrameWriter.save(DataFrameWriter.scala:293)
[2023-04-23T14:51:02.243+0000] {subprocess.py:93} INFO - 	at com.google.cloud.spark.bigquery.write.BigQueryWriteHelper.writeDataFrameToBigQuery(BigQueryWriteHelper.java:106)
[2023-04-23T14:51:02.245+0000] {subprocess.py:93} INFO - 	at com.google.cloud.spark.bigquery.write.BigQueryDeprecatedIndirectInsertableRelation.insert(BigQueryDeprecatedIndirectInsertableRelation.java:43)
[2023-04-23T14:51:02.246+0000] {subprocess.py:93} INFO - 	at com.google.cloud.spark.bigquery.write.CreatableRelationProviderHelper.createRelation(CreatableRelationProviderHelper.java:54)
[2023-04-23T14:51:02.247+0000] {subprocess.py:93} INFO - 	at com.google.cloud.spark.bigquery.BigQueryRelationProvider.createRelation(BigQueryRelationProvider.scala:107)
[2023-04-23T14:51:02.248+0000] {subprocess.py:93} INFO - 	at org.apache.spark.sql.execution.datasources.SaveIntoDataSourceCommand.run(SaveIntoDataSourceCommand.scala:46)
[2023-04-23T14:51:02.249+0000] {subprocess.py:93} INFO - 	at org.apache.spark.sql.execution.command.ExecutedCommandExec.sideEffectResult$lzycompute(commands.scala:70)
[2023-04-23T14:51:02.249+0000] {subprocess.py:93} INFO - 	at org.apache.spark.sql.execution.command.ExecutedCommandExec.sideEffectResult(commands.scala:68)
[2023-04-23T14:51:02.250+0000] {subprocess.py:93} INFO - 	at org.apache.spark.sql.execution.command.ExecutedCommandExec.doExecute(commands.scala:90)
[2023-04-23T14:51:02.252+0000] {subprocess.py:93} INFO - 	at org.apache.spark.sql.execution.SparkPlan.$anonfun$execute$1(SparkPlan.scala:180)
[2023-04-23T14:51:02.254+0000] {subprocess.py:93} INFO - 	at org.apache.spark.sql.execution.SparkPlan.$anonfun$executeQuery$1(SparkPlan.scala:218)
[2023-04-23T14:51:02.255+0000] {subprocess.py:93} INFO - 	at org.apache.spark.rdd.RDDOperationScope$.withScope(RDDOperationScope.scala:151)
[2023-04-23T14:51:02.256+0000] {subprocess.py:93} INFO - 	at org.apache.spark.sql.execution.SparkPlan.executeQuery(SparkPlan.scala:215)
[2023-04-23T14:51:02.257+0000] {subprocess.py:93} INFO - 	at org.apache.spark.sql.execution.SparkPlan.execute(SparkPlan.scala:176)
[2023-04-23T14:51:02.258+0000] {subprocess.py:93} INFO - 	at org.apache.spark.sql.execution.QueryExecution.toRdd$lzycompute(QueryExecution.scala:132)
[2023-04-23T14:51:02.259+0000] {subprocess.py:93} INFO - 	at org.apache.spark.sql.execution.QueryExecution.toRdd(QueryExecution.scala:131)
[2023-04-23T14:51:02.260+0000] {subprocess.py:93} INFO - 	at org.apache.spark.sql.DataFrameWriter.$anonfun$runCommand$1(DataFrameWriter.scala:989)
[2023-04-23T14:51:02.260+0000] {subprocess.py:93} INFO - 	at org.apache.spark.sql.execution.SQLExecution$.$anonfun$withNewExecutionId$5(SQLExecution.scala:103)
[2023-04-23T14:51:02.261+0000] {subprocess.py:93} INFO - 	at org.apache.spark.sql.execution.SQLExecution$.withSQLConfPropagated(SQLExecution.scala:163)
[2023-04-23T14:51:02.261+0000] {subprocess.py:93} INFO - 	at org.apache.spark.sql.execution.SQLExecution$.$anonfun$withNewExecutionId$1(SQLExecution.scala:90)
[2023-04-23T14:51:02.261+0000] {subprocess.py:93} INFO - 	at org.apache.spark.sql.SparkSession.withActive(SparkSession.scala:775)
[2023-04-23T14:51:02.262+0000] {subprocess.py:93} INFO - 	at org.apache.spark.sql.execution.SQLExecution$.withNewExecutionId(SQLExecution.scala:64)
[2023-04-23T14:51:02.263+0000] {subprocess.py:93} INFO - 	at org.apache.spark.sql.DataFrameWriter.runCommand(DataFrameWriter.scala:989)
[2023-04-23T14:51:02.264+0000] {subprocess.py:93} INFO - 	at org.apache.spark.sql.DataFrameWriter.saveToV1Source(DataFrameWriter.scala:438)
[2023-04-23T14:51:02.266+0000] {subprocess.py:93} INFO - 	at org.apache.spark.sql.DataFrameWriter.saveInternal(DataFrameWriter.scala:415)
[2023-04-23T14:51:02.267+0000] {subprocess.py:93} INFO - 	at org.apache.spark.sql.DataFrameWriter.save(DataFrameWriter.scala:301)
[2023-04-23T14:51:02.268+0000] {subprocess.py:93} INFO - 	at sun.reflect.NativeMethodAccessorImpl.invoke0(Native Method)
[2023-04-23T14:51:02.269+0000] {subprocess.py:93} INFO - 	at sun.reflect.NativeMethodAccessorImpl.invoke(NativeMethodAccessorImpl.java:62)
[2023-04-23T14:51:02.270+0000] {subprocess.py:93} INFO - 	at sun.reflect.DelegatingMethodAccessorImpl.invoke(DelegatingMethodAccessorImpl.java:43)
[2023-04-23T14:51:02.270+0000] {subprocess.py:93} INFO - 	at java.lang.reflect.Method.invoke(Method.java:498)
[2023-04-23T14:51:02.271+0000] {subprocess.py:93} INFO - 	at py4j.reflection.MethodInvoker.invoke(MethodInvoker.java:244)
[2023-04-23T14:51:02.272+0000] {subprocess.py:93} INFO - 	at py4j.reflection.ReflectionEngine.invoke(ReflectionEngine.java:357)
[2023-04-23T14:51:02.273+0000] {subprocess.py:93} INFO - 	at py4j.Gateway.invoke(Gateway.java:282)
[2023-04-23T14:51:02.274+0000] {subprocess.py:93} INFO - 	at py4j.commands.AbstractCommand.invokeMethod(AbstractCommand.java:132)
[2023-04-23T14:51:02.274+0000] {subprocess.py:93} INFO - 	at py4j.commands.CallCommand.execute(CallCommand.java:79)
[2023-04-23T14:51:02.274+0000] {subprocess.py:93} INFO - 	at py4j.GatewayConnection.run(GatewayConnection.java:238)
[2023-04-23T14:51:02.275+0000] {subprocess.py:93} INFO - 	at java.lang.Thread.run(Thread.java:750)
[2023-04-23T14:51:02.275+0000] {subprocess.py:93} INFO - 23/04/23 14:51:00 INFO com.google.cloud.hadoop.repackaged.gcs.com.google.cloud.hadoop.gcsio.GoogleCloudStorageFileSystem: Successfully repaired 'gs://dataproc-temp-europe-west6-447072446412-ooqjzme9/.spark-bigquery-local-1682261432573-d48ff8cd-c052-4c5d-93b4-52a364dfe09b/' directory.
[2023-04-23T14:51:02.276+0000] {subprocess.py:93} INFO - Traceback (most recent call last):
[2023-04-23T14:51:02.276+0000] {subprocess.py:93} INFO -   File "/tmp/81a681f4e5a04138996a97c24cd8ba2e/transform_pyspark.py", line 276, in <module>
[2023-04-23T14:51:02.277+0000] {subprocess.py:93} INFO -     df.write.format('bigquery') \
[2023-04-23T14:51:02.278+0000] {subprocess.py:93} INFO -   File "/usr/lib/spark/python/lib/pyspark.zip/pyspark/sql/readwriter.py", line 1107, in save
[2023-04-23T14:51:02.278+0000] {subprocess.py:93} INFO -   File "/usr/lib/spark/python/lib/py4j-0.10.9-src.zip/py4j/java_gateway.py", line 1304, in __call__
[2023-04-23T14:51:02.279+0000] {subprocess.py:93} INFO -   File "/usr/lib/spark/python/lib/pyspark.zip/pyspark/sql/utils.py", line 111, in deco
[2023-04-23T14:51:02.280+0000] {subprocess.py:93} INFO -   File "/usr/lib/spark/python/lib/py4j-0.10.9-src.zip/py4j/protocol.py", line 326, in get_return_value
[2023-04-23T14:51:02.280+0000] {subprocess.py:93} INFO - py4j.protocol.Py4JJavaError: An error occurred while calling o278.save.
[2023-04-23T14:51:02.281+0000] {subprocess.py:93} INFO - : com.google.cloud.bigquery.connector.common.BigQueryConnectorException: Failed to write to BigQuery
[2023-04-23T14:51:02.281+0000] {subprocess.py:93} INFO - 	at com.google.cloud.spark.bigquery.write.BigQueryWriteHelper.writeDataFrameToBigQuery(BigQueryWriteHelper.java:111)
[2023-04-23T14:51:02.282+0000] {subprocess.py:93} INFO - 	at com.google.cloud.spark.bigquery.write.BigQueryDeprecatedIndirectInsertableRelation.insert(BigQueryDeprecatedIndirectInsertableRelation.java:43)
[2023-04-23T14:51:02.282+0000] {subprocess.py:93} INFO - 	at com.google.cloud.spark.bigquery.write.CreatableRelationProviderHelper.createRelation(CreatableRelationProviderHelper.java:54)
[2023-04-23T14:51:02.283+0000] {subprocess.py:93} INFO - 	at com.google.cloud.spark.bigquery.BigQueryRelationProvider.createRelation(BigQueryRelationProvider.scala:107)
[2023-04-23T14:51:02.284+0000] {subprocess.py:93} INFO - 	at org.apache.spark.sql.execution.datasources.SaveIntoDataSourceCommand.run(SaveIntoDataSourceCommand.scala:46)
[2023-04-23T14:51:02.285+0000] {subprocess.py:93} INFO - 	at org.apache.spark.sql.execution.command.ExecutedCommandExec.sideEffectResult$lzycompute(commands.scala:70)
[2023-04-23T14:51:02.285+0000] {subprocess.py:93} INFO - 	at org.apache.spark.sql.execution.command.ExecutedCommandExec.sideEffectResult(commands.scala:68)
[2023-04-23T14:51:02.287+0000] {subprocess.py:93} INFO - 	at org.apache.spark.sql.execution.command.ExecutedCommandExec.doExecute(commands.scala:90)
[2023-04-23T14:51:02.288+0000] {subprocess.py:93} INFO - 	at org.apache.spark.sql.execution.SparkPlan.$anonfun$execute$1(SparkPlan.scala:180)
[2023-04-23T14:51:02.289+0000] {subprocess.py:93} INFO - 	at org.apache.spark.sql.execution.SparkPlan.$anonfun$executeQuery$1(SparkPlan.scala:218)
[2023-04-23T14:51:02.289+0000] {subprocess.py:93} INFO - 	at org.apache.spark.rdd.RDDOperationScope$.withScope(RDDOperationScope.scala:151)
[2023-04-23T14:51:02.289+0000] {subprocess.py:93} INFO - 	at org.apache.spark.sql.execution.SparkPlan.executeQuery(SparkPlan.scala:215)
[2023-04-23T14:51:02.290+0000] {subprocess.py:93} INFO - 	at org.apache.spark.sql.execution.SparkPlan.execute(SparkPlan.scala:176)
[2023-04-23T14:51:02.290+0000] {subprocess.py:93} INFO - 	at org.apache.spark.sql.execution.QueryExecution.toRdd$lzycompute(QueryExecution.scala:132)
[2023-04-23T14:51:02.291+0000] {subprocess.py:93} INFO - 	at org.apache.spark.sql.execution.QueryExecution.toRdd(QueryExecution.scala:131)
[2023-04-23T14:51:02.291+0000] {subprocess.py:93} INFO - 	at org.apache.spark.sql.DataFrameWriter.$anonfun$runCommand$1(DataFrameWriter.scala:989)
[2023-04-23T14:51:02.292+0000] {subprocess.py:93} INFO - 	at org.apache.spark.sql.execution.SQLExecution$.$anonfun$withNewExecutionId$5(SQLExecution.scala:103)
[2023-04-23T14:51:02.292+0000] {subprocess.py:93} INFO - 	at org.apache.spark.sql.execution.SQLExecution$.withSQLConfPropagated(SQLExecution.scala:163)
[2023-04-23T14:51:02.294+0000] {subprocess.py:93} INFO - 	at org.apache.spark.sql.execution.SQLExecution$.$anonfun$withNewExecutionId$1(SQLExecution.scala:90)
[2023-04-23T14:51:02.294+0000] {subprocess.py:93} INFO - 	at org.apache.spark.sql.SparkSession.withActive(SparkSession.scala:775)
[2023-04-23T14:51:02.295+0000] {subprocess.py:93} INFO - 	at org.apache.spark.sql.execution.SQLExecution$.withNewExecutionId(SQLExecution.scala:64)
[2023-04-23T14:51:02.295+0000] {subprocess.py:93} INFO - 	at org.apache.spark.sql.DataFrameWriter.runCommand(DataFrameWriter.scala:989)
[2023-04-23T14:51:02.296+0000] {subprocess.py:93} INFO - 	at org.apache.spark.sql.DataFrameWriter.saveToV1Source(DataFrameWriter.scala:438)
[2023-04-23T14:51:02.296+0000] {subprocess.py:93} INFO - 	at org.apache.spark.sql.DataFrameWriter.saveInternal(DataFrameWriter.scala:415)
[2023-04-23T14:51:02.297+0000] {subprocess.py:93} INFO - 	at org.apache.spark.sql.DataFrameWriter.save(DataFrameWriter.scala:301)
[2023-04-23T14:51:02.298+0000] {subprocess.py:93} INFO - 	at sun.reflect.NativeMethodAccessorImpl.invoke0(Native Method)
[2023-04-23T14:51:02.298+0000] {subprocess.py:93} INFO - 	at sun.reflect.NativeMethodAccessorImpl.invoke(NativeMethodAccessorImpl.java:62)
[2023-04-23T14:51:02.299+0000] {subprocess.py:93} INFO - 	at sun.reflect.DelegatingMethodAccessorImpl.invoke(DelegatingMethodAccessorImpl.java:43)
[2023-04-23T14:51:02.301+0000] {subprocess.py:93} INFO - 	at java.lang.reflect.Method.invoke(Method.java:498)
[2023-04-23T14:51:02.301+0000] {subprocess.py:93} INFO - 	at py4j.reflection.MethodInvoker.invoke(MethodInvoker.java:244)
[2023-04-23T14:51:02.302+0000] {subprocess.py:93} INFO - 	at py4j.reflection.ReflectionEngine.invoke(ReflectionEngine.java:357)
[2023-04-23T14:51:02.303+0000] {subprocess.py:93} INFO - 	at py4j.Gateway.invoke(Gateway.java:282)
[2023-04-23T14:51:02.303+0000] {subprocess.py:93} INFO - 	at py4j.commands.AbstractCommand.invokeMethod(AbstractCommand.java:132)
[2023-04-23T14:51:02.303+0000] {subprocess.py:93} INFO - 	at py4j.commands.CallCommand.execute(CallCommand.java:79)
[2023-04-23T14:51:02.304+0000] {subprocess.py:93} INFO - 	at py4j.GatewayConnection.run(GatewayConnection.java:238)
[2023-04-23T14:51:02.304+0000] {subprocess.py:93} INFO - 	at java.lang.Thread.run(Thread.java:750)
[2023-04-23T14:51:02.305+0000] {subprocess.py:93} INFO - Caused by: org.apache.spark.SparkException: Job aborted.
[2023-04-23T14:51:02.305+0000] {subprocess.py:93} INFO - 	at org.apache.spark.sql.execution.datasources.FileFormatWriter$.write(FileFormatWriter.scala:231)
[2023-04-23T14:51:02.305+0000] {subprocess.py:93} INFO - 	at org.apache.spark.sql.execution.datasources.InsertIntoHadoopFsRelationCommand.run(InsertIntoHadoopFsRelationCommand.scala:188)
[2023-04-23T14:51:02.306+0000] {subprocess.py:93} INFO - 	at org.apache.spark.sql.execution.command.DataWritingCommandExec.sideEffectResult$lzycompute(commands.scala:108)
[2023-04-23T14:51:02.307+0000] {subprocess.py:93} INFO - 	at org.apache.spark.sql.execution.command.DataWritingCommandExec.sideEffectResult(commands.scala:106)
[2023-04-23T14:51:02.308+0000] {subprocess.py:93} INFO - 	at org.apache.spark.sql.execution.command.DataWritingCommandExec.doExecute(commands.scala:131)
[2023-04-23T14:51:02.309+0000] {subprocess.py:93} INFO - 	at org.apache.spark.sql.execution.SparkPlan.$anonfun$execute$1(SparkPlan.scala:180)
[2023-04-23T14:51:02.309+0000] {subprocess.py:93} INFO - 	at org.apache.spark.sql.execution.SparkPlan.$anonfun$executeQuery$1(SparkPlan.scala:218)
[2023-04-23T14:51:02.310+0000] {subprocess.py:93} INFO - 	at org.apache.spark.rdd.RDDOperationScope$.withScope(RDDOperationScope.scala:151)
[2023-04-23T14:51:02.310+0000] {subprocess.py:93} INFO - 	at org.apache.spark.sql.execution.SparkPlan.executeQuery(SparkPlan.scala:215)
[2023-04-23T14:51:02.311+0000] {subprocess.py:93} INFO - 	at org.apache.spark.sql.execution.SparkPlan.execute(SparkPlan.scala:176)
[2023-04-23T14:51:02.311+0000] {subprocess.py:93} INFO - 	at org.apache.spark.sql.execution.QueryExecution.toRdd$lzycompute(QueryExecution.scala:132)
[2023-04-23T14:51:02.312+0000] {subprocess.py:93} INFO - 	at org.apache.spark.sql.execution.QueryExecution.toRdd(QueryExecution.scala:131)
[2023-04-23T14:51:02.312+0000] {subprocess.py:93} INFO - 	at org.apache.spark.sql.DataFrameWriter.$anonfun$runCommand$1(DataFrameWriter.scala:989)
[2023-04-23T14:51:02.313+0000] {subprocess.py:93} INFO - 	at org.apache.spark.sql.execution.SQLExecution$.$anonfun$withNewExecutionId$5(SQLExecution.scala:103)
[2023-04-23T14:51:02.313+0000] {subprocess.py:93} INFO - 	at org.apache.spark.sql.execution.SQLExecution$.withSQLConfPropagated(SQLExecution.scala:163)
[2023-04-23T14:51:02.315+0000] {subprocess.py:93} INFO - 	at org.apache.spark.sql.execution.SQLExecution$.$anonfun$withNewExecutionId$1(SQLExecution.scala:90)
[2023-04-23T14:51:02.315+0000] {subprocess.py:93} INFO - 	at org.apache.spark.sql.SparkSession.withActive(SparkSession.scala:775)
[2023-04-23T14:51:02.316+0000] {subprocess.py:93} INFO - 	at org.apache.spark.sql.execution.SQLExecution$.withNewExecutionId(SQLExecution.scala:64)
[2023-04-23T14:51:02.317+0000] {subprocess.py:93} INFO - 	at org.apache.spark.sql.DataFrameWriter.runCommand(DataFrameWriter.scala:989)
[2023-04-23T14:51:02.317+0000] {subprocess.py:93} INFO - 	at org.apache.spark.sql.DataFrameWriter.saveToV1Source(DataFrameWriter.scala:438)
[2023-04-23T14:51:02.318+0000] {subprocess.py:93} INFO - 	at org.apache.spark.sql.DataFrameWriter.saveInternal(DataFrameWriter.scala:415)
[2023-04-23T14:51:02.319+0000] {subprocess.py:93} INFO - 	at org.apache.spark.sql.DataFrameWriter.save(DataFrameWriter.scala:293)
[2023-04-23T14:51:02.319+0000] {subprocess.py:93} INFO - 	at com.google.cloud.spark.bigquery.write.BigQueryWriteHelper.writeDataFrameToBigQuery(BigQueryWriteHelper.java:106)
[2023-04-23T14:51:02.320+0000] {subprocess.py:93} INFO - 	... 35 more
[2023-04-23T14:51:02.321+0000] {subprocess.py:93} INFO - Caused by: org.apache.spark.sql.AnalysisException: Attribute name "('Unnamed: 0_level_0', 'GP')" contains invalid character(s) among " ,;{}()\n\t=". Please use alias to rename it.
[2023-04-23T14:51:02.322+0000] {subprocess.py:93} INFO - 	at org.apache.spark.sql.execution.datasources.parquet.ParquetSchemaConverter$.checkConversionRequirement(ParquetSchemaConverter.scala:579)
[2023-04-23T14:51:02.323+0000] {subprocess.py:93} INFO - 	at org.apache.spark.sql.execution.datasources.parquet.ParquetSchemaConverter$.checkFieldName(ParquetSchemaConverter.scala:570)
[2023-04-23T14:51:02.323+0000] {subprocess.py:93} INFO - 	at org.apache.spark.sql.execution.datasources.parquet.ParquetWriteSupport$.$anonfun$setSchema$2(ParquetWriteSupport.scala:485)
[2023-04-23T14:51:02.324+0000] {subprocess.py:93} INFO - 	at org.apache.spark.sql.execution.datasources.parquet.ParquetWriteSupport$.$anonfun$setSchema$2$adapted(ParquetWriteSupport.scala:485)
[2023-04-23T14:51:02.324+0000] {subprocess.py:93} INFO - 	at scala.collection.immutable.List.foreach(List.scala:431)
[2023-04-23T14:51:02.324+0000] {subprocess.py:93} INFO - 	at org.apache.spark.sql.execution.datasources.parquet.ParquetWriteSupport$.setSchema(ParquetWriteSupport.scala:485)
[2023-04-23T14:51:02.325+0000] {subprocess.py:93} INFO - 	at org.apache.spark.sql.execution.datasources.parquet.ParquetFileFormat.buildReaderWithPartitionValues(ParquetFileFormat.scala:220)
[2023-04-23T14:51:02.325+0000] {subprocess.py:93} INFO - 	at org.apache.spark.sql.execution.FileSourceScanExec.inputRDD$lzycompute(DataSourceScanExec.scala:407)
[2023-04-23T14:51:02.326+0000] {subprocess.py:93} INFO - 	at org.apache.spark.sql.execution.FileSourceScanExec.inputRDD(DataSourceScanExec.scala:398)
[2023-04-23T14:51:02.326+0000] {subprocess.py:93} INFO - 	at org.apache.spark.sql.execution.FileSourceScanExec.doExecuteColumnar(DataSourceScanExec.scala:497)
[2023-04-23T14:51:02.327+0000] {subprocess.py:93} INFO - 	at org.apache.spark.sql.execution.SparkPlan.$anonfun$executeColumnar$1(SparkPlan.scala:207)
[2023-04-23T14:51:02.328+0000] {subprocess.py:93} INFO - 	at org.apache.spark.sql.execution.SparkPlan.$anonfun$executeQuery$1(SparkPlan.scala:218)
[2023-04-23T14:51:02.329+0000] {subprocess.py:93} INFO - 	at org.apache.spark.rdd.RDDOperationScope$.withScope(RDDOperationScope.scala:151)
[2023-04-23T14:51:02.330+0000] {subprocess.py:93} INFO - 	at org.apache.spark.sql.execution.SparkPlan.executeQuery(SparkPlan.scala:215)
[2023-04-23T14:51:02.331+0000] {subprocess.py:93} INFO - 	at org.apache.spark.sql.execution.SparkPlan.executeColumnar(SparkPlan.scala:203)
[2023-04-23T14:51:02.331+0000] {subprocess.py:93} INFO - 	at org.apache.spark.sql.execution.InputAdapter.doExecuteColumnar(WholeStageCodegenExec.scala:519)
[2023-04-23T14:51:02.332+0000] {subprocess.py:93} INFO - 	at org.apache.spark.sql.execution.SparkPlan.$anonfun$executeColumnar$1(SparkPlan.scala:207)
[2023-04-23T14:51:02.332+0000] {subprocess.py:93} INFO - 	at org.apache.spark.sql.execution.SparkPlan.$anonfun$executeQuery$1(SparkPlan.scala:218)
[2023-04-23T14:51:02.333+0000] {subprocess.py:93} INFO - 	at org.apache.spark.rdd.RDDOperationScope$.withScope(RDDOperationScope.scala:151)
[2023-04-23T14:51:02.334+0000] {subprocess.py:93} INFO - 	at org.apache.spark.sql.execution.SparkPlan.executeQuery(SparkPlan.scala:215)
[2023-04-23T14:51:02.334+0000] {subprocess.py:93} INFO - 	at org.apache.spark.sql.execution.SparkPlan.executeColumnar(SparkPlan.scala:203)
[2023-04-23T14:51:02.335+0000] {subprocess.py:93} INFO - 	at org.apache.spark.sql.execution.ColumnarToRowExec.inputRDDs(Columnar.scala:202)
[2023-04-23T14:51:02.336+0000] {subprocess.py:93} INFO - 	at org.apache.spark.sql.execution.WholeStageCodegenExec.doExecute(WholeStageCodegenExec.scala:746)
[2023-04-23T14:51:02.337+0000] {subprocess.py:93} INFO - 	at org.apache.spark.sql.execution.SparkPlan.$anonfun$execute$1(SparkPlan.scala:180)
[2023-04-23T14:51:02.337+0000] {subprocess.py:93} INFO - 	at org.apache.spark.sql.execution.SparkPlan.$anonfun$executeQuery$1(SparkPlan.scala:218)
[2023-04-23T14:51:02.338+0000] {subprocess.py:93} INFO - 	at org.apache.spark.rdd.RDDOperationScope$.withScope(RDDOperationScope.scala:151)
[2023-04-23T14:51:02.338+0000] {subprocess.py:93} INFO - 	at org.apache.spark.sql.execution.SparkPlan.executeQuery(SparkPlan.scala:215)
[2023-04-23T14:51:02.339+0000] {subprocess.py:93} INFO - 	at org.apache.spark.sql.execution.SparkPlan.execute(SparkPlan.scala:176)
[2023-04-23T14:51:02.339+0000] {subprocess.py:93} INFO - 	at org.apache.spark.sql.execution.columnar.CachedRDDBuilder.buildBuffers(InMemoryRelation.scala:252)
[2023-04-23T14:51:02.340+0000] {subprocess.py:93} INFO - 	at org.apache.spark.sql.execution.columnar.CachedRDDBuilder.cachedColumnBuffers(InMemoryRelation.scala:221)
[2023-04-23T14:51:02.340+0000] {subprocess.py:93} INFO - 	at org.apache.spark.sql.execution.columnar.InMemoryTableScanExec.filteredCachedBatches(InMemoryTableScanExec.scala:144)
[2023-04-23T14:51:02.340+0000] {subprocess.py:93} INFO - 	at org.apache.spark.sql.execution.columnar.InMemoryTableScanExec.inputRDD$lzycompute(InMemoryTableScanExec.scala:95)
[2023-04-23T14:51:02.341+0000] {subprocess.py:93} INFO - 	at org.apache.spark.sql.execution.columnar.InMemoryTableScanExec.inputRDD(InMemoryTableScanExec.scala:81)
[2023-04-23T14:51:02.341+0000] {subprocess.py:93} INFO - 	at org.apache.spark.sql.execution.columnar.InMemoryTableScanExec.doExecute(InMemoryTableScanExec.scala:155)
[2023-04-23T14:51:02.342+0000] {subprocess.py:93} INFO - 	at org.apache.spark.sql.execution.SparkPlan.$anonfun$execute$1(SparkPlan.scala:180)
[2023-04-23T14:51:02.343+0000] {subprocess.py:93} INFO - 	at org.apache.spark.sql.execution.SparkPlan.$anonfun$executeQuery$1(SparkPlan.scala:218)
[2023-04-23T14:51:02.344+0000] {subprocess.py:93} INFO - 	at org.apache.spark.rdd.RDDOperationScope$.withScope(RDDOperationScope.scala:151)
[2023-04-23T14:51:02.345+0000] {subprocess.py:93} INFO - 	at org.apache.spark.sql.execution.SparkPlan.executeQuery(SparkPlan.scala:215)
[2023-04-23T14:51:02.346+0000] {subprocess.py:93} INFO - 	at org.apache.spark.sql.execution.SparkPlan.execute(SparkPlan.scala:176)
[2023-04-23T14:51:02.346+0000] {subprocess.py:93} INFO - 	at org.apache.spark.sql.execution.InputAdapter.inputRDD(WholeStageCodegenExec.scala:525)
[2023-04-23T14:51:02.347+0000] {subprocess.py:93} INFO - 	at org.apache.spark.sql.execution.InputRDDCodegen.inputRDDs(WholeStageCodegenExec.scala:453)
[2023-04-23T14:51:02.347+0000] {subprocess.py:93} INFO - 	at org.apache.spark.sql.execution.InputRDDCodegen.inputRDDs$(WholeStageCodegenExec.scala:452)
[2023-04-23T14:51:02.348+0000] {subprocess.py:93} INFO - 	at org.apache.spark.sql.execution.InputAdapter.inputRDDs(WholeStageCodegenExec.scala:496)
[2023-04-23T14:51:02.348+0000] {subprocess.py:93} INFO - 	at org.apache.spark.sql.execution.ProjectExec.inputRDDs(basicPhysicalOperators.scala:50)
[2023-04-23T14:51:02.348+0000] {subprocess.py:93} INFO - 	at org.apache.spark.sql.execution.WholeStageCodegenExec.doExecute(WholeStageCodegenExec.scala:746)
[2023-04-23T14:51:02.349+0000] {subprocess.py:93} INFO - 	at org.apache.spark.sql.execution.SparkPlan.$anonfun$execute$1(SparkPlan.scala:180)
[2023-04-23T14:51:02.350+0000] {subprocess.py:93} INFO - 	at org.apache.spark.sql.execution.SparkPlan.$anonfun$executeQuery$1(SparkPlan.scala:218)
[2023-04-23T14:51:02.351+0000] {subprocess.py:93} INFO - 	at org.apache.spark.rdd.RDDOperationScope$.withScope(RDDOperationScope.scala:151)
[2023-04-23T14:51:02.351+0000] {subprocess.py:93} INFO - 	at org.apache.spark.sql.execution.SparkPlan.executeQuery(SparkPlan.scala:215)
[2023-04-23T14:51:02.351+0000] {subprocess.py:93} INFO - 	at org.apache.spark.sql.execution.SparkPlan.execute(SparkPlan.scala:176)
[2023-04-23T14:51:02.352+0000] {subprocess.py:93} INFO - 	at org.apache.spark.sql.execution.GenerateExec.doExecute(GenerateExec.scala:80)
[2023-04-23T14:51:02.352+0000] {subprocess.py:93} INFO - 	at org.apache.spark.sql.execution.SparkPlan.$anonfun$execute$1(SparkPlan.scala:180)
[2023-04-23T14:51:02.352+0000] {subprocess.py:93} INFO - 	at org.apache.spark.sql.execution.SparkPlan.$anonfun$executeQuery$1(SparkPlan.scala:218)
[2023-04-23T14:51:02.353+0000] {subprocess.py:93} INFO - 	at org.apache.spark.rdd.RDDOperationScope$.withScope(RDDOperationScope.scala:151)
[2023-04-23T14:51:02.353+0000] {subprocess.py:93} INFO - 	at org.apache.spark.sql.execution.SparkPlan.executeQuery(SparkPlan.scala:215)
[2023-04-23T14:51:02.354+0000] {subprocess.py:93} INFO - 	at org.apache.spark.sql.execution.SparkPlan.execute(SparkPlan.scala:176)
[2023-04-23T14:51:02.354+0000] {subprocess.py:93} INFO - 	at org.apache.spark.sql.execution.InputAdapter.inputRDD(WholeStageCodegenExec.scala:525)
[2023-04-23T14:51:02.355+0000] {subprocess.py:93} INFO - 	at org.apache.spark.sql.execution.InputRDDCodegen.inputRDDs(WholeStageCodegenExec.scala:453)
[2023-04-23T14:51:02.355+0000] {subprocess.py:93} INFO - 	at org.apache.spark.sql.execution.InputRDDCodegen.inputRDDs$(WholeStageCodegenExec.scala:452)
[2023-04-23T14:51:02.356+0000] {subprocess.py:93} INFO - 	at org.apache.spark.sql.execution.InputAdapter.inputRDDs(WholeStageCodegenExec.scala:496)
[2023-04-23T14:51:02.357+0000] {subprocess.py:93} INFO - 	at org.apache.spark.sql.execution.ProjectExec.inputRDDs(basicPhysicalOperators.scala:50)
[2023-04-23T14:51:02.357+0000] {subprocess.py:93} INFO - 	at org.apache.spark.sql.execution.WholeStageCodegenExec.doExecute(WholeStageCodegenExec.scala:746)
[2023-04-23T14:51:02.358+0000] {subprocess.py:93} INFO - 	at org.apache.spark.sql.execution.SparkPlan.$anonfun$execute$1(SparkPlan.scala:180)
[2023-04-23T14:51:02.359+0000] {subprocess.py:93} INFO - 	at org.apache.spark.sql.execution.SparkPlan.$anonfun$executeQuery$1(SparkPlan.scala:218)
[2023-04-23T14:51:02.360+0000] {subprocess.py:93} INFO - 	at org.apache.spark.rdd.RDDOperationScope$.withScope(RDDOperationScope.scala:151)
[2023-04-23T14:51:02.360+0000] {subprocess.py:93} INFO - 	at org.apache.spark.sql.execution.SparkPlan.executeQuery(SparkPlan.scala:215)
[2023-04-23T14:51:02.360+0000] {subprocess.py:93} INFO - 	at org.apache.spark.sql.execution.SparkPlan.execute(SparkPlan.scala:176)
[2023-04-23T14:51:02.361+0000] {subprocess.py:93} INFO - 	at org.apache.spark.sql.execution.datasources.FileFormatWriter$.write(FileFormatWriter.scala:177)
[2023-04-23T14:51:02.361+0000] {subprocess.py:93} INFO - 	... 57 more
[2023-04-23T14:51:02.362+0000] {subprocess.py:93} INFO - 
[2023-04-23T14:51:02.362+0000] {subprocess.py:93} INFO - 23/04/23 14:51:01 INFO org.sparkproject.jetty.server.AbstractConnector: Stopped Spark@23a7bbee{HTTP/1.1, (http/1.1)}{0.0.0.0:0}
[2023-04-23T14:51:07.991+0000] {subprocess.py:93} INFO - ERROR: (gcloud.dataproc.jobs.submit.pyspark) Job [81a681f4e5a04138996a97c24cd8ba2e] failed with error:
[2023-04-23T14:51:07.993+0000] {subprocess.py:93} INFO - Google Cloud Dataproc Agent reports job failure. If logs are available, they can be found at:
[2023-04-23T14:51:07.993+0000] {subprocess.py:93} INFO - https://console.cloud.google.com/dataproc/jobs/81a681f4e5a04138996a97c24cd8ba2e?project=nfl-project-de&region=europe-west6
[2023-04-23T14:51:07.994+0000] {subprocess.py:93} INFO - gcloud dataproc jobs wait '81a681f4e5a04138996a97c24cd8ba2e' --region 'europe-west6' --project 'nfl-project-de'
[2023-04-23T14:51:07.994+0000] {subprocess.py:93} INFO - https://console.cloud.google.com/storage/browser/nfl-spark-staging_nfl-project-de/google-cloud-dataproc-metainfo/3f31be1a-ebc3-4b4c-987d-83767542db1e/jobs/81a681f4e5a04138996a97c24cd8ba2e/
[2023-04-23T14:51:07.995+0000] {subprocess.py:93} INFO - gs://nfl-spark-staging_nfl-project-de/google-cloud-dataproc-metainfo/3f31be1a-ebc3-4b4c-987d-83767542db1e/jobs/81a681f4e5a04138996a97c24cd8ba2e/driveroutput
[2023-04-23T14:51:08.158+0000] {subprocess.py:97} INFO - Command exited with return code 1
[2023-04-23T14:51:08.170+0000] {taskinstance.py:1776} ERROR - Task failed with exception
Traceback (most recent call last):
  File "/home/airflow/.local/lib/python3.9/site-packages/airflow/decorators/base.py", line 217, in execute
    return_value = super().execute(context)
  File "/home/airflow/.local/lib/python3.9/site-packages/airflow/operators/python.py", line 175, in execute
    return_value = self.execute_callable()
  File "/home/airflow/.local/lib/python3.9/site-packages/airflow/operators/python.py", line 192, in execute_callable
    return self.python_callable(*self.op_args, **self.op_kwargs)
  File "/opt/airflow/dags/data_ingestion.py", line 231, in task_pyspark
    operator.execute(context={})
  File "/home/airflow/.local/lib/python3.9/site-packages/airflow/operators/bash.py", line 196, in execute
    raise AirflowException(
airflow.exceptions.AirflowException: Bash command failed. The command returned a non-zero exit code 1.
[2023-04-23T14:51:08.183+0000] {taskinstance.py:1327} INFO - Marking task as UP_FOR_RETRY. dag_id=nfl_transformation_dag, task_id=task_pyspark, execution_date=20230411T000000, start_date=20230423T145017, end_date=20230423T145108
[2023-04-23T14:51:08.202+0000] {standard_task_runner.py:100} ERROR - Failed to execute job 1207 for task task_pyspark (Bash command failed. The command returned a non-zero exit code 1.; 8229)
[2023-04-23T14:51:08.244+0000] {local_task_job.py:212} INFO - Task exited with return code 1
[2023-04-23T14:51:08.260+0000] {taskinstance.py:2596} INFO - 0 downstream tasks scheduled from follow-on schedule check
