[2023-04-23T14:31:24.261+0000] {taskinstance.py:1090} INFO - Dependencies all met for dep_context=non-requeueable deps ti=<TaskInstance: nfl_transformation_dag.task_pyspark scheduled__2023-04-11T00:00:00+00:00 [None]>
[2023-04-23T14:31:24.282+0000] {taskinstance.py:1090} INFO - Dependencies all met for dep_context=requeueable deps ti=<TaskInstance: nfl_transformation_dag.task_pyspark scheduled__2023-04-11T00:00:00+00:00 [None]>
[2023-04-23T14:31:24.283+0000] {taskinstance.py:1288} INFO - 
--------------------------------------------------------------------------------
[2023-04-23T14:31:24.285+0000] {taskinstance.py:1289} INFO - Starting attempt 33 of 35
[2023-04-23T14:31:24.287+0000] {taskinstance.py:1290} INFO - 
--------------------------------------------------------------------------------
[2023-04-23T14:31:24.313+0000] {taskinstance.py:1309} INFO - Executing <Task(_PythonDecoratedOperator): task_pyspark> on 2023-04-11 00:00:00+00:00
[2023-04-23T14:31:24.327+0000] {standard_task_runner.py:55} INFO - Started process 7454 to run task
[2023-04-23T14:31:24.331+0000] {standard_task_runner.py:82} INFO - Running: ['***', 'tasks', 'run', 'nfl_transformation_dag', 'task_pyspark', 'scheduled__2023-04-11T00:00:00+00:00', '--job-id', '1205', '--pool', 'default_pool', '--raw', '--subdir', 'DAGS_FOLDER/data_ingestion.py', '--cfg-path', '/tmp/tmpwb5dc0a1']
[2023-04-23T14:31:24.334+0000] {standard_task_runner.py:83} INFO - Job 1205: Subtask task_pyspark
[2023-04-23T14:31:24.433+0000] {task_command.py:389} INFO - Running <TaskInstance: nfl_transformation_dag.task_pyspark scheduled__2023-04-11T00:00:00+00:00 [running]> on host 235fa867d994
[2023-04-23T14:31:24.502+0000] {taskinstance.py:1516} INFO - Exporting the following env vars:
AIRFLOW_CTX_DAG_OWNER=***
AIRFLOW_CTX_DAG_ID=nfl_transformation_dag
AIRFLOW_CTX_TASK_ID=task_pyspark
AIRFLOW_CTX_EXECUTION_DATE=2023-04-11T00:00:00+00:00
AIRFLOW_CTX_TRY_NUMBER=33
AIRFLOW_CTX_DAG_RUN_ID=scheduled__2023-04-11T00:00:00+00:00
[2023-04-23T14:31:24.505+0000] {subprocess.py:63} INFO - Tmp dir root location: 
 /tmp
[2023-04-23T14:31:24.513+0000] {subprocess.py:75} INFO - Running command: ['/bin/bash', '-c', 'gcloud dataproc jobs submit pyspark                 --cluster=nfl-spark-cluster                 --region=europe-west6                 --jars=gs://spark-lib/bigquery/spark-bigquery-with-dependencies_2.12-0.30.0.jar                gs://nfl-data-lake_nfl-project-de/code/transform_pyspark.py                 --                     --year=2019                     --season_type=2 ']
[2023-04-23T14:31:24.533+0000] {subprocess.py:86} INFO - Output:
[2023-04-23T14:31:29.876+0000] {subprocess.py:93} INFO - Job [34ac8335a9ef449eac6db15ac8642c9b] submitted.
[2023-04-23T14:31:29.877+0000] {subprocess.py:93} INFO - Waiting for job output...
[2023-04-23T14:31:40.271+0000] {subprocess.py:93} INFO - 23/04/23 14:31:39 INFO org.apache.spark.SparkEnv: Registering MapOutputTracker
[2023-04-23T14:31:40.272+0000] {subprocess.py:93} INFO - 23/04/23 14:31:39 INFO org.apache.spark.SparkEnv: Registering BlockManagerMaster
[2023-04-23T14:31:40.274+0000] {subprocess.py:93} INFO - 23/04/23 14:31:39 INFO org.apache.spark.SparkEnv: Registering BlockManagerMasterHeartbeat
[2023-04-23T14:31:40.274+0000] {subprocess.py:93} INFO - 23/04/23 14:31:39 INFO org.apache.spark.SparkEnv: Registering OutputCommitCoordinator
[2023-04-23T14:31:40.275+0000] {subprocess.py:93} INFO - 23/04/23 14:31:39 INFO org.sparkproject.jetty.util.log: Logging initialized @4349ms to org.sparkproject.jetty.util.log.Slf4jLog
[2023-04-23T14:31:40.276+0000] {subprocess.py:93} INFO - 23/04/23 14:31:39 INFO org.sparkproject.jetty.server.Server: jetty-9.4.40.v20210413; built: 2021-04-13T20:42:42.668Z; git: b881a572662e1943a14ae12e7e1207989f218b74; jvm 1.8.0_322-b06
[2023-04-23T14:31:40.276+0000] {subprocess.py:93} INFO - 23/04/23 14:31:39 INFO org.sparkproject.jetty.server.Server: Started @4488ms
[2023-04-23T14:31:40.277+0000] {subprocess.py:93} INFO - 23/04/23 14:31:39 INFO org.sparkproject.jetty.server.AbstractConnector: Started ServerConnector@227a509e{HTTP/1.1, (http/1.1)}{0.0.0.0:33493}
[2023-04-23T14:31:42.860+0000] {subprocess.py:93} INFO - 23/04/23 14:31:41 INFO com.google.cloud.hadoop.repackaged.gcs.com.google.cloud.hadoop.gcsio.GoogleCloudStorageImpl: Ignoring exception of type GoogleJsonResponseException; verified object already exists with desired state.
[2023-04-23T14:31:47.597+0000] {subprocess.py:93} INFO - 23/04/23 14:31:47 WARN org.apache.spark.sql.catalyst.util.package: Truncated the string representation of a plan since it was too large. This behavior can be adjusted by setting 'spark.sql.debug.maxToStringFields'.
[2023-04-23T14:31:47.598+0000] {subprocess.py:93} INFO - Cleaning the data for the teams_df started
[2023-04-23T14:31:51.809+0000] {subprocess.py:93} INFO - Cleaning the data for the teams_df is successful!
[2023-04-23T14:31:57.194+0000] {subprocess.py:93} INFO - Loading for nfl data to parquet started
[2023-04-23T14:31:57.195+0000] {subprocess.py:93} INFO - 23/04/23 14:31:54 INFO org.apache.hadoop.io.compress.CodecPool: Got brand-new decompressor [.snappy]
[2023-04-23T14:31:57.196+0000] {subprocess.py:93} INFO - 23/04/23 14:31:55 INFO org.apache.parquet.hadoop.codec.CodecConfig: Compression: SNAPPY
[2023-04-23T14:31:57.196+0000] {subprocess.py:93} INFO - 23/04/23 14:31:55 INFO org.apache.parquet.hadoop.codec.CodecConfig: Compression: SNAPPY
[2023-04-23T14:31:57.197+0000] {subprocess.py:93} INFO - 23/04/23 14:31:55 INFO org.apache.parquet.hadoop.codec.CodecConfig: Compression: SNAPPY
[2023-04-23T14:31:57.197+0000] {subprocess.py:93} INFO - 23/04/23 14:31:55 INFO org.apache.parquet.hadoop.codec.CodecConfig: Compression: SNAPPY
[2023-04-23T14:31:57.198+0000] {subprocess.py:93} INFO - 23/04/23 14:31:55 INFO org.apache.parquet.hadoop.codec.CodecConfig: Compression: SNAPPY
[2023-04-23T14:31:57.198+0000] {subprocess.py:93} INFO - 23/04/23 14:31:55 INFO org.apache.parquet.hadoop.codec.CodecConfig: Compression: SNAPPY
[2023-04-23T14:31:57.199+0000] {subprocess.py:93} INFO - 23/04/23 14:31:55 INFO org.apache.parquet.hadoop.codec.CodecConfig: Compression: SNAPPY
[2023-04-23T14:31:57.200+0000] {subprocess.py:93} INFO - 23/04/23 14:31:55 INFO org.apache.parquet.hadoop.codec.CodecConfig: Compression: SNAPPY
[2023-04-23T14:31:57.201+0000] {subprocess.py:93} INFO - 23/04/23 14:31:55 INFO org.apache.parquet.hadoop.ParquetOutputFormat: Parquet block size to 134217728
[2023-04-23T14:31:57.202+0000] {subprocess.py:93} INFO - 23/04/23 14:31:55 INFO org.apache.parquet.hadoop.ParquetOutputFormat: Parquet page size to 1048576
[2023-04-23T14:31:57.203+0000] {subprocess.py:93} INFO - 23/04/23 14:31:55 INFO org.apache.parquet.hadoop.ParquetOutputFormat: Parquet dictionary page size to 1048576
[2023-04-23T14:31:57.204+0000] {subprocess.py:93} INFO - 23/04/23 14:31:55 INFO org.apache.parquet.hadoop.ParquetOutputFormat: Dictionary is on
[2023-04-23T14:31:57.204+0000] {subprocess.py:93} INFO - 23/04/23 14:31:55 INFO org.apache.parquet.hadoop.ParquetOutputFormat: Parquet block size to 134217728
[2023-04-23T14:31:57.205+0000] {subprocess.py:93} INFO - 23/04/23 14:31:55 INFO org.apache.parquet.hadoop.ParquetOutputFormat: Parquet page size to 1048576
[2023-04-23T14:31:57.205+0000] {subprocess.py:93} INFO - 23/04/23 14:31:55 INFO org.apache.parquet.hadoop.ParquetOutputFormat: Parquet block size to 134217728
[2023-04-23T14:31:57.206+0000] {subprocess.py:93} INFO - 23/04/23 14:31:55 INFO org.apache.parquet.hadoop.ParquetOutputFormat: Validation is off
[2023-04-23T14:31:57.206+0000] {subprocess.py:93} INFO - 23/04/23 14:31:55 INFO org.apache.parquet.hadoop.ParquetOutputFormat: Parquet page size to 1048576
[2023-04-23T14:31:57.207+0000] {subprocess.py:93} INFO - 23/04/23 14:31:55 INFO org.apache.parquet.hadoop.ParquetOutputFormat: Parquet dictionary page size to 1048576
[2023-04-23T14:31:57.207+0000] {subprocess.py:93} INFO - 23/04/23 14:31:55 INFO org.apache.parquet.hadoop.ParquetOutputFormat: Parquet block size to 134217728
[2023-04-23T14:31:57.208+0000] {subprocess.py:93} INFO - 23/04/23 14:31:55 INFO org.apache.parquet.hadoop.ParquetOutputFormat: Dictionary is on
[2023-04-23T14:31:57.209+0000] {subprocess.py:93} INFO - 23/04/23 14:31:55 INFO org.apache.parquet.hadoop.ParquetOutputFormat: Validation is off
[2023-04-23T14:31:57.210+0000] {subprocess.py:93} INFO - 23/04/23 14:31:55 INFO org.apache.parquet.hadoop.ParquetOutputFormat: Writer version is: PARQUET_1_0
[2023-04-23T14:31:57.211+0000] {subprocess.py:93} INFO - 23/04/23 14:31:55 INFO org.apache.parquet.hadoop.ParquetOutputFormat: Parquet dictionary page size to 1048576
[2023-04-23T14:31:57.211+0000] {subprocess.py:93} INFO - 23/04/23 14:31:55 INFO org.apache.parquet.hadoop.ParquetOutputFormat: Dictionary is on
[2023-04-23T14:31:57.211+0000] {subprocess.py:93} INFO - 23/04/23 14:31:55 INFO org.apache.parquet.hadoop.ParquetOutputFormat: Writer version is: PARQUET_1_0
[2023-04-23T14:31:57.212+0000] {subprocess.py:93} INFO - 23/04/23 14:31:55 INFO org.apache.parquet.hadoop.ParquetOutputFormat: Validation is off
[2023-04-23T14:31:57.212+0000] {subprocess.py:93} INFO - 23/04/23 14:31:55 INFO org.apache.parquet.hadoop.ParquetOutputFormat: Maximum row group padding size is 8388608 bytes
[2023-04-23T14:31:57.213+0000] {subprocess.py:93} INFO - 23/04/23 14:31:55 INFO org.apache.parquet.hadoop.ParquetOutputFormat: Parquet page size to 1048576
[2023-04-23T14:31:57.213+0000] {subprocess.py:93} INFO - 23/04/23 14:31:55 INFO org.apache.parquet.hadoop.ParquetOutputFormat: Page size checking is: estimated
[2023-04-23T14:31:57.214+0000] {subprocess.py:93} INFO - 23/04/23 14:31:55 INFO org.apache.parquet.hadoop.ParquetOutputFormat: Writer version is: PARQUET_1_0
[2023-04-23T14:31:57.215+0000] {subprocess.py:93} INFO - 23/04/23 14:31:55 INFO org.apache.parquet.hadoop.ParquetOutputFormat: Maximum row group padding size is 8388608 bytes
[2023-04-23T14:31:57.217+0000] {subprocess.py:93} INFO - 23/04/23 14:31:55 INFO org.apache.parquet.hadoop.ParquetOutputFormat: Maximum row group padding size is 8388608 bytes
[2023-04-23T14:31:57.217+0000] {subprocess.py:93} INFO - 23/04/23 14:31:55 INFO org.apache.parquet.hadoop.ParquetOutputFormat: Page size checking is: estimated
[2023-04-23T14:31:57.218+0000] {subprocess.py:93} INFO - 23/04/23 14:31:55 INFO org.apache.parquet.hadoop.ParquetOutputFormat: Min row count for page size check is: 100
[2023-04-23T14:31:57.219+0000] {subprocess.py:93} INFO - 23/04/23 14:31:55 INFO org.apache.parquet.hadoop.ParquetOutputFormat: Parquet dictionary page size to 1048576
[2023-04-23T14:31:57.220+0000] {subprocess.py:93} INFO - 23/04/23 14:31:55 INFO org.apache.parquet.hadoop.ParquetOutputFormat: Max row count for page size check is: 10000
[2023-04-23T14:31:57.221+0000] {subprocess.py:93} INFO - 23/04/23 14:31:55 INFO org.apache.parquet.hadoop.ParquetOutputFormat: Min row count for page size check is: 100
[2023-04-23T14:31:57.222+0000] {subprocess.py:93} INFO - 23/04/23 14:31:55 INFO org.apache.parquet.hadoop.ParquetOutputFormat: Page size checking is: estimated
[2023-04-23T14:31:57.223+0000] {subprocess.py:93} INFO - 23/04/23 14:31:55 INFO org.apache.parquet.hadoop.ParquetOutputFormat: Max row count for page size check is: 10000
[2023-04-23T14:31:57.224+0000] {subprocess.py:93} INFO - 23/04/23 14:31:55 INFO org.apache.parquet.hadoop.ParquetOutputFormat: Truncate length for column indexes is: 64
[2023-04-23T14:31:57.224+0000] {subprocess.py:93} INFO - 23/04/23 14:31:55 INFO org.apache.parquet.hadoop.ParquetOutputFormat: Truncate length for column indexes is: 64
[2023-04-23T14:31:57.225+0000] {subprocess.py:93} INFO - 23/04/23 14:31:55 INFO org.apache.parquet.hadoop.ParquetOutputFormat: Dictionary is on
[2023-04-23T14:31:57.226+0000] {subprocess.py:93} INFO - 23/04/23 14:31:55 INFO org.apache.parquet.hadoop.ParquetOutputFormat: Truncate length for statistics min/max  is: 2147483647
[2023-04-23T14:31:57.226+0000] {subprocess.py:93} INFO - 23/04/23 14:31:55 INFO org.apache.parquet.hadoop.ParquetOutputFormat: Truncate length for statistics min/max  is: 2147483647
[2023-04-23T14:31:57.226+0000] {subprocess.py:93} INFO - 23/04/23 14:31:55 INFO org.apache.parquet.hadoop.ParquetOutputFormat: Min row count for page size check is: 100
[2023-04-23T14:31:57.227+0000] {subprocess.py:93} INFO - 23/04/23 14:31:55 INFO org.apache.parquet.hadoop.ParquetOutputFormat: Page row count limit to 20000
[2023-04-23T14:31:57.228+0000] {subprocess.py:93} INFO - 23/04/23 14:31:55 INFO org.apache.parquet.hadoop.ParquetOutputFormat: Page row count limit to 20000
[2023-04-23T14:31:57.228+0000] {subprocess.py:93} INFO - 23/04/23 14:31:55 INFO org.apache.parquet.hadoop.ParquetOutputFormat: Validation is off
[2023-04-23T14:31:57.229+0000] {subprocess.py:93} INFO - 23/04/23 14:31:55 INFO org.apache.parquet.hadoop.ParquetOutputFormat: Writing page checksums is: on
[2023-04-23T14:31:57.230+0000] {subprocess.py:93} INFO - 23/04/23 14:31:55 INFO org.apache.parquet.hadoop.ParquetOutputFormat: Writing page checksums is: on
[2023-04-23T14:31:57.231+0000] {subprocess.py:93} INFO - 23/04/23 14:31:55 INFO org.apache.parquet.hadoop.ParquetOutputFormat: Max row count for page size check is: 10000
[2023-04-23T14:31:57.231+0000] {subprocess.py:93} INFO - 23/04/23 14:31:55 INFO org.apache.parquet.hadoop.ParquetOutputFormat: Truncate length for column indexes is: 64
[2023-04-23T14:31:57.232+0000] {subprocess.py:93} INFO - 23/04/23 14:31:55 INFO org.apache.parquet.hadoop.ParquetOutputFormat: Truncate length for statistics min/max  is: 2147483647
[2023-04-23T14:31:57.233+0000] {subprocess.py:93} INFO - 23/04/23 14:31:55 INFO org.apache.parquet.hadoop.ParquetOutputFormat: Page row count limit to 20000
[2023-04-23T14:31:57.233+0000] {subprocess.py:93} INFO - 23/04/23 14:31:55 INFO org.apache.parquet.hadoop.ParquetOutputFormat: Writing page checksums is: on
[2023-04-23T14:31:57.234+0000] {subprocess.py:93} INFO - 23/04/23 14:31:55 INFO org.apache.parquet.hadoop.ParquetOutputFormat: Writer version is: PARQUET_1_0
[2023-04-23T14:31:57.235+0000] {subprocess.py:93} INFO - 23/04/23 14:31:55 INFO org.apache.parquet.hadoop.ParquetOutputFormat: Maximum row group padding size is 8388608 bytes
[2023-04-23T14:31:57.235+0000] {subprocess.py:93} INFO - 23/04/23 14:31:55 INFO org.apache.parquet.hadoop.ParquetOutputFormat: Page size checking is: estimated
[2023-04-23T14:31:57.236+0000] {subprocess.py:93} INFO - 23/04/23 14:31:55 INFO org.apache.parquet.hadoop.ParquetOutputFormat: Min row count for page size check is: 100
[2023-04-23T14:31:57.237+0000] {subprocess.py:93} INFO - 23/04/23 14:31:55 INFO org.apache.parquet.hadoop.ParquetOutputFormat: Max row count for page size check is: 10000
[2023-04-23T14:31:57.238+0000] {subprocess.py:93} INFO - 23/04/23 14:31:55 INFO org.apache.parquet.hadoop.ParquetOutputFormat: Truncate length for column indexes is: 64
[2023-04-23T14:31:57.238+0000] {subprocess.py:93} INFO - 23/04/23 14:31:55 INFO org.apache.parquet.hadoop.ParquetOutputFormat: Truncate length for statistics min/max  is: 2147483647
[2023-04-23T14:31:57.239+0000] {subprocess.py:93} INFO - 23/04/23 14:31:55 INFO org.apache.parquet.hadoop.ParquetOutputFormat: Page row count limit to 20000
[2023-04-23T14:31:57.239+0000] {subprocess.py:93} INFO - 23/04/23 14:31:55 INFO org.apache.parquet.hadoop.ParquetOutputFormat: Writing page checksums is: on
[2023-04-23T14:31:57.239+0000] {subprocess.py:93} INFO - 23/04/23 14:31:56 INFO org.apache.hadoop.io.compress.CodecPool: Got brand-new compressor [.snappy]
[2023-04-23T14:31:57.240+0000] {subprocess.py:93} INFO - 23/04/23 14:31:56 INFO org.apache.hadoop.io.compress.CodecPool: Got brand-new compressor [.snappy]
[2023-04-23T14:31:57.240+0000] {subprocess.py:93} INFO - 23/04/23 14:31:56 INFO org.apache.hadoop.io.compress.CodecPool: Got brand-new compressor [.snappy]
[2023-04-23T14:31:57.241+0000] {subprocess.py:93} INFO - 23/04/23 14:31:56 INFO org.apache.hadoop.io.compress.CodecPool: Got brand-new compressor [.snappy]
[2023-04-23T14:31:57.241+0000] {subprocess.py:93} INFO - 23/04/23 14:31:56 INFO com.google.cloud.hadoop.repackaged.gcs.com.google.cloud.hadoop.gcsio.GoogleCloudStorageFileSystem: Successfully repaired 'gs://dataproc-temp-europe-west6-447072446412-ooqjzme9/.spark-bigquery-local-1682260299980-99428a77-febc-43a1-8794-de4d04247963/_temporary/0/_temporary/attempt_202304231431559135719868378700417_0010_m_000001_10/' directory.
[2023-04-23T14:31:57.241+0000] {subprocess.py:93} INFO - 23/04/23 14:31:56 INFO com.google.cloud.hadoop.repackaged.gcs.com.google.cloud.hadoop.gcsio.GoogleCloudStorageFileSystem: Successfully repaired 'gs://dataproc-temp-europe-west6-447072446412-ooqjzme9/.spark-bigquery-local-1682260299980-99428a77-febc-43a1-8794-de4d04247963/_temporary/0/_temporary/attempt_202304231431555067308683554355414_0010_m_000002_11/' directory.
[2023-04-23T14:31:57.242+0000] {subprocess.py:93} INFO - 23/04/23 14:31:56 INFO com.google.cloud.hadoop.repackaged.gcs.com.google.cloud.hadoop.gcsio.GoogleCloudStorageFileSystem: Successfully repaired 'gs://dataproc-temp-europe-west6-447072446412-ooqjzme9/.spark-bigquery-local-1682260299980-99428a77-febc-43a1-8794-de4d04247963/_temporary/0/_temporary/attempt_202304231431558112882183326208397_0010_m_000003_12/' directory.
[2023-04-23T14:31:57.242+0000] {subprocess.py:93} INFO - 23/04/23 14:31:56 INFO com.google.cloud.hadoop.repackaged.gcs.com.google.cloud.hadoop.gcsio.GoogleCloudStorageFileSystem: Successfully repaired 'gs://dataproc-temp-europe-west6-447072446412-ooqjzme9/.spark-bigquery-local-1682260299980-99428a77-febc-43a1-8794-de4d04247963/_temporary/0/_temporary/attempt_202304231431552996015450318393042_0010_m_000000_9/' directory.
[2023-04-23T14:32:04.666+0000] {subprocess.py:93} INFO - 23/04/23 14:31:56 INFO com.google.cloud.hadoop.repackaged.gcs.com.google.cloud.hadoop.gcsio.GoogleCloudStorageFileSystem: Successfully repaired 'gs://dataproc-temp-europe-west6-447072446412-ooqjzme9/.spark-bigquery-local-1682260299980-99428a77-febc-43a1-8794-de4d04247963/_temporary/0/_temporary/' directory.
[2023-04-23T14:32:04.667+0000] {subprocess.py:93} INFO - 23/04/23 14:31:56 INFO com.google.cloud.hadoop.repackaged.gcs.com.google.cloud.hadoop.gcsio.GoogleCloudStorageImpl: Ignoring exception of type GoogleJsonResponseException; verified object already exists with desired state.
[2023-04-23T14:32:04.667+0000] {subprocess.py:93} INFO - 23/04/23 14:31:56 INFO com.google.cloud.hadoop.repackaged.gcs.com.google.cloud.hadoop.gcsio.GoogleCloudStorageImpl: Ignoring exception of type GoogleJsonResponseException; verified object already exists with desired state.
[2023-04-23T14:32:04.668+0000] {subprocess.py:93} INFO - 23/04/23 14:31:56 INFO com.google.cloud.hadoop.repackaged.gcs.com.google.cloud.hadoop.gcsio.GoogleCloudStorageFileSystem: Successfully repaired 'gs://dataproc-temp-europe-west6-447072446412-ooqjzme9/.spark-bigquery-local-1682260299980-99428a77-febc-43a1-8794-de4d04247963/_temporary/0/_temporary/' directory.
[2023-04-23T14:32:04.668+0000] {subprocess.py:93} INFO - 23/04/23 14:31:56 INFO com.google.cloud.hadoop.repackaged.gcs.com.google.cloud.hadoop.gcsio.GoogleCloudStorageFileSystem: Successfully repaired 'gs://dataproc-temp-europe-west6-447072446412-ooqjzme9/.spark-bigquery-local-1682260299980-99428a77-febc-43a1-8794-de4d04247963/_temporary/0/_temporary/' directory.
[2023-04-23T14:32:04.669+0000] {subprocess.py:93} INFO - 23/04/23 14:31:56 INFO com.google.cloud.hadoop.repackaged.gcs.com.google.cloud.hadoop.gcsio.GoogleCloudStorageImpl: Ignoring exception of type GoogleJsonResponseException; verified object already exists with desired state.
[2023-04-23T14:32:04.670+0000] {subprocess.py:93} INFO - 23/04/23 14:31:56 INFO com.google.cloud.hadoop.repackaged.gcs.com.google.cloud.hadoop.gcsio.GoogleCloudStorageFileSystem: Successfully repaired 'gs://dataproc-temp-europe-west6-447072446412-ooqjzme9/.spark-bigquery-local-1682260299980-99428a77-febc-43a1-8794-de4d04247963/_temporary/0/_temporary/' directory.
[2023-04-23T14:32:04.671+0000] {subprocess.py:93} INFO - 23/04/23 14:31:56 INFO org.apache.parquet.hadoop.codec.CodecConfig: Compression: SNAPPY
[2023-04-23T14:32:04.672+0000] {subprocess.py:93} INFO - 23/04/23 14:31:56 INFO org.apache.parquet.hadoop.codec.CodecConfig: Compression: SNAPPY
[2023-04-23T14:32:04.672+0000] {subprocess.py:93} INFO - 23/04/23 14:31:56 INFO org.apache.parquet.hadoop.ParquetOutputFormat: Parquet block size to 134217728
[2023-04-23T14:32:04.673+0000] {subprocess.py:93} INFO - 23/04/23 14:31:56 INFO org.apache.parquet.hadoop.ParquetOutputFormat: Parquet page size to 1048576
[2023-04-23T14:32:04.673+0000] {subprocess.py:93} INFO - 23/04/23 14:31:56 INFO org.apache.parquet.hadoop.ParquetOutputFormat: Parquet dictionary page size to 1048576
[2023-04-23T14:32:04.674+0000] {subprocess.py:93} INFO - 23/04/23 14:31:56 INFO org.apache.parquet.hadoop.ParquetOutputFormat: Dictionary is on
[2023-04-23T14:32:04.674+0000] {subprocess.py:93} INFO - 23/04/23 14:31:56 INFO org.apache.parquet.hadoop.ParquetOutputFormat: Validation is off
[2023-04-23T14:32:04.675+0000] {subprocess.py:93} INFO - 23/04/23 14:31:56 INFO org.apache.parquet.hadoop.ParquetOutputFormat: Writer version is: PARQUET_1_0
[2023-04-23T14:32:04.675+0000] {subprocess.py:93} INFO - 23/04/23 14:31:56 INFO org.apache.parquet.hadoop.ParquetOutputFormat: Maximum row group padding size is 8388608 bytes
[2023-04-23T14:32:04.676+0000] {subprocess.py:93} INFO - 23/04/23 14:31:56 INFO org.apache.parquet.hadoop.ParquetOutputFormat: Page size checking is: estimated
[2023-04-23T14:32:04.676+0000] {subprocess.py:93} INFO - 23/04/23 14:31:56 INFO org.apache.parquet.hadoop.ParquetOutputFormat: Min row count for page size check is: 100
[2023-04-23T14:32:04.677+0000] {subprocess.py:93} INFO - 23/04/23 14:31:56 INFO org.apache.parquet.hadoop.ParquetOutputFormat: Max row count for page size check is: 10000
[2023-04-23T14:32:04.678+0000] {subprocess.py:93} INFO - 23/04/23 14:31:56 INFO org.apache.parquet.hadoop.ParquetOutputFormat: Truncate length for column indexes is: 64
[2023-04-23T14:32:04.678+0000] {subprocess.py:93} INFO - 23/04/23 14:31:56 INFO org.apache.parquet.hadoop.ParquetOutputFormat: Truncate length for statistics min/max  is: 2147483647
[2023-04-23T14:32:04.679+0000] {subprocess.py:93} INFO - 23/04/23 14:31:56 INFO org.apache.parquet.hadoop.ParquetOutputFormat: Page row count limit to 20000
[2023-04-23T14:32:04.679+0000] {subprocess.py:93} INFO - 23/04/23 14:31:56 INFO org.apache.parquet.hadoop.ParquetOutputFormat: Writing page checksums is: on
[2023-04-23T14:32:04.679+0000] {subprocess.py:93} INFO - 23/04/23 14:31:57 INFO com.google.cloud.hadoop.repackaged.gcs.com.google.cloud.hadoop.gcsio.GoogleCloudStorageFileSystem: Successfully repaired 'gs://dataproc-temp-europe-west6-447072446412-ooqjzme9/.spark-bigquery-local-1682260299980-99428a77-febc-43a1-8794-de4d04247963/_temporary/0/_temporary/attempt_202304231431554181573479339600077_0010_m_000004_13/' directory.
[2023-04-23T14:32:04.680+0000] {subprocess.py:93} INFO - 23/04/23 14:31:58 INFO com.google.cloud.hadoop.repackaged.gcs.com.google.cloud.hadoop.gcsio.GoogleCloudStorageFileSystem: Successfully repaired 'gs://dataproc-temp-europe-west6-447072446412-ooqjzme9/.spark-bigquery-local-1682260299980-99428a77-febc-43a1-8794-de4d04247963/' directory.
[2023-04-23T14:32:04.681+0000] {subprocess.py:93} INFO - 23/04/23 14:31:58 INFO com.google.cloud.bigquery.connector.common.BigQueryClient: Submitted job LoadJobConfiguration{type=LOAD, destinationTable=GenericData{classInfo=[datasetId, projectId, tableId], {datasetId=nfl_data_all, projectId=nfl-project-de, tableId=teams_2019_2}}, decimalTargetTypes=null, destinationEncryptionConfiguration=null, createDisposition=CREATE_IF_NEEDED, writeDisposition=WRITE_TRUNCATE, formatOptions=ParquetOptions{enableListInference=null, enumAsString=null}, nullMarker=null, maxBadRecords=null, schema=Schema{fields=[Field{name=teamId, type=INTEGER, mode=NULLABLE, description=null, policyTags=null, maxLength=null, scale=null, precision=null, defaultValueExpression=null, collation=null}, Field{name=teamName, type=STRING, mode=NULLABLE, description=null, policyTags=null, maxLength=null, scale=null, precision=null, defaultValueExpression=null, collation=null}, Field{name=teamDisplayName, type=STRING, mode=NULLABLE, description=null, policyTags=null, maxLength=null, scale=null, precision=null, defaultValueExpression=null, collation=null}, Field{name=teamLocation, type=STRING, mode=NULLABLE, description=null, policyTags=null, maxLength=null, scale=null, precision=null, defaultValueExpression=null, collation=null}, Field{name=isActive, type=BOOLEAN, mode=NULLABLE, description=null, policyTags=null, maxLength=null, scale=null, precision=null, defaultValueExpression=null, collation=null}, Field{name=teamLogo, type=STRING, mode=NULLABLE, description=null, policyTags=null, maxLength=null, scale=null, precision=null, defaultValueExpression=null, collation=null}, Field{name=year, type=INTEGER, mode=NULLABLE, description=null, policyTags=null, maxLength=null, scale=null, precision=null, defaultValueExpression=null, collation=null}]}, ignoreUnknownValue=null, sourceUris=[gs://dataproc-temp-europe-west6-447072446412-ooqjzme9/.spark-bigquery-local-1682260299980-99428a77-febc-43a1-8794-de4d04247963/part-00001-30683562-9134-4e3c-a2c0-58958ce5cc90-c000.snappy.parquet, gs://dataproc-temp-europe-west6-447072446412-ooqjzme9/.spark-bigquery-local-1682260299980-99428a77-febc-43a1-8794-de4d04247963/part-00002-30683562-9134-4e3c-a2c0-58958ce5cc90-c000.snappy.parquet, gs://dataproc-temp-europe-west6-447072446412-ooqjzme9/.spark-bigquery-local-1682260299980-99428a77-febc-43a1-8794-de4d04247963/part-00004-30683562-9134-4e3c-a2c0-58958ce5cc90-c000.snappy.parquet, gs://dataproc-temp-europe-west6-447072446412-ooqjzme9/.spark-bigquery-local-1682260299980-99428a77-febc-43a1-8794-de4d04247963/part-00000-30683562-9134-4e3c-a2c0-58958ce5cc90-c000.snappy.parquet, gs://dataproc-temp-europe-west6-447072446412-ooqjzme9/.spark-bigquery-local-1682260299980-99428a77-febc-43a1-8794-de4d04247963/part-00003-30683562-9134-4e3c-a2c0-58958ce5cc90-c000.snappy.parquet], schemaUpdateOptions=null, autodetect=null, timePartitioning=null, clustering=null, useAvroLogicalTypes=null, labels=null, jobTimeoutMs=null, rangePartitioning=null, hivePartitioningOptions=null, referenceFileSchemaUri=null, connectionProperties=null, createSession=null}. jobId: JobId{project=nfl-project-de, job=fe2e6110-1bbd-4325-b0d1-3a5df3ec7ec1, location=europe-west6}
[2023-04-23T14:32:04.681+0000] {subprocess.py:93} INFO - 23/04/23 14:32:00 INFO com.google.cloud.bigquery.connector.common.BigQueryClient: Done loading to nfl-project-de.nfl_data_all.teams_2019_2. jobId: JobId{project=nfl-project-de, job=fe2e6110-1bbd-4325-b0d1-3a5df3ec7ec1, location=europe-west6}
[2023-04-23T14:32:04.682+0000] {subprocess.py:93} INFO - 23/04/23 14:32:00 INFO org.apache.parquet.hadoop.codec.CodecConfig: Compression: SNAPPY
[2023-04-23T14:32:04.682+0000] {subprocess.py:93} INFO - 23/04/23 14:32:00 INFO org.apache.parquet.hadoop.codec.CodecConfig: Compression: SNAPPY
[2023-04-23T14:32:04.683+0000] {subprocess.py:93} INFO - 23/04/23 14:32:00 INFO org.apache.parquet.hadoop.ParquetOutputFormat: Parquet block size to 134217728
[2023-04-23T14:32:04.684+0000] {subprocess.py:93} INFO - 23/04/23 14:32:00 INFO org.apache.parquet.hadoop.ParquetOutputFormat: Parquet page size to 1048576
[2023-04-23T14:32:04.685+0000] {subprocess.py:93} INFO - 23/04/23 14:32:00 INFO org.apache.parquet.hadoop.ParquetOutputFormat: Parquet dictionary page size to 1048576
[2023-04-23T14:32:04.685+0000] {subprocess.py:93} INFO - 23/04/23 14:32:00 INFO org.apache.parquet.hadoop.ParquetOutputFormat: Dictionary is on
[2023-04-23T14:32:04.686+0000] {subprocess.py:93} INFO - 23/04/23 14:32:00 INFO org.apache.parquet.hadoop.ParquetOutputFormat: Validation is off
[2023-04-23T14:32:04.687+0000] {subprocess.py:93} INFO - 23/04/23 14:32:00 INFO org.apache.parquet.hadoop.ParquetOutputFormat: Writer version is: PARQUET_1_0
[2023-04-23T14:32:04.687+0000] {subprocess.py:93} INFO - 23/04/23 14:32:00 INFO org.apache.parquet.hadoop.ParquetOutputFormat: Maximum row group padding size is 8388608 bytes
[2023-04-23T14:32:04.687+0000] {subprocess.py:93} INFO - 23/04/23 14:32:00 INFO org.apache.parquet.hadoop.ParquetOutputFormat: Page size checking is: estimated
[2023-04-23T14:32:04.688+0000] {subprocess.py:93} INFO - 23/04/23 14:32:00 INFO org.apache.parquet.hadoop.ParquetOutputFormat: Min row count for page size check is: 100
[2023-04-23T14:32:04.688+0000] {subprocess.py:93} INFO - 23/04/23 14:32:00 INFO org.apache.parquet.hadoop.ParquetOutputFormat: Max row count for page size check is: 10000
[2023-04-23T14:32:04.689+0000] {subprocess.py:93} INFO - 23/04/23 14:32:00 INFO org.apache.parquet.hadoop.ParquetOutputFormat: Truncate length for column indexes is: 64
[2023-04-23T14:32:04.690+0000] {subprocess.py:93} INFO - 23/04/23 14:32:00 INFO org.apache.parquet.hadoop.ParquetOutputFormat: Truncate length for statistics min/max  is: 2147483647
[2023-04-23T14:32:04.690+0000] {subprocess.py:93} INFO - 23/04/23 14:32:00 INFO org.apache.parquet.hadoop.ParquetOutputFormat: Page row count limit to 20000
[2023-04-23T14:32:04.691+0000] {subprocess.py:93} INFO - 23/04/23 14:32:00 INFO org.apache.parquet.hadoop.ParquetOutputFormat: Writing page checksums is: on
[2023-04-23T14:32:04.692+0000] {subprocess.py:93} INFO - 23/04/23 14:32:01 INFO com.google.cloud.hadoop.repackaged.gcs.com.google.cloud.hadoop.gcsio.GoogleCloudStorageFileSystem: Successfully repaired 'gs://dataproc-temp-europe-west6-447072446412-ooqjzme9/.spark-bigquery-local-1682260299980-4bdadd71-40bf-4e81-848e-2731a8ea2d27/_temporary/0/_temporary/attempt_202304231432008445135766154520941_0011_m_000000_14/' directory.
[2023-04-23T14:32:04.692+0000] {subprocess.py:93} INFO - 23/04/23 14:32:01 INFO com.google.cloud.hadoop.repackaged.gcs.com.google.cloud.hadoop.gcsio.GoogleCloudStorageFileSystem: Successfully repaired 'gs://dataproc-temp-europe-west6-447072446412-ooqjzme9/.spark-bigquery-local-1682260299980-4bdadd71-40bf-4e81-848e-2731a8ea2d27/_temporary/0/_temporary/' directory.
[2023-04-23T14:32:04.693+0000] {subprocess.py:93} INFO - 23/04/23 14:32:01 INFO com.google.cloud.hadoop.repackaged.gcs.com.google.cloud.hadoop.gcsio.GoogleCloudStorageFileSystem: Successfully repaired 'gs://dataproc-temp-europe-west6-447072446412-ooqjzme9/.spark-bigquery-local-1682260299980-4bdadd71-40bf-4e81-848e-2731a8ea2d27/' directory.
[2023-04-23T14:32:04.693+0000] {subprocess.py:93} INFO - 23/04/23 14:32:02 INFO com.google.cloud.bigquery.connector.common.BigQueryClient: Submitted job LoadJobConfiguration{type=LOAD, destinationTable=GenericData{classInfo=[datasetId, projectId, tableId], {datasetId=nfl_data_all, projectId=nfl-project-de, tableId=leaders_2019_2}}, decimalTargetTypes=null, destinationEncryptionConfiguration=null, createDisposition=CREATE_IF_NEEDED, writeDisposition=WRITE_TRUNCATE, formatOptions=ParquetOptions{enableListInference=null, enumAsString=null}, nullMarker=null, maxBadRecords=null, schema=Schema{fields=[Field{name=athleteId, type=INTEGER, mode=NULLABLE, description=null, policyTags=null, maxLength=null, scale=null, precision=null, defaultValueExpression=null, collation=null}, Field{name=leaderDisplayValue, type=STRING, mode=NULLABLE, description=null, policyTags=null, maxLength=null, scale=null, precision=null, defaultValueExpression=null, collation=null}, Field{name=leaderValue, type=FLOAT, mode=NULLABLE, description=null, policyTags=null, maxLength=null, scale=null, precision=null, defaultValueExpression=null, collation=null}, Field{name=statName, type=STRING, mode=NULLABLE, description=null, policyTags=null, maxLength=null, scale=null, precision=null, defaultValueExpression=null, collation=null}, Field{name=leaderShortDisplayName, type=STRING, mode=NULLABLE, description=null, policyTags=null, maxLength=null, scale=null, precision=null, defaultValueExpression=null, collation=null}, Field{name=year, type=INTEGER, mode=NULLABLE, description=null, policyTags=null, maxLength=null, scale=null, precision=null, defaultValueExpression=null, collation=null}, Field{name=seasonType, type=INTEGER, mode=NULLABLE, description=null, policyTags=null, maxLength=null, scale=null, precision=null, defaultValueExpression=null, collation=null}]}, ignoreUnknownValue=null, sourceUris=[gs://dataproc-temp-europe-west6-447072446412-ooqjzme9/.spark-bigquery-local-1682260299980-4bdadd71-40bf-4e81-848e-2731a8ea2d27/part-00000-d1c20953-187c-4fcd-b9f0-a25934f46a65-c000.snappy.parquet], schemaUpdateOptions=null, autodetect=null, timePartitioning=null, clustering=null, useAvroLogicalTypes=null, labels=null, jobTimeoutMs=null, rangePartitioning=null, hivePartitioningOptions=null, referenceFileSchemaUri=null, connectionProperties=null, createSession=null}. jobId: JobId{project=nfl-project-de, job=d5890dbe-8462-4617-896d-b6194644f1ec, location=europe-west6}
[2023-04-23T14:32:04.694+0000] {subprocess.py:93} INFO - 23/04/23 14:32:03 INFO com.google.cloud.bigquery.connector.common.BigQueryClient: Done loading to nfl-project-de.nfl_data_all.leaders_2019_2. jobId: JobId{project=nfl-project-de, job=d5890dbe-8462-4617-896d-b6194644f1ec, location=europe-west6}
[2023-04-23T14:32:04.694+0000] {subprocess.py:93} INFO - 23/04/23 14:32:03 ERROR org.apache.spark.sql.execution.datasources.FileFormatWriter: Aborting job 31e6b7f3-eceb-47f6-a873-62fa7b63220d.
[2023-04-23T14:32:04.695+0000] {subprocess.py:93} INFO - org.apache.spark.sql.AnalysisException: Attribute name "('Unnamed: 0_level_0', 'GP')" contains invalid character(s) among " ,;{}()\n\t=". Please use alias to rename it.
[2023-04-23T14:32:04.695+0000] {subprocess.py:93} INFO - 	at org.apache.spark.sql.execution.datasources.parquet.ParquetSchemaConverter$.checkConversionRequirement(ParquetSchemaConverter.scala:579)
[2023-04-23T14:32:04.695+0000] {subprocess.py:93} INFO - 	at org.apache.spark.sql.execution.datasources.parquet.ParquetSchemaConverter$.checkFieldName(ParquetSchemaConverter.scala:570)
[2023-04-23T14:32:04.696+0000] {subprocess.py:93} INFO - 	at org.apache.spark.sql.execution.datasources.parquet.ParquetWriteSupport$.$anonfun$setSchema$2(ParquetWriteSupport.scala:485)
[2023-04-23T14:32:04.696+0000] {subprocess.py:93} INFO - 	at org.apache.spark.sql.execution.datasources.parquet.ParquetWriteSupport$.$anonfun$setSchema$2$adapted(ParquetWriteSupport.scala:485)
[2023-04-23T14:32:04.697+0000] {subprocess.py:93} INFO - 	at scala.collection.immutable.List.foreach(List.scala:431)
[2023-04-23T14:32:04.698+0000] {subprocess.py:93} INFO - 	at org.apache.spark.sql.execution.datasources.parquet.ParquetWriteSupport$.setSchema(ParquetWriteSupport.scala:485)
[2023-04-23T14:32:04.699+0000] {subprocess.py:93} INFO - 	at org.apache.spark.sql.execution.datasources.parquet.ParquetFileFormat.buildReaderWithPartitionValues(ParquetFileFormat.scala:220)
[2023-04-23T14:32:04.699+0000] {subprocess.py:93} INFO - 	at org.apache.spark.sql.execution.FileSourceScanExec.inputRDD$lzycompute(DataSourceScanExec.scala:407)
[2023-04-23T14:32:04.700+0000] {subprocess.py:93} INFO - 	at org.apache.spark.sql.execution.FileSourceScanExec.inputRDD(DataSourceScanExec.scala:398)
[2023-04-23T14:32:04.700+0000] {subprocess.py:93} INFO - 	at org.apache.spark.sql.execution.FileSourceScanExec.doExecuteColumnar(DataSourceScanExec.scala:497)
[2023-04-23T14:32:04.701+0000] {subprocess.py:93} INFO - 	at org.apache.spark.sql.execution.SparkPlan.$anonfun$executeColumnar$1(SparkPlan.scala:207)
[2023-04-23T14:32:04.702+0000] {subprocess.py:93} INFO - 	at org.apache.spark.sql.execution.SparkPlan.$anonfun$executeQuery$1(SparkPlan.scala:218)
[2023-04-23T14:32:04.703+0000] {subprocess.py:93} INFO - 	at org.apache.spark.rdd.RDDOperationScope$.withScope(RDDOperationScope.scala:151)
[2023-04-23T14:32:04.703+0000] {subprocess.py:93} INFO - 	at org.apache.spark.sql.execution.SparkPlan.executeQuery(SparkPlan.scala:215)
[2023-04-23T14:32:04.704+0000] {subprocess.py:93} INFO - 	at org.apache.spark.sql.execution.SparkPlan.executeColumnar(SparkPlan.scala:203)
[2023-04-23T14:32:04.704+0000] {subprocess.py:93} INFO - 	at org.apache.spark.sql.execution.InputAdapter.doExecuteColumnar(WholeStageCodegenExec.scala:519)
[2023-04-23T14:32:04.705+0000] {subprocess.py:93} INFO - 	at org.apache.spark.sql.execution.SparkPlan.$anonfun$executeColumnar$1(SparkPlan.scala:207)
[2023-04-23T14:32:04.706+0000] {subprocess.py:93} INFO - 	at org.apache.spark.sql.execution.SparkPlan.$anonfun$executeQuery$1(SparkPlan.scala:218)
[2023-04-23T14:32:04.707+0000] {subprocess.py:93} INFO - 	at org.apache.spark.rdd.RDDOperationScope$.withScope(RDDOperationScope.scala:151)
[2023-04-23T14:32:04.708+0000] {subprocess.py:93} INFO - 	at org.apache.spark.sql.execution.SparkPlan.executeQuery(SparkPlan.scala:215)
[2023-04-23T14:32:04.708+0000] {subprocess.py:93} INFO - 	at org.apache.spark.sql.execution.SparkPlan.executeColumnar(SparkPlan.scala:203)
[2023-04-23T14:32:04.709+0000] {subprocess.py:93} INFO - 	at org.apache.spark.sql.execution.ColumnarToRowExec.inputRDDs(Columnar.scala:202)
[2023-04-23T14:32:04.709+0000] {subprocess.py:93} INFO - 	at org.apache.spark.sql.execution.WholeStageCodegenExec.doExecute(WholeStageCodegenExec.scala:746)
[2023-04-23T14:32:04.709+0000] {subprocess.py:93} INFO - 	at org.apache.spark.sql.execution.SparkPlan.$anonfun$execute$1(SparkPlan.scala:180)
[2023-04-23T14:32:04.710+0000] {subprocess.py:93} INFO - 	at org.apache.spark.sql.execution.SparkPlan.$anonfun$executeQuery$1(SparkPlan.scala:218)
[2023-04-23T14:32:04.711+0000] {subprocess.py:93} INFO - 	at org.apache.spark.rdd.RDDOperationScope$.withScope(RDDOperationScope.scala:151)
[2023-04-23T14:32:04.711+0000] {subprocess.py:93} INFO - 	at org.apache.spark.sql.execution.SparkPlan.executeQuery(SparkPlan.scala:215)
[2023-04-23T14:32:04.712+0000] {subprocess.py:93} INFO - 	at org.apache.spark.sql.execution.SparkPlan.execute(SparkPlan.scala:176)
[2023-04-23T14:32:04.713+0000] {subprocess.py:93} INFO - 	at org.apache.spark.sql.execution.columnar.CachedRDDBuilder.buildBuffers(InMemoryRelation.scala:252)
[2023-04-23T14:32:04.713+0000] {subprocess.py:93} INFO - 	at org.apache.spark.sql.execution.columnar.CachedRDDBuilder.cachedColumnBuffers(InMemoryRelation.scala:221)
[2023-04-23T14:32:04.714+0000] {subprocess.py:93} INFO - 	at org.apache.spark.sql.execution.columnar.InMemoryTableScanExec.filteredCachedBatches(InMemoryTableScanExec.scala:144)
[2023-04-23T14:32:04.714+0000] {subprocess.py:93} INFO - 	at org.apache.spark.sql.execution.columnar.InMemoryTableScanExec.inputRDD$lzycompute(InMemoryTableScanExec.scala:95)
[2023-04-23T14:32:04.714+0000] {subprocess.py:93} INFO - 	at org.apache.spark.sql.execution.columnar.InMemoryTableScanExec.inputRDD(InMemoryTableScanExec.scala:81)
[2023-04-23T14:32:04.715+0000] {subprocess.py:93} INFO - 	at org.apache.spark.sql.execution.columnar.InMemoryTableScanExec.doExecute(InMemoryTableScanExec.scala:155)
[2023-04-23T14:32:04.715+0000] {subprocess.py:93} INFO - 	at org.apache.spark.sql.execution.SparkPlan.$anonfun$execute$1(SparkPlan.scala:180)
[2023-04-23T14:32:04.716+0000] {subprocess.py:93} INFO - 	at org.apache.spark.sql.execution.SparkPlan.$anonfun$executeQuery$1(SparkPlan.scala:218)
[2023-04-23T14:32:04.716+0000] {subprocess.py:93} INFO - 	at org.apache.spark.rdd.RDDOperationScope$.withScope(RDDOperationScope.scala:151)
[2023-04-23T14:32:04.717+0000] {subprocess.py:93} INFO - 	at org.apache.spark.sql.execution.SparkPlan.executeQuery(SparkPlan.scala:215)
[2023-04-23T14:32:04.718+0000] {subprocess.py:93} INFO - 	at org.apache.spark.sql.execution.SparkPlan.execute(SparkPlan.scala:176)
[2023-04-23T14:32:04.719+0000] {subprocess.py:93} INFO - 	at org.apache.spark.sql.execution.InputAdapter.inputRDD(WholeStageCodegenExec.scala:525)
[2023-04-23T14:32:04.720+0000] {subprocess.py:93} INFO - 	at org.apache.spark.sql.execution.InputRDDCodegen.inputRDDs(WholeStageCodegenExec.scala:453)
[2023-04-23T14:32:04.721+0000] {subprocess.py:93} INFO - 	at org.apache.spark.sql.execution.InputRDDCodegen.inputRDDs$(WholeStageCodegenExec.scala:452)
[2023-04-23T14:32:04.721+0000] {subprocess.py:93} INFO - 	at org.apache.spark.sql.execution.InputAdapter.inputRDDs(WholeStageCodegenExec.scala:496)
[2023-04-23T14:32:04.722+0000] {subprocess.py:93} INFO - 	at org.apache.spark.sql.execution.ProjectExec.inputRDDs(basicPhysicalOperators.scala:50)
[2023-04-23T14:32:04.722+0000] {subprocess.py:93} INFO - 	at org.apache.spark.sql.execution.WholeStageCodegenExec.doExecute(WholeStageCodegenExec.scala:746)
[2023-04-23T14:32:04.723+0000] {subprocess.py:93} INFO - 	at org.apache.spark.sql.execution.SparkPlan.$anonfun$execute$1(SparkPlan.scala:180)
[2023-04-23T14:32:04.723+0000] {subprocess.py:93} INFO - 	at org.apache.spark.sql.execution.SparkPlan.$anonfun$executeQuery$1(SparkPlan.scala:218)
[2023-04-23T14:32:04.724+0000] {subprocess.py:93} INFO - 	at org.apache.spark.rdd.RDDOperationScope$.withScope(RDDOperationScope.scala:151)
[2023-04-23T14:32:04.724+0000] {subprocess.py:93} INFO - 	at org.apache.spark.sql.execution.SparkPlan.executeQuery(SparkPlan.scala:215)
[2023-04-23T14:32:04.725+0000] {subprocess.py:93} INFO - 	at org.apache.spark.sql.execution.SparkPlan.execute(SparkPlan.scala:176)
[2023-04-23T14:32:04.726+0000] {subprocess.py:93} INFO - 	at org.apache.spark.sql.execution.GenerateExec.doExecute(GenerateExec.scala:80)
[2023-04-23T14:32:04.727+0000] {subprocess.py:93} INFO - 	at org.apache.spark.sql.execution.SparkPlan.$anonfun$execute$1(SparkPlan.scala:180)
[2023-04-23T14:32:04.727+0000] {subprocess.py:93} INFO - 	at org.apache.spark.sql.execution.SparkPlan.$anonfun$executeQuery$1(SparkPlan.scala:218)
[2023-04-23T14:32:04.728+0000] {subprocess.py:93} INFO - 	at org.apache.spark.rdd.RDDOperationScope$.withScope(RDDOperationScope.scala:151)
[2023-04-23T14:32:04.728+0000] {subprocess.py:93} INFO - 	at org.apache.spark.sql.execution.SparkPlan.executeQuery(SparkPlan.scala:215)
[2023-04-23T14:32:04.729+0000] {subprocess.py:93} INFO - 	at org.apache.spark.sql.execution.SparkPlan.execute(SparkPlan.scala:176)
[2023-04-23T14:32:04.729+0000] {subprocess.py:93} INFO - 	at org.apache.spark.sql.execution.InputAdapter.inputRDD(WholeStageCodegenExec.scala:525)
[2023-04-23T14:32:04.730+0000] {subprocess.py:93} INFO - 	at org.apache.spark.sql.execution.InputRDDCodegen.inputRDDs(WholeStageCodegenExec.scala:453)
[2023-04-23T14:32:04.730+0000] {subprocess.py:93} INFO - 	at org.apache.spark.sql.execution.InputRDDCodegen.inputRDDs$(WholeStageCodegenExec.scala:452)
[2023-04-23T14:32:04.731+0000] {subprocess.py:93} INFO - 	at org.apache.spark.sql.execution.InputAdapter.inputRDDs(WholeStageCodegenExec.scala:496)
[2023-04-23T14:32:04.731+0000] {subprocess.py:93} INFO - 	at org.apache.spark.sql.execution.ProjectExec.inputRDDs(basicPhysicalOperators.scala:50)
[2023-04-23T14:32:04.732+0000] {subprocess.py:93} INFO - 	at org.apache.spark.sql.execution.WholeStageCodegenExec.doExecute(WholeStageCodegenExec.scala:746)
[2023-04-23T14:32:04.732+0000] {subprocess.py:93} INFO - 	at org.apache.spark.sql.execution.SparkPlan.$anonfun$execute$1(SparkPlan.scala:180)
[2023-04-23T14:32:04.733+0000] {subprocess.py:93} INFO - 	at org.apache.spark.sql.execution.SparkPlan.$anonfun$executeQuery$1(SparkPlan.scala:218)
[2023-04-23T14:32:04.734+0000] {subprocess.py:93} INFO - 	at org.apache.spark.rdd.RDDOperationScope$.withScope(RDDOperationScope.scala:151)
[2023-04-23T14:32:04.735+0000] {subprocess.py:93} INFO - 	at org.apache.spark.sql.execution.SparkPlan.executeQuery(SparkPlan.scala:215)
[2023-04-23T14:32:04.735+0000] {subprocess.py:93} INFO - 	at org.apache.spark.sql.execution.SparkPlan.execute(SparkPlan.scala:176)
[2023-04-23T14:32:04.735+0000] {subprocess.py:93} INFO - 	at org.apache.spark.sql.execution.datasources.FileFormatWriter$.write(FileFormatWriter.scala:177)
[2023-04-23T14:32:04.736+0000] {subprocess.py:93} INFO - 	at org.apache.spark.sql.execution.datasources.InsertIntoHadoopFsRelationCommand.run(InsertIntoHadoopFsRelationCommand.scala:188)
[2023-04-23T14:32:04.736+0000] {subprocess.py:93} INFO - 	at org.apache.spark.sql.execution.command.DataWritingCommandExec.sideEffectResult$lzycompute(commands.scala:108)
[2023-04-23T14:32:04.737+0000] {subprocess.py:93} INFO - 	at org.apache.spark.sql.execution.command.DataWritingCommandExec.sideEffectResult(commands.scala:106)
[2023-04-23T14:32:04.738+0000] {subprocess.py:93} INFO - 	at org.apache.spark.sql.execution.command.DataWritingCommandExec.doExecute(commands.scala:131)
[2023-04-23T14:32:04.738+0000] {subprocess.py:93} INFO - 	at org.apache.spark.sql.execution.SparkPlan.$anonfun$execute$1(SparkPlan.scala:180)
[2023-04-23T14:32:04.739+0000] {subprocess.py:93} INFO - 	at org.apache.spark.sql.execution.SparkPlan.$anonfun$executeQuery$1(SparkPlan.scala:218)
[2023-04-23T14:32:04.739+0000] {subprocess.py:93} INFO - 	at org.apache.spark.rdd.RDDOperationScope$.withScope(RDDOperationScope.scala:151)
[2023-04-23T14:32:04.740+0000] {subprocess.py:93} INFO - 	at org.apache.spark.sql.execution.SparkPlan.executeQuery(SparkPlan.scala:215)
[2023-04-23T14:32:04.741+0000] {subprocess.py:93} INFO - 	at org.apache.spark.sql.execution.SparkPlan.execute(SparkPlan.scala:176)
[2023-04-23T14:32:04.742+0000] {subprocess.py:93} INFO - 	at org.apache.spark.sql.execution.QueryExecution.toRdd$lzycompute(QueryExecution.scala:132)
[2023-04-23T14:32:04.742+0000] {subprocess.py:93} INFO - 	at org.apache.spark.sql.execution.QueryExecution.toRdd(QueryExecution.scala:131)
[2023-04-23T14:32:04.743+0000] {subprocess.py:93} INFO - 	at org.apache.spark.sql.DataFrameWriter.$anonfun$runCommand$1(DataFrameWriter.scala:989)
[2023-04-23T14:32:04.743+0000] {subprocess.py:93} INFO - 	at org.apache.spark.sql.execution.SQLExecution$.$anonfun$withNewExecutionId$5(SQLExecution.scala:103)
[2023-04-23T14:32:04.744+0000] {subprocess.py:93} INFO - 	at org.apache.spark.sql.execution.SQLExecution$.withSQLConfPropagated(SQLExecution.scala:163)
[2023-04-23T14:32:04.744+0000] {subprocess.py:93} INFO - 	at org.apache.spark.sql.execution.SQLExecution$.$anonfun$withNewExecutionId$1(SQLExecution.scala:90)
[2023-04-23T14:32:04.744+0000] {subprocess.py:93} INFO - 	at org.apache.spark.sql.SparkSession.withActive(SparkSession.scala:775)
[2023-04-23T14:32:04.745+0000] {subprocess.py:93} INFO - 	at org.apache.spark.sql.execution.SQLExecution$.withNewExecutionId(SQLExecution.scala:64)
[2023-04-23T14:32:04.745+0000] {subprocess.py:93} INFO - 	at org.apache.spark.sql.DataFrameWriter.runCommand(DataFrameWriter.scala:989)
[2023-04-23T14:32:04.746+0000] {subprocess.py:93} INFO - 	at org.apache.spark.sql.DataFrameWriter.saveToV1Source(DataFrameWriter.scala:438)
[2023-04-23T14:32:04.747+0000] {subprocess.py:93} INFO - 	at org.apache.spark.sql.DataFrameWriter.saveInternal(DataFrameWriter.scala:415)
[2023-04-23T14:32:04.748+0000] {subprocess.py:93} INFO - 	at org.apache.spark.sql.DataFrameWriter.save(DataFrameWriter.scala:293)
[2023-04-23T14:32:04.748+0000] {subprocess.py:93} INFO - 	at com.google.cloud.spark.bigquery.write.BigQueryWriteHelper.writeDataFrameToBigQuery(BigQueryWriteHelper.java:106)
[2023-04-23T14:32:04.749+0000] {subprocess.py:93} INFO - 	at com.google.cloud.spark.bigquery.write.BigQueryDeprecatedIndirectInsertableRelation.insert(BigQueryDeprecatedIndirectInsertableRelation.java:43)
[2023-04-23T14:32:04.749+0000] {subprocess.py:93} INFO - 	at com.google.cloud.spark.bigquery.write.CreatableRelationProviderHelper.createRelation(CreatableRelationProviderHelper.java:54)
[2023-04-23T14:32:04.750+0000] {subprocess.py:93} INFO - 	at com.google.cloud.spark.bigquery.BigQueryRelationProvider.createRelation(BigQueryRelationProvider.scala:107)
[2023-04-23T14:32:04.750+0000] {subprocess.py:93} INFO - 	at org.apache.spark.sql.execution.datasources.SaveIntoDataSourceCommand.run(SaveIntoDataSourceCommand.scala:46)
[2023-04-23T14:32:04.751+0000] {subprocess.py:93} INFO - 	at org.apache.spark.sql.execution.command.ExecutedCommandExec.sideEffectResult$lzycompute(commands.scala:70)
[2023-04-23T14:32:04.751+0000] {subprocess.py:93} INFO - 	at org.apache.spark.sql.execution.command.ExecutedCommandExec.sideEffectResult(commands.scala:68)
[2023-04-23T14:32:04.752+0000] {subprocess.py:93} INFO - 	at org.apache.spark.sql.execution.command.ExecutedCommandExec.doExecute(commands.scala:90)
[2023-04-23T14:32:04.752+0000] {subprocess.py:93} INFO - 	at org.apache.spark.sql.execution.SparkPlan.$anonfun$execute$1(SparkPlan.scala:180)
[2023-04-23T14:32:04.753+0000] {subprocess.py:93} INFO - 	at org.apache.spark.sql.execution.SparkPlan.$anonfun$executeQuery$1(SparkPlan.scala:218)
[2023-04-23T14:32:04.753+0000] {subprocess.py:93} INFO - 	at org.apache.spark.rdd.RDDOperationScope$.withScope(RDDOperationScope.scala:151)
[2023-04-23T14:32:04.755+0000] {subprocess.py:93} INFO - 	at org.apache.spark.sql.execution.SparkPlan.executeQuery(SparkPlan.scala:215)
[2023-04-23T14:32:04.755+0000] {subprocess.py:93} INFO - 	at org.apache.spark.sql.execution.SparkPlan.execute(SparkPlan.scala:176)
[2023-04-23T14:32:04.756+0000] {subprocess.py:93} INFO - 	at org.apache.spark.sql.execution.QueryExecution.toRdd$lzycompute(QueryExecution.scala:132)
[2023-04-23T14:32:04.756+0000] {subprocess.py:93} INFO - 	at org.apache.spark.sql.execution.QueryExecution.toRdd(QueryExecution.scala:131)
[2023-04-23T14:32:04.756+0000] {subprocess.py:93} INFO - 	at org.apache.spark.sql.DataFrameWriter.$anonfun$runCommand$1(DataFrameWriter.scala:989)
[2023-04-23T14:32:04.757+0000] {subprocess.py:93} INFO - 	at org.apache.spark.sql.execution.SQLExecution$.$anonfun$withNewExecutionId$5(SQLExecution.scala:103)
[2023-04-23T14:32:04.757+0000] {subprocess.py:93} INFO - 	at org.apache.spark.sql.execution.SQLExecution$.withSQLConfPropagated(SQLExecution.scala:163)
[2023-04-23T14:32:04.758+0000] {subprocess.py:93} INFO - 	at org.apache.spark.sql.execution.SQLExecution$.$anonfun$withNewExecutionId$1(SQLExecution.scala:90)
[2023-04-23T14:32:04.759+0000] {subprocess.py:93} INFO - 	at org.apache.spark.sql.SparkSession.withActive(SparkSession.scala:775)
[2023-04-23T14:32:04.759+0000] {subprocess.py:93} INFO - 	at org.apache.spark.sql.execution.SQLExecution$.withNewExecutionId(SQLExecution.scala:64)
[2023-04-23T14:32:04.761+0000] {subprocess.py:93} INFO - 	at org.apache.spark.sql.DataFrameWriter.runCommand(DataFrameWriter.scala:989)
[2023-04-23T14:32:04.761+0000] {subprocess.py:93} INFO - 	at org.apache.spark.sql.DataFrameWriter.saveToV1Source(DataFrameWriter.scala:438)
[2023-04-23T14:32:04.762+0000] {subprocess.py:93} INFO - 	at org.apache.spark.sql.DataFrameWriter.saveInternal(DataFrameWriter.scala:415)
[2023-04-23T14:32:04.762+0000] {subprocess.py:93} INFO - 	at org.apache.spark.sql.DataFrameWriter.save(DataFrameWriter.scala:301)
[2023-04-23T14:32:04.763+0000] {subprocess.py:93} INFO - 	at sun.reflect.NativeMethodAccessorImpl.invoke0(Native Method)
[2023-04-23T14:32:04.764+0000] {subprocess.py:93} INFO - 	at sun.reflect.NativeMethodAccessorImpl.invoke(NativeMethodAccessorImpl.java:62)
[2023-04-23T14:32:04.765+0000] {subprocess.py:93} INFO - 	at sun.reflect.DelegatingMethodAccessorImpl.invoke(DelegatingMethodAccessorImpl.java:43)
[2023-04-23T14:32:04.765+0000] {subprocess.py:93} INFO - 	at java.lang.reflect.Method.invoke(Method.java:498)
[2023-04-23T14:32:04.766+0000] {subprocess.py:93} INFO - 	at py4j.reflection.MethodInvoker.invoke(MethodInvoker.java:244)
[2023-04-23T14:32:04.766+0000] {subprocess.py:93} INFO - 	at py4j.reflection.ReflectionEngine.invoke(ReflectionEngine.java:357)
[2023-04-23T14:32:04.767+0000] {subprocess.py:93} INFO - 	at py4j.Gateway.invoke(Gateway.java:282)
[2023-04-23T14:32:04.767+0000] {subprocess.py:93} INFO - 	at py4j.commands.AbstractCommand.invokeMethod(AbstractCommand.java:132)
[2023-04-23T14:32:04.768+0000] {subprocess.py:93} INFO - 	at py4j.commands.CallCommand.execute(CallCommand.java:79)
[2023-04-23T14:32:04.769+0000] {subprocess.py:93} INFO - 	at py4j.GatewayConnection.run(GatewayConnection.java:238)
[2023-04-23T14:32:04.769+0000] {subprocess.py:93} INFO - 	at java.lang.Thread.run(Thread.java:750)
[2023-04-23T14:32:04.770+0000] {subprocess.py:93} INFO - 23/04/23 14:32:03 INFO com.google.cloud.hadoop.repackaged.gcs.com.google.cloud.hadoop.gcsio.GoogleCloudStorageFileSystem: Successfully repaired 'gs://dataproc-temp-europe-west6-447072446412-ooqjzme9/.spark-bigquery-local-1682260299980-89ef4822-8dc4-435d-96ee-630d6f58e91c/' directory.
[2023-04-23T14:32:09.033+0000] {subprocess.py:93} INFO - Traceback (most recent call last):
[2023-04-23T14:32:09.034+0000] {subprocess.py:93} INFO -   File "/tmp/34ac8335a9ef449eac6db15ac8642c9b/transform_pyspark.py", line 267, in <module>
[2023-04-23T14:32:09.036+0000] {subprocess.py:93} INFO -     df.write.format('bigquery') \
[2023-04-23T14:32:09.037+0000] {subprocess.py:93} INFO -   File "/usr/lib/spark/python/lib/pyspark.zip/pyspark/sql/readwriter.py", line 1107, in save
[2023-04-23T14:32:09.038+0000] {subprocess.py:93} INFO -   File "/usr/lib/spark/python/lib/py4j-0.10.9-src.zip/py4j/java_gateway.py", line 1304, in __call__
[2023-04-23T14:32:09.039+0000] {subprocess.py:93} INFO -   File "/usr/lib/spark/python/lib/pyspark.zip/pyspark/sql/utils.py", line 111, in deco
[2023-04-23T14:32:09.040+0000] {subprocess.py:93} INFO -   File "/usr/lib/spark/python/lib/py4j-0.10.9-src.zip/py4j/protocol.py", line 326, in get_return_value
[2023-04-23T14:32:09.041+0000] {subprocess.py:93} INFO - py4j.protocol.Py4JJavaError: An error occurred while calling o241.save.
[2023-04-23T14:32:09.043+0000] {subprocess.py:93} INFO - : com.google.cloud.bigquery.connector.common.BigQueryConnectorException: Failed to write to BigQuery
[2023-04-23T14:32:09.044+0000] {subprocess.py:93} INFO - 	at com.google.cloud.spark.bigquery.write.BigQueryWriteHelper.writeDataFrameToBigQuery(BigQueryWriteHelper.java:111)
[2023-04-23T14:32:09.046+0000] {subprocess.py:93} INFO - 	at com.google.cloud.spark.bigquery.write.BigQueryDeprecatedIndirectInsertableRelation.insert(BigQueryDeprecatedIndirectInsertableRelation.java:43)
[2023-04-23T14:32:09.047+0000] {subprocess.py:93} INFO - 	at com.google.cloud.spark.bigquery.write.CreatableRelationProviderHelper.createRelation(CreatableRelationProviderHelper.java:54)
[2023-04-23T14:32:09.048+0000] {subprocess.py:93} INFO - 	at com.google.cloud.spark.bigquery.BigQueryRelationProvider.createRelation(BigQueryRelationProvider.scala:107)
[2023-04-23T14:32:09.050+0000] {subprocess.py:93} INFO - 	at org.apache.spark.sql.execution.datasources.SaveIntoDataSourceCommand.run(SaveIntoDataSourceCommand.scala:46)
[2023-04-23T14:32:09.052+0000] {subprocess.py:93} INFO - 	at org.apache.spark.sql.execution.command.ExecutedCommandExec.sideEffectResult$lzycompute(commands.scala:70)
[2023-04-23T14:32:09.053+0000] {subprocess.py:93} INFO - 	at org.apache.spark.sql.execution.command.ExecutedCommandExec.sideEffectResult(commands.scala:68)
[2023-04-23T14:32:09.054+0000] {subprocess.py:93} INFO - 	at org.apache.spark.sql.execution.command.ExecutedCommandExec.doExecute(commands.scala:90)
[2023-04-23T14:32:09.055+0000] {subprocess.py:93} INFO - 	at org.apache.spark.sql.execution.SparkPlan.$anonfun$execute$1(SparkPlan.scala:180)
[2023-04-23T14:32:09.057+0000] {subprocess.py:93} INFO - 	at org.apache.spark.sql.execution.SparkPlan.$anonfun$executeQuery$1(SparkPlan.scala:218)
[2023-04-23T14:32:09.058+0000] {subprocess.py:93} INFO - 	at org.apache.spark.rdd.RDDOperationScope$.withScope(RDDOperationScope.scala:151)
[2023-04-23T14:32:09.059+0000] {subprocess.py:93} INFO - 	at org.apache.spark.sql.execution.SparkPlan.executeQuery(SparkPlan.scala:215)
[2023-04-23T14:32:09.061+0000] {subprocess.py:93} INFO - 	at org.apache.spark.sql.execution.SparkPlan.execute(SparkPlan.scala:176)
[2023-04-23T14:32:09.062+0000] {subprocess.py:93} INFO - 	at org.apache.spark.sql.execution.QueryExecution.toRdd$lzycompute(QueryExecution.scala:132)
[2023-04-23T14:32:09.064+0000] {subprocess.py:93} INFO - 	at org.apache.spark.sql.execution.QueryExecution.toRdd(QueryExecution.scala:131)
[2023-04-23T14:32:09.064+0000] {subprocess.py:93} INFO - 	at org.apache.spark.sql.DataFrameWriter.$anonfun$runCommand$1(DataFrameWriter.scala:989)
[2023-04-23T14:32:09.065+0000] {subprocess.py:93} INFO - 	at org.apache.spark.sql.execution.SQLExecution$.$anonfun$withNewExecutionId$5(SQLExecution.scala:103)
[2023-04-23T14:32:09.066+0000] {subprocess.py:93} INFO - 	at org.apache.spark.sql.execution.SQLExecution$.withSQLConfPropagated(SQLExecution.scala:163)
[2023-04-23T14:32:09.066+0000] {subprocess.py:93} INFO - 	at org.apache.spark.sql.execution.SQLExecution$.$anonfun$withNewExecutionId$1(SQLExecution.scala:90)
[2023-04-23T14:32:09.067+0000] {subprocess.py:93} INFO - 	at org.apache.spark.sql.SparkSession.withActive(SparkSession.scala:775)
[2023-04-23T14:32:09.068+0000] {subprocess.py:93} INFO - 	at org.apache.spark.sql.execution.SQLExecution$.withNewExecutionId(SQLExecution.scala:64)
[2023-04-23T14:32:09.069+0000] {subprocess.py:93} INFO - 	at org.apache.spark.sql.DataFrameWriter.runCommand(DataFrameWriter.scala:989)
[2023-04-23T14:32:09.070+0000] {subprocess.py:93} INFO - 	at org.apache.spark.sql.DataFrameWriter.saveToV1Source(DataFrameWriter.scala:438)
[2023-04-23T14:32:09.071+0000] {subprocess.py:93} INFO - 	at org.apache.spark.sql.DataFrameWriter.saveInternal(DataFrameWriter.scala:415)
[2023-04-23T14:32:09.072+0000] {subprocess.py:93} INFO - 	at org.apache.spark.sql.DataFrameWriter.save(DataFrameWriter.scala:301)
[2023-04-23T14:32:09.073+0000] {subprocess.py:93} INFO - 	at sun.reflect.NativeMethodAccessorImpl.invoke0(Native Method)
[2023-04-23T14:32:09.074+0000] {subprocess.py:93} INFO - 	at sun.reflect.NativeMethodAccessorImpl.invoke(NativeMethodAccessorImpl.java:62)
[2023-04-23T14:32:09.074+0000] {subprocess.py:93} INFO - 	at sun.reflect.DelegatingMethodAccessorImpl.invoke(DelegatingMethodAccessorImpl.java:43)
[2023-04-23T14:32:09.075+0000] {subprocess.py:93} INFO - 	at java.lang.reflect.Method.invoke(Method.java:498)
[2023-04-23T14:32:09.076+0000] {subprocess.py:93} INFO - 	at py4j.reflection.MethodInvoker.invoke(MethodInvoker.java:244)
[2023-04-23T14:32:09.078+0000] {subprocess.py:93} INFO - 	at py4j.reflection.ReflectionEngine.invoke(ReflectionEngine.java:357)
[2023-04-23T14:32:09.079+0000] {subprocess.py:93} INFO - 	at py4j.Gateway.invoke(Gateway.java:282)
[2023-04-23T14:32:09.079+0000] {subprocess.py:93} INFO - 	at py4j.commands.AbstractCommand.invokeMethod(AbstractCommand.java:132)
[2023-04-23T14:32:09.080+0000] {subprocess.py:93} INFO - 	at py4j.commands.CallCommand.execute(CallCommand.java:79)
[2023-04-23T14:32:09.081+0000] {subprocess.py:93} INFO - 	at py4j.GatewayConnection.run(GatewayConnection.java:238)
[2023-04-23T14:32:09.082+0000] {subprocess.py:93} INFO - 	at java.lang.Thread.run(Thread.java:750)
[2023-04-23T14:32:09.083+0000] {subprocess.py:93} INFO - Caused by: org.apache.spark.SparkException: Job aborted.
[2023-04-23T14:32:09.085+0000] {subprocess.py:93} INFO - 	at org.apache.spark.sql.execution.datasources.FileFormatWriter$.write(FileFormatWriter.scala:231)
[2023-04-23T14:32:09.086+0000] {subprocess.py:93} INFO - 	at org.apache.spark.sql.execution.datasources.InsertIntoHadoopFsRelationCommand.run(InsertIntoHadoopFsRelationCommand.scala:188)
[2023-04-23T14:32:09.086+0000] {subprocess.py:93} INFO - 	at org.apache.spark.sql.execution.command.DataWritingCommandExec.sideEffectResult$lzycompute(commands.scala:108)
[2023-04-23T14:32:09.087+0000] {subprocess.py:93} INFO - 	at org.apache.spark.sql.execution.command.DataWritingCommandExec.sideEffectResult(commands.scala:106)
[2023-04-23T14:32:09.088+0000] {subprocess.py:93} INFO - 	at org.apache.spark.sql.execution.command.DataWritingCommandExec.doExecute(commands.scala:131)
[2023-04-23T14:32:09.088+0000] {subprocess.py:93} INFO - 	at org.apache.spark.sql.execution.SparkPlan.$anonfun$execute$1(SparkPlan.scala:180)
[2023-04-23T14:32:09.089+0000] {subprocess.py:93} INFO - 	at org.apache.spark.sql.execution.SparkPlan.$anonfun$executeQuery$1(SparkPlan.scala:218)
[2023-04-23T14:32:09.089+0000] {subprocess.py:93} INFO - 	at org.apache.spark.rdd.RDDOperationScope$.withScope(RDDOperationScope.scala:151)
[2023-04-23T14:32:09.090+0000] {subprocess.py:93} INFO - 	at org.apache.spark.sql.execution.SparkPlan.executeQuery(SparkPlan.scala:215)
[2023-04-23T14:32:09.091+0000] {subprocess.py:93} INFO - 	at org.apache.spark.sql.execution.SparkPlan.execute(SparkPlan.scala:176)
[2023-04-23T14:32:09.092+0000] {subprocess.py:93} INFO - 	at org.apache.spark.sql.execution.QueryExecution.toRdd$lzycompute(QueryExecution.scala:132)
[2023-04-23T14:32:09.093+0000] {subprocess.py:93} INFO - 	at org.apache.spark.sql.execution.QueryExecution.toRdd(QueryExecution.scala:131)
[2023-04-23T14:32:09.094+0000] {subprocess.py:93} INFO - 	at org.apache.spark.sql.DataFrameWriter.$anonfun$runCommand$1(DataFrameWriter.scala:989)
[2023-04-23T14:32:09.094+0000] {subprocess.py:93} INFO - 	at org.apache.spark.sql.execution.SQLExecution$.$anonfun$withNewExecutionId$5(SQLExecution.scala:103)
[2023-04-23T14:32:09.095+0000] {subprocess.py:93} INFO - 	at org.apache.spark.sql.execution.SQLExecution$.withSQLConfPropagated(SQLExecution.scala:163)
[2023-04-23T14:32:09.096+0000] {subprocess.py:93} INFO - 	at org.apache.spark.sql.execution.SQLExecution$.$anonfun$withNewExecutionId$1(SQLExecution.scala:90)
[2023-04-23T14:32:09.096+0000] {subprocess.py:93} INFO - 	at org.apache.spark.sql.SparkSession.withActive(SparkSession.scala:775)
[2023-04-23T14:32:09.097+0000] {subprocess.py:93} INFO - 	at org.apache.spark.sql.execution.SQLExecution$.withNewExecutionId(SQLExecution.scala:64)
[2023-04-23T14:32:09.098+0000] {subprocess.py:93} INFO - 	at org.apache.spark.sql.DataFrameWriter.runCommand(DataFrameWriter.scala:989)
[2023-04-23T14:32:09.099+0000] {subprocess.py:93} INFO - 	at org.apache.spark.sql.DataFrameWriter.saveToV1Source(DataFrameWriter.scala:438)
[2023-04-23T14:32:09.101+0000] {subprocess.py:93} INFO - 	at org.apache.spark.sql.DataFrameWriter.saveInternal(DataFrameWriter.scala:415)
[2023-04-23T14:32:09.102+0000] {subprocess.py:93} INFO - 	at org.apache.spark.sql.DataFrameWriter.save(DataFrameWriter.scala:293)
[2023-04-23T14:32:09.102+0000] {subprocess.py:93} INFO - 	at com.google.cloud.spark.bigquery.write.BigQueryWriteHelper.writeDataFrameToBigQuery(BigQueryWriteHelper.java:106)
[2023-04-23T14:32:09.103+0000] {subprocess.py:93} INFO - 	... 35 more
[2023-04-23T14:32:09.105+0000] {subprocess.py:93} INFO - Caused by: org.apache.spark.sql.AnalysisException: Attribute name "('Unnamed: 0_level_0', 'GP')" contains invalid character(s) among " ,;{}()\n\t=". Please use alias to rename it.
[2023-04-23T14:32:09.106+0000] {subprocess.py:93} INFO - 	at org.apache.spark.sql.execution.datasources.parquet.ParquetSchemaConverter$.checkConversionRequirement(ParquetSchemaConverter.scala:579)
[2023-04-23T14:32:09.107+0000] {subprocess.py:93} INFO - 	at org.apache.spark.sql.execution.datasources.parquet.ParquetSchemaConverter$.checkFieldName(ParquetSchemaConverter.scala:570)
[2023-04-23T14:32:09.108+0000] {subprocess.py:93} INFO - 	at org.apache.spark.sql.execution.datasources.parquet.ParquetWriteSupport$.$anonfun$setSchema$2(ParquetWriteSupport.scala:485)
[2023-04-23T14:32:09.108+0000] {subprocess.py:93} INFO - 	at org.apache.spark.sql.execution.datasources.parquet.ParquetWriteSupport$.$anonfun$setSchema$2$adapted(ParquetWriteSupport.scala:485)
[2023-04-23T14:32:09.109+0000] {subprocess.py:93} INFO - 	at scala.collection.immutable.List.foreach(List.scala:431)
[2023-04-23T14:32:09.110+0000] {subprocess.py:93} INFO - 	at org.apache.spark.sql.execution.datasources.parquet.ParquetWriteSupport$.setSchema(ParquetWriteSupport.scala:485)
[2023-04-23T14:32:09.111+0000] {subprocess.py:93} INFO - 	at org.apache.spark.sql.execution.datasources.parquet.ParquetFileFormat.buildReaderWithPartitionValues(ParquetFileFormat.scala:220)
[2023-04-23T14:32:09.112+0000] {subprocess.py:93} INFO - 	at org.apache.spark.sql.execution.FileSourceScanExec.inputRDD$lzycompute(DataSourceScanExec.scala:407)
[2023-04-23T14:32:09.113+0000] {subprocess.py:93} INFO - 	at org.apache.spark.sql.execution.FileSourceScanExec.inputRDD(DataSourceScanExec.scala:398)
[2023-04-23T14:32:09.114+0000] {subprocess.py:93} INFO - 	at org.apache.spark.sql.execution.FileSourceScanExec.doExecuteColumnar(DataSourceScanExec.scala:497)
[2023-04-23T14:32:09.115+0000] {subprocess.py:93} INFO - 	at org.apache.spark.sql.execution.SparkPlan.$anonfun$executeColumnar$1(SparkPlan.scala:207)
[2023-04-23T14:32:09.116+0000] {subprocess.py:93} INFO - 	at org.apache.spark.sql.execution.SparkPlan.$anonfun$executeQuery$1(SparkPlan.scala:218)
[2023-04-23T14:32:09.116+0000] {subprocess.py:93} INFO - 	at org.apache.spark.rdd.RDDOperationScope$.withScope(RDDOperationScope.scala:151)
[2023-04-23T14:32:09.117+0000] {subprocess.py:93} INFO - 	at org.apache.spark.sql.execution.SparkPlan.executeQuery(SparkPlan.scala:215)
[2023-04-23T14:32:09.118+0000] {subprocess.py:93} INFO - 	at org.apache.spark.sql.execution.SparkPlan.executeColumnar(SparkPlan.scala:203)
[2023-04-23T14:32:09.119+0000] {subprocess.py:93} INFO - 	at org.apache.spark.sql.execution.InputAdapter.doExecuteColumnar(WholeStageCodegenExec.scala:519)
[2023-04-23T14:32:09.120+0000] {subprocess.py:93} INFO - 	at org.apache.spark.sql.execution.SparkPlan.$anonfun$executeColumnar$1(SparkPlan.scala:207)
[2023-04-23T14:32:09.121+0000] {subprocess.py:93} INFO - 	at org.apache.spark.sql.execution.SparkPlan.$anonfun$executeQuery$1(SparkPlan.scala:218)
[2023-04-23T14:32:09.122+0000] {subprocess.py:93} INFO - 	at org.apache.spark.rdd.RDDOperationScope$.withScope(RDDOperationScope.scala:151)
[2023-04-23T14:32:09.123+0000] {subprocess.py:93} INFO - 	at org.apache.spark.sql.execution.SparkPlan.executeQuery(SparkPlan.scala:215)
[2023-04-23T14:32:09.124+0000] {subprocess.py:93} INFO - 	at org.apache.spark.sql.execution.SparkPlan.executeColumnar(SparkPlan.scala:203)
[2023-04-23T14:32:09.125+0000] {subprocess.py:93} INFO - 	at org.apache.spark.sql.execution.ColumnarToRowExec.inputRDDs(Columnar.scala:202)
[2023-04-23T14:32:09.126+0000] {subprocess.py:93} INFO - 	at org.apache.spark.sql.execution.WholeStageCodegenExec.doExecute(WholeStageCodegenExec.scala:746)
[2023-04-23T14:32:09.127+0000] {subprocess.py:93} INFO - 	at org.apache.spark.sql.execution.SparkPlan.$anonfun$execute$1(SparkPlan.scala:180)
[2023-04-23T14:32:09.128+0000] {subprocess.py:93} INFO - 	at org.apache.spark.sql.execution.SparkPlan.$anonfun$executeQuery$1(SparkPlan.scala:218)
[2023-04-23T14:32:09.130+0000] {subprocess.py:93} INFO - 	at org.apache.spark.rdd.RDDOperationScope$.withScope(RDDOperationScope.scala:151)
[2023-04-23T14:32:09.131+0000] {subprocess.py:93} INFO - 	at org.apache.spark.sql.execution.SparkPlan.executeQuery(SparkPlan.scala:215)
[2023-04-23T14:32:09.132+0000] {subprocess.py:93} INFO - 	at org.apache.spark.sql.execution.SparkPlan.execute(SparkPlan.scala:176)
[2023-04-23T14:32:09.133+0000] {subprocess.py:93} INFO - 	at org.apache.spark.sql.execution.columnar.CachedRDDBuilder.buildBuffers(InMemoryRelation.scala:252)
[2023-04-23T14:32:09.134+0000] {subprocess.py:93} INFO - 	at org.apache.spark.sql.execution.columnar.CachedRDDBuilder.cachedColumnBuffers(InMemoryRelation.scala:221)
[2023-04-23T14:32:09.135+0000] {subprocess.py:93} INFO - 	at org.apache.spark.sql.execution.columnar.InMemoryTableScanExec.filteredCachedBatches(InMemoryTableScanExec.scala:144)
[2023-04-23T14:32:09.135+0000] {subprocess.py:93} INFO - 	at org.apache.spark.sql.execution.columnar.InMemoryTableScanExec.inputRDD$lzycompute(InMemoryTableScanExec.scala:95)
[2023-04-23T14:32:09.137+0000] {subprocess.py:93} INFO - 	at org.apache.spark.sql.execution.columnar.InMemoryTableScanExec.inputRDD(InMemoryTableScanExec.scala:81)
[2023-04-23T14:32:09.138+0000] {subprocess.py:93} INFO - 	at org.apache.spark.sql.execution.columnar.InMemoryTableScanExec.doExecute(InMemoryTableScanExec.scala:155)
[2023-04-23T14:32:09.139+0000] {subprocess.py:93} INFO - 	at org.apache.spark.sql.execution.SparkPlan.$anonfun$execute$1(SparkPlan.scala:180)
[2023-04-23T14:32:09.140+0000] {subprocess.py:93} INFO - 	at org.apache.spark.sql.execution.SparkPlan.$anonfun$executeQuery$1(SparkPlan.scala:218)
[2023-04-23T14:32:09.141+0000] {subprocess.py:93} INFO - 	at org.apache.spark.rdd.RDDOperationScope$.withScope(RDDOperationScope.scala:151)
[2023-04-23T14:32:09.142+0000] {subprocess.py:93} INFO - 	at org.apache.spark.sql.execution.SparkPlan.executeQuery(SparkPlan.scala:215)
[2023-04-23T14:32:09.143+0000] {subprocess.py:93} INFO - 	at org.apache.spark.sql.execution.SparkPlan.execute(SparkPlan.scala:176)
[2023-04-23T14:32:09.144+0000] {subprocess.py:93} INFO - 	at org.apache.spark.sql.execution.InputAdapter.inputRDD(WholeStageCodegenExec.scala:525)
[2023-04-23T14:32:09.145+0000] {subprocess.py:93} INFO - 	at org.apache.spark.sql.execution.InputRDDCodegen.inputRDDs(WholeStageCodegenExec.scala:453)
[2023-04-23T14:32:09.146+0000] {subprocess.py:93} INFO - 	at org.apache.spark.sql.execution.InputRDDCodegen.inputRDDs$(WholeStageCodegenExec.scala:452)
[2023-04-23T14:32:09.147+0000] {subprocess.py:93} INFO - 	at org.apache.spark.sql.execution.InputAdapter.inputRDDs(WholeStageCodegenExec.scala:496)
[2023-04-23T14:32:09.148+0000] {subprocess.py:93} INFO - 	at org.apache.spark.sql.execution.ProjectExec.inputRDDs(basicPhysicalOperators.scala:50)
[2023-04-23T14:32:09.149+0000] {subprocess.py:93} INFO - 	at org.apache.spark.sql.execution.WholeStageCodegenExec.doExecute(WholeStageCodegenExec.scala:746)
[2023-04-23T14:32:09.150+0000] {subprocess.py:93} INFO - 	at org.apache.spark.sql.execution.SparkPlan.$anonfun$execute$1(SparkPlan.scala:180)
[2023-04-23T14:32:09.151+0000] {subprocess.py:93} INFO - 	at org.apache.spark.sql.execution.SparkPlan.$anonfun$executeQuery$1(SparkPlan.scala:218)
[2023-04-23T14:32:09.153+0000] {subprocess.py:93} INFO - 	at org.apache.spark.rdd.RDDOperationScope$.withScope(RDDOperationScope.scala:151)
[2023-04-23T14:32:09.154+0000] {subprocess.py:93} INFO - 	at org.apache.spark.sql.execution.SparkPlan.executeQuery(SparkPlan.scala:215)
[2023-04-23T14:32:09.156+0000] {subprocess.py:93} INFO - 	at org.apache.spark.sql.execution.SparkPlan.execute(SparkPlan.scala:176)
[2023-04-23T14:32:09.156+0000] {subprocess.py:93} INFO - 	at org.apache.spark.sql.execution.GenerateExec.doExecute(GenerateExec.scala:80)
[2023-04-23T14:32:09.158+0000] {subprocess.py:93} INFO - 	at org.apache.spark.sql.execution.SparkPlan.$anonfun$execute$1(SparkPlan.scala:180)
[2023-04-23T14:32:09.159+0000] {subprocess.py:93} INFO - 	at org.apache.spark.sql.execution.SparkPlan.$anonfun$executeQuery$1(SparkPlan.scala:218)
[2023-04-23T14:32:09.160+0000] {subprocess.py:93} INFO - 	at org.apache.spark.rdd.RDDOperationScope$.withScope(RDDOperationScope.scala:151)
[2023-04-23T14:32:09.161+0000] {subprocess.py:93} INFO - 	at org.apache.spark.sql.execution.SparkPlan.executeQuery(SparkPlan.scala:215)
[2023-04-23T14:32:09.163+0000] {subprocess.py:93} INFO - 	at org.apache.spark.sql.execution.SparkPlan.execute(SparkPlan.scala:176)
[2023-04-23T14:32:09.164+0000] {subprocess.py:93} INFO - 	at org.apache.spark.sql.execution.InputAdapter.inputRDD(WholeStageCodegenExec.scala:525)
[2023-04-23T14:32:09.165+0000] {subprocess.py:93} INFO - 	at org.apache.spark.sql.execution.InputRDDCodegen.inputRDDs(WholeStageCodegenExec.scala:453)
[2023-04-23T14:32:09.166+0000] {subprocess.py:93} INFO - 	at org.apache.spark.sql.execution.InputRDDCodegen.inputRDDs$(WholeStageCodegenExec.scala:452)
[2023-04-23T14:32:09.167+0000] {subprocess.py:93} INFO - 	at org.apache.spark.sql.execution.InputAdapter.inputRDDs(WholeStageCodegenExec.scala:496)
[2023-04-23T14:32:09.167+0000] {subprocess.py:93} INFO - 	at org.apache.spark.sql.execution.ProjectExec.inputRDDs(basicPhysicalOperators.scala:50)
[2023-04-23T14:32:09.168+0000] {subprocess.py:93} INFO - 	at org.apache.spark.sql.execution.WholeStageCodegenExec.doExecute(WholeStageCodegenExec.scala:746)
[2023-04-23T14:32:09.169+0000] {subprocess.py:93} INFO - 	at org.apache.spark.sql.execution.SparkPlan.$anonfun$execute$1(SparkPlan.scala:180)
[2023-04-23T14:32:09.170+0000] {subprocess.py:93} INFO - 	at org.apache.spark.sql.execution.SparkPlan.$anonfun$executeQuery$1(SparkPlan.scala:218)
[2023-04-23T14:32:09.171+0000] {subprocess.py:93} INFO - 	at org.apache.spark.rdd.RDDOperationScope$.withScope(RDDOperationScope.scala:151)
[2023-04-23T14:32:09.171+0000] {subprocess.py:93} INFO - 	at org.apache.spark.sql.execution.SparkPlan.executeQuery(SparkPlan.scala:215)
[2023-04-23T14:32:09.172+0000] {subprocess.py:93} INFO - 	at org.apache.spark.sql.execution.SparkPlan.execute(SparkPlan.scala:176)
[2023-04-23T14:32:09.173+0000] {subprocess.py:93} INFO - 	at org.apache.spark.sql.execution.datasources.FileFormatWriter$.write(FileFormatWriter.scala:177)
[2023-04-23T14:32:09.174+0000] {subprocess.py:93} INFO - 	... 57 more
[2023-04-23T14:32:09.175+0000] {subprocess.py:93} INFO - 
[2023-04-23T14:32:09.177+0000] {subprocess.py:93} INFO - 23/04/23 14:32:04 INFO org.sparkproject.jetty.server.AbstractConnector: Stopped Spark@227a509e{HTTP/1.1, (http/1.1)}{0.0.0.0:0}
[2023-04-23T14:32:13.130+0000] {subprocess.py:93} INFO - ERROR: (gcloud.dataproc.jobs.submit.pyspark) Job [34ac8335a9ef449eac6db15ac8642c9b] failed with error:
[2023-04-23T14:32:13.131+0000] {subprocess.py:93} INFO - Google Cloud Dataproc Agent reports job failure. If logs are available, they can be found at:
[2023-04-23T14:32:13.133+0000] {subprocess.py:93} INFO - https://console.cloud.google.com/dataproc/jobs/34ac8335a9ef449eac6db15ac8642c9b?project=nfl-project-de&region=europe-west6
[2023-04-23T14:32:13.134+0000] {subprocess.py:93} INFO - gcloud dataproc jobs wait '34ac8335a9ef449eac6db15ac8642c9b' --region 'europe-west6' --project 'nfl-project-de'
[2023-04-23T14:32:13.135+0000] {subprocess.py:93} INFO - https://console.cloud.google.com/storage/browser/nfl-spark-staging_nfl-project-de/google-cloud-dataproc-metainfo/3f31be1a-ebc3-4b4c-987d-83767542db1e/jobs/34ac8335a9ef449eac6db15ac8642c9b/
[2023-04-23T14:32:13.135+0000] {subprocess.py:93} INFO - gs://nfl-spark-staging_nfl-project-de/google-cloud-dataproc-metainfo/3f31be1a-ebc3-4b4c-987d-83767542db1e/jobs/34ac8335a9ef449eac6db15ac8642c9b/driveroutput
[2023-04-23T14:32:13.317+0000] {subprocess.py:97} INFO - Command exited with return code 1
[2023-04-23T14:32:13.331+0000] {taskinstance.py:1776} ERROR - Task failed with exception
Traceback (most recent call last):
  File "/home/airflow/.local/lib/python3.9/site-packages/airflow/decorators/base.py", line 217, in execute
    return_value = super().execute(context)
  File "/home/airflow/.local/lib/python3.9/site-packages/airflow/operators/python.py", line 175, in execute
    return_value = self.execute_callable()
  File "/home/airflow/.local/lib/python3.9/site-packages/airflow/operators/python.py", line 192, in execute_callable
    return self.python_callable(*self.op_args, **self.op_kwargs)
  File "/opt/airflow/dags/data_ingestion.py", line 231, in task_pyspark
    operator.execute(context={})
  File "/home/airflow/.local/lib/python3.9/site-packages/airflow/operators/bash.py", line 196, in execute
    raise AirflowException(
airflow.exceptions.AirflowException: Bash command failed. The command returned a non-zero exit code 1.
[2023-04-23T14:32:13.348+0000] {taskinstance.py:1327} INFO - Marking task as UP_FOR_RETRY. dag_id=nfl_transformation_dag, task_id=task_pyspark, execution_date=20230411T000000, start_date=20230423T143124, end_date=20230423T143213
[2023-04-23T14:32:13.373+0000] {standard_task_runner.py:100} ERROR - Failed to execute job 1205 for task task_pyspark (Bash command failed. The command returned a non-zero exit code 1.; 7454)
[2023-04-23T14:32:13.389+0000] {local_task_job.py:212} INFO - Task exited with return code 1
[2023-04-23T14:32:13.413+0000] {taskinstance.py:2596} INFO - 0 downstream tasks scheduled from follow-on schedule check
