[2023-04-12T11:43:15.682+0000] {taskinstance.py:1090} INFO - Dependencies all met for dep_context=non-requeueable deps ti=<TaskInstance: nfl_transformation_dag.task_pyspark scheduled__2023-04-11T00:00:00+00:00 [queued]>
[2023-04-12T11:43:15.698+0000] {taskinstance.py:1090} INFO - Dependencies all met for dep_context=requeueable deps ti=<TaskInstance: nfl_transformation_dag.task_pyspark scheduled__2023-04-11T00:00:00+00:00 [queued]>
[2023-04-12T11:43:15.699+0000] {taskinstance.py:1288} INFO - 
--------------------------------------------------------------------------------
[2023-04-12T11:43:15.701+0000] {taskinstance.py:1289} INFO - Starting attempt 6 of 7
[2023-04-12T11:43:15.702+0000] {taskinstance.py:1290} INFO - 
--------------------------------------------------------------------------------
[2023-04-12T11:43:15.721+0000] {taskinstance.py:1309} INFO - Executing <Task(_PythonDecoratedOperator): task_pyspark> on 2023-04-11 00:00:00+00:00
[2023-04-12T11:43:15.736+0000] {standard_task_runner.py:55} INFO - Started process 6731 to run task
[2023-04-12T11:43:15.743+0000] {standard_task_runner.py:82} INFO - Running: ['***', 'tasks', 'run', 'nfl_transformation_dag', 'task_pyspark', 'scheduled__2023-04-11T00:00:00+00:00', '--job-id', '927', '--raw', '--subdir', 'DAGS_FOLDER/data_ingestion.py', '--cfg-path', '/tmp/tmpxntzbi3z']
[2023-04-12T11:43:15.747+0000] {standard_task_runner.py:83} INFO - Job 927: Subtask task_pyspark
[2023-04-12T11:43:15.847+0000] {task_command.py:389} INFO - Running <TaskInstance: nfl_transformation_dag.task_pyspark scheduled__2023-04-11T00:00:00+00:00 [running]> on host a2e619923d04
[2023-04-12T11:43:15.938+0000] {taskinstance.py:1516} INFO - Exporting the following env vars:
AIRFLOW_CTX_DAG_OWNER=***
AIRFLOW_CTX_DAG_ID=nfl_transformation_dag
AIRFLOW_CTX_TASK_ID=task_pyspark
AIRFLOW_CTX_EXECUTION_DATE=2023-04-11T00:00:00+00:00
AIRFLOW_CTX_TRY_NUMBER=6
AIRFLOW_CTX_DAG_RUN_ID=scheduled__2023-04-11T00:00:00+00:00
[2023-04-12T11:43:15.945+0000] {subprocess.py:63} INFO - Tmp dir root location: 
 /tmp
[2023-04-12T11:43:15.950+0000] {subprocess.py:75} INFO - Running command: ['/bin/bash', '-c', 'gcloud dataproc jobs submit pyspark                 --cluster=nfl-spark-cluster                 --region=europe-west6                 gs://nfl-data-lake_nfl-de-project/code/transform_pyspark.py                 --                     --year=2020                     --season_type=2 ']
[2023-04-12T11:43:15.979+0000] {subprocess.py:86} INFO - Output:
[2023-04-12T11:43:17.006+0000] {taskinstance.py:1080} INFO - Dependencies not met for <TaskInstance: nfl_transformation_dag.task_pyspark scheduled__2023-04-11T00:00:00+00:00 [running]>, dependency 'Task Instance Not Running' FAILED: Task is in the running state
[2023-04-12T11:43:17.008+0000] {taskinstance.py:1080} INFO - Dependencies not met for <TaskInstance: nfl_transformation_dag.task_pyspark scheduled__2023-04-11T00:00:00+00:00 [running]>, dependency 'Task Instance State' FAILED: Task is in the 'running' state.
[2023-04-12T11:43:17.022+0000] {local_task_job.py:151} INFO - Task is not able to be run
[2023-04-12T11:43:21.204+0000] {subprocess.py:93} INFO - Job [ab026f281d314e4c85ac56fcaedb453c] submitted.
[2023-04-12T11:43:21.205+0000] {subprocess.py:93} INFO - Waiting for job output...
[2023-04-12T11:43:32.272+0000] {subprocess.py:93} INFO - 23/04/12 11:43:23 INFO org.apache.spark.SparkEnv: Registering MapOutputTracker
[2023-04-12T11:43:32.273+0000] {subprocess.py:93} INFO - 23/04/12 11:43:23 INFO org.apache.spark.SparkEnv: Registering BlockManagerMaster
[2023-04-12T11:43:32.274+0000] {subprocess.py:93} INFO - 23/04/12 11:43:23 INFO org.apache.spark.SparkEnv: Registering BlockManagerMasterHeartbeat
[2023-04-12T11:43:32.275+0000] {subprocess.py:93} INFO - 23/04/12 11:43:23 INFO org.apache.spark.SparkEnv: Registering OutputCommitCoordinator
[2023-04-12T11:43:32.275+0000] {subprocess.py:93} INFO - 23/04/12 11:43:23 INFO org.sparkproject.jetty.util.log: Logging initialized @3573ms to org.sparkproject.jetty.util.log.Slf4jLog
[2023-04-12T11:43:32.276+0000] {subprocess.py:93} INFO - 23/04/12 11:43:23 INFO org.sparkproject.jetty.server.Server: jetty-9.4.40.v20210413; built: 2021-04-13T20:42:42.668Z; git: b881a572662e1943a14ae12e7e1207989f218b74; jvm 1.8.0_322-b06
[2023-04-12T11:43:32.278+0000] {subprocess.py:93} INFO - 23/04/12 11:43:23 INFO org.sparkproject.jetty.server.Server: Started @3702ms
[2023-04-12T11:43:32.278+0000] {subprocess.py:93} INFO - 23/04/12 11:43:23 INFO org.sparkproject.jetty.server.AbstractConnector: Started ServerConnector@7d148d4{HTTP/1.1, (http/1.1)}{0.0.0.0:36095}
[2023-04-12T11:43:32.279+0000] {subprocess.py:93} INFO - 23/04/12 11:43:25 INFO com.google.cloud.hadoop.repackaged.gcs.com.google.cloud.hadoop.gcsio.GoogleCloudStorageImpl: Ignoring exception of type GoogleJsonResponseException; verified object already exists with desired state.
[2023-04-12T11:43:37.172+0000] {subprocess.py:93} INFO - Traceback (most recent call last):
[2023-04-12T11:43:37.173+0000] {subprocess.py:93} INFO -   File "/tmp/ab026f281d314e4c85ac56fcaedb453c/transform_pyspark.py", line 23, in <module>
[2023-04-12T11:43:37.174+0000] {subprocess.py:93} INFO -     BUCKET = os.environ.get("GCP_GCS_BUCKET")
[2023-04-12T11:43:37.175+0000] {subprocess.py:93} INFO - NameError: name 'os' is not defined
[2023-04-12T11:43:37.176+0000] {subprocess.py:93} INFO - 23/04/12 11:43:27 INFO org.sparkproject.jetty.server.AbstractConnector: Stopped Spark@7d148d4{HTTP/1.1, (http/1.1)}{0.0.0.0:0}
[2023-04-12T11:43:46.962+0000] {subprocess.py:93} INFO - ERROR: (gcloud.dataproc.jobs.submit.pyspark) Job [ab026f281d314e4c85ac56fcaedb453c] failed with error:
[2023-04-12T11:43:46.964+0000] {subprocess.py:93} INFO - Google Cloud Dataproc Agent reports job failure. If logs are available, they can be found at:
[2023-04-12T11:43:46.965+0000] {subprocess.py:93} INFO - https://console.cloud.google.com/dataproc/jobs/ab026f281d314e4c85ac56fcaedb453c?project=nfl-de-project&region=europe-west6
[2023-04-12T11:43:46.966+0000] {subprocess.py:93} INFO - gcloud dataproc jobs wait 'ab026f281d314e4c85ac56fcaedb453c' --region 'europe-west6' --project 'nfl-de-project'
[2023-04-12T11:43:46.967+0000] {subprocess.py:93} INFO - https://console.cloud.google.com/storage/browser/nfl-spark-staging_nfl-de-project/google-cloud-dataproc-metainfo/cf386a87-5cdc-4f46-9dda-06a203a6bb84/jobs/ab026f281d314e4c85ac56fcaedb453c/
[2023-04-12T11:43:46.969+0000] {subprocess.py:93} INFO - gs://nfl-spark-staging_nfl-de-project/google-cloud-dataproc-metainfo/cf386a87-5cdc-4f46-9dda-06a203a6bb84/jobs/ab026f281d314e4c85ac56fcaedb453c/driveroutput
[2023-04-12T11:43:47.183+0000] {subprocess.py:97} INFO - Command exited with return code 1
[2023-04-12T11:43:47.203+0000] {taskinstance.py:1776} ERROR - Task failed with exception
Traceback (most recent call last):
  File "/home/airflow/.local/lib/python3.9/site-packages/airflow/decorators/base.py", line 217, in execute
    return_value = super().execute(context)
  File "/home/airflow/.local/lib/python3.9/site-packages/airflow/operators/python.py", line 175, in execute
    return_value = self.execute_callable()
  File "/home/airflow/.local/lib/python3.9/site-packages/airflow/operators/python.py", line 192, in execute_callable
    return self.python_callable(*self.op_args, **self.op_kwargs)
  File "/opt/airflow/dags/data_ingestion.py", line 223, in task_pyspark
    operator.execute(context={})
  File "/home/airflow/.local/lib/python3.9/site-packages/airflow/operators/bash.py", line 196, in execute
    raise AirflowException(
airflow.exceptions.AirflowException: Bash command failed. The command returned a non-zero exit code 1.
[2023-04-12T11:43:47.221+0000] {taskinstance.py:1327} INFO - Marking task as UP_FOR_RETRY. dag_id=nfl_transformation_dag, task_id=task_pyspark, execution_date=20230411T000000, start_date=20230412T114315, end_date=20230412T114347
[2023-04-12T11:43:47.252+0000] {standard_task_runner.py:100} ERROR - Failed to execute job 927 for task task_pyspark (Bash command failed. The command returned a non-zero exit code 1.; 6731)
[2023-04-12T11:43:47.271+0000] {local_task_job.py:212} INFO - Task exited with return code 1
[2023-04-12T11:43:47.295+0000] {taskinstance.py:2596} INFO - 0 downstream tasks scheduled from follow-on schedule check
