[2023-04-23T15:57:27.361+0000] {taskinstance.py:1090} INFO - Dependencies all met for dep_context=non-requeueable deps ti=<TaskInstance: nfl_transformation_dag.task_pyspark scheduled__2023-04-11T00:00:00+00:00 [None]>
[2023-04-23T15:57:27.380+0000] {taskinstance.py:1090} INFO - Dependencies all met for dep_context=requeueable deps ti=<TaskInstance: nfl_transformation_dag.task_pyspark scheduled__2023-04-11T00:00:00+00:00 [None]>
[2023-04-23T15:57:27.381+0000] {taskinstance.py:1288} INFO - 
--------------------------------------------------------------------------------
[2023-04-23T15:57:27.382+0000] {taskinstance.py:1289} INFO - Starting attempt 39 of 41
[2023-04-23T15:57:27.384+0000] {taskinstance.py:1290} INFO - 
--------------------------------------------------------------------------------
[2023-04-23T15:57:27.405+0000] {taskinstance.py:1309} INFO - Executing <Task(_PythonDecoratedOperator): task_pyspark> on 2023-04-11 00:00:00+00:00
[2023-04-23T15:57:27.415+0000] {standard_task_runner.py:55} INFO - Started process 10994 to run task
[2023-04-23T15:57:27.420+0000] {standard_task_runner.py:82} INFO - Running: ['***', 'tasks', 'run', 'nfl_transformation_dag', 'task_pyspark', 'scheduled__2023-04-11T00:00:00+00:00', '--job-id', '1214', '--pool', 'default_pool', '--raw', '--subdir', 'DAGS_FOLDER/data_ingestion.py', '--cfg-path', '/tmp/tmppuin3h_1']
[2023-04-23T15:57:27.425+0000] {standard_task_runner.py:83} INFO - Job 1214: Subtask task_pyspark
[2023-04-23T15:57:27.518+0000] {task_command.py:389} INFO - Running <TaskInstance: nfl_transformation_dag.task_pyspark scheduled__2023-04-11T00:00:00+00:00 [running]> on host 235fa867d994
[2023-04-23T15:57:27.595+0000] {taskinstance.py:1516} INFO - Exporting the following env vars:
AIRFLOW_CTX_DAG_OWNER=***
AIRFLOW_CTX_DAG_ID=nfl_transformation_dag
AIRFLOW_CTX_TASK_ID=task_pyspark
AIRFLOW_CTX_EXECUTION_DATE=2023-04-11T00:00:00+00:00
AIRFLOW_CTX_TRY_NUMBER=39
AIRFLOW_CTX_DAG_RUN_ID=scheduled__2023-04-11T00:00:00+00:00
[2023-04-23T15:57:27.600+0000] {subprocess.py:63} INFO - Tmp dir root location: 
 /tmp
[2023-04-23T15:57:27.609+0000] {subprocess.py:75} INFO - Running command: ['/bin/bash', '-c', 'gcloud dataproc jobs submit pyspark                 --cluster=nfl-spark-cluster                 --region=europe-west6                 --jars=gs://spark-lib/bigquery/spark-bigquery-with-dependencies_2.12-0.30.0.jar                gs://nfl-data-lake_nfl-project-de/code/transform_pyspark.py                 --                     --year=2022                     --season_type=2 ']
[2023-04-23T15:57:27.632+0000] {subprocess.py:86} INFO - Output:
[2023-04-23T15:57:33.290+0000] {subprocess.py:93} INFO - Job [bc2aeb8e017e42f3961977f642c8c23f] submitted.
[2023-04-23T15:57:33.291+0000] {subprocess.py:93} INFO - Waiting for job output...
[2023-04-23T15:57:44.134+0000] {subprocess.py:93} INFO - 23/04/23 15:57:42 INFO org.apache.spark.SparkEnv: Registering MapOutputTracker
[2023-04-23T15:57:44.135+0000] {subprocess.py:93} INFO - 23/04/23 15:57:42 INFO org.apache.spark.SparkEnv: Registering BlockManagerMaster
[2023-04-23T15:57:44.136+0000] {subprocess.py:93} INFO - 23/04/23 15:57:42 INFO org.apache.spark.SparkEnv: Registering BlockManagerMasterHeartbeat
[2023-04-23T15:57:44.137+0000] {subprocess.py:93} INFO - 23/04/23 15:57:42 INFO org.apache.spark.SparkEnv: Registering OutputCommitCoordinator
[2023-04-23T15:57:44.138+0000] {subprocess.py:93} INFO - 23/04/23 15:57:42 INFO org.sparkproject.jetty.util.log: Logging initialized @4430ms to org.sparkproject.jetty.util.log.Slf4jLog
[2023-04-23T15:57:44.140+0000] {subprocess.py:93} INFO - 23/04/23 15:57:42 INFO org.sparkproject.jetty.server.Server: jetty-9.4.40.v20210413; built: 2021-04-13T20:42:42.668Z; git: b881a572662e1943a14ae12e7e1207989f218b74; jvm 1.8.0_322-b06
[2023-04-23T15:57:44.141+0000] {subprocess.py:93} INFO - 23/04/23 15:57:42 INFO org.sparkproject.jetty.server.Server: Started @4560ms
[2023-04-23T15:57:44.142+0000] {subprocess.py:93} INFO - 23/04/23 15:57:42 INFO org.sparkproject.jetty.server.AbstractConnector: Started ServerConnector@548ee5d8{HTTP/1.1, (http/1.1)}{0.0.0.0:44045}
[2023-04-23T15:57:48.056+0000] {subprocess.py:93} INFO - 23/04/23 15:57:44 INFO com.google.cloud.hadoop.repackaged.gcs.com.google.cloud.hadoop.gcsio.GoogleCloudStorageImpl: Ignoring exception of type GoogleJsonResponseException; verified object already exists with desired state.
[2023-04-23T15:57:55.532+0000] {subprocess.py:93} INFO - 23/04/23 15:57:50 WARN org.apache.spark.sql.catalyst.util.package: Truncated the string representation of a plan since it was too large. This behavior can be adjusted by setting 'spark.sql.debug.maxToStringFields'.
[2023-04-23T15:57:55.533+0000] {subprocess.py:93} INFO - Cleaning the data for the teams_df started
[2023-04-23T15:57:55.535+0000] {subprocess.py:93} INFO - Cleaning the data for the teams_df is successful!
[2023-04-23T15:58:00.859+0000] {subprocess.py:93} INFO - Loading for nfl data to parquet started
[2023-04-23T15:58:00.860+0000] {subprocess.py:93} INFO - 23/04/23 15:57:58 INFO org.apache.hadoop.io.compress.CodecPool: Got brand-new decompressor [.snappy]
[2023-04-23T15:58:00.860+0000] {subprocess.py:93} INFO - 23/04/23 15:57:59 INFO org.apache.parquet.hadoop.codec.CodecConfig: Compression: SNAPPY
[2023-04-23T15:58:00.861+0000] {subprocess.py:93} INFO - 23/04/23 15:57:59 INFO org.apache.parquet.hadoop.codec.CodecConfig: Compression: SNAPPY
[2023-04-23T15:58:00.862+0000] {subprocess.py:93} INFO - 23/04/23 15:57:59 INFO org.apache.parquet.hadoop.codec.CodecConfig: Compression: SNAPPY
[2023-04-23T15:58:00.863+0000] {subprocess.py:93} INFO - 23/04/23 15:57:59 INFO org.apache.parquet.hadoop.codec.CodecConfig: Compression: SNAPPY
[2023-04-23T15:58:00.863+0000] {subprocess.py:93} INFO - 23/04/23 15:57:59 INFO org.apache.parquet.hadoop.codec.CodecConfig: Compression: SNAPPY
[2023-04-23T15:58:00.864+0000] {subprocess.py:93} INFO - 23/04/23 15:57:59 INFO org.apache.parquet.hadoop.codec.CodecConfig: Compression: SNAPPY
[2023-04-23T15:58:00.865+0000] {subprocess.py:93} INFO - 23/04/23 15:57:59 INFO org.apache.parquet.hadoop.codec.CodecConfig: Compression: SNAPPY
[2023-04-23T15:58:00.865+0000] {subprocess.py:93} INFO - 23/04/23 15:57:59 INFO org.apache.parquet.hadoop.codec.CodecConfig: Compression: SNAPPY
[2023-04-23T15:58:00.866+0000] {subprocess.py:93} INFO - 23/04/23 15:57:59 INFO org.apache.parquet.hadoop.ParquetOutputFormat: Parquet block size to 134217728
[2023-04-23T15:58:00.866+0000] {subprocess.py:93} INFO - 23/04/23 15:57:59 INFO org.apache.parquet.hadoop.ParquetOutputFormat: Parquet page size to 1048576
[2023-04-23T15:58:00.867+0000] {subprocess.py:93} INFO - 23/04/23 15:57:59 INFO org.apache.parquet.hadoop.ParquetOutputFormat: Parquet dictionary page size to 1048576
[2023-04-23T15:58:00.867+0000] {subprocess.py:93} INFO - 23/04/23 15:57:59 INFO org.apache.parquet.hadoop.ParquetOutputFormat: Dictionary is on
[2023-04-23T15:58:00.867+0000] {subprocess.py:93} INFO - 23/04/23 15:57:59 INFO org.apache.parquet.hadoop.ParquetOutputFormat: Validation is off
[2023-04-23T15:58:00.869+0000] {subprocess.py:93} INFO - 23/04/23 15:57:59 INFO org.apache.parquet.hadoop.ParquetOutputFormat: Writer version is: PARQUET_1_0
[2023-04-23T15:58:00.869+0000] {subprocess.py:93} INFO - 23/04/23 15:57:59 INFO org.apache.parquet.hadoop.ParquetOutputFormat: Maximum row group padding size is 8388608 bytes
[2023-04-23T15:58:00.870+0000] {subprocess.py:93} INFO - 23/04/23 15:57:59 INFO org.apache.parquet.hadoop.ParquetOutputFormat: Page size checking is: estimated
[2023-04-23T15:58:00.871+0000] {subprocess.py:93} INFO - 23/04/23 15:57:59 INFO org.apache.parquet.hadoop.ParquetOutputFormat: Min row count for page size check is: 100
[2023-04-23T15:58:00.872+0000] {subprocess.py:93} INFO - 23/04/23 15:57:59 INFO org.apache.parquet.hadoop.ParquetOutputFormat: Max row count for page size check is: 10000
[2023-04-23T15:58:00.872+0000] {subprocess.py:93} INFO - 23/04/23 15:57:59 INFO org.apache.parquet.hadoop.ParquetOutputFormat: Parquet block size to 134217728
[2023-04-23T15:58:00.874+0000] {subprocess.py:93} INFO - 23/04/23 15:57:59 INFO org.apache.parquet.hadoop.ParquetOutputFormat: Parquet block size to 134217728
[2023-04-23T15:58:00.875+0000] {subprocess.py:93} INFO - 23/04/23 15:57:59 INFO org.apache.parquet.hadoop.ParquetOutputFormat: Parquet page size to 1048576
[2023-04-23T15:58:00.876+0000] {subprocess.py:93} INFO - 23/04/23 15:57:59 INFO org.apache.parquet.hadoop.ParquetOutputFormat: Parquet dictionary page size to 1048576
[2023-04-23T15:58:00.877+0000] {subprocess.py:93} INFO - 23/04/23 15:57:59 INFO org.apache.parquet.hadoop.ParquetOutputFormat: Dictionary is on
[2023-04-23T15:58:00.878+0000] {subprocess.py:93} INFO - 23/04/23 15:57:59 INFO org.apache.parquet.hadoop.ParquetOutputFormat: Validation is off
[2023-04-23T15:58:00.879+0000] {subprocess.py:93} INFO - 23/04/23 15:57:59 INFO org.apache.parquet.hadoop.ParquetOutputFormat: Writer version is: PARQUET_1_0
[2023-04-23T15:58:00.879+0000] {subprocess.py:93} INFO - 23/04/23 15:57:59 INFO org.apache.parquet.hadoop.ParquetOutputFormat: Maximum row group padding size is 8388608 bytes
[2023-04-23T15:58:00.880+0000] {subprocess.py:93} INFO - 23/04/23 15:57:59 INFO org.apache.parquet.hadoop.ParquetOutputFormat: Page size checking is: estimated
[2023-04-23T15:58:00.880+0000] {subprocess.py:93} INFO - 23/04/23 15:57:59 INFO org.apache.parquet.hadoop.ParquetOutputFormat: Min row count for page size check is: 100
[2023-04-23T15:58:00.881+0000] {subprocess.py:93} INFO - 23/04/23 15:57:59 INFO org.apache.parquet.hadoop.ParquetOutputFormat: Max row count for page size check is: 10000
[2023-04-23T15:58:00.883+0000] {subprocess.py:93} INFO - 23/04/23 15:57:59 INFO org.apache.parquet.hadoop.ParquetOutputFormat: Truncate length for column indexes is: 64
[2023-04-23T15:58:00.884+0000] {subprocess.py:93} INFO - 23/04/23 15:57:59 INFO org.apache.parquet.hadoop.ParquetOutputFormat: Truncate length for statistics min/max  is: 2147483647
[2023-04-23T15:58:00.884+0000] {subprocess.py:93} INFO - 23/04/23 15:57:59 INFO org.apache.parquet.hadoop.ParquetOutputFormat: Page row count limit to 20000
[2023-04-23T15:58:00.886+0000] {subprocess.py:93} INFO - 23/04/23 15:57:59 INFO org.apache.parquet.hadoop.ParquetOutputFormat: Writing page checksums is: on
[2023-04-23T15:58:00.886+0000] {subprocess.py:93} INFO - 23/04/23 15:57:59 INFO org.apache.parquet.hadoop.ParquetOutputFormat: Truncate length for column indexes is: 64
[2023-04-23T15:58:00.887+0000] {subprocess.py:93} INFO - 23/04/23 15:57:59 INFO org.apache.parquet.hadoop.ParquetOutputFormat: Truncate length for statistics min/max  is: 2147483647
[2023-04-23T15:58:00.888+0000] {subprocess.py:93} INFO - 23/04/23 15:57:59 INFO org.apache.parquet.hadoop.ParquetOutputFormat: Page row count limit to 20000
[2023-04-23T15:58:00.888+0000] {subprocess.py:93} INFO - 23/04/23 15:57:59 INFO org.apache.parquet.hadoop.ParquetOutputFormat: Writing page checksums is: on
[2023-04-23T15:58:00.889+0000] {subprocess.py:93} INFO - 23/04/23 15:57:59 INFO org.apache.parquet.hadoop.ParquetOutputFormat: Parquet block size to 134217728
[2023-04-23T15:58:00.890+0000] {subprocess.py:93} INFO - 23/04/23 15:57:59 INFO org.apache.parquet.hadoop.ParquetOutputFormat: Parquet page size to 1048576
[2023-04-23T15:58:00.892+0000] {subprocess.py:93} INFO - 23/04/23 15:57:59 INFO org.apache.parquet.hadoop.ParquetOutputFormat: Parquet page size to 1048576
[2023-04-23T15:58:00.893+0000] {subprocess.py:93} INFO - 23/04/23 15:57:59 INFO org.apache.parquet.hadoop.ParquetOutputFormat: Parquet dictionary page size to 1048576
[2023-04-23T15:58:00.894+0000] {subprocess.py:93} INFO - 23/04/23 15:57:59 INFO org.apache.parquet.hadoop.ParquetOutputFormat: Dictionary is on
[2023-04-23T15:58:00.894+0000] {subprocess.py:93} INFO - 23/04/23 15:57:59 INFO org.apache.parquet.hadoop.ParquetOutputFormat: Validation is off
[2023-04-23T15:58:00.895+0000] {subprocess.py:93} INFO - 23/04/23 15:57:59 INFO org.apache.parquet.hadoop.ParquetOutputFormat: Writer version is: PARQUET_1_0
[2023-04-23T15:58:00.896+0000] {subprocess.py:93} INFO - 23/04/23 15:57:59 INFO org.apache.parquet.hadoop.ParquetOutputFormat: Maximum row group padding size is 8388608 bytes
[2023-04-23T15:58:00.896+0000] {subprocess.py:93} INFO - 23/04/23 15:57:59 INFO org.apache.parquet.hadoop.ParquetOutputFormat: Page size checking is: estimated
[2023-04-23T15:58:00.897+0000] {subprocess.py:93} INFO - 23/04/23 15:57:59 INFO org.apache.parquet.hadoop.ParquetOutputFormat: Min row count for page size check is: 100
[2023-04-23T15:58:00.898+0000] {subprocess.py:93} INFO - 23/04/23 15:57:59 INFO org.apache.parquet.hadoop.ParquetOutputFormat: Max row count for page size check is: 10000
[2023-04-23T15:58:00.899+0000] {subprocess.py:93} INFO - 23/04/23 15:57:59 INFO org.apache.parquet.hadoop.ParquetOutputFormat: Truncate length for column indexes is: 64
[2023-04-23T15:58:00.899+0000] {subprocess.py:93} INFO - 23/04/23 15:57:59 INFO org.apache.parquet.hadoop.ParquetOutputFormat: Truncate length for statistics min/max  is: 2147483647
[2023-04-23T15:58:00.900+0000] {subprocess.py:93} INFO - 23/04/23 15:57:59 INFO org.apache.parquet.hadoop.ParquetOutputFormat: Page row count limit to 20000
[2023-04-23T15:58:00.900+0000] {subprocess.py:93} INFO - 23/04/23 15:57:59 INFO org.apache.parquet.hadoop.ParquetOutputFormat: Writing page checksums is: on
[2023-04-23T15:58:00.901+0000] {subprocess.py:93} INFO - 23/04/23 15:57:59 INFO org.apache.parquet.hadoop.ParquetOutputFormat: Parquet dictionary page size to 1048576
[2023-04-23T15:58:00.902+0000] {subprocess.py:93} INFO - 23/04/23 15:57:59 INFO org.apache.parquet.hadoop.ParquetOutputFormat: Dictionary is on
[2023-04-23T15:58:00.902+0000] {subprocess.py:93} INFO - 23/04/23 15:57:59 INFO org.apache.parquet.hadoop.ParquetOutputFormat: Validation is off
[2023-04-23T15:58:00.903+0000] {subprocess.py:93} INFO - 23/04/23 15:57:59 INFO org.apache.parquet.hadoop.ParquetOutputFormat: Writer version is: PARQUET_1_0
[2023-04-23T15:58:00.904+0000] {subprocess.py:93} INFO - 23/04/23 15:57:59 INFO org.apache.parquet.hadoop.ParquetOutputFormat: Maximum row group padding size is 8388608 bytes
[2023-04-23T15:58:00.905+0000] {subprocess.py:93} INFO - 23/04/23 15:57:59 INFO org.apache.parquet.hadoop.ParquetOutputFormat: Page size checking is: estimated
[2023-04-23T15:58:00.906+0000] {subprocess.py:93} INFO - 23/04/23 15:57:59 INFO org.apache.parquet.hadoop.ParquetOutputFormat: Min row count for page size check is: 100
[2023-04-23T15:58:00.907+0000] {subprocess.py:93} INFO - 23/04/23 15:57:59 INFO org.apache.parquet.hadoop.ParquetOutputFormat: Max row count for page size check is: 10000
[2023-04-23T15:58:00.908+0000] {subprocess.py:93} INFO - 23/04/23 15:57:59 INFO org.apache.parquet.hadoop.ParquetOutputFormat: Truncate length for column indexes is: 64
[2023-04-23T15:58:00.909+0000] {subprocess.py:93} INFO - 23/04/23 15:57:59 INFO org.apache.parquet.hadoop.ParquetOutputFormat: Truncate length for statistics min/max  is: 2147483647
[2023-04-23T15:58:00.911+0000] {subprocess.py:93} INFO - 23/04/23 15:57:59 INFO org.apache.parquet.hadoop.ParquetOutputFormat: Page row count limit to 20000
[2023-04-23T15:58:00.912+0000] {subprocess.py:93} INFO - 23/04/23 15:57:59 INFO org.apache.parquet.hadoop.ParquetOutputFormat: Writing page checksums is: on
[2023-04-23T15:58:00.912+0000] {subprocess.py:93} INFO - 23/04/23 15:57:59 INFO org.apache.hadoop.io.compress.CodecPool: Got brand-new compressor [.snappy]
[2023-04-23T15:58:00.913+0000] {subprocess.py:93} INFO - 23/04/23 15:57:59 INFO org.apache.hadoop.io.compress.CodecPool: Got brand-new compressor [.snappy]
[2023-04-23T15:58:00.913+0000] {subprocess.py:93} INFO - 23/04/23 15:57:59 INFO org.apache.hadoop.io.compress.CodecPool: Got brand-new compressor [.snappy]
[2023-04-23T15:58:00.914+0000] {subprocess.py:93} INFO - 23/04/23 15:57:59 INFO org.apache.hadoop.io.compress.CodecPool: Got brand-new compressor [.snappy]
[2023-04-23T15:58:07.407+0000] {subprocess.py:93} INFO - 23/04/23 15:58:00 INFO com.google.cloud.hadoop.repackaged.gcs.com.google.cloud.hadoop.gcsio.GoogleCloudStorageFileSystem: Successfully repaired 'gs://dataproc-temp-europe-west6-447072446412-ooqjzme9/.spark-bigquery-local-1682265463073-4716d04a-721d-4171-a028-72ea8e3eeb8f/_temporary/0/_temporary/attempt_202304231557588906081378728461060_0010_m_000003_12/' directory.
[2023-04-23T15:58:07.408+0000] {subprocess.py:93} INFO - 23/04/23 15:58:00 INFO com.google.cloud.hadoop.repackaged.gcs.com.google.cloud.hadoop.gcsio.GoogleCloudStorageFileSystem: Successfully repaired 'gs://dataproc-temp-europe-west6-447072446412-ooqjzme9/.spark-bigquery-local-1682265463073-4716d04a-721d-4171-a028-72ea8e3eeb8f/_temporary/0/_temporary/attempt_202304231557584100623452978294463_0010_m_000002_11/' directory.
[2023-04-23T15:58:07.409+0000] {subprocess.py:93} INFO - 23/04/23 15:58:00 INFO com.google.cloud.hadoop.repackaged.gcs.com.google.cloud.hadoop.gcsio.GoogleCloudStorageFileSystem: Successfully repaired 'gs://dataproc-temp-europe-west6-447072446412-ooqjzme9/.spark-bigquery-local-1682265463073-4716d04a-721d-4171-a028-72ea8e3eeb8f/_temporary/0/_temporary/attempt_202304231557583900118255256428482_0010_m_000000_9/' directory.
[2023-04-23T15:58:07.410+0000] {subprocess.py:93} INFO - 23/04/23 15:58:00 INFO com.google.cloud.hadoop.repackaged.gcs.com.google.cloud.hadoop.gcsio.GoogleCloudStorageFileSystem: Successfully repaired 'gs://dataproc-temp-europe-west6-447072446412-ooqjzme9/.spark-bigquery-local-1682265463073-4716d04a-721d-4171-a028-72ea8e3eeb8f/_temporary/0/_temporary/attempt_202304231557586255683968254073533_0010_m_000001_10/' directory.
[2023-04-23T15:58:07.411+0000] {subprocess.py:93} INFO - 23/04/23 15:58:00 INFO com.google.cloud.hadoop.repackaged.gcs.com.google.cloud.hadoop.gcsio.GoogleCloudStorageFileSystem: Successfully repaired 'gs://dataproc-temp-europe-west6-447072446412-ooqjzme9/.spark-bigquery-local-1682265463073-4716d04a-721d-4171-a028-72ea8e3eeb8f/_temporary/0/_temporary/' directory.
[2023-04-23T15:58:07.412+0000] {subprocess.py:93} INFO - 23/04/23 15:58:00 INFO com.google.cloud.hadoop.repackaged.gcs.com.google.cloud.hadoop.gcsio.GoogleCloudStorageImpl: Ignoring exception of type GoogleJsonResponseException; verified object already exists with desired state.
[2023-04-23T15:58:07.412+0000] {subprocess.py:93} INFO - 23/04/23 15:58:00 INFO com.google.cloud.hadoop.repackaged.gcs.com.google.cloud.hadoop.gcsio.GoogleCloudStorageFileSystem: Successfully repaired 'gs://dataproc-temp-europe-west6-447072446412-ooqjzme9/.spark-bigquery-local-1682265463073-4716d04a-721d-4171-a028-72ea8e3eeb8f/_temporary/0/_temporary/' directory.
[2023-04-23T15:58:07.413+0000] {subprocess.py:93} INFO - 23/04/23 15:58:00 INFO com.google.cloud.hadoop.repackaged.gcs.com.google.cloud.hadoop.gcsio.GoogleCloudStorageImpl: Ignoring exception of type GoogleJsonResponseException; verified object already exists with desired state.
[2023-04-23T15:58:07.413+0000] {subprocess.py:93} INFO - 23/04/23 15:58:00 INFO com.google.cloud.hadoop.repackaged.gcs.com.google.cloud.hadoop.gcsio.GoogleCloudStorageFileSystem: Successfully repaired 'gs://dataproc-temp-europe-west6-447072446412-ooqjzme9/.spark-bigquery-local-1682265463073-4716d04a-721d-4171-a028-72ea8e3eeb8f/_temporary/0/_temporary/' directory.
[2023-04-23T15:58:07.414+0000] {subprocess.py:93} INFO - 23/04/23 15:58:00 INFO com.google.cloud.hadoop.repackaged.gcs.com.google.cloud.hadoop.gcsio.GoogleCloudStorageImpl: Ignoring exception of type GoogleJsonResponseException; verified object already exists with desired state.
[2023-04-23T15:58:07.415+0000] {subprocess.py:93} INFO - 23/04/23 15:58:00 INFO com.google.cloud.hadoop.repackaged.gcs.com.google.cloud.hadoop.gcsio.GoogleCloudStorageFileSystem: Successfully repaired 'gs://dataproc-temp-europe-west6-447072446412-ooqjzme9/.spark-bigquery-local-1682265463073-4716d04a-721d-4171-a028-72ea8e3eeb8f/_temporary/0/_temporary/' directory.
[2023-04-23T15:58:07.415+0000] {subprocess.py:93} INFO - 23/04/23 15:58:00 INFO org.apache.parquet.hadoop.codec.CodecConfig: Compression: SNAPPY
[2023-04-23T15:58:07.416+0000] {subprocess.py:93} INFO - 23/04/23 15:58:00 INFO org.apache.parquet.hadoop.codec.CodecConfig: Compression: SNAPPY
[2023-04-23T15:58:07.416+0000] {subprocess.py:93} INFO - 23/04/23 15:58:00 INFO org.apache.parquet.hadoop.ParquetOutputFormat: Parquet block size to 134217728
[2023-04-23T15:58:07.417+0000] {subprocess.py:93} INFO - 23/04/23 15:58:00 INFO org.apache.parquet.hadoop.ParquetOutputFormat: Parquet page size to 1048576
[2023-04-23T15:58:07.418+0000] {subprocess.py:93} INFO - 23/04/23 15:58:00 INFO org.apache.parquet.hadoop.ParquetOutputFormat: Parquet dictionary page size to 1048576
[2023-04-23T15:58:07.419+0000] {subprocess.py:93} INFO - 23/04/23 15:58:00 INFO org.apache.parquet.hadoop.ParquetOutputFormat: Dictionary is on
[2023-04-23T15:58:07.420+0000] {subprocess.py:93} INFO - 23/04/23 15:58:00 INFO org.apache.parquet.hadoop.ParquetOutputFormat: Validation is off
[2023-04-23T15:58:07.421+0000] {subprocess.py:93} INFO - 23/04/23 15:58:00 INFO org.apache.parquet.hadoop.ParquetOutputFormat: Writer version is: PARQUET_1_0
[2023-04-23T15:58:07.421+0000] {subprocess.py:93} INFO - 23/04/23 15:58:00 INFO org.apache.parquet.hadoop.ParquetOutputFormat: Maximum row group padding size is 8388608 bytes
[2023-04-23T15:58:07.422+0000] {subprocess.py:93} INFO - 23/04/23 15:58:00 INFO org.apache.parquet.hadoop.ParquetOutputFormat: Page size checking is: estimated
[2023-04-23T15:58:07.422+0000] {subprocess.py:93} INFO - 23/04/23 15:58:00 INFO org.apache.parquet.hadoop.ParquetOutputFormat: Min row count for page size check is: 100
[2023-04-23T15:58:07.423+0000] {subprocess.py:93} INFO - 23/04/23 15:58:00 INFO org.apache.parquet.hadoop.ParquetOutputFormat: Max row count for page size check is: 10000
[2023-04-23T15:58:07.424+0000] {subprocess.py:93} INFO - 23/04/23 15:58:00 INFO org.apache.parquet.hadoop.ParquetOutputFormat: Truncate length for column indexes is: 64
[2023-04-23T15:58:07.425+0000] {subprocess.py:93} INFO - 23/04/23 15:58:00 INFO org.apache.parquet.hadoop.ParquetOutputFormat: Truncate length for statistics min/max  is: 2147483647
[2023-04-23T15:58:07.426+0000] {subprocess.py:93} INFO - 23/04/23 15:58:00 INFO org.apache.parquet.hadoop.ParquetOutputFormat: Page row count limit to 20000
[2023-04-23T15:58:07.426+0000] {subprocess.py:93} INFO - 23/04/23 15:58:00 INFO org.apache.parquet.hadoop.ParquetOutputFormat: Writing page checksums is: on
[2023-04-23T15:58:07.427+0000] {subprocess.py:93} INFO - 23/04/23 15:58:00 INFO com.google.cloud.hadoop.repackaged.gcs.com.google.cloud.hadoop.gcsio.GoogleCloudStorageFileSystem: Successfully repaired 'gs://dataproc-temp-europe-west6-447072446412-ooqjzme9/.spark-bigquery-local-1682265463073-4716d04a-721d-4171-a028-72ea8e3eeb8f/_temporary/0/_temporary/attempt_20230423155758630691509382637364_0010_m_000004_13/' directory.
[2023-04-23T15:58:07.428+0000] {subprocess.py:93} INFO - 23/04/23 15:58:01 INFO com.google.cloud.hadoop.repackaged.gcs.com.google.cloud.hadoop.gcsio.GoogleCloudStorageFileSystem: Successfully repaired 'gs://dataproc-temp-europe-west6-447072446412-ooqjzme9/.spark-bigquery-local-1682265463073-4716d04a-721d-4171-a028-72ea8e3eeb8f/' directory.
[2023-04-23T15:58:07.428+0000] {subprocess.py:93} INFO - 23/04/23 15:58:01 INFO com.google.cloud.bigquery.connector.common.BigQueryClient: Submitted job LoadJobConfiguration{type=LOAD, destinationTable=GenericData{classInfo=[datasetId, projectId, tableId], {datasetId=nfl_data_all, projectId=nfl-project-de, tableId=teams_2022_2}}, decimalTargetTypes=null, destinationEncryptionConfiguration=null, createDisposition=CREATE_IF_NEEDED, writeDisposition=WRITE_TRUNCATE, formatOptions=ParquetOptions{enableListInference=null, enumAsString=null}, nullMarker=null, maxBadRecords=null, schema=Schema{fields=[Field{name=teamId, type=INTEGER, mode=NULLABLE, description=null, policyTags=null, maxLength=null, scale=null, precision=null, defaultValueExpression=null, collation=null}, Field{name=teamName, type=STRING, mode=NULLABLE, description=null, policyTags=null, maxLength=null, scale=null, precision=null, defaultValueExpression=null, collation=null}, Field{name=teamDisplayName, type=STRING, mode=NULLABLE, description=null, policyTags=null, maxLength=null, scale=null, precision=null, defaultValueExpression=null, collation=null}, Field{name=teamLocation, type=STRING, mode=NULLABLE, description=null, policyTags=null, maxLength=null, scale=null, precision=null, defaultValueExpression=null, collation=null}, Field{name=isActive, type=BOOLEAN, mode=NULLABLE, description=null, policyTags=null, maxLength=null, scale=null, precision=null, defaultValueExpression=null, collation=null}, Field{name=teamLogo, type=STRING, mode=NULLABLE, description=null, policyTags=null, maxLength=null, scale=null, precision=null, defaultValueExpression=null, collation=null}, Field{name=year, type=INTEGER, mode=NULLABLE, description=null, policyTags=null, maxLength=null, scale=null, precision=null, defaultValueExpression=null, collation=null}]}, ignoreUnknownValue=null, sourceUris=[gs://dataproc-temp-europe-west6-447072446412-ooqjzme9/.spark-bigquery-local-1682265463073-4716d04a-721d-4171-a028-72ea8e3eeb8f/part-00002-6e2d21a0-396f-4d22-a3f8-9fafda6c4ca4-c000.snappy.parquet, gs://dataproc-temp-europe-west6-447072446412-ooqjzme9/.spark-bigquery-local-1682265463073-4716d04a-721d-4171-a028-72ea8e3eeb8f/part-00000-6e2d21a0-396f-4d22-a3f8-9fafda6c4ca4-c000.snappy.parquet, gs://dataproc-temp-europe-west6-447072446412-ooqjzme9/.spark-bigquery-local-1682265463073-4716d04a-721d-4171-a028-72ea8e3eeb8f/part-00004-6e2d21a0-396f-4d22-a3f8-9fafda6c4ca4-c000.snappy.parquet, gs://dataproc-temp-europe-west6-447072446412-ooqjzme9/.spark-bigquery-local-1682265463073-4716d04a-721d-4171-a028-72ea8e3eeb8f/part-00001-6e2d21a0-396f-4d22-a3f8-9fafda6c4ca4-c000.snappy.parquet, gs://dataproc-temp-europe-west6-447072446412-ooqjzme9/.spark-bigquery-local-1682265463073-4716d04a-721d-4171-a028-72ea8e3eeb8f/part-00003-6e2d21a0-396f-4d22-a3f8-9fafda6c4ca4-c000.snappy.parquet], schemaUpdateOptions=null, autodetect=null, timePartitioning=null, clustering=null, useAvroLogicalTypes=null, labels=null, jobTimeoutMs=null, rangePartitioning=null, hivePartitioningOptions=null, referenceFileSchemaUri=null, connectionProperties=null, createSession=null}. jobId: JobId{project=nfl-project-de, job=1b78a7cd-7aa1-4390-bc11-d478e2120d2d, location=europe-west6}
[2023-04-23T15:58:07.429+0000] {subprocess.py:93} INFO - 23/04/23 15:58:03 INFO com.google.cloud.bigquery.connector.common.BigQueryClient: Done loading to nfl-project-de.nfl_data_all.teams_2022_2. jobId: JobId{project=nfl-project-de, job=1b78a7cd-7aa1-4390-bc11-d478e2120d2d, location=europe-west6}
[2023-04-23T15:58:07.429+0000] {subprocess.py:93} INFO - 23/04/23 15:58:04 INFO org.apache.parquet.hadoop.codec.CodecConfig: Compression: SNAPPY
[2023-04-23T15:58:07.430+0000] {subprocess.py:93} INFO - 23/04/23 15:58:04 INFO org.apache.parquet.hadoop.codec.CodecConfig: Compression: SNAPPY
[2023-04-23T15:58:07.432+0000] {subprocess.py:93} INFO - 23/04/23 15:58:04 INFO org.apache.parquet.hadoop.ParquetOutputFormat: Parquet block size to 134217728
[2023-04-23T15:58:07.433+0000] {subprocess.py:93} INFO - 23/04/23 15:58:04 INFO org.apache.parquet.hadoop.ParquetOutputFormat: Parquet page size to 1048576
[2023-04-23T15:58:07.434+0000] {subprocess.py:93} INFO - 23/04/23 15:58:04 INFO org.apache.parquet.hadoop.ParquetOutputFormat: Parquet dictionary page size to 1048576
[2023-04-23T15:58:07.435+0000] {subprocess.py:93} INFO - 23/04/23 15:58:04 INFO org.apache.parquet.hadoop.ParquetOutputFormat: Dictionary is on
[2023-04-23T15:58:07.436+0000] {subprocess.py:93} INFO - 23/04/23 15:58:04 INFO org.apache.parquet.hadoop.ParquetOutputFormat: Validation is off
[2023-04-23T15:58:07.436+0000] {subprocess.py:93} INFO - 23/04/23 15:58:04 INFO org.apache.parquet.hadoop.ParquetOutputFormat: Writer version is: PARQUET_1_0
[2023-04-23T15:58:07.437+0000] {subprocess.py:93} INFO - 23/04/23 15:58:04 INFO org.apache.parquet.hadoop.ParquetOutputFormat: Maximum row group padding size is 8388608 bytes
[2023-04-23T15:58:07.437+0000] {subprocess.py:93} INFO - 23/04/23 15:58:04 INFO org.apache.parquet.hadoop.ParquetOutputFormat: Page size checking is: estimated
[2023-04-23T15:58:07.438+0000] {subprocess.py:93} INFO - 23/04/23 15:58:04 INFO org.apache.parquet.hadoop.ParquetOutputFormat: Min row count for page size check is: 100
[2023-04-23T15:58:07.439+0000] {subprocess.py:93} INFO - 23/04/23 15:58:04 INFO org.apache.parquet.hadoop.ParquetOutputFormat: Max row count for page size check is: 10000
[2023-04-23T15:58:07.440+0000] {subprocess.py:93} INFO - 23/04/23 15:58:04 INFO org.apache.parquet.hadoop.ParquetOutputFormat: Truncate length for column indexes is: 64
[2023-04-23T15:58:07.441+0000] {subprocess.py:93} INFO - 23/04/23 15:58:04 INFO org.apache.parquet.hadoop.ParquetOutputFormat: Truncate length for statistics min/max  is: 2147483647
[2023-04-23T15:58:07.441+0000] {subprocess.py:93} INFO - 23/04/23 15:58:04 INFO org.apache.parquet.hadoop.ParquetOutputFormat: Page row count limit to 20000
[2023-04-23T15:58:07.442+0000] {subprocess.py:93} INFO - 23/04/23 15:58:04 INFO org.apache.parquet.hadoop.ParquetOutputFormat: Writing page checksums is: on
[2023-04-23T15:58:07.442+0000] {subprocess.py:93} INFO - 23/04/23 15:58:04 INFO com.google.cloud.hadoop.repackaged.gcs.com.google.cloud.hadoop.gcsio.GoogleCloudStorageFileSystem: Successfully repaired 'gs://dataproc-temp-europe-west6-447072446412-ooqjzme9/.spark-bigquery-local-1682265463073-69ec155d-feac-4d11-8ec8-8d5f2bf8051b/_temporary/0/_temporary/attempt_20230423155804282308756021102067_0011_m_000000_14/' directory.
[2023-04-23T15:58:07.443+0000] {subprocess.py:93} INFO - 23/04/23 15:58:04 INFO com.google.cloud.hadoop.repackaged.gcs.com.google.cloud.hadoop.gcsio.GoogleCloudStorageFileSystem: Successfully repaired 'gs://dataproc-temp-europe-west6-447072446412-ooqjzme9/.spark-bigquery-local-1682265463073-69ec155d-feac-4d11-8ec8-8d5f2bf8051b/_temporary/0/_temporary/' directory.
[2023-04-23T15:58:07.443+0000] {subprocess.py:93} INFO - 23/04/23 15:58:05 INFO com.google.cloud.hadoop.repackaged.gcs.com.google.cloud.hadoop.gcsio.GoogleCloudStorageFileSystem: Successfully repaired 'gs://dataproc-temp-europe-west6-447072446412-ooqjzme9/.spark-bigquery-local-1682265463073-69ec155d-feac-4d11-8ec8-8d5f2bf8051b/' directory.
[2023-04-23T15:58:07.444+0000] {subprocess.py:93} INFO - 23/04/23 15:58:05 INFO com.google.cloud.bigquery.connector.common.BigQueryClient: Submitted job LoadJobConfiguration{type=LOAD, destinationTable=GenericData{classInfo=[datasetId, projectId, tableId], {datasetId=nfl_data_all, projectId=nfl-project-de, tableId=leaders_2022_2}}, decimalTargetTypes=null, destinationEncryptionConfiguration=null, createDisposition=CREATE_IF_NEEDED, writeDisposition=WRITE_TRUNCATE, formatOptions=ParquetOptions{enableListInference=null, enumAsString=null}, nullMarker=null, maxBadRecords=null, schema=Schema{fields=[Field{name=athleteId, type=INTEGER, mode=NULLABLE, description=null, policyTags=null, maxLength=null, scale=null, precision=null, defaultValueExpression=null, collation=null}, Field{name=leaderDisplayValue, type=STRING, mode=NULLABLE, description=null, policyTags=null, maxLength=null, scale=null, precision=null, defaultValueExpression=null, collation=null}, Field{name=leaderValue, type=FLOAT, mode=NULLABLE, description=null, policyTags=null, maxLength=null, scale=null, precision=null, defaultValueExpression=null, collation=null}, Field{name=statName, type=STRING, mode=NULLABLE, description=null, policyTags=null, maxLength=null, scale=null, precision=null, defaultValueExpression=null, collation=null}, Field{name=leaderShortDisplayName, type=STRING, mode=NULLABLE, description=null, policyTags=null, maxLength=null, scale=null, precision=null, defaultValueExpression=null, collation=null}, Field{name=year, type=INTEGER, mode=NULLABLE, description=null, policyTags=null, maxLength=null, scale=null, precision=null, defaultValueExpression=null, collation=null}, Field{name=seasonType, type=INTEGER, mode=NULLABLE, description=null, policyTags=null, maxLength=null, scale=null, precision=null, defaultValueExpression=null, collation=null}]}, ignoreUnknownValue=null, sourceUris=[gs://dataproc-temp-europe-west6-447072446412-ooqjzme9/.spark-bigquery-local-1682265463073-69ec155d-feac-4d11-8ec8-8d5f2bf8051b/part-00000-e6ed45b7-ca65-4365-964c-cc0a19dc80c6-c000.snappy.parquet], schemaUpdateOptions=null, autodetect=null, timePartitioning=null, clustering=null, useAvroLogicalTypes=null, labels=null, jobTimeoutMs=null, rangePartitioning=null, hivePartitioningOptions=null, referenceFileSchemaUri=null, connectionProperties=null, createSession=null}. jobId: JobId{project=nfl-project-de, job=b7546cbb-7e24-48ff-96fe-b89e433cff0f, location=europe-west6}
[2023-04-23T15:58:07.837+0000] {local_task_job.py:276} WARNING - State of this instance has been externally set to restarting. Terminating instance.
[2023-04-23T15:58:07.847+0000] {process_utils.py:129} INFO - Sending Signals.SIGTERM to group 10994. PIDs of all processes in the group: [10995, 10994]
[2023-04-23T15:58:07.848+0000] {process_utils.py:84} INFO - Sending the signal Signals.SIGTERM to group 10994
[2023-04-23T15:58:07.848+0000] {taskinstance.py:1488} ERROR - Received SIGTERM. Terminating subprocesses.
[2023-04-23T15:58:07.862+0000] {taskinstance.py:1776} ERROR - Task failed with exception
Traceback (most recent call last):
  File "/home/airflow/.local/lib/python3.9/site-packages/airflow/decorators/base.py", line 217, in execute
    return_value = super().execute(context)
  File "/home/airflow/.local/lib/python3.9/site-packages/airflow/operators/python.py", line 175, in execute
    return_value = self.execute_callable()
  File "/home/airflow/.local/lib/python3.9/site-packages/airflow/operators/python.py", line 192, in execute_callable
    return self.python_callable(*self.op_args, **self.op_kwargs)
  File "/opt/airflow/dags/data_ingestion.py", line 231, in task_pyspark
    operator.execute(context={})
  File "/home/airflow/.local/lib/python3.9/site-packages/airflow/operators/bash.py", line 187, in execute
    result = self.subprocess_hook.run_command(
  File "/home/airflow/.local/lib/python3.9/site-packages/airflow/hooks/subprocess.py", line 91, in run_command
    for raw_line in iter(self.sub_process.stdout.readline, b""):
  File "/home/airflow/.local/lib/python3.9/site-packages/airflow/models/taskinstance.py", line 1490, in signal_handler
    raise AirflowException("Task received SIGTERM signal")
airflow.exceptions.AirflowException: Task received SIGTERM signal
[2023-04-23T15:58:07.884+0000] {taskinstance.py:1327} INFO - Marking task as UP_FOR_RETRY. dag_id=nfl_transformation_dag, task_id=task_pyspark, execution_date=20230411T000000, start_date=20230423T155727, end_date=20230423T155807
[2023-04-23T15:58:07.908+0000] {standard_task_runner.py:100} ERROR - Failed to execute job 1214 for task task_pyspark (Task received SIGTERM signal; 10994)
[2023-04-23T15:58:07.941+0000] {process_utils.py:79} INFO - Process psutil.Process(pid=10994, status='terminated', exitcode=1, started='15:57:26') (10994) terminated with exit code 1
[2023-04-23T15:58:10.473+0000] {process_utils.py:79} INFO - Process psutil.Process(pid=10995, status='terminated', started='15:57:26') (10995) terminated with exit code None
