[2023-04-12T13:24:19.485+0000] {taskinstance.py:1090} INFO - Dependencies all met for dep_context=non-requeueable deps ti=<TaskInstance: nfl_transformation_dag.task_pyspark scheduled__2023-04-11T00:00:00+00:00 [queued]>
[2023-04-12T13:24:19.508+0000] {taskinstance.py:1090} INFO - Dependencies all met for dep_context=requeueable deps ti=<TaskInstance: nfl_transformation_dag.task_pyspark scheduled__2023-04-11T00:00:00+00:00 [queued]>
[2023-04-12T13:24:19.509+0000] {taskinstance.py:1288} INFO - 
--------------------------------------------------------------------------------
[2023-04-12T13:24:19.510+0000] {taskinstance.py:1289} INFO - Starting attempt 18 of 19
[2023-04-12T13:24:19.511+0000] {taskinstance.py:1290} INFO - 
--------------------------------------------------------------------------------
[2023-04-12T13:24:19.543+0000] {taskinstance.py:1309} INFO - Executing <Task(_PythonDecoratedOperator): task_pyspark> on 2023-04-11 00:00:00+00:00
[2023-04-12T13:24:19.547+0000] {taskinstance.py:1080} INFO - Dependencies not met for <TaskInstance: nfl_transformation_dag.task_pyspark scheduled__2023-04-11T00:00:00+00:00 [running]>, dependency 'Task Instance Not Running' FAILED: Task is in the running state
[2023-04-12T13:24:19.551+0000] {taskinstance.py:1080} INFO - Dependencies not met for <TaskInstance: nfl_transformation_dag.task_pyspark scheduled__2023-04-11T00:00:00+00:00 [running]>, dependency 'Task Instance State' FAILED: Task is in the 'running' state.
[2023-04-12T13:24:19.572+0000] {local_task_job.py:151} INFO - Task is not able to be run
[2023-04-12T13:24:19.564+0000] {standard_task_runner.py:55} INFO - Started process 9415 to run task
[2023-04-12T13:24:19.594+0000] {standard_task_runner.py:82} INFO - Running: ['***', 'tasks', 'run', 'nfl_transformation_dag', 'task_pyspark', 'scheduled__2023-04-11T00:00:00+00:00', '--job-id', '950', '--pool', 'default_pool', '--raw', '--subdir', 'DAGS_FOLDER/data_ingestion.py', '--cfg-path', '/tmp/tmp6emenftp']
[2023-04-12T13:24:19.610+0000] {standard_task_runner.py:83} INFO - Job 950: Subtask task_pyspark
[2023-04-12T13:24:19.723+0000] {task_command.py:389} INFO - Running <TaskInstance: nfl_transformation_dag.task_pyspark scheduled__2023-04-11T00:00:00+00:00 [running]> on host a2e619923d04
[2023-04-12T13:24:19.819+0000] {taskinstance.py:1516} INFO - Exporting the following env vars:
AIRFLOW_CTX_DAG_OWNER=***
AIRFLOW_CTX_DAG_ID=nfl_transformation_dag
AIRFLOW_CTX_TASK_ID=task_pyspark
AIRFLOW_CTX_EXECUTION_DATE=2023-04-11T00:00:00+00:00
AIRFLOW_CTX_TRY_NUMBER=18
AIRFLOW_CTX_DAG_RUN_ID=scheduled__2023-04-11T00:00:00+00:00
[2023-04-12T13:24:19.825+0000] {subprocess.py:63} INFO - Tmp dir root location: 
 /tmp
[2023-04-12T13:24:19.838+0000] {subprocess.py:75} INFO - Running command: ['/bin/bash', '-c', 'gcloud dataproc jobs submit pyspark                 --cluster=nfl-spark-cluster                 --region=europe-west6                 --jars=gs://spark-lib/bigquery/spark-bigquery-with-dependencies_2.12-0.30.0.jar                gs://nfl-data-lake_nfl-de-project/code/transform_pyspark.py                 --                     --year=2020                     --season_type=2 ']
[2023-04-12T13:24:19.859+0000] {subprocess.py:86} INFO - Output:
[2023-04-12T13:24:25.703+0000] {subprocess.py:93} INFO - Job [5e9efb38aec841ad9c4a6515d84313de] submitted.
[2023-04-12T13:24:25.705+0000] {subprocess.py:93} INFO - Waiting for job output...
[2023-04-12T13:24:36.044+0000] {subprocess.py:93} INFO - 23/04/12 13:24:35 INFO org.apache.spark.SparkEnv: Registering MapOutputTracker
[2023-04-12T13:24:36.045+0000] {subprocess.py:93} INFO - 23/04/12 13:24:35 INFO org.apache.spark.SparkEnv: Registering BlockManagerMaster
[2023-04-12T13:24:36.046+0000] {subprocess.py:93} INFO - 23/04/12 13:24:35 INFO org.apache.spark.SparkEnv: Registering BlockManagerMasterHeartbeat
[2023-04-12T13:24:36.047+0000] {subprocess.py:93} INFO - 23/04/12 13:24:35 INFO org.apache.spark.SparkEnv: Registering OutputCommitCoordinator
[2023-04-12T13:24:36.048+0000] {subprocess.py:93} INFO - 23/04/12 13:24:35 INFO org.sparkproject.jetty.util.log: Logging initialized @4224ms to org.sparkproject.jetty.util.log.Slf4jLog
[2023-04-12T13:24:36.048+0000] {subprocess.py:93} INFO - 23/04/12 13:24:35 INFO org.sparkproject.jetty.server.Server: jetty-9.4.40.v20210413; built: 2021-04-13T20:42:42.668Z; git: b881a572662e1943a14ae12e7e1207989f218b74; jvm 1.8.0_322-b06
[2023-04-12T13:24:36.049+0000] {subprocess.py:93} INFO - 23/04/12 13:24:35 INFO org.sparkproject.jetty.server.Server: Started @4360ms
[2023-04-12T13:24:36.049+0000] {subprocess.py:93} INFO - 23/04/12 13:24:36 INFO org.sparkproject.jetty.server.AbstractConnector: Started ServerConnector@2eaea08d{HTTP/1.1, (http/1.1)}{0.0.0.0:35075}
[2023-04-12T13:24:38.601+0000] {subprocess.py:93} INFO - 23/04/12 13:24:37 INFO com.google.cloud.hadoop.repackaged.gcs.com.google.cloud.hadoop.gcsio.GoogleCloudStorageImpl: Ignoring exception of type GoogleJsonResponseException; verified object already exists with desired state.
[2023-04-12T13:24:43.320+0000] {subprocess.py:93} INFO - 23/04/12 13:24:43 WARN org.apache.spark.sql.catalyst.util.package: Truncated the string representation of a plan since it was too large. This behavior can be adjusted by setting 'spark.sql.debug.maxToStringFields'.
[2023-04-12T13:24:43.321+0000] {subprocess.py:93} INFO - Cleaning the data for the teams_df started
[2023-04-12T13:24:43.321+0000] {subprocess.py:93} INFO - Cleaning the data for the teams_df is successful!
[2023-04-12T13:24:47.986+0000] {subprocess.py:93} INFO - Loading for nfl data to parquet started
[2023-04-12T13:24:51.280+0000] {subprocess.py:93} INFO - 23/04/12 13:24:50 INFO org.apache.hadoop.io.compress.CodecPool: Got brand-new decompressor [.snappy]
[2023-04-12T13:24:56.003+0000] {subprocess.py:93} INFO - 23/04/12 13:24:51 INFO org.apache.parquet.hadoop.codec.CodecConfig: Compression: SNAPPY
[2023-04-12T13:24:56.004+0000] {subprocess.py:93} INFO - 23/04/12 13:24:51 INFO org.apache.parquet.hadoop.codec.CodecConfig: Compression: SNAPPY
[2023-04-12T13:24:56.005+0000] {subprocess.py:93} INFO - 23/04/12 13:24:51 INFO org.apache.parquet.hadoop.codec.CodecConfig: Compression: SNAPPY
[2023-04-12T13:24:56.006+0000] {subprocess.py:93} INFO - 23/04/12 13:24:51 INFO org.apache.parquet.hadoop.codec.CodecConfig: Compression: SNAPPY
[2023-04-12T13:24:56.007+0000] {subprocess.py:93} INFO - 23/04/12 13:24:51 INFO org.apache.parquet.hadoop.codec.CodecConfig: Compression: SNAPPY
[2023-04-12T13:24:56.009+0000] {subprocess.py:93} INFO - 23/04/12 13:24:51 INFO org.apache.parquet.hadoop.codec.CodecConfig: Compression: SNAPPY
[2023-04-12T13:24:56.009+0000] {subprocess.py:93} INFO - 23/04/12 13:24:51 INFO org.apache.parquet.hadoop.codec.CodecConfig: Compression: SNAPPY
[2023-04-12T13:24:56.010+0000] {subprocess.py:93} INFO - 23/04/12 13:24:51 INFO org.apache.parquet.hadoop.codec.CodecConfig: Compression: SNAPPY
[2023-04-12T13:24:56.011+0000] {subprocess.py:93} INFO - 23/04/12 13:24:51 INFO org.apache.parquet.hadoop.ParquetOutputFormat: Parquet block size to 134217728
[2023-04-12T13:24:56.012+0000] {subprocess.py:93} INFO - 23/04/12 13:24:51 INFO org.apache.parquet.hadoop.ParquetOutputFormat: Parquet block size to 134217728
[2023-04-12T13:24:56.014+0000] {subprocess.py:93} INFO - 23/04/12 13:24:51 INFO org.apache.parquet.hadoop.ParquetOutputFormat: Parquet block size to 134217728
[2023-04-12T13:24:56.015+0000] {subprocess.py:93} INFO - 23/04/12 13:24:51 INFO org.apache.parquet.hadoop.ParquetOutputFormat: Parquet page size to 1048576
[2023-04-12T13:24:56.016+0000] {subprocess.py:93} INFO - 23/04/12 13:24:51 INFO org.apache.parquet.hadoop.ParquetOutputFormat: Parquet dictionary page size to 1048576
[2023-04-12T13:24:56.017+0000] {subprocess.py:93} INFO - 23/04/12 13:24:51 INFO org.apache.parquet.hadoop.ParquetOutputFormat: Dictionary is on
[2023-04-12T13:24:56.018+0000] {subprocess.py:93} INFO - 23/04/12 13:24:51 INFO org.apache.parquet.hadoop.ParquetOutputFormat: Validation is off
[2023-04-12T13:24:56.018+0000] {subprocess.py:93} INFO - 23/04/12 13:24:51 INFO org.apache.parquet.hadoop.ParquetOutputFormat: Writer version is: PARQUET_1_0
[2023-04-12T13:24:56.019+0000] {subprocess.py:93} INFO - 23/04/12 13:24:51 INFO org.apache.parquet.hadoop.ParquetOutputFormat: Maximum row group padding size is 8388608 bytes
[2023-04-12T13:24:56.021+0000] {subprocess.py:93} INFO - 23/04/12 13:24:51 INFO org.apache.parquet.hadoop.ParquetOutputFormat: Page size checking is: estimated
[2023-04-12T13:24:56.022+0000] {subprocess.py:93} INFO - 23/04/12 13:24:51 INFO org.apache.parquet.hadoop.ParquetOutputFormat: Min row count for page size check is: 100
[2023-04-12T13:24:56.022+0000] {subprocess.py:93} INFO - 23/04/12 13:24:51 INFO org.apache.parquet.hadoop.ParquetOutputFormat: Max row count for page size check is: 10000
[2023-04-12T13:24:56.023+0000] {subprocess.py:93} INFO - 23/04/12 13:24:51 INFO org.apache.parquet.hadoop.ParquetOutputFormat: Truncate length for column indexes is: 64
[2023-04-12T13:24:56.024+0000] {subprocess.py:93} INFO - 23/04/12 13:24:51 INFO org.apache.parquet.hadoop.ParquetOutputFormat: Truncate length for statistics min/max  is: 2147483647
[2023-04-12T13:24:56.024+0000] {subprocess.py:93} INFO - 23/04/12 13:24:51 INFO org.apache.parquet.hadoop.ParquetOutputFormat: Page row count limit to 20000
[2023-04-12T13:24:56.025+0000] {subprocess.py:93} INFO - 23/04/12 13:24:51 INFO org.apache.parquet.hadoop.ParquetOutputFormat: Writing page checksums is: on
[2023-04-12T13:24:56.025+0000] {subprocess.py:93} INFO - 23/04/12 13:24:51 INFO org.apache.parquet.hadoop.ParquetOutputFormat: Parquet page size to 1048576
[2023-04-12T13:24:56.027+0000] {subprocess.py:93} INFO - 23/04/12 13:24:51 INFO org.apache.parquet.hadoop.ParquetOutputFormat: Parquet dictionary page size to 1048576
[2023-04-12T13:24:56.028+0000] {subprocess.py:93} INFO - 23/04/12 13:24:51 INFO org.apache.parquet.hadoop.ParquetOutputFormat: Dictionary is on
[2023-04-12T13:24:56.029+0000] {subprocess.py:93} INFO - 23/04/12 13:24:51 INFO org.apache.parquet.hadoop.ParquetOutputFormat: Validation is off
[2023-04-12T13:24:56.030+0000] {subprocess.py:93} INFO - 23/04/12 13:24:51 INFO org.apache.parquet.hadoop.ParquetOutputFormat: Writer version is: PARQUET_1_0
[2023-04-12T13:24:56.031+0000] {subprocess.py:93} INFO - 23/04/12 13:24:51 INFO org.apache.parquet.hadoop.ParquetOutputFormat: Maximum row group padding size is 8388608 bytes
[2023-04-12T13:24:56.032+0000] {subprocess.py:93} INFO - 23/04/12 13:24:51 INFO org.apache.parquet.hadoop.ParquetOutputFormat: Page size checking is: estimated
[2023-04-12T13:24:56.034+0000] {subprocess.py:93} INFO - 23/04/12 13:24:51 INFO org.apache.parquet.hadoop.ParquetOutputFormat: Min row count for page size check is: 100
[2023-04-12T13:24:56.035+0000] {subprocess.py:93} INFO - 23/04/12 13:24:51 INFO org.apache.parquet.hadoop.ParquetOutputFormat: Max row count for page size check is: 10000
[2023-04-12T13:24:56.036+0000] {subprocess.py:93} INFO - 23/04/12 13:24:51 INFO org.apache.parquet.hadoop.ParquetOutputFormat: Truncate length for column indexes is: 64
[2023-04-12T13:24:56.038+0000] {subprocess.py:93} INFO - 23/04/12 13:24:51 INFO org.apache.parquet.hadoop.ParquetOutputFormat: Truncate length for statistics min/max  is: 2147483647
[2023-04-12T13:24:56.039+0000] {subprocess.py:93} INFO - 23/04/12 13:24:51 INFO org.apache.parquet.hadoop.ParquetOutputFormat: Page row count limit to 20000
[2023-04-12T13:24:56.040+0000] {subprocess.py:93} INFO - 23/04/12 13:24:51 INFO org.apache.parquet.hadoop.ParquetOutputFormat: Writing page checksums is: on
[2023-04-12T13:24:56.041+0000] {subprocess.py:93} INFO - 23/04/12 13:24:51 INFO org.apache.parquet.hadoop.ParquetOutputFormat: Parquet block size to 134217728
[2023-04-12T13:24:56.042+0000] {subprocess.py:93} INFO - 23/04/12 13:24:51 INFO org.apache.parquet.hadoop.ParquetOutputFormat: Parquet page size to 1048576
[2023-04-12T13:24:56.042+0000] {subprocess.py:93} INFO - 23/04/12 13:24:51 INFO org.apache.parquet.hadoop.ParquetOutputFormat: Parquet dictionary page size to 1048576
[2023-04-12T13:24:56.043+0000] {subprocess.py:93} INFO - 23/04/12 13:24:51 INFO org.apache.parquet.hadoop.ParquetOutputFormat: Dictionary is on
[2023-04-12T13:24:56.044+0000] {subprocess.py:93} INFO - 23/04/12 13:24:51 INFO org.apache.parquet.hadoop.ParquetOutputFormat: Validation is off
[2023-04-12T13:24:56.045+0000] {subprocess.py:93} INFO - 23/04/12 13:24:51 INFO org.apache.parquet.hadoop.ParquetOutputFormat: Writer version is: PARQUET_1_0
[2023-04-12T13:24:56.046+0000] {subprocess.py:93} INFO - 23/04/12 13:24:51 INFO org.apache.parquet.hadoop.ParquetOutputFormat: Maximum row group padding size is 8388608 bytes
[2023-04-12T13:24:56.046+0000] {subprocess.py:93} INFO - 23/04/12 13:24:51 INFO org.apache.parquet.hadoop.ParquetOutputFormat: Page size checking is: estimated
[2023-04-12T13:24:56.048+0000] {subprocess.py:93} INFO - 23/04/12 13:24:51 INFO org.apache.parquet.hadoop.ParquetOutputFormat: Min row count for page size check is: 100
[2023-04-12T13:24:56.048+0000] {subprocess.py:93} INFO - 23/04/12 13:24:51 INFO org.apache.parquet.hadoop.ParquetOutputFormat: Max row count for page size check is: 10000
[2023-04-12T13:24:56.049+0000] {subprocess.py:93} INFO - 23/04/12 13:24:51 INFO org.apache.parquet.hadoop.ParquetOutputFormat: Truncate length for column indexes is: 64
[2023-04-12T13:24:56.049+0000] {subprocess.py:93} INFO - 23/04/12 13:24:51 INFO org.apache.parquet.hadoop.ParquetOutputFormat: Truncate length for statistics min/max  is: 2147483647
[2023-04-12T13:24:56.050+0000] {subprocess.py:93} INFO - 23/04/12 13:24:51 INFO org.apache.parquet.hadoop.ParquetOutputFormat: Page row count limit to 20000
[2023-04-12T13:24:56.050+0000] {subprocess.py:93} INFO - 23/04/12 13:24:51 INFO org.apache.parquet.hadoop.ParquetOutputFormat: Writing page checksums is: on
[2023-04-12T13:24:56.051+0000] {subprocess.py:93} INFO - 23/04/12 13:24:51 INFO org.apache.parquet.hadoop.ParquetOutputFormat: Parquet page size to 1048576
[2023-04-12T13:24:56.051+0000] {subprocess.py:93} INFO - 23/04/12 13:24:51 INFO org.apache.parquet.hadoop.ParquetOutputFormat: Parquet dictionary page size to 1048576
[2023-04-12T13:24:56.052+0000] {subprocess.py:93} INFO - 23/04/12 13:24:51 INFO org.apache.parquet.hadoop.ParquetOutputFormat: Dictionary is on
[2023-04-12T13:24:56.052+0000] {subprocess.py:93} INFO - 23/04/12 13:24:51 INFO org.apache.parquet.hadoop.ParquetOutputFormat: Validation is off
[2023-04-12T13:24:56.052+0000] {subprocess.py:93} INFO - 23/04/12 13:24:51 INFO org.apache.parquet.hadoop.ParquetOutputFormat: Writer version is: PARQUET_1_0
[2023-04-12T13:24:56.053+0000] {subprocess.py:93} INFO - 23/04/12 13:24:51 INFO org.apache.parquet.hadoop.ParquetOutputFormat: Maximum row group padding size is 8388608 bytes
[2023-04-12T13:24:56.054+0000] {subprocess.py:93} INFO - 23/04/12 13:24:51 INFO org.apache.parquet.hadoop.ParquetOutputFormat: Page size checking is: estimated
[2023-04-12T13:24:56.055+0000] {subprocess.py:93} INFO - 23/04/12 13:24:51 INFO org.apache.parquet.hadoop.ParquetOutputFormat: Min row count for page size check is: 100
[2023-04-12T13:24:56.056+0000] {subprocess.py:93} INFO - 23/04/12 13:24:51 INFO org.apache.parquet.hadoop.ParquetOutputFormat: Max row count for page size check is: 10000
[2023-04-12T13:24:56.057+0000] {subprocess.py:93} INFO - 23/04/12 13:24:51 INFO org.apache.parquet.hadoop.ParquetOutputFormat: Truncate length for column indexes is: 64
[2023-04-12T13:24:56.058+0000] {subprocess.py:93} INFO - 23/04/12 13:24:51 INFO org.apache.parquet.hadoop.ParquetOutputFormat: Truncate length for statistics min/max  is: 2147483647
[2023-04-12T13:24:56.059+0000] {subprocess.py:93} INFO - 23/04/12 13:24:51 INFO org.apache.parquet.hadoop.ParquetOutputFormat: Page row count limit to 20000
[2023-04-12T13:24:56.059+0000] {subprocess.py:93} INFO - 23/04/12 13:24:51 INFO org.apache.parquet.hadoop.ParquetOutputFormat: Writing page checksums is: on
[2023-04-12T13:24:56.060+0000] {subprocess.py:93} INFO - 23/04/12 13:24:51 INFO org.apache.hadoop.io.compress.CodecPool: Got brand-new compressor [.snappy]
[2023-04-12T13:24:56.061+0000] {subprocess.py:93} INFO - 23/04/12 13:24:51 INFO org.apache.hadoop.io.compress.CodecPool: Got brand-new compressor [.snappy]
[2023-04-12T13:24:56.062+0000] {subprocess.py:93} INFO - 23/04/12 13:24:51 INFO org.apache.hadoop.io.compress.CodecPool: Got brand-new compressor [.snappy]
[2023-04-12T13:24:56.063+0000] {subprocess.py:93} INFO - 23/04/12 13:24:51 INFO org.apache.hadoop.io.compress.CodecPool: Got brand-new compressor [.snappy]
[2023-04-12T13:24:56.063+0000] {subprocess.py:93} INFO - 23/04/12 13:24:52 INFO com.google.cloud.hadoop.repackaged.gcs.com.google.cloud.hadoop.gcsio.GoogleCloudStorageFileSystem: Successfully repaired 'gs://dataproc-temp-europe-west6-834475897757-zf5hpybi/.spark-bigquery-local-1681305876207-f2aa6daa-bb36-4353-84aa-59a7b446fd76/_temporary/0/_temporary/attempt_202304121324509037461596243408904_0010_m_000002_11/' directory.
[2023-04-12T13:24:56.064+0000] {subprocess.py:93} INFO - 23/04/12 13:24:52 INFO com.google.cloud.hadoop.repackaged.gcs.com.google.cloud.hadoop.gcsio.GoogleCloudStorageFileSystem: Successfully repaired 'gs://dataproc-temp-europe-west6-834475897757-zf5hpybi/.spark-bigquery-local-1681305876207-f2aa6daa-bb36-4353-84aa-59a7b446fd76/_temporary/0/_temporary/attempt_202304121324505845949177356728341_0010_m_000001_10/' directory.
[2023-04-12T13:24:56.064+0000] {subprocess.py:93} INFO - 23/04/12 13:24:52 INFO com.google.cloud.hadoop.repackaged.gcs.com.google.cloud.hadoop.gcsio.GoogleCloudStorageFileSystem: Successfully repaired 'gs://dataproc-temp-europe-west6-834475897757-zf5hpybi/.spark-bigquery-local-1681305876207-f2aa6daa-bb36-4353-84aa-59a7b446fd76/_temporary/0/_temporary/attempt_202304121324507180414594286433085_0010_m_000000_9/' directory.
[2023-04-12T13:24:56.065+0000] {subprocess.py:93} INFO - 23/04/12 13:24:52 INFO com.google.cloud.hadoop.repackaged.gcs.com.google.cloud.hadoop.gcsio.GoogleCloudStorageFileSystem: Successfully repaired 'gs://dataproc-temp-europe-west6-834475897757-zf5hpybi/.spark-bigquery-local-1681305876207-f2aa6daa-bb36-4353-84aa-59a7b446fd76/_temporary/0/_temporary/attempt_202304121324506773664337246681852_0010_m_000003_12/' directory.
[2023-04-12T13:24:56.065+0000] {subprocess.py:93} INFO - 23/04/12 13:24:52 INFO com.google.cloud.hadoop.repackaged.gcs.com.google.cloud.hadoop.gcsio.GoogleCloudStorageFileSystem: Successfully repaired 'gs://dataproc-temp-europe-west6-834475897757-zf5hpybi/.spark-bigquery-local-1681305876207-f2aa6daa-bb36-4353-84aa-59a7b446fd76/_temporary/0/_temporary/' directory.
[2023-04-12T13:24:56.066+0000] {subprocess.py:93} INFO - 23/04/12 13:24:52 INFO com.google.cloud.hadoop.repackaged.gcs.com.google.cloud.hadoop.gcsio.GoogleCloudStorageImpl: Ignoring exception of type GoogleJsonResponseException; verified object already exists with desired state.
[2023-04-12T13:24:56.066+0000] {subprocess.py:93} INFO - 23/04/12 13:24:52 INFO com.google.cloud.hadoop.repackaged.gcs.com.google.cloud.hadoop.gcsio.GoogleCloudStorageFileSystem: Successfully repaired 'gs://dataproc-temp-europe-west6-834475897757-zf5hpybi/.spark-bigquery-local-1681305876207-f2aa6daa-bb36-4353-84aa-59a7b446fd76/_temporary/0/_temporary/' directory.
[2023-04-12T13:24:56.067+0000] {subprocess.py:93} INFO - 23/04/12 13:24:52 INFO com.google.cloud.hadoop.repackaged.gcs.com.google.cloud.hadoop.gcsio.GoogleCloudStorageImpl: Ignoring exception of type GoogleJsonResponseException; verified object already exists with desired state.
[2023-04-12T13:24:56.067+0000] {subprocess.py:93} INFO - 23/04/12 13:24:52 INFO com.google.cloud.hadoop.repackaged.gcs.com.google.cloud.hadoop.gcsio.GoogleCloudStorageFileSystem: Successfully repaired 'gs://dataproc-temp-europe-west6-834475897757-zf5hpybi/.spark-bigquery-local-1681305876207-f2aa6daa-bb36-4353-84aa-59a7b446fd76/_temporary/0/_temporary/' directory.
[2023-04-12T13:24:56.067+0000] {subprocess.py:93} INFO - 23/04/12 13:24:52 INFO com.google.cloud.hadoop.repackaged.gcs.com.google.cloud.hadoop.gcsio.GoogleCloudStorageImpl: Ignoring exception of type GoogleJsonResponseException; verified object already exists with desired state.
[2023-04-12T13:24:56.068+0000] {subprocess.py:93} INFO - 23/04/12 13:24:52 INFO com.google.cloud.hadoop.repackaged.gcs.com.google.cloud.hadoop.gcsio.GoogleCloudStorageFileSystem: Successfully repaired 'gs://dataproc-temp-europe-west6-834475897757-zf5hpybi/.spark-bigquery-local-1681305876207-f2aa6daa-bb36-4353-84aa-59a7b446fd76/_temporary/0/_temporary/' directory.
[2023-04-12T13:24:56.069+0000] {subprocess.py:93} INFO - 23/04/12 13:24:52 INFO org.apache.parquet.hadoop.codec.CodecConfig: Compression: SNAPPY
[2023-04-12T13:24:56.070+0000] {subprocess.py:93} INFO - 23/04/12 13:24:52 INFO org.apache.parquet.hadoop.codec.CodecConfig: Compression: SNAPPY
[2023-04-12T13:24:56.071+0000] {subprocess.py:93} INFO - 23/04/12 13:24:52 INFO org.apache.parquet.hadoop.ParquetOutputFormat: Parquet block size to 134217728
[2023-04-12T13:24:56.071+0000] {subprocess.py:93} INFO - 23/04/12 13:24:52 INFO org.apache.parquet.hadoop.ParquetOutputFormat: Parquet page size to 1048576
[2023-04-12T13:24:56.072+0000] {subprocess.py:93} INFO - 23/04/12 13:24:52 INFO org.apache.parquet.hadoop.ParquetOutputFormat: Parquet dictionary page size to 1048576
[2023-04-12T13:24:56.072+0000] {subprocess.py:93} INFO - 23/04/12 13:24:52 INFO org.apache.parquet.hadoop.ParquetOutputFormat: Dictionary is on
[2023-04-12T13:24:56.072+0000] {subprocess.py:93} INFO - 23/04/12 13:24:52 INFO org.apache.parquet.hadoop.ParquetOutputFormat: Validation is off
[2023-04-12T13:24:56.073+0000] {subprocess.py:93} INFO - 23/04/12 13:24:52 INFO org.apache.parquet.hadoop.ParquetOutputFormat: Writer version is: PARQUET_1_0
[2023-04-12T13:24:56.073+0000] {subprocess.py:93} INFO - 23/04/12 13:24:52 INFO org.apache.parquet.hadoop.ParquetOutputFormat: Maximum row group padding size is 8388608 bytes
[2023-04-12T13:24:56.074+0000] {subprocess.py:93} INFO - 23/04/12 13:24:52 INFO org.apache.parquet.hadoop.ParquetOutputFormat: Page size checking is: estimated
[2023-04-12T13:24:56.074+0000] {subprocess.py:93} INFO - 23/04/12 13:24:52 INFO org.apache.parquet.hadoop.ParquetOutputFormat: Min row count for page size check is: 100
[2023-04-12T13:24:56.075+0000] {subprocess.py:93} INFO - 23/04/12 13:24:52 INFO org.apache.parquet.hadoop.ParquetOutputFormat: Max row count for page size check is: 10000
[2023-04-12T13:24:56.075+0000] {subprocess.py:93} INFO - 23/04/12 13:24:52 INFO org.apache.parquet.hadoop.ParquetOutputFormat: Truncate length for column indexes is: 64
[2023-04-12T13:24:56.076+0000] {subprocess.py:93} INFO - 23/04/12 13:24:52 INFO org.apache.parquet.hadoop.ParquetOutputFormat: Truncate length for statistics min/max  is: 2147483647
[2023-04-12T13:24:56.077+0000] {subprocess.py:93} INFO - 23/04/12 13:24:52 INFO org.apache.parquet.hadoop.ParquetOutputFormat: Page row count limit to 20000
[2023-04-12T13:24:56.078+0000] {subprocess.py:93} INFO - 23/04/12 13:24:52 INFO org.apache.parquet.hadoop.ParquetOutputFormat: Writing page checksums is: on
[2023-04-12T13:24:56.078+0000] {subprocess.py:93} INFO - 23/04/12 13:24:52 INFO com.google.cloud.hadoop.repackaged.gcs.com.google.cloud.hadoop.gcsio.GoogleCloudStorageFileSystem: Successfully repaired 'gs://dataproc-temp-europe-west6-834475897757-zf5hpybi/.spark-bigquery-local-1681305876207-f2aa6daa-bb36-4353-84aa-59a7b446fd76/_temporary/0/_temporary/attempt_202304121324501925023144156180908_0010_m_000004_13/' directory.
[2023-04-12T13:24:56.079+0000] {subprocess.py:93} INFO - 23/04/12 13:24:52 INFO com.google.cloud.hadoop.repackaged.gcs.com.google.cloud.hadoop.gcsio.GoogleCloudStorageFileSystem: Successfully repaired 'gs://dataproc-temp-europe-west6-834475897757-zf5hpybi/.spark-bigquery-local-1681305876207-f2aa6daa-bb36-4353-84aa-59a7b446fd76/' directory.
[2023-04-12T13:24:56.079+0000] {subprocess.py:93} INFO - 23/04/12 13:24:53 INFO com.google.cloud.bigquery.connector.common.BigQueryClient: Submitted job LoadJobConfiguration{type=LOAD, destinationTable=GenericData{classInfo=[datasetId, projectId, tableId], {datasetId=nfl_data_all, projectId=nfl-de-project, tableId=teams_2020_2}}, decimalTargetTypes=null, destinationEncryptionConfiguration=null, createDisposition=CREATE_IF_NEEDED, writeDisposition=WRITE_APPEND, formatOptions=ParquetOptions{enableListInference=null, enumAsString=null}, nullMarker=null, maxBadRecords=null, schema=Schema{fields=[Field{name=location, type=STRING, mode=NULLABLE, description=null, policyTags=null, maxLength=null, scale=null, precision=null, defaultValueExpression=null, collation=null}, Field{name=name, type=STRING, mode=NULLABLE, description=null, policyTags=null, maxLength=null, scale=null, precision=null, defaultValueExpression=null, collation=null}, Field{name=displayName, type=STRING, mode=NULLABLE, description=null, policyTags=null, maxLength=null, scale=null, precision=null, defaultValueExpression=null, collation=null}, Field{name=shortDisplayName, type=STRING, mode=NULLABLE, description=null, policyTags=null, maxLength=null, scale=null, precision=null, defaultValueExpression=null, collation=null}, Field{name=isActive, type=STRING, mode=NULLABLE, description=null, policyTags=null, maxLength=null, scale=null, precision=null, defaultValueExpression=null, collation=null}, Field{name=isAllStar, type=STRING, mode=NULLABLE, description=null, policyTags=null, maxLength=null, scale=null, precision=null, defaultValueExpression=null, collation=null}, Field{name=logo, type=STRING, mode=NULLABLE, description=null, policyTags=null, maxLength=null, scale=null, precision=null, defaultValueExpression=null, collation=null}, Field{name=teamId, type=INTEGER, mode=NULLABLE, description=null, policyTags=null, maxLength=null, scale=null, precision=null, defaultValueExpression=null, collation=null}]}, ignoreUnknownValue=null, sourceUris=[gs://dataproc-temp-europe-west6-834475897757-zf5hpybi/.spark-bigquery-local-1681305876207-f2aa6daa-bb36-4353-84aa-59a7b446fd76/part-00000-7a551de4-1591-4bc9-a2a2-7fd1e11f9115-c000.snappy.parquet, gs://dataproc-temp-europe-west6-834475897757-zf5hpybi/.spark-bigquery-local-1681305876207-f2aa6daa-bb36-4353-84aa-59a7b446fd76/part-00002-7a551de4-1591-4bc9-a2a2-7fd1e11f9115-c000.snappy.parquet, gs://dataproc-temp-europe-west6-834475897757-zf5hpybi/.spark-bigquery-local-1681305876207-f2aa6daa-bb36-4353-84aa-59a7b446fd76/part-00004-7a551de4-1591-4bc9-a2a2-7fd1e11f9115-c000.snappy.parquet, gs://dataproc-temp-europe-west6-834475897757-zf5hpybi/.spark-bigquery-local-1681305876207-f2aa6daa-bb36-4353-84aa-59a7b446fd76/part-00001-7a551de4-1591-4bc9-a2a2-7fd1e11f9115-c000.snappy.parquet, gs://dataproc-temp-europe-west6-834475897757-zf5hpybi/.spark-bigquery-local-1681305876207-f2aa6daa-bb36-4353-84aa-59a7b446fd76/part-00003-7a551de4-1591-4bc9-a2a2-7fd1e11f9115-c000.snappy.parquet], schemaUpdateOptions=null, autodetect=null, timePartitioning=null, clustering=null, useAvroLogicalTypes=null, labels=null, jobTimeoutMs=null, rangePartitioning=null, hivePartitioningOptions=null, referenceFileSchemaUri=null, connectionProperties=null, createSession=null}. jobId: JobId{project=nfl-de-project, job=66979c51-0d2c-4281-99f7-b384388b1d27, location=europe-west6}
[2023-04-12T13:24:58.857+0000] {subprocess.py:93} INFO - 23/04/12 13:24:56 INFO com.google.cloud.bigquery.connector.common.BigQueryClient: Done loading to nfl-de-project.nfl_data_all.teams_2020_2. jobId: JobId{project=nfl-de-project, job=66979c51-0d2c-4281-99f7-b384388b1d27, location=europe-west6}
[2023-04-12T13:24:58.858+0000] {subprocess.py:93} INFO - 23/04/12 13:24:57 INFO org.apache.parquet.hadoop.codec.CodecConfig: Compression: SNAPPY
[2023-04-12T13:24:58.858+0000] {subprocess.py:93} INFO - 23/04/12 13:24:57 INFO org.apache.parquet.hadoop.codec.CodecConfig: Compression: SNAPPY
[2023-04-12T13:24:58.859+0000] {subprocess.py:93} INFO - 23/04/12 13:24:57 INFO org.apache.parquet.hadoop.ParquetOutputFormat: Parquet block size to 134217728
[2023-04-12T13:24:58.859+0000] {subprocess.py:93} INFO - 23/04/12 13:24:57 INFO org.apache.parquet.hadoop.ParquetOutputFormat: Parquet page size to 1048576
[2023-04-12T13:24:58.860+0000] {subprocess.py:93} INFO - 23/04/12 13:24:57 INFO org.apache.parquet.hadoop.ParquetOutputFormat: Parquet dictionary page size to 1048576
[2023-04-12T13:24:58.861+0000] {subprocess.py:93} INFO - 23/04/12 13:24:57 INFO org.apache.parquet.hadoop.ParquetOutputFormat: Dictionary is on
[2023-04-12T13:24:58.861+0000] {subprocess.py:93} INFO - 23/04/12 13:24:57 INFO org.apache.parquet.hadoop.ParquetOutputFormat: Validation is off
[2023-04-12T13:24:58.862+0000] {subprocess.py:93} INFO - 23/04/12 13:24:57 INFO org.apache.parquet.hadoop.ParquetOutputFormat: Writer version is: PARQUET_1_0
[2023-04-12T13:24:58.863+0000] {subprocess.py:93} INFO - 23/04/12 13:24:57 INFO org.apache.parquet.hadoop.ParquetOutputFormat: Maximum row group padding size is 8388608 bytes
[2023-04-12T13:24:58.864+0000] {subprocess.py:93} INFO - 23/04/12 13:24:57 INFO org.apache.parquet.hadoop.ParquetOutputFormat: Page size checking is: estimated
[2023-04-12T13:24:58.865+0000] {subprocess.py:93} INFO - 23/04/12 13:24:57 INFO org.apache.parquet.hadoop.ParquetOutputFormat: Min row count for page size check is: 100
[2023-04-12T13:24:58.866+0000] {subprocess.py:93} INFO - 23/04/12 13:24:57 INFO org.apache.parquet.hadoop.ParquetOutputFormat: Max row count for page size check is: 10000
[2023-04-12T13:24:58.866+0000] {subprocess.py:93} INFO - 23/04/12 13:24:57 INFO org.apache.parquet.hadoop.ParquetOutputFormat: Truncate length for column indexes is: 64
[2023-04-12T13:24:58.868+0000] {subprocess.py:93} INFO - 23/04/12 13:24:57 INFO org.apache.parquet.hadoop.ParquetOutputFormat: Truncate length for statistics min/max  is: 2147483647
[2023-04-12T13:24:58.870+0000] {subprocess.py:93} INFO - 23/04/12 13:24:57 INFO org.apache.parquet.hadoop.ParquetOutputFormat: Page row count limit to 20000
[2023-04-12T13:24:58.871+0000] {subprocess.py:93} INFO - 23/04/12 13:24:57 INFO org.apache.parquet.hadoop.ParquetOutputFormat: Writing page checksums is: on
[2023-04-12T13:24:58.871+0000] {subprocess.py:93} INFO - 23/04/12 13:24:57 INFO org.apache.parquet.hadoop.codec.CodecConfig: Compression: SNAPPY
[2023-04-12T13:24:58.872+0000] {subprocess.py:93} INFO - 23/04/12 13:24:57 INFO org.apache.parquet.hadoop.codec.CodecConfig: Compression: SNAPPY
[2023-04-12T13:24:58.873+0000] {subprocess.py:93} INFO - 23/04/12 13:24:57 INFO org.apache.parquet.hadoop.ParquetOutputFormat: Parquet block size to 134217728
[2023-04-12T13:24:58.874+0000] {subprocess.py:93} INFO - 23/04/12 13:24:57 INFO org.apache.parquet.hadoop.ParquetOutputFormat: Parquet page size to 1048576
[2023-04-12T13:24:58.875+0000] {subprocess.py:93} INFO - 23/04/12 13:24:57 INFO org.apache.parquet.hadoop.ParquetOutputFormat: Parquet dictionary page size to 1048576
[2023-04-12T13:24:58.876+0000] {subprocess.py:93} INFO - 23/04/12 13:24:57 INFO org.apache.parquet.hadoop.ParquetOutputFormat: Dictionary is on
[2023-04-12T13:24:58.877+0000] {subprocess.py:93} INFO - 23/04/12 13:24:57 INFO org.apache.parquet.hadoop.ParquetOutputFormat: Validation is off
[2023-04-12T13:24:58.878+0000] {subprocess.py:93} INFO - 23/04/12 13:24:57 INFO org.apache.parquet.hadoop.ParquetOutputFormat: Writer version is: PARQUET_1_0
[2023-04-12T13:24:58.879+0000] {subprocess.py:93} INFO - 23/04/12 13:24:57 INFO org.apache.parquet.hadoop.ParquetOutputFormat: Maximum row group padding size is 8388608 bytes
[2023-04-12T13:24:58.879+0000] {subprocess.py:93} INFO - 23/04/12 13:24:57 INFO org.apache.parquet.hadoop.ParquetOutputFormat: Page size checking is: estimated
[2023-04-12T13:24:58.880+0000] {subprocess.py:93} INFO - 23/04/12 13:24:57 INFO org.apache.parquet.hadoop.ParquetOutputFormat: Min row count for page size check is: 100
[2023-04-12T13:24:58.881+0000] {subprocess.py:93} INFO - 23/04/12 13:24:57 INFO org.apache.parquet.hadoop.ParquetOutputFormat: Max row count for page size check is: 10000
[2023-04-12T13:24:58.881+0000] {subprocess.py:93} INFO - 23/04/12 13:24:57 INFO org.apache.parquet.hadoop.ParquetOutputFormat: Truncate length for column indexes is: 64
[2023-04-12T13:24:58.882+0000] {subprocess.py:93} INFO - 23/04/12 13:24:57 INFO org.apache.parquet.hadoop.ParquetOutputFormat: Truncate length for statistics min/max  is: 2147483647
[2023-04-12T13:24:58.882+0000] {subprocess.py:93} INFO - 23/04/12 13:24:57 INFO org.apache.parquet.hadoop.ParquetOutputFormat: Page row count limit to 20000
[2023-04-12T13:24:58.883+0000] {subprocess.py:93} INFO - 23/04/12 13:24:57 INFO org.apache.parquet.hadoop.ParquetOutputFormat: Writing page checksums is: on
[2023-04-12T13:24:58.884+0000] {subprocess.py:93} INFO - 23/04/12 13:24:57 INFO org.apache.parquet.hadoop.codec.CodecConfig: Compression: SNAPPY
[2023-04-12T13:24:58.885+0000] {subprocess.py:93} INFO - 23/04/12 13:24:57 INFO org.apache.parquet.hadoop.codec.CodecConfig: Compression: SNAPPY
[2023-04-12T13:24:58.886+0000] {subprocess.py:93} INFO - 23/04/12 13:24:57 INFO org.apache.parquet.hadoop.ParquetOutputFormat: Parquet block size to 134217728
[2023-04-12T13:24:58.886+0000] {subprocess.py:93} INFO - 23/04/12 13:24:57 INFO org.apache.parquet.hadoop.ParquetOutputFormat: Parquet page size to 1048576
[2023-04-12T13:24:58.887+0000] {subprocess.py:93} INFO - 23/04/12 13:24:57 INFO org.apache.parquet.hadoop.ParquetOutputFormat: Parquet dictionary page size to 1048576
[2023-04-12T13:24:58.888+0000] {subprocess.py:93} INFO - 23/04/12 13:24:57 INFO org.apache.parquet.hadoop.ParquetOutputFormat: Dictionary is on
[2023-04-12T13:24:58.889+0000] {subprocess.py:93} INFO - 23/04/12 13:24:57 INFO org.apache.parquet.hadoop.ParquetOutputFormat: Validation is off
[2023-04-12T13:24:58.889+0000] {subprocess.py:93} INFO - 23/04/12 13:24:57 INFO org.apache.parquet.hadoop.ParquetOutputFormat: Writer version is: PARQUET_1_0
[2023-04-12T13:24:58.890+0000] {subprocess.py:93} INFO - 23/04/12 13:24:57 INFO org.apache.parquet.hadoop.ParquetOutputFormat: Maximum row group padding size is 8388608 bytes
[2023-04-12T13:24:58.891+0000] {subprocess.py:93} INFO - 23/04/12 13:24:57 INFO org.apache.parquet.hadoop.ParquetOutputFormat: Page size checking is: estimated
[2023-04-12T13:24:58.892+0000] {subprocess.py:93} INFO - 23/04/12 13:24:57 INFO org.apache.parquet.hadoop.ParquetOutputFormat: Min row count for page size check is: 100
[2023-04-12T13:24:58.893+0000] {subprocess.py:93} INFO - 23/04/12 13:24:57 INFO org.apache.parquet.hadoop.ParquetOutputFormat: Max row count for page size check is: 10000
[2023-04-12T13:24:58.894+0000] {subprocess.py:93} INFO - 23/04/12 13:24:57 INFO org.apache.parquet.hadoop.ParquetOutputFormat: Truncate length for column indexes is: 64
[2023-04-12T13:24:58.895+0000] {subprocess.py:93} INFO - 23/04/12 13:24:57 INFO org.apache.parquet.hadoop.ParquetOutputFormat: Truncate length for statistics min/max  is: 2147483647
[2023-04-12T13:24:58.895+0000] {subprocess.py:93} INFO - 23/04/12 13:24:57 INFO org.apache.parquet.hadoop.ParquetOutputFormat: Page row count limit to 20000
[2023-04-12T13:24:58.896+0000] {subprocess.py:93} INFO - 23/04/12 13:24:57 INFO org.apache.parquet.hadoop.ParquetOutputFormat: Writing page checksums is: on
[2023-04-12T13:24:58.897+0000] {subprocess.py:93} INFO - 23/04/12 13:24:57 INFO org.apache.parquet.hadoop.codec.CodecConfig: Compression: SNAPPY
[2023-04-12T13:24:58.898+0000] {subprocess.py:93} INFO - 23/04/12 13:24:57 INFO org.apache.parquet.hadoop.codec.CodecConfig: Compression: SNAPPY
[2023-04-12T13:24:58.899+0000] {subprocess.py:93} INFO - 23/04/12 13:24:57 INFO org.apache.parquet.hadoop.ParquetOutputFormat: Parquet block size to 134217728
[2023-04-12T13:24:58.901+0000] {subprocess.py:93} INFO - 23/04/12 13:24:57 INFO org.apache.parquet.hadoop.ParquetOutputFormat: Parquet page size to 1048576
[2023-04-12T13:24:58.902+0000] {subprocess.py:93} INFO - 23/04/12 13:24:57 INFO org.apache.parquet.hadoop.ParquetOutputFormat: Parquet dictionary page size to 1048576
[2023-04-12T13:24:58.903+0000] {subprocess.py:93} INFO - 23/04/12 13:24:57 INFO org.apache.parquet.hadoop.ParquetOutputFormat: Dictionary is on
[2023-04-12T13:24:58.905+0000] {subprocess.py:93} INFO - 23/04/12 13:24:57 INFO org.apache.parquet.hadoop.ParquetOutputFormat: Validation is off
[2023-04-12T13:24:58.906+0000] {subprocess.py:93} INFO - 23/04/12 13:24:57 INFO org.apache.parquet.hadoop.ParquetOutputFormat: Writer version is: PARQUET_1_0
[2023-04-12T13:24:58.907+0000] {subprocess.py:93} INFO - 23/04/12 13:24:57 INFO org.apache.parquet.hadoop.ParquetOutputFormat: Maximum row group padding size is 8388608 bytes
[2023-04-12T13:24:58.908+0000] {subprocess.py:93} INFO - 23/04/12 13:24:57 INFO org.apache.parquet.hadoop.ParquetOutputFormat: Page size checking is: estimated
[2023-04-12T13:24:58.909+0000] {subprocess.py:93} INFO - 23/04/12 13:24:57 INFO org.apache.parquet.hadoop.ParquetOutputFormat: Min row count for page size check is: 100
[2023-04-12T13:24:58.910+0000] {subprocess.py:93} INFO - 23/04/12 13:24:57 INFO org.apache.parquet.hadoop.ParquetOutputFormat: Max row count for page size check is: 10000
[2023-04-12T13:24:58.911+0000] {subprocess.py:93} INFO - 23/04/12 13:24:57 INFO org.apache.parquet.hadoop.ParquetOutputFormat: Truncate length for column indexes is: 64
[2023-04-12T13:24:58.913+0000] {subprocess.py:93} INFO - 23/04/12 13:24:57 INFO org.apache.parquet.hadoop.ParquetOutputFormat: Truncate length for statistics min/max  is: 2147483647
[2023-04-12T13:24:58.913+0000] {subprocess.py:93} INFO - 23/04/12 13:24:57 INFO org.apache.parquet.hadoop.ParquetOutputFormat: Page row count limit to 20000
[2023-04-12T13:24:58.914+0000] {subprocess.py:93} INFO - 23/04/12 13:24:57 INFO org.apache.parquet.hadoop.ParquetOutputFormat: Writing page checksums is: on
[2023-04-12T13:24:58.915+0000] {subprocess.py:93} INFO - 23/04/12 13:24:58 INFO com.google.cloud.hadoop.repackaged.gcs.com.google.cloud.hadoop.gcsio.GoogleCloudStorageFileSystem: Successfully repaired 'gs://dataproc-temp-europe-west6-834475897757-zf5hpybi/.spark-bigquery-local-1681305876207-d92622c0-3f0b-4ec5-b00e-1ecd05931cc9/_temporary/0/_temporary/attempt_202304121324574604452162292043838_0014_m_000000_16/' directory.
[2023-04-12T13:24:58.916+0000] {subprocess.py:93} INFO - 23/04/12 13:24:58 INFO com.google.cloud.hadoop.repackaged.gcs.com.google.cloud.hadoop.gcsio.GoogleCloudStorageFileSystem: Successfully repaired 'gs://dataproc-temp-europe-west6-834475897757-zf5hpybi/.spark-bigquery-local-1681305876207-d92622c0-3f0b-4ec5-b00e-1ecd05931cc9/_temporary/0/_temporary/attempt_202304121324578384604347962911474_0014_m_000003_19/' directory.
[2023-04-12T13:24:58.918+0000] {subprocess.py:93} INFO - 23/04/12 13:24:58 INFO com.google.cloud.hadoop.repackaged.gcs.com.google.cloud.hadoop.gcsio.GoogleCloudStorageFileSystem: Successfully repaired 'gs://dataproc-temp-europe-west6-834475897757-zf5hpybi/.spark-bigquery-local-1681305876207-d92622c0-3f0b-4ec5-b00e-1ecd05931cc9/_temporary/0/_temporary/attempt_202304121324578071086887838153205_0014_m_000001_17/' directory.
[2023-04-12T13:24:58.919+0000] {subprocess.py:93} INFO - 23/04/12 13:24:58 INFO com.google.cloud.hadoop.repackaged.gcs.com.google.cloud.hadoop.gcsio.GoogleCloudStorageFileSystem: Successfully repaired 'gs://dataproc-temp-europe-west6-834475897757-zf5hpybi/.spark-bigquery-local-1681305876207-d92622c0-3f0b-4ec5-b00e-1ecd05931cc9/_temporary/0/_temporary/' directory.
[2023-04-12T13:24:58.920+0000] {subprocess.py:93} INFO - 23/04/12 13:24:58 INFO com.google.cloud.hadoop.repackaged.gcs.com.google.cloud.hadoop.gcsio.GoogleCloudStorageFileSystem: Successfully repaired 'gs://dataproc-temp-europe-west6-834475897757-zf5hpybi/.spark-bigquery-local-1681305876207-d92622c0-3f0b-4ec5-b00e-1ecd05931cc9/_temporary/0/_temporary/attempt_202304121324571238850121637306563_0014_m_000002_18/' directory.
[2023-04-12T13:24:58.921+0000] {subprocess.py:93} INFO - 23/04/12 13:24:58 INFO org.apache.parquet.hadoop.codec.CodecConfig: Compression: SNAPPY
[2023-04-12T13:24:58.922+0000] {subprocess.py:93} INFO - 23/04/12 13:24:58 INFO org.apache.parquet.hadoop.codec.CodecConfig: Compression: SNAPPY
[2023-04-12T13:24:58.922+0000] {subprocess.py:93} INFO - 23/04/12 13:24:58 INFO org.apache.parquet.hadoop.ParquetOutputFormat: Parquet block size to 134217728
[2023-04-12T13:24:58.924+0000] {subprocess.py:93} INFO - 23/04/12 13:24:58 INFO org.apache.parquet.hadoop.ParquetOutputFormat: Parquet page size to 1048576
[2023-04-12T13:24:58.924+0000] {subprocess.py:93} INFO - 23/04/12 13:24:58 INFO org.apache.parquet.hadoop.ParquetOutputFormat: Parquet dictionary page size to 1048576
[2023-04-12T13:24:58.926+0000] {subprocess.py:93} INFO - 23/04/12 13:24:58 INFO org.apache.parquet.hadoop.ParquetOutputFormat: Dictionary is on
[2023-04-12T13:24:58.927+0000] {subprocess.py:93} INFO - 23/04/12 13:24:58 INFO org.apache.parquet.hadoop.ParquetOutputFormat: Validation is off
[2023-04-12T13:24:58.928+0000] {subprocess.py:93} INFO - 23/04/12 13:24:58 INFO org.apache.parquet.hadoop.ParquetOutputFormat: Writer version is: PARQUET_1_0
[2023-04-12T13:24:58.928+0000] {subprocess.py:93} INFO - 23/04/12 13:24:58 INFO org.apache.parquet.hadoop.ParquetOutputFormat: Maximum row group padding size is 8388608 bytes
[2023-04-12T13:24:58.929+0000] {subprocess.py:93} INFO - 23/04/12 13:24:58 INFO org.apache.parquet.hadoop.ParquetOutputFormat: Page size checking is: estimated
[2023-04-12T13:24:58.929+0000] {subprocess.py:93} INFO - 23/04/12 13:24:58 INFO org.apache.parquet.hadoop.ParquetOutputFormat: Min row count for page size check is: 100
[2023-04-12T13:24:58.930+0000] {subprocess.py:93} INFO - 23/04/12 13:24:58 INFO org.apache.parquet.hadoop.ParquetOutputFormat: Max row count for page size check is: 10000
[2023-04-12T13:24:58.931+0000] {subprocess.py:93} INFO - 23/04/12 13:24:58 INFO org.apache.parquet.hadoop.ParquetOutputFormat: Truncate length for column indexes is: 64
[2023-04-12T13:24:58.931+0000] {subprocess.py:93} INFO - 23/04/12 13:24:58 INFO org.apache.parquet.hadoop.ParquetOutputFormat: Truncate length for statistics min/max  is: 2147483647
[2023-04-12T13:24:58.932+0000] {subprocess.py:93} INFO - 23/04/12 13:24:58 INFO org.apache.parquet.hadoop.ParquetOutputFormat: Page row count limit to 20000
[2023-04-12T13:24:58.934+0000] {subprocess.py:93} INFO - 23/04/12 13:24:58 INFO org.apache.parquet.hadoop.ParquetOutputFormat: Writing page checksums is: on
[2023-04-12T13:24:58.934+0000] {subprocess.py:93} INFO - 23/04/12 13:24:58 INFO com.google.cloud.hadoop.repackaged.gcs.com.google.cloud.hadoop.gcsio.GoogleCloudStorageImpl: Ignoring exception of type GoogleJsonResponseException; verified object already exists with desired state.
[2023-04-12T13:24:58.935+0000] {subprocess.py:93} INFO - 23/04/12 13:24:58 INFO com.google.cloud.hadoop.repackaged.gcs.com.google.cloud.hadoop.gcsio.GoogleCloudStorageFileSystem: Successfully repaired 'gs://dataproc-temp-europe-west6-834475897757-zf5hpybi/.spark-bigquery-local-1681305876207-d92622c0-3f0b-4ec5-b00e-1ecd05931cc9/_temporary/0/_temporary/' directory.
[2023-04-12T13:24:58.936+0000] {subprocess.py:93} INFO - 23/04/12 13:24:59 INFO com.google.cloud.hadoop.repackaged.gcs.com.google.cloud.hadoop.gcsio.GoogleCloudStorageFileSystem: Successfully repaired 'gs://dataproc-temp-europe-west6-834475897757-zf5hpybi/.spark-bigquery-local-1681305876207-d92622c0-3f0b-4ec5-b00e-1ecd05931cc9/_temporary/0/_temporary/attempt_202304121324575879937181494534611_0014_m_000004_20/' directory.
[2023-04-12T13:25:01.775+0000] {subprocess.py:93} INFO - 23/04/12 13:24:59 INFO com.google.cloud.hadoop.repackaged.gcs.com.google.cloud.hadoop.gcsio.GoogleCloudStorageFileSystem: Successfully repaired 'gs://dataproc-temp-europe-west6-834475897757-zf5hpybi/.spark-bigquery-local-1681305876207-d92622c0-3f0b-4ec5-b00e-1ecd05931cc9/' directory.
[2023-04-12T13:25:01.777+0000] {subprocess.py:93} INFO - 23/04/12 13:24:59 INFO com.google.cloud.bigquery.connector.common.BigQueryClient: Submitted job LoadJobConfiguration{type=LOAD, destinationTable=GenericData{classInfo=[datasetId, projectId, tableId], {datasetId=nfl_data_all, projectId=nfl-de-project, tableId=teams_stats_2020_2}}, decimalTargetTypes=null, destinationEncryptionConfiguration=null, createDisposition=CREATE_IF_NEEDED, writeDisposition=WRITE_APPEND, formatOptions=ParquetOptions{enableListInference=null, enumAsString=null}, nullMarker=null, maxBadRecords=null, schema=Schema{fields=[Field{name=name, type=STRING, mode=NULLABLE, description=null, policyTags=null, maxLength=null, scale=null, precision=null, defaultValueExpression=null, collation=null}, Field{name=description, type=STRING, mode=NULLABLE, description=null, policyTags=null, maxLength=null, scale=null, precision=null, defaultValueExpression=null, collation=null}, Field{name=abbreviation, type=STRING, mode=NULLABLE, description=null, policyTags=null, maxLength=null, scale=null, precision=null, defaultValueExpression=null, collation=null}, Field{name=value, type=STRING, mode=NULLABLE, description=null, policyTags=null, maxLength=null, scale=null, precision=null, defaultValueExpression=null, collation=null}, Field{name=rank, type=STRING, mode=NULLABLE, description=null, policyTags=null, maxLength=null, scale=null, precision=null, defaultValueExpression=null, collation=null}, Field{name=perGameValue, type=STRING, mode=NULLABLE, description=null, policyTags=null, maxLength=null, scale=null, precision=null, defaultValueExpression=null, collation=null}, Field{name=category, type=STRING, mode=NULLABLE, description=null, policyTags=null, maxLength=null, scale=null, precision=null, defaultValueExpression=null, collation=null}, Field{name=teamId, type=INTEGER, mode=NULLABLE, description=null, policyTags=null, maxLength=null, scale=null, precision=null, defaultValueExpression=null, collation=null}, Field{name=year, type=STRING, mode=REQUIRED, description=null, policyTags=null, maxLength=null, scale=null, precision=null, defaultValueExpression=null, collation=null}, Field{name=seasonType, type=STRING, mode=REQUIRED, description=null, policyTags=null, maxLength=null, scale=null, precision=null, defaultValueExpression=null, collation=null}]}, ignoreUnknownValue=null, sourceUris=[gs://dataproc-temp-europe-west6-834475897757-zf5hpybi/.spark-bigquery-local-1681305876207-d92622c0-3f0b-4ec5-b00e-1ecd05931cc9/part-00003-665264ba-6336-429a-853e-066ae2dae7e7-c000.snappy.parquet, gs://dataproc-temp-europe-west6-834475897757-zf5hpybi/.spark-bigquery-local-1681305876207-d92622c0-3f0b-4ec5-b00e-1ecd05931cc9/part-00000-665264ba-6336-429a-853e-066ae2dae7e7-c000.snappy.parquet, gs://dataproc-temp-europe-west6-834475897757-zf5hpybi/.spark-bigquery-local-1681305876207-d92622c0-3f0b-4ec5-b00e-1ecd05931cc9/part-00002-665264ba-6336-429a-853e-066ae2dae7e7-c000.snappy.parquet, gs://dataproc-temp-europe-west6-834475897757-zf5hpybi/.spark-bigquery-local-1681305876207-d92622c0-3f0b-4ec5-b00e-1ecd05931cc9/part-00004-665264ba-6336-429a-853e-066ae2dae7e7-c000.snappy.parquet, gs://dataproc-temp-europe-west6-834475897757-zf5hpybi/.spark-bigquery-local-1681305876207-d92622c0-3f0b-4ec5-b00e-1ecd05931cc9/part-00001-665264ba-6336-429a-853e-066ae2dae7e7-c000.snappy.parquet], schemaUpdateOptions=null, autodetect=null, timePartitioning=null, clustering=null, useAvroLogicalTypes=null, labels=null, jobTimeoutMs=null, rangePartitioning=null, hivePartitioningOptions=null, referenceFileSchemaUri=null, connectionProperties=null, createSession=null}. jobId: JobId{project=nfl-de-project, job=d167b794-587f-489e-b27e-3dd4abffec66, location=europe-west6}
[2023-04-12T13:25:06.473+0000] {subprocess.py:93} INFO - 23/04/12 13:25:03 INFO com.google.cloud.bigquery.connector.common.BigQueryClient: Done loading to nfl-de-project.nfl_data_all.teams_stats_2020_2. jobId: JobId{project=nfl-de-project, job=d167b794-587f-489e-b27e-3dd4abffec66, location=europe-west6}
[2023-04-12T13:25:06.474+0000] {subprocess.py:93} INFO - Traceback (most recent call last):
[2023-04-12T13:25:06.475+0000] {subprocess.py:93} INFO -   File "/tmp/5e9efb38aec841ad9c4a6515d84313de/transform_pyspark.py", line 242, in <module>
[2023-04-12T13:25:06.476+0000] {subprocess.py:93} INFO -     df.write.format('bigquery') \
[2023-04-12T13:25:06.477+0000] {subprocess.py:93} INFO -   File "/usr/lib/spark/python/lib/pyspark.zip/pyspark/sql/readwriter.py", line 1107, in save
[2023-04-12T13:25:06.478+0000] {subprocess.py:93} INFO -   File "/usr/lib/spark/python/lib/py4j-0.10.9-src.zip/py4j/java_gateway.py", line 1304, in __call__
[2023-04-12T13:25:06.478+0000] {subprocess.py:93} INFO -   File "/usr/lib/spark/python/lib/pyspark.zip/pyspark/sql/utils.py", line 111, in deco
[2023-04-12T13:25:06.479+0000] {subprocess.py:93} INFO -   File "/usr/lib/spark/python/lib/py4j-0.10.9-src.zip/py4j/protocol.py", line 326, in get_return_value
[2023-04-12T13:25:06.480+0000] {subprocess.py:93} INFO - py4j.protocol.Py4JJavaError: An error occurred while calling o282.save.
[2023-04-12T13:25:06.481+0000] {subprocess.py:93} INFO - : com.google.cloud.bigquery.connector.common.BigQueryConnectorException: Failed to write to BigQuery
[2023-04-12T13:25:06.483+0000] {subprocess.py:93} INFO - 	at com.google.cloud.spark.bigquery.write.BigQueryWriteHelper.writeDataFrameToBigQuery(BigQueryWriteHelper.java:111)
[2023-04-12T13:25:06.484+0000] {subprocess.py:93} INFO - 	at com.google.cloud.spark.bigquery.write.BigQueryDeprecatedIndirectInsertableRelation.insert(BigQueryDeprecatedIndirectInsertableRelation.java:43)
[2023-04-12T13:25:06.485+0000] {subprocess.py:93} INFO - 	at com.google.cloud.spark.bigquery.write.CreatableRelationProviderHelper.createRelation(CreatableRelationProviderHelper.java:58)
[2023-04-12T13:25:06.486+0000] {subprocess.py:93} INFO - 	at com.google.cloud.spark.bigquery.BigQueryRelationProvider.createRelation(BigQueryRelationProvider.scala:107)
[2023-04-12T13:25:06.486+0000] {subprocess.py:93} INFO - 	at org.apache.spark.sql.execution.datasources.SaveIntoDataSourceCommand.run(SaveIntoDataSourceCommand.scala:46)
[2023-04-12T13:25:06.487+0000] {subprocess.py:93} INFO - 	at org.apache.spark.sql.execution.command.ExecutedCommandExec.sideEffectResult$lzycompute(commands.scala:70)
[2023-04-12T13:25:06.487+0000] {subprocess.py:93} INFO - 	at org.apache.spark.sql.execution.command.ExecutedCommandExec.sideEffectResult(commands.scala:68)
[2023-04-12T13:25:06.488+0000] {subprocess.py:93} INFO - 	at org.apache.spark.sql.execution.command.ExecutedCommandExec.doExecute(commands.scala:90)
[2023-04-12T13:25:06.488+0000] {subprocess.py:93} INFO - 	at org.apache.spark.sql.execution.SparkPlan.$anonfun$execute$1(SparkPlan.scala:180)
[2023-04-12T13:25:06.488+0000] {subprocess.py:93} INFO - 	at org.apache.spark.sql.execution.SparkPlan.$anonfun$executeQuery$1(SparkPlan.scala:218)
[2023-04-12T13:25:06.489+0000] {subprocess.py:93} INFO - 	at org.apache.spark.rdd.RDDOperationScope$.withScope(RDDOperationScope.scala:151)
[2023-04-12T13:25:06.489+0000] {subprocess.py:93} INFO - 	at org.apache.spark.sql.execution.SparkPlan.executeQuery(SparkPlan.scala:215)
[2023-04-12T13:25:06.490+0000] {subprocess.py:93} INFO - 	at org.apache.spark.sql.execution.SparkPlan.execute(SparkPlan.scala:176)
[2023-04-12T13:25:06.491+0000] {subprocess.py:93} INFO - 	at org.apache.spark.sql.execution.QueryExecution.toRdd$lzycompute(QueryExecution.scala:132)
[2023-04-12T13:25:06.492+0000] {subprocess.py:93} INFO - 	at org.apache.spark.sql.execution.QueryExecution.toRdd(QueryExecution.scala:131)
[2023-04-12T13:25:06.492+0000] {subprocess.py:93} INFO - 	at org.apache.spark.sql.DataFrameWriter.$anonfun$runCommand$1(DataFrameWriter.scala:989)
[2023-04-12T13:25:06.493+0000] {subprocess.py:93} INFO - 	at org.apache.spark.sql.execution.SQLExecution$.$anonfun$withNewExecutionId$5(SQLExecution.scala:103)
[2023-04-12T13:25:06.493+0000] {subprocess.py:93} INFO - 	at org.apache.spark.sql.execution.SQLExecution$.withSQLConfPropagated(SQLExecution.scala:163)
[2023-04-12T13:25:06.494+0000] {subprocess.py:93} INFO - 	at org.apache.spark.sql.execution.SQLExecution$.$anonfun$withNewExecutionId$1(SQLExecution.scala:90)
[2023-04-12T13:25:06.494+0000] {subprocess.py:93} INFO - 	at org.apache.spark.sql.SparkSession.withActive(SparkSession.scala:775)
[2023-04-12T13:25:06.495+0000] {subprocess.py:93} INFO - 	at org.apache.spark.sql.execution.SQLExecution$.withNewExecutionId(SQLExecution.scala:64)
[2023-04-12T13:25:06.495+0000] {subprocess.py:93} INFO - 	at org.apache.spark.sql.DataFrameWriter.runCommand(DataFrameWriter.scala:989)
[2023-04-12T13:25:06.496+0000] {subprocess.py:93} INFO - 	at org.apache.spark.sql.DataFrameWriter.saveToV1Source(DataFrameWriter.scala:438)
[2023-04-12T13:25:06.496+0000] {subprocess.py:93} INFO - 	at org.apache.spark.sql.DataFrameWriter.saveInternal(DataFrameWriter.scala:415)
[2023-04-12T13:25:06.497+0000] {subprocess.py:93} INFO - 	at org.apache.spark.sql.DataFrameWriter.save(DataFrameWriter.scala:301)
[2023-04-12T13:25:06.497+0000] {subprocess.py:93} INFO - 	at sun.reflect.NativeMethodAccessorImpl.invoke0(Native Method)
[2023-04-12T13:25:06.498+0000] {subprocess.py:93} INFO - 	at sun.reflect.NativeMethodAccessorImpl.invoke(NativeMethodAccessorImpl.java:62)
[2023-04-12T13:25:06.498+0000] {subprocess.py:93} INFO - 	at sun.reflect.DelegatingMethodAccessorImpl.invoke(DelegatingMethodAccessorImpl.java:43)
[2023-04-12T13:25:06.499+0000] {subprocess.py:93} INFO - 	at java.lang.reflect.Method.invoke(Method.java:498)
[2023-04-12T13:25:06.499+0000] {subprocess.py:93} INFO - 	at py4j.reflection.MethodInvoker.invoke(MethodInvoker.java:244)
[2023-04-12T13:25:06.500+0000] {subprocess.py:93} INFO - 	at py4j.reflection.ReflectionEngine.invoke(ReflectionEngine.java:357)
[2023-04-12T13:25:06.500+0000] {subprocess.py:93} INFO - 	at py4j.Gateway.invoke(Gateway.java:282)
[2023-04-12T13:25:06.500+0000] {subprocess.py:93} INFO - 	at py4j.commands.AbstractCommand.invokeMethod(AbstractCommand.java:132)
[2023-04-12T13:25:06.501+0000] {subprocess.py:93} INFO - 	at py4j.commands.CallCommand.execute(CallCommand.java:79)
[2023-04-12T13:25:06.501+0000] {subprocess.py:93} INFO - 	at py4j.GatewayConnection.run(GatewayConnection.java:238)
[2023-04-12T13:25:06.502+0000] {subprocess.py:93} INFO - 	at java.lang.Thread.run(Thread.java:750)
[2023-04-12T13:25:06.502+0000] {subprocess.py:93} INFO - Caused by: org.apache.spark.sql.AnalysisException: Attribute name "weight(lbs)" contains invalid character(s) among " ,;{}()\n\t=". Please use alias to rename it.
[2023-04-12T13:25:06.503+0000] {subprocess.py:93} INFO - 	at org.apache.spark.sql.execution.datasources.parquet.ParquetSchemaConverter$.checkConversionRequirement(ParquetSchemaConverter.scala:579)
[2023-04-12T13:25:06.503+0000] {subprocess.py:93} INFO - 	at org.apache.spark.sql.execution.datasources.parquet.ParquetSchemaConverter$.checkFieldName(ParquetSchemaConverter.scala:570)
[2023-04-12T13:25:06.504+0000] {subprocess.py:93} INFO - 	at org.apache.spark.sql.execution.datasources.parquet.ParquetWriteSupport$.$anonfun$setSchema$2(ParquetWriteSupport.scala:485)
[2023-04-12T13:25:06.504+0000] {subprocess.py:93} INFO - 	at org.apache.spark.sql.execution.datasources.parquet.ParquetWriteSupport$.$anonfun$setSchema$2$adapted(ParquetWriteSupport.scala:485)
[2023-04-12T13:25:06.504+0000] {subprocess.py:93} INFO - 	at scala.collection.immutable.List.foreach(List.scala:431)
[2023-04-12T13:25:06.505+0000] {subprocess.py:93} INFO - 	at org.apache.spark.sql.execution.datasources.parquet.ParquetWriteSupport$.setSchema(ParquetWriteSupport.scala:485)
[2023-04-12T13:25:06.505+0000] {subprocess.py:93} INFO - 	at org.apache.spark.sql.execution.datasources.parquet.ParquetFileFormat.prepareWrite(ParquetFileFormat.scala:109)
[2023-04-12T13:25:06.505+0000] {subprocess.py:93} INFO - 	at org.apache.spark.sql.execution.datasources.FileFormatWriter$.write(FileFormatWriter.scala:133)
[2023-04-12T13:25:06.506+0000] {subprocess.py:93} INFO - 	at org.apache.spark.sql.execution.datasources.InsertIntoHadoopFsRelationCommand.run(InsertIntoHadoopFsRelationCommand.scala:188)
[2023-04-12T13:25:06.507+0000] {subprocess.py:93} INFO - 	at org.apache.spark.sql.execution.command.DataWritingCommandExec.sideEffectResult$lzycompute(commands.scala:108)
[2023-04-12T13:25:06.508+0000] {subprocess.py:93} INFO - 	at org.apache.spark.sql.execution.command.DataWritingCommandExec.sideEffectResult(commands.scala:106)
[2023-04-12T13:25:06.509+0000] {subprocess.py:93} INFO - 	at org.apache.spark.sql.execution.command.DataWritingCommandExec.doExecute(commands.scala:131)
[2023-04-12T13:25:06.509+0000] {subprocess.py:93} INFO - 	at org.apache.spark.sql.execution.SparkPlan.$anonfun$execute$1(SparkPlan.scala:180)
[2023-04-12T13:25:06.510+0000] {subprocess.py:93} INFO - 	at org.apache.spark.sql.execution.SparkPlan.$anonfun$executeQuery$1(SparkPlan.scala:218)
[2023-04-12T13:25:06.510+0000] {subprocess.py:93} INFO - 	at org.apache.spark.rdd.RDDOperationScope$.withScope(RDDOperationScope.scala:151)
[2023-04-12T13:25:06.511+0000] {subprocess.py:93} INFO - 	at org.apache.spark.sql.execution.SparkPlan.executeQuery(SparkPlan.scala:215)
[2023-04-12T13:25:06.511+0000] {subprocess.py:93} INFO - 	at org.apache.spark.sql.execution.SparkPlan.execute(SparkPlan.scala:176)
[2023-04-12T13:25:06.512+0000] {subprocess.py:93} INFO - 	at org.apache.spark.sql.execution.QueryExecution.toRdd$lzycompute(QueryExecution.scala:132)
[2023-04-12T13:25:06.512+0000] {subprocess.py:93} INFO - 	at org.apache.spark.sql.execution.QueryExecution.toRdd(QueryExecution.scala:131)
[2023-04-12T13:25:06.513+0000] {subprocess.py:93} INFO - 	at org.apache.spark.sql.DataFrameWriter.$anonfun$runCommand$1(DataFrameWriter.scala:989)
[2023-04-12T13:25:06.513+0000] {subprocess.py:93} INFO - 	at org.apache.spark.sql.execution.SQLExecution$.$anonfun$withNewExecutionId$5(SQLExecution.scala:103)
[2023-04-12T13:25:06.513+0000] {subprocess.py:93} INFO - 	at org.apache.spark.sql.execution.SQLExecution$.withSQLConfPropagated(SQLExecution.scala:163)
[2023-04-12T13:25:06.514+0000] {subprocess.py:93} INFO - 	at org.apache.spark.sql.execution.SQLExecution$.$anonfun$withNewExecutionId$1(SQLExecution.scala:90)
[2023-04-12T13:25:06.514+0000] {subprocess.py:93} INFO - 	at org.apache.spark.sql.SparkSession.withActive(SparkSession.scala:775)
[2023-04-12T13:25:06.515+0000] {subprocess.py:93} INFO - 	at org.apache.spark.sql.execution.SQLExecution$.withNewExecutionId(SQLExecution.scala:64)
[2023-04-12T13:25:06.515+0000] {subprocess.py:93} INFO - 	at org.apache.spark.sql.DataFrameWriter.runCommand(DataFrameWriter.scala:989)
[2023-04-12T13:25:06.515+0000] {subprocess.py:93} INFO - 	at org.apache.spark.sql.DataFrameWriter.saveToV1Source(DataFrameWriter.scala:438)
[2023-04-12T13:25:06.516+0000] {subprocess.py:93} INFO - 	at org.apache.spark.sql.DataFrameWriter.saveInternal(DataFrameWriter.scala:415)
[2023-04-12T13:25:06.517+0000] {subprocess.py:93} INFO - 	at org.apache.spark.sql.DataFrameWriter.save(DataFrameWriter.scala:293)
[2023-04-12T13:25:06.517+0000] {subprocess.py:93} INFO - 	at com.google.cloud.spark.bigquery.write.BigQueryWriteHelper.writeDataFrameToBigQuery(BigQueryWriteHelper.java:106)
[2023-04-12T13:25:06.518+0000] {subprocess.py:93} INFO - 	... 35 more
[2023-04-12T13:25:06.518+0000] {subprocess.py:93} INFO - 
[2023-04-12T13:25:06.519+0000] {subprocess.py:93} INFO - 23/04/12 13:25:03 INFO org.sparkproject.jetty.server.AbstractConnector: Stopped Spark@2eaea08d{HTTP/1.1, (http/1.1)}{0.0.0.0:0}
[2023-04-12T13:25:06.895+0000] {subprocess.py:93} INFO - ERROR: (gcloud.dataproc.jobs.submit.pyspark) Job [5e9efb38aec841ad9c4a6515d84313de] failed with error:
[2023-04-12T13:25:06.896+0000] {subprocess.py:93} INFO - Google Cloud Dataproc Agent reports job failure. If logs are available, they can be found at:
[2023-04-12T13:25:06.897+0000] {subprocess.py:93} INFO - https://console.cloud.google.com/dataproc/jobs/5e9efb38aec841ad9c4a6515d84313de?project=nfl-de-project&region=europe-west6
[2023-04-12T13:25:06.898+0000] {subprocess.py:93} INFO - gcloud dataproc jobs wait '5e9efb38aec841ad9c4a6515d84313de' --region 'europe-west6' --project 'nfl-de-project'
[2023-04-12T13:25:06.899+0000] {subprocess.py:93} INFO - https://console.cloud.google.com/storage/browser/nfl-spark-staging_nfl-de-project/google-cloud-dataproc-metainfo/cf386a87-5cdc-4f46-9dda-06a203a6bb84/jobs/5e9efb38aec841ad9c4a6515d84313de/
[2023-04-12T13:25:06.899+0000] {subprocess.py:93} INFO - gs://nfl-spark-staging_nfl-de-project/google-cloud-dataproc-metainfo/cf386a87-5cdc-4f46-9dda-06a203a6bb84/jobs/5e9efb38aec841ad9c4a6515d84313de/driveroutput
[2023-04-12T13:25:07.072+0000] {subprocess.py:97} INFO - Command exited with return code 1
[2023-04-12T13:25:07.088+0000] {taskinstance.py:1776} ERROR - Task failed with exception
Traceback (most recent call last):
  File "/home/airflow/.local/lib/python3.9/site-packages/airflow/decorators/base.py", line 217, in execute
    return_value = super().execute(context)
  File "/home/airflow/.local/lib/python3.9/site-packages/airflow/operators/python.py", line 175, in execute
    return_value = self.execute_callable()
  File "/home/airflow/.local/lib/python3.9/site-packages/airflow/operators/python.py", line 192, in execute_callable
    return self.python_callable(*self.op_args, **self.op_kwargs)
  File "/opt/airflow/dags/data_ingestion.py", line 224, in task_pyspark
    operator.execute(context={})
  File "/home/airflow/.local/lib/python3.9/site-packages/airflow/operators/bash.py", line 196, in execute
    raise AirflowException(
airflow.exceptions.AirflowException: Bash command failed. The command returned a non-zero exit code 1.
[2023-04-12T13:25:07.104+0000] {taskinstance.py:1327} INFO - Marking task as UP_FOR_RETRY. dag_id=nfl_transformation_dag, task_id=task_pyspark, execution_date=20230411T000000, start_date=20230412T132419, end_date=20230412T132507
[2023-04-12T13:25:07.131+0000] {standard_task_runner.py:100} ERROR - Failed to execute job 950 for task task_pyspark (Bash command failed. The command returned a non-zero exit code 1.; 9415)
[2023-04-12T13:25:07.146+0000] {local_task_job.py:212} INFO - Task exited with return code 1
[2023-04-12T13:25:07.173+0000] {taskinstance.py:2596} INFO - 0 downstream tasks scheduled from follow-on schedule check
