[2023-04-12T13:07:29.831+0000] {taskinstance.py:1090} INFO - Dependencies all met for dep_context=non-requeueable deps ti=<TaskInstance: nfl_transformation_dag.task_pyspark scheduled__2023-04-11T00:00:00+00:00 [queued]>
[2023-04-12T13:07:29.847+0000] {taskinstance.py:1090} INFO - Dependencies all met for dep_context=requeueable deps ti=<TaskInstance: nfl_transformation_dag.task_pyspark scheduled__2023-04-11T00:00:00+00:00 [queued]>
[2023-04-12T13:07:29.848+0000] {taskinstance.py:1288} INFO - 
--------------------------------------------------------------------------------
[2023-04-12T13:07:29.849+0000] {taskinstance.py:1289} INFO - Starting attempt 13 of 14
[2023-04-12T13:07:29.850+0000] {taskinstance.py:1290} INFO - 
--------------------------------------------------------------------------------
[2023-04-12T13:07:29.875+0000] {taskinstance.py:1309} INFO - Executing <Task(_PythonDecoratedOperator): task_pyspark> on 2023-04-11 00:00:00+00:00
[2023-04-12T13:07:29.875+0000] {taskinstance.py:1080} INFO - Dependencies not met for <TaskInstance: nfl_transformation_dag.task_pyspark scheduled__2023-04-11T00:00:00+00:00 [running]>, dependency 'Task Instance Not Running' FAILED: Task is in the running state
[2023-04-12T13:07:29.877+0000] {taskinstance.py:1080} INFO - Dependencies not met for <TaskInstance: nfl_transformation_dag.task_pyspark scheduled__2023-04-11T00:00:00+00:00 [running]>, dependency 'Task Instance State' FAILED: Task is in the 'running' state.
[2023-04-12T13:07:29.889+0000] {local_task_job.py:151} INFO - Task is not able to be run
[2023-04-12T13:07:29.914+0000] {standard_task_runner.py:55} INFO - Started process 8660 to run task
[2023-04-12T13:07:29.924+0000] {standard_task_runner.py:82} INFO - Running: ['***', 'tasks', 'run', 'nfl_transformation_dag', 'task_pyspark', 'scheduled__2023-04-11T00:00:00+00:00', '--job-id', '940', '--pool', 'default_pool', '--raw', '--subdir', 'DAGS_FOLDER/data_ingestion.py', '--cfg-path', '/tmp/tmpt27yr4gy']
[2023-04-12T13:07:29.929+0000] {standard_task_runner.py:83} INFO - Job 940: Subtask task_pyspark
[2023-04-12T13:07:30.044+0000] {task_command.py:389} INFO - Running <TaskInstance: nfl_transformation_dag.task_pyspark scheduled__2023-04-11T00:00:00+00:00 [running]> on host a2e619923d04
[2023-04-12T13:07:30.136+0000] {taskinstance.py:1516} INFO - Exporting the following env vars:
AIRFLOW_CTX_DAG_OWNER=***
AIRFLOW_CTX_DAG_ID=nfl_transformation_dag
AIRFLOW_CTX_TASK_ID=task_pyspark
AIRFLOW_CTX_EXECUTION_DATE=2023-04-11T00:00:00+00:00
AIRFLOW_CTX_TRY_NUMBER=13
AIRFLOW_CTX_DAG_RUN_ID=scheduled__2023-04-11T00:00:00+00:00
[2023-04-12T13:07:30.143+0000] {subprocess.py:63} INFO - Tmp dir root location: 
 /tmp
[2023-04-12T13:07:30.159+0000] {subprocess.py:75} INFO - Running command: ['/bin/bash', '-c', 'gcloud dataproc jobs submit pyspark                 --cluster=nfl-spark-cluster                 --region=europe-west6                 --jars=gs://spark-lib/bigquery/spark-bigquery-latest.jar                 gs://nfl-data-lake_nfl-de-project/code/transform_pyspark.py                 --                     --year=2020                     --season_type=2 ']
[2023-04-12T13:07:30.181+0000] {subprocess.py:86} INFO - Output:
[2023-04-12T13:07:36.156+0000] {taskinstance.py:1080} INFO - Dependencies not met for <TaskInstance: nfl_transformation_dag.task_pyspark scheduled__2023-04-11T00:00:00+00:00 [running]>, dependency 'Task Instance Not Running' FAILED: Task is in the running state
[2023-04-12T13:07:36.158+0000] {taskinstance.py:1080} INFO - Dependencies not met for <TaskInstance: nfl_transformation_dag.task_pyspark scheduled__2023-04-11T00:00:00+00:00 [running]>, dependency 'Task Instance State' FAILED: Task is in the 'running' state.
[2023-04-12T13:07:36.169+0000] {local_task_job.py:151} INFO - Task is not able to be run
[2023-04-12T13:07:37.247+0000] {subprocess.py:93} INFO - Job [4426a0c895dc4a10b0577a5cc90572df] submitted.
[2023-04-12T13:07:37.249+0000] {subprocess.py:93} INFO - Waiting for job output...
[2023-04-12T13:07:47.795+0000] {subprocess.py:93} INFO - 23/04/12 13:07:46 INFO org.apache.spark.SparkEnv: Registering MapOutputTracker
[2023-04-12T13:07:47.796+0000] {subprocess.py:93} INFO - 23/04/12 13:07:46 INFO org.apache.spark.SparkEnv: Registering BlockManagerMaster
[2023-04-12T13:07:47.796+0000] {subprocess.py:93} INFO - 23/04/12 13:07:46 INFO org.apache.spark.SparkEnv: Registering BlockManagerMasterHeartbeat
[2023-04-12T13:07:47.797+0000] {subprocess.py:93} INFO - 23/04/12 13:07:46 INFO org.apache.spark.SparkEnv: Registering OutputCommitCoordinator
[2023-04-12T13:07:47.798+0000] {subprocess.py:93} INFO - 23/04/12 13:07:46 INFO org.sparkproject.jetty.util.log: Logging initialized @4304ms to org.sparkproject.jetty.util.log.Slf4jLog
[2023-04-12T13:07:47.800+0000] {subprocess.py:93} INFO - 23/04/12 13:07:46 INFO org.sparkproject.jetty.server.Server: jetty-9.4.40.v20210413; built: 2021-04-13T20:42:42.668Z; git: b881a572662e1943a14ae12e7e1207989f218b74; jvm 1.8.0_322-b06
[2023-04-12T13:07:47.801+0000] {subprocess.py:93} INFO - 23/04/12 13:07:47 INFO org.sparkproject.jetty.server.Server: Started @4435ms
[2023-04-12T13:07:47.803+0000] {subprocess.py:93} INFO - 23/04/12 13:07:47 INFO org.sparkproject.jetty.server.AbstractConnector: Started ServerConnector@3394a763{HTTP/1.1, (http/1.1)}{0.0.0.0:41925}
[2023-04-12T13:07:50.665+0000] {subprocess.py:93} INFO - 23/04/12 13:07:48 INFO com.google.cloud.hadoop.repackaged.gcs.com.google.cloud.hadoop.gcsio.GoogleCloudStorageImpl: Ignoring exception of type GoogleJsonResponseException; verified object already exists with desired state.
[2023-04-12T13:07:50.666+0000] {subprocess.py:93} INFO - Traceback (most recent call last):
[2023-04-12T13:07:50.666+0000] {subprocess.py:93} INFO -   File "/tmp/4426a0c895dc4a10b0577a5cc90572df/transform_pyspark.py", line 29, in <module>
[2023-04-12T13:07:50.667+0000] {subprocess.py:93} INFO -     df_teams = spark.read.parquet(f"{BUCKET}/nfl_parquets/teams/{year}/{season_type}").cache()
[2023-04-12T13:07:50.667+0000] {subprocess.py:93} INFO -   File "/usr/lib/spark/python/lib/pyspark.zip/pyspark/sql/readwriter.py", line 458, in parquet
[2023-04-12T13:07:50.668+0000] {subprocess.py:93} INFO -   File "/usr/lib/spark/python/lib/py4j-0.10.9-src.zip/py4j/java_gateway.py", line 1304, in __call__
[2023-04-12T13:07:50.669+0000] {subprocess.py:93} INFO -   File "/usr/lib/spark/python/lib/pyspark.zip/pyspark/sql/utils.py", line 111, in deco
[2023-04-12T13:07:50.669+0000] {subprocess.py:93} INFO -   File "/usr/lib/spark/python/lib/py4j-0.10.9-src.zip/py4j/protocol.py", line 326, in get_return_value
[2023-04-12T13:07:50.670+0000] {subprocess.py:93} INFO - py4j.protocol.Py4JJavaError: An error occurred while calling o63.parquet.
[2023-04-12T13:07:50.671+0000] {subprocess.py:93} INFO - : java.util.ServiceConfigurationError: org.apache.spark.sql.sources.DataSourceRegister: Provider com.google.cloud.spark.bigquery.BigQueryRelationProvider could not be instantiated
[2023-04-12T13:07:50.672+0000] {subprocess.py:93} INFO - 	at java.util.ServiceLoader.fail(ServiceLoader.java:232)
[2023-04-12T13:07:50.673+0000] {subprocess.py:93} INFO - 	at java.util.ServiceLoader.access$100(ServiceLoader.java:185)
[2023-04-12T13:07:50.674+0000] {subprocess.py:93} INFO - 	at java.util.ServiceLoader$LazyIterator.nextService(ServiceLoader.java:384)
[2023-04-12T13:07:50.676+0000] {subprocess.py:93} INFO - 	at java.util.ServiceLoader$LazyIterator.next(ServiceLoader.java:404)
[2023-04-12T13:07:50.678+0000] {subprocess.py:93} INFO - 	at java.util.ServiceLoader$1.next(ServiceLoader.java:480)
[2023-04-12T13:07:50.678+0000] {subprocess.py:93} INFO - 	at scala.collection.convert.Wrappers$JIteratorWrapper.next(Wrappers.scala:46)
[2023-04-12T13:07:50.679+0000] {subprocess.py:93} INFO - 	at scala.collection.Iterator.foreach(Iterator.scala:943)
[2023-04-12T13:07:50.680+0000] {subprocess.py:93} INFO - 	at scala.collection.Iterator.foreach$(Iterator.scala:943)
[2023-04-12T13:07:50.681+0000] {subprocess.py:93} INFO - 	at scala.collection.AbstractIterator.foreach(Iterator.scala:1431)
[2023-04-12T13:07:50.681+0000] {subprocess.py:93} INFO - 	at scala.collection.IterableLike.foreach(IterableLike.scala:74)
[2023-04-12T13:07:50.682+0000] {subprocess.py:93} INFO - 	at scala.collection.IterableLike.foreach$(IterableLike.scala:73)
[2023-04-12T13:07:50.682+0000] {subprocess.py:93} INFO - 	at scala.collection.AbstractIterable.foreach(Iterable.scala:56)
[2023-04-12T13:07:50.683+0000] {subprocess.py:93} INFO - 	at scala.collection.TraversableLike.filterImpl(TraversableLike.scala:303)
[2023-04-12T13:07:50.684+0000] {subprocess.py:93} INFO - 	at scala.collection.TraversableLike.filterImpl$(TraversableLike.scala:297)
[2023-04-12T13:07:50.685+0000] {subprocess.py:93} INFO - 	at scala.collection.AbstractTraversable.filterImpl(Traversable.scala:108)
[2023-04-12T13:07:50.686+0000] {subprocess.py:93} INFO - 	at scala.collection.TraversableLike.filter(TraversableLike.scala:395)
[2023-04-12T13:07:50.686+0000] {subprocess.py:93} INFO - 	at scala.collection.TraversableLike.filter$(TraversableLike.scala:395)
[2023-04-12T13:07:50.687+0000] {subprocess.py:93} INFO - 	at scala.collection.AbstractTraversable.filter(Traversable.scala:108)
[2023-04-12T13:07:50.688+0000] {subprocess.py:93} INFO - 	at org.apache.spark.sql.execution.datasources.DataSource$.lookupDataSource(DataSource.scala:662)
[2023-04-12T13:07:50.688+0000] {subprocess.py:93} INFO - 	at org.apache.spark.sql.execution.datasources.DataSource$.lookupDataSourceV2(DataSource.scala:746)
[2023-04-12T13:07:50.689+0000] {subprocess.py:93} INFO - 	at org.apache.spark.sql.DataFrameReader.load(DataFrameReader.scala:265)
[2023-04-12T13:07:50.690+0000] {subprocess.py:93} INFO - 	at org.apache.spark.sql.DataFrameReader.parquet(DataFrameReader.scala:833)
[2023-04-12T13:07:50.691+0000] {subprocess.py:93} INFO - 	at sun.reflect.NativeMethodAccessorImpl.invoke0(Native Method)
[2023-04-12T13:07:50.691+0000] {subprocess.py:93} INFO - 	at sun.reflect.NativeMethodAccessorImpl.invoke(NativeMethodAccessorImpl.java:62)
[2023-04-12T13:07:50.693+0000] {subprocess.py:93} INFO - 	at sun.reflect.DelegatingMethodAccessorImpl.invoke(DelegatingMethodAccessorImpl.java:43)
[2023-04-12T13:07:50.696+0000] {subprocess.py:93} INFO - 	at java.lang.reflect.Method.invoke(Method.java:498)
[2023-04-12T13:07:50.697+0000] {subprocess.py:93} INFO - 	at py4j.reflection.MethodInvoker.invoke(MethodInvoker.java:244)
[2023-04-12T13:07:50.697+0000] {subprocess.py:93} INFO - 	at py4j.reflection.ReflectionEngine.invoke(ReflectionEngine.java:357)
[2023-04-12T13:07:50.698+0000] {subprocess.py:93} INFO - 	at py4j.Gateway.invoke(Gateway.java:282)
[2023-04-12T13:07:50.699+0000] {subprocess.py:93} INFO - 	at py4j.commands.AbstractCommand.invokeMethod(AbstractCommand.java:132)
[2023-04-12T13:07:50.699+0000] {subprocess.py:93} INFO - 	at py4j.commands.CallCommand.execute(CallCommand.java:79)
[2023-04-12T13:07:50.700+0000] {subprocess.py:93} INFO - 	at py4j.GatewayConnection.run(GatewayConnection.java:238)
[2023-04-12T13:07:50.701+0000] {subprocess.py:93} INFO - 	at java.lang.Thread.run(Thread.java:750)
[2023-04-12T13:07:50.702+0000] {subprocess.py:93} INFO - Caused by: java.lang.IllegalStateException:  This connector was made for Scala 2.11, it was not meant to run on Scala 2.12
[2023-04-12T13:07:50.702+0000] {subprocess.py:93} INFO - 	at com.google.cloud.spark.bigquery.BigQueryUtilScala$.validateScalaVersionCompatibility(BigQueryUtil.scala:33)
[2023-04-12T13:07:50.703+0000] {subprocess.py:93} INFO - 	at com.google.cloud.spark.bigquery.BigQueryRelationProvider.<init>(BigQueryRelationProvider.scala:42)
[2023-04-12T13:07:50.704+0000] {subprocess.py:93} INFO - 	at com.google.cloud.spark.bigquery.BigQueryRelationProvider.<init>(BigQueryRelationProvider.scala:49)
[2023-04-12T13:07:50.704+0000] {subprocess.py:93} INFO - 	at sun.reflect.NativeConstructorAccessorImpl.newInstance0(Native Method)
[2023-04-12T13:07:50.705+0000] {subprocess.py:93} INFO - 	at sun.reflect.NativeConstructorAccessorImpl.newInstance(NativeConstructorAccessorImpl.java:62)
[2023-04-12T13:07:50.705+0000] {subprocess.py:93} INFO - 	at sun.reflect.DelegatingConstructorAccessorImpl.newInstance(DelegatingConstructorAccessorImpl.java:45)
[2023-04-12T13:07:50.706+0000] {subprocess.py:93} INFO - 	at java.lang.reflect.Constructor.newInstance(Constructor.java:423)
[2023-04-12T13:07:50.706+0000] {subprocess.py:93} INFO - 	at java.lang.Class.newInstance(Class.java:442)
[2023-04-12T13:07:50.707+0000] {subprocess.py:93} INFO - 	at java.util.ServiceLoader$LazyIterator.nextService(ServiceLoader.java:380)
[2023-04-12T13:07:50.708+0000] {subprocess.py:93} INFO - 	... 30 more
[2023-04-12T13:07:50.708+0000] {subprocess.py:93} INFO - 
[2023-04-12T13:07:50.709+0000] {subprocess.py:93} INFO - 23/04/12 13:07:50 INFO org.sparkproject.jetty.server.AbstractConnector: Stopped Spark@3394a763{HTTP/1.1, (http/1.1)}{0.0.0.0:0}
[2023-04-12T13:08:02.776+0000] {subprocess.py:93} INFO - ERROR: (gcloud.dataproc.jobs.submit.pyspark) Job [4426a0c895dc4a10b0577a5cc90572df] failed with error:
[2023-04-12T13:08:02.778+0000] {subprocess.py:93} INFO - Google Cloud Dataproc Agent reports job failure. If logs are available, they can be found at:
[2023-04-12T13:08:02.779+0000] {subprocess.py:93} INFO - https://console.cloud.google.com/dataproc/jobs/4426a0c895dc4a10b0577a5cc90572df?project=nfl-de-project&region=europe-west6
[2023-04-12T13:08:02.780+0000] {subprocess.py:93} INFO - gcloud dataproc jobs wait '4426a0c895dc4a10b0577a5cc90572df' --region 'europe-west6' --project 'nfl-de-project'
[2023-04-12T13:08:02.780+0000] {subprocess.py:93} INFO - https://console.cloud.google.com/storage/browser/nfl-spark-staging_nfl-de-project/google-cloud-dataproc-metainfo/cf386a87-5cdc-4f46-9dda-06a203a6bb84/jobs/4426a0c895dc4a10b0577a5cc90572df/
[2023-04-12T13:08:02.781+0000] {subprocess.py:93} INFO - gs://nfl-spark-staging_nfl-de-project/google-cloud-dataproc-metainfo/cf386a87-5cdc-4f46-9dda-06a203a6bb84/jobs/4426a0c895dc4a10b0577a5cc90572df/driveroutput
[2023-04-12T13:08:02.944+0000] {subprocess.py:97} INFO - Command exited with return code 1
[2023-04-12T13:08:02.960+0000] {taskinstance.py:1776} ERROR - Task failed with exception
Traceback (most recent call last):
  File "/home/airflow/.local/lib/python3.9/site-packages/airflow/decorators/base.py", line 217, in execute
    return_value = super().execute(context)
  File "/home/airflow/.local/lib/python3.9/site-packages/airflow/operators/python.py", line 175, in execute
    return_value = self.execute_callable()
  File "/home/airflow/.local/lib/python3.9/site-packages/airflow/operators/python.py", line 192, in execute_callable
    return self.python_callable(*self.op_args, **self.op_kwargs)
  File "/opt/airflow/dags/data_ingestion.py", line 224, in task_pyspark
    operator.execute(context={})
  File "/home/airflow/.local/lib/python3.9/site-packages/airflow/operators/bash.py", line 196, in execute
    raise AirflowException(
airflow.exceptions.AirflowException: Bash command failed. The command returned a non-zero exit code 1.
[2023-04-12T13:08:02.973+0000] {taskinstance.py:1327} INFO - Marking task as UP_FOR_RETRY. dag_id=nfl_transformation_dag, task_id=task_pyspark, execution_date=20230411T000000, start_date=20230412T130729, end_date=20230412T130802
[2023-04-12T13:08:02.999+0000] {standard_task_runner.py:100} ERROR - Failed to execute job 940 for task task_pyspark (Bash command failed. The command returned a non-zero exit code 1.; 8660)
[2023-04-12T13:08:03.039+0000] {local_task_job.py:212} INFO - Task exited with return code 1
[2023-04-12T13:08:03.058+0000] {taskinstance.py:2596} INFO - 0 downstream tasks scheduled from follow-on schedule check
