[2023-04-12T05:46:57.372+0000] {taskinstance.py:1090} INFO - Dependencies all met for dep_context=non-requeueable deps ti=<TaskInstance: data_extraction_dag.task_athletes scheduled__2023-04-11T00:00:00+00:00 [queued]>
[2023-04-12T05:46:57.390+0000] {taskinstance.py:1090} INFO - Dependencies all met for dep_context=requeueable deps ti=<TaskInstance: data_extraction_dag.task_athletes scheduled__2023-04-11T00:00:00+00:00 [queued]>
[2023-04-12T05:46:57.391+0000] {taskinstance.py:1288} INFO - 
--------------------------------------------------------------------------------
[2023-04-12T05:46:57.393+0000] {taskinstance.py:1289} INFO - Starting attempt 1 of 2
[2023-04-12T05:46:57.394+0000] {taskinstance.py:1290} INFO - 
--------------------------------------------------------------------------------
[2023-04-12T05:46:57.417+0000] {taskinstance.py:1309} INFO - Executing <Task(_PythonDecoratedOperator): task_athletes> on 2023-04-11 00:00:00+00:00
[2023-04-12T05:46:57.431+0000] {standard_task_runner.py:55} INFO - Started process 359 to run task
[2023-04-12T05:46:57.436+0000] {standard_task_runner.py:82} INFO - Running: ['***', 'tasks', 'run', 'data_extraction_dag', 'task_athletes', 'scheduled__2023-04-11T00:00:00+00:00', '--job-id', '400', '--raw', '--subdir', 'DAGS_FOLDER/data_ingestion.py', '--cfg-path', '/tmp/tmpodb8b7zv']
[2023-04-12T05:46:57.440+0000] {standard_task_runner.py:83} INFO - Job 400: Subtask task_athletes
[2023-04-12T05:46:57.570+0000] {task_command.py:389} INFO - Running <TaskInstance: data_extraction_dag.task_athletes scheduled__2023-04-11T00:00:00+00:00 [running]> on host 392d142fd52f
[2023-04-12T05:46:57.784+0000] {taskinstance.py:1516} INFO - Exporting the following env vars:
AIRFLOW_CTX_DAG_OWNER=***
AIRFLOW_CTX_DAG_ID=data_extraction_dag
AIRFLOW_CTX_TASK_ID=task_athletes
AIRFLOW_CTX_EXECUTION_DATE=2023-04-11T00:00:00+00:00
AIRFLOW_CTX_TRY_NUMBER=1
AIRFLOW_CTX_DAG_RUN_ID=scheduled__2023-04-11T00:00:00+00:00
[2023-04-12T05:46:57.786+0000] {logging_mixin.py:137} INFO - Fetching for athlete details started
