[2023-04-12T08:41:54.256+0000] {taskinstance.py:1090} INFO - Dependencies all met for dep_context=non-requeueable deps ti=<TaskInstance: data_extraction_dag.task_athletes manual__2023-04-12T07:46:25.092898+00:00 [queued]>
[2023-04-12T08:41:54.276+0000] {taskinstance.py:1090} INFO - Dependencies all met for dep_context=requeueable deps ti=<TaskInstance: data_extraction_dag.task_athletes manual__2023-04-12T07:46:25.092898+00:00 [queued]>
[2023-04-12T08:41:54.277+0000] {taskinstance.py:1288} INFO - 
--------------------------------------------------------------------------------
[2023-04-12T08:41:54.278+0000] {taskinstance.py:1289} INFO - Starting attempt 5 of 6
[2023-04-12T08:41:54.279+0000] {taskinstance.py:1290} INFO - 
--------------------------------------------------------------------------------
[2023-04-12T08:41:54.299+0000] {taskinstance.py:1309} INFO - Executing <Task(_PythonDecoratedOperator): task_athletes> on 2023-04-12 07:46:25.092898+00:00
[2023-04-12T08:41:54.319+0000] {standard_task_runner.py:55} INFO - Started process 3113 to run task
[2023-04-12T08:41:54.344+0000] {standard_task_runner.py:82} INFO - Running: ['***', 'tasks', 'run', 'data_extraction_dag', 'task_athletes', 'manual__2023-04-12T07:46:25.092898+00:00', '--job-id', '685', '--raw', '--subdir', 'DAGS_FOLDER/data_ingestion.py', '--cfg-path', '/tmp/tmpsilogjly']
[2023-04-12T08:41:54.369+0000] {standard_task_runner.py:83} INFO - Job 685: Subtask task_athletes
[2023-04-12T08:41:54.540+0000] {task_command.py:389} INFO - Running <TaskInstance: data_extraction_dag.task_athletes manual__2023-04-12T07:46:25.092898+00:00 [running]> on host a2e619923d04
[2023-04-12T08:41:54.718+0000] {taskinstance.py:1516} INFO - Exporting the following env vars:
AIRFLOW_CTX_DAG_OWNER=***
AIRFLOW_CTX_DAG_ID=data_extraction_dag
AIRFLOW_CTX_TASK_ID=task_athletes
AIRFLOW_CTX_EXECUTION_DATE=2023-04-12T07:46:25.092898+00:00
AIRFLOW_CTX_TRY_NUMBER=5
AIRFLOW_CTX_DAG_RUN_ID=manual__2023-04-12T07:46:25.092898+00:00
[2023-04-12T08:41:54.720+0000] {logging_mixin.py:137} INFO - Fetching for athlete details started
[2023-04-12T08:41:55.432+0000] {taskinstance.py:1080} INFO - Dependencies not met for <TaskInstance: data_extraction_dag.task_athletes manual__2023-04-12T07:46:25.092898+00:00 [running]>, dependency 'Task Instance State' FAILED: Task is in the 'running' state.
[2023-04-12T08:41:55.442+0000] {taskinstance.py:1080} INFO - Dependencies not met for <TaskInstance: data_extraction_dag.task_athletes manual__2023-04-12T07:46:25.092898+00:00 [running]>, dependency 'Task Instance Not Running' FAILED: Task is in the running state
[2023-04-12T08:41:55.447+0000] {local_task_job.py:151} INFO - Task is not able to be run
[2023-04-12T08:47:02.974+0000] {local_task_job.py:276} WARNING - State of this instance has been externally set to queued. Terminating instance.
[2023-04-12T08:47:03.136+0000] {process_utils.py:129} INFO - Sending Signals.SIGTERM to group 3113. PIDs of all processes in the group: [3113]
[2023-04-12T08:47:03.140+0000] {process_utils.py:84} INFO - Sending the signal Signals.SIGTERM to group 3113
[2023-04-12T08:47:05.295+0000] {taskinstance.py:1488} ERROR - Received SIGTERM. Terminating subprocesses.
[2023-04-12T08:47:48.073+0000] {process_utils.py:79} INFO - Process psutil.Process(pid=3113, status='terminated', exitcode=<Negsignal.SIGKILL: -9>, started='08:41:53') (3113) terminated with exit code Negsignal.SIGKILL
[2023-04-12T08:47:48.125+0000] {standard_task_runner.py:168} ERROR - Job 685 was killed before it finished (likely due to running out of memory)
