[2023-04-12T07:46:53.716+0000] {taskinstance.py:1090} INFO - Dependencies all met for dep_context=non-requeueable deps ti=<TaskInstance: data_extraction_dag.task_athletes manual__2023-04-12T07:46:25.092898+00:00 [queued]>
[2023-04-12T07:46:53.733+0000] {taskinstance.py:1090} INFO - Dependencies all met for dep_context=requeueable deps ti=<TaskInstance: data_extraction_dag.task_athletes manual__2023-04-12T07:46:25.092898+00:00 [queued]>
[2023-04-12T07:46:53.735+0000] {taskinstance.py:1288} INFO - 
--------------------------------------------------------------------------------
[2023-04-12T07:46:53.736+0000] {taskinstance.py:1289} INFO - Starting attempt 1 of 2
[2023-04-12T07:46:53.737+0000] {taskinstance.py:1290} INFO - 
--------------------------------------------------------------------------------
[2023-04-12T07:46:53.762+0000] {taskinstance.py:1309} INFO - Executing <Task(_PythonDecoratedOperator): task_athletes> on 2023-04-12 07:46:25.092898+00:00
[2023-04-12T07:46:53.774+0000] {standard_task_runner.py:55} INFO - Started process 565 to run task
[2023-04-12T07:46:53.782+0000] {standard_task_runner.py:82} INFO - Running: ['***', 'tasks', 'run', 'data_extraction_dag', 'task_athletes', 'manual__2023-04-12T07:46:25.092898+00:00', '--job-id', '658', '--raw', '--subdir', 'DAGS_FOLDER/data_ingestion.py', '--cfg-path', '/tmp/tmpte0x89bz']
[2023-04-12T07:46:53.789+0000] {standard_task_runner.py:83} INFO - Job 658: Subtask task_athletes
[2023-04-12T07:46:53.922+0000] {task_command.py:389} INFO - Running <TaskInstance: data_extraction_dag.task_athletes manual__2023-04-12T07:46:25.092898+00:00 [running]> on host a2e619923d04
[2023-04-12T07:46:54.117+0000] {taskinstance.py:1516} INFO - Exporting the following env vars:
AIRFLOW_CTX_DAG_OWNER=***
AIRFLOW_CTX_DAG_ID=data_extraction_dag
AIRFLOW_CTX_TASK_ID=task_athletes
AIRFLOW_CTX_EXECUTION_DATE=2023-04-12T07:46:25.092898+00:00
AIRFLOW_CTX_TRY_NUMBER=1
AIRFLOW_CTX_DAG_RUN_ID=manual__2023-04-12T07:46:25.092898+00:00
[2023-04-12T07:46:54.120+0000] {logging_mixin.py:137} INFO - Fetching for athlete details started
[2023-04-12T07:50:49.350+0000] {logging_mixin.py:137} INFO - Fetching for athlete details ended
[2023-04-12T07:50:49.386+0000] {python.py:177} INFO - Done. Returned value was: None
[2023-04-12T07:50:49.444+0000] {taskinstance.py:1327} INFO - Marking task as SUCCESS. dag_id=data_extraction_dag, task_id=task_athletes, execution_date=20230412T074625, start_date=20230412T074653, end_date=20230412T075049
[2023-04-12T07:50:49.651+0000] {local_task_job.py:212} INFO - Task exited with return code 0
[2023-04-12T07:50:49.957+0000] {taskinstance.py:2596} INFO - 1 downstream tasks scheduled from follow-on schedule check
