[2023-04-12T08:15:05.534+0000] {taskinstance.py:1090} INFO - Dependencies all met for dep_context=non-requeueable deps ti=<TaskInstance: data_extraction_dag.task_athletes manual__2023-04-12T07:46:25.092898+00:00 [queued]>
[2023-04-12T08:15:05.553+0000] {taskinstance.py:1090} INFO - Dependencies all met for dep_context=requeueable deps ti=<TaskInstance: data_extraction_dag.task_athletes manual__2023-04-12T07:46:25.092898+00:00 [queued]>
[2023-04-12T08:15:05.554+0000] {taskinstance.py:1288} INFO - 
--------------------------------------------------------------------------------
[2023-04-12T08:15:05.556+0000] {taskinstance.py:1289} INFO - Starting attempt 2 of 3
[2023-04-12T08:15:05.557+0000] {taskinstance.py:1290} INFO - 
--------------------------------------------------------------------------------
[2023-04-12T08:15:05.581+0000] {taskinstance.py:1309} INFO - Executing <Task(_PythonDecoratedOperator): task_athletes> on 2023-04-12 07:46:25.092898+00:00
[2023-04-12T08:15:05.593+0000] {standard_task_runner.py:55} INFO - Started process 1884 to run task
[2023-04-12T08:15:05.599+0000] {standard_task_runner.py:82} INFO - Running: ['***', 'tasks', 'run', 'data_extraction_dag', 'task_athletes', 'manual__2023-04-12T07:46:25.092898+00:00', '--job-id', '678', '--raw', '--subdir', 'DAGS_FOLDER/data_ingestion.py', '--cfg-path', '/tmp/tmpcxxfx7jf']
[2023-04-12T08:15:05.603+0000] {standard_task_runner.py:83} INFO - Job 678: Subtask task_athletes
[2023-04-12T08:15:05.722+0000] {task_command.py:389} INFO - Running <TaskInstance: data_extraction_dag.task_athletes manual__2023-04-12T07:46:25.092898+00:00 [running]> on host a2e619923d04
[2023-04-12T08:15:05.877+0000] {taskinstance.py:1516} INFO - Exporting the following env vars:
AIRFLOW_CTX_DAG_OWNER=***
AIRFLOW_CTX_DAG_ID=data_extraction_dag
AIRFLOW_CTX_TASK_ID=task_athletes
AIRFLOW_CTX_EXECUTION_DATE=2023-04-12T07:46:25.092898+00:00
AIRFLOW_CTX_TRY_NUMBER=2
AIRFLOW_CTX_DAG_RUN_ID=manual__2023-04-12T07:46:25.092898+00:00
[2023-04-12T08:15:05.880+0000] {logging_mixin.py:137} INFO - Fetching for athlete details started
[2023-04-12T08:15:07.759+0000] {taskinstance.py:1080} INFO - Dependencies not met for <TaskInstance: data_extraction_dag.task_athletes manual__2023-04-12T07:46:25.092898+00:00 [running]>, dependency 'Task Instance State' FAILED: Task is in the 'running' state.
[2023-04-12T08:15:07.777+0000] {taskinstance.py:1080} INFO - Dependencies not met for <TaskInstance: data_extraction_dag.task_athletes manual__2023-04-12T07:46:25.092898+00:00 [running]>, dependency 'Task Instance Not Running' FAILED: Task is in the running state
[2023-04-12T08:15:07.783+0000] {local_task_job.py:151} INFO - Task is not able to be run
[2023-04-12T08:18:48.012+0000] {logging_mixin.py:137} INFO - Fetching for athlete details ended
[2023-04-12T08:18:48.021+0000] {python.py:177} INFO - Done. Returned value was:                                                     $ref  ... citizenship
0      http://sports.core.api.espn.com/v2/sports/foot...  ...         NaN
1      http://sports.core.api.espn.com/v2/sports/foot...  ...         NaN
2      http://sports.core.api.espn.com/v2/sports/foot...  ...         NaN
3      http://sports.core.api.espn.com/v2/sports/foot...  ...         NaN
4      http://sports.core.api.espn.com/v2/sports/foot...  ...         NaN
...                                                  ...  ...         ...
17216  http://sports.core.api.espn.com/v2/sports/foot...  ...         NaN
17217  http://sports.core.api.espn.com/v2/sports/foot...  ...         NaN
17218  http://sports.core.api.espn.com/v2/sports/foot...  ...         NaN
17219  http://sports.core.api.espn.com/v2/sports/foot...  ...         NaN
17220  http://sports.core.api.espn.com/v2/sports/foot...  ...         NaN

[17221 rows x 63 columns]
[2023-04-12T08:18:48.289+0000] {xcom.py:629} ERROR - Object of type DataFrame is not JSON serializable. If you are using pickle instead of JSON for XCom, then you need to enable pickle support for XCom in your *** config or make sure to decorate your object with attr.
[2023-04-12T08:18:48.296+0000] {taskinstance.py:1776} ERROR - Task failed with exception
Traceback (most recent call last):
  File "/home/airflow/.local/lib/python3.9/site-packages/airflow/utils/session.py", line 72, in wrapper
    return func(*args, **kwargs)
  File "/home/airflow/.local/lib/python3.9/site-packages/airflow/models/taskinstance.py", line 2298, in xcom_push
    XCom.set(
  File "/home/airflow/.local/lib/python3.9/site-packages/airflow/utils/session.py", line 72, in wrapper
    return func(*args, **kwargs)
  File "/home/airflow/.local/lib/python3.9/site-packages/airflow/models/xcom.py", line 234, in set
    value = cls.serialize_value(
  File "/home/airflow/.local/lib/python3.9/site-packages/airflow/models/xcom.py", line 627, in serialize_value
    return json.dumps(value, cls=XComEncoder).encode("UTF-8")
  File "/usr/local/lib/python3.9/json/__init__.py", line 234, in dumps
    return cls(
  File "/home/airflow/.local/lib/python3.9/site-packages/airflow/utils/json.py", line 176, in encode
    return super().encode(o)
  File "/usr/local/lib/python3.9/json/encoder.py", line 199, in encode
    chunks = self.iterencode(o, _one_shot=True)
  File "/usr/local/lib/python3.9/json/encoder.py", line 257, in iterencode
    return _iterencode(o, 0)
  File "/home/airflow/.local/lib/python3.9/site-packages/airflow/utils/json.py", line 170, in default
    return super().default(o)
  File "/usr/local/lib/python3.9/json/encoder.py", line 179, in default
    raise TypeError(f'Object of type {o.__class__.__name__} '
TypeError: Object of type DataFrame is not JSON serializable
[2023-04-12T08:18:48.321+0000] {taskinstance.py:1327} INFO - Marking task as UP_FOR_RETRY. dag_id=data_extraction_dag, task_id=task_athletes, execution_date=20230412T074625, start_date=20230412T081505, end_date=20230412T081848
[2023-04-12T08:18:48.373+0000] {standard_task_runner.py:100} ERROR - Failed to execute job 678 for task task_athletes (Object of type DataFrame is not JSON serializable; 1884)
[2023-04-12T08:18:48.555+0000] {local_task_job.py:212} INFO - Task exited with return code 1
[2023-04-12T08:18:48.757+0000] {taskinstance.py:2596} INFO - 0 downstream tasks scheduled from follow-on schedule check
